Log: Log file open, 06/17/14 11:48:39
Init: WinSock: version 1.1 (2.2), MaxSocks=32767, MaxUdp=65467
DevConfig: GConfig::Find has loaded file:  ..\..\Engine\Config\ConsoleVariables.ini
Init: Version: 12097
Init: Epic Internal: 0
Init: Compiled (64-bit): Feb 17 2014 13:34:55
Init: Changelist: 1999891
Init: Command line: editor 
Init: Base directory: C:\UDK\UDK-2014-02\Binaries\Win64\
[0000.85] Init: Computer: NATALIE-PC
[0000.85] Init: User: Natalie
[0000.85] Init: CPU Page size=4096, Processors=6
[0000.85] Init: High frequency timer resolution =14.318180 MHz
[0000.85] Init: Memory total: Physical=8.0GB (8GB approx) Pagefile=16.0GB Virtual=8192.0GB
[0000.85] Log: Steam Client API Disabled!
[0000.98] Init: WinSock: I am Natalie-PC (192.168.0.180:0)
[0000.98] Init: Presizing for 0 objects not considered by GC, pre-allocating 0 bytes.
[0000.99] Init: Object subsystem initialized
[0000.99] Warning: Warning, Unknown language extension DEU. Defaulting to INT
[0001.16] Log: SystemSettings based on: SystemSettings
[0001.25] Log: Found D3D11 adapter 0: ATI Radeon HD 5700 Series
[0001.25] Log: Adapter has 1012MB of dedicated video memory, 0MB of dedicated system memory, and 3839MB of shared system memory
[0001.32] Log: Shader platform (RHI): PC-D3D-SM3
[0001.53] Log: PhysX GPU Support: DISABLED
[0001.53] Init: Initializing FaceFX...
[0001.55] Init: FaceFX 1.7.4 initialized.
[0004.59] Init: Finished loading startup packages in 2.88 seconds
[0004.61] Log: 85666 objects as part of root set at end of initial load.
[0004.61] Log: 0 out of 0 bytes used by permanent object pool.
[0005.67] Log: Supported Consoles:
[0005.67] Log:   IPhone
[0005.67] Log:   Mac
[0005.67] Log:   PC
[0005.67] Log: Initializing Engine...
[0005.80] Log: Encountered missing default brush - spawning new one
[0005.80] Init: UEngine initialized
[0005.80] Log: Primary PhysX scene will be in software.
[0005.80] Log: Creating Primary PhysX Scene.
[0005.82] Init: Transaction tracking system initialized
[0005.89] Log: Can't find edit package 'OnlineSubsystemGameSpy'
[0005.89] Log: Can't find edit package 'OnlineSubsystemLive'
[0006.64] Init: XAudio2 using 'Lautsprecher (VIA High Definition Audio)' : 2 channels at 48 kHz using 32 bits per sample (channel mask 0x3)
[0006.71] Init: XAudio2Device initialized.
[0006.93] Init: Client initialized
[0006.94] Init: Editor engine initialized
[0007.08] Log: Initializing Engine Completed
[0007.08] Log: >>>>>>>>>>>>>> Initial startup: 7.08s <<<<<<<<<<<<<<<
[0007.28] Cmd: MODE MAPEXT=udk
[0009.70] SourceControl: Source Control disabled in UDKEditorUserSettings.ini.  [SourceControl] has Disabled=True
[0013.77] Log: Game asset database maintenance completed successfully.
[0020.51] Log: The hooked GetPenEventMultiple() method was called; events are being ignored.
[0020.51] Log: Found D3D11 adapter 0: ATI Radeon HD 5700 Series
[0020.51] Log: Adapter has 1012MB of dedicated video memory, 0MB of dedicated system memory, and 3839MB of shared system memory
[0023.44] Cmd: MAP LOAD FILE="..\..\Engine\Content\Maps\Templates\Template_MidDay.umap" TEMPLATE=0
[0023.69] Log: Encountered missing default brush - spawning new one
[0024.14] Log: New File, Existing Package (Package Untitled_2, Package template_midday)
[0024.31] Log: -- Checking Building LODs
[0024.33] Log: Primary PhysX scene will be in software.
[0024.33] Log: Creating Primary PhysX Scene.
[0024.34] Log: Finished looking for orphan Actors (0.008 secs)
[0024.34] Cmd: MAP CHECKDEP DONTCLEARMESSAGES DONTDOSLOWREFCHECK
[0024.35] Log: TIMER ALL OF INIT : [22.785575]
[0051.68] Exit: Preparing to exit.
[0051.87] Exit: Editor shut down
[0051.87] Exit: Transaction tracking system shut down
[0051.93] Exit: Windows client shut down
[0051.98] Exit: XAudio2 Device shut down.
[0052.03] Exit: Object subsystem successfully closed.
[0052.03] Log: Shutting down FaceFX...
[0052.03] Log: FaceFX shutdown.
[0052.05] Exit: Exiting.
[0052.06] Log: Log file closed, 06/17/14 11:49:30
