Log: Log file open, 06/17/14 11:47:46
Log: appRequestExit(0)
Init: WinSock: version 1.1 (2.2), MaxSocks=32767, MaxUdp=65467
DevConfig: GConfig::Find has loaded file:  ..\..\Engine\Config\ConsoleVariables.ini
Init: Version: 12097
Init: Epic Internal: 0
Init: Compiled (32-bit): Feb 17 2014 13:31:14
Init: Changelist: 1999891
Init: Command line: -firstinstall -LanguageForCooking=DEU -installfw -namefw=UDK
Init: Base directory: C:\UDK\UDK-2014-02\Binaries\Win32\
[0000.67] Init: Computer: NATALIE-PC
[0000.68] Init: User: Natalie
[0000.68] Init: CPU Page size=4096, Processors=6
[0000.68] Init: High frequency timer resolution =14.318180 MHz
[0000.68] Init: Memory total: Physical=8.0GB (8GB approx) Pagefile=16.0GB Virtual=4.0GB
[0000.68] Log: Steam Client API initialized 0
[0000.68] Log: Steam Game Server API initialized 0
[0000.82] Init: WinSock: I am Natalie-PC (192.168.0.180:0)
[0000.82] Init: Presizing for 0 objects not considered by GC, pre-allocating 0 bytes.
[0000.83] Init: Object subsystem initialized
[0000.83] Log: Last hardware survey: Ver=-1, Date=0. Uploading again.
