Log: Log file open, 06/17/14 19:20:38
Init: WinSock: version 1.1 (2.2), MaxSocks=32767, MaxUdp=65467
DevConfig: GConfig::Find has loaded file:  ..\..\Engine\Config\ConsoleVariables.ini
Init: Version: 12097
Init: Epic Internal: 0
Init: Compiled (64-bit): Feb 17 2014 13:34:55
Init: Changelist: 1999891
Init: Command line: editor 
Init: Base directory: C:\UDK\UDK-2014-02\Binaries\Win64\
[0000.50] Init: Computer: NATALIE-PC
[0000.50] Init: User: Natalie
[0000.50] Init: CPU Page size=4096, Processors=6
[0000.50] Init: High frequency timer resolution =14.318180 MHz
[0000.50] Init: Memory total: Physical=8.0GB (8GB approx) Pagefile=16.0GB Virtual=8192.0GB
[0000.50] Log: Steam Client API Disabled!
[0000.52] Init: WinSock: I am Natalie-PC (192.168.0.180:0)
[0000.52] Init: Presizing for 0 objects not considered by GC, pre-allocating 0 bytes.
[0000.53] Init: Object subsystem initialized
[0000.53] Warning: Warning, Unknown language extension DEU. Defaulting to INT
[0000.55] Log: SystemSettings based on: SystemSettings
[0000.55] Log: Found D3D11 adapter 0: ATI Radeon HD 5700 Series
[0000.55] Log: Adapter has 1012MB of dedicated video memory, 0MB of dedicated system memory, and 3839MB of shared system memory
[0000.56] Log: Shader platform (RHI): PC-D3D-SM3
[0000.71] Log: PhysX GPU Support: DISABLED
[0000.71] Init: Initializing FaceFX...
[0000.71] Init: FaceFX 1.7.4 initialized.
[0003.71] Init: Finished loading startup packages in 2.85 seconds
[0003.73] Log: 85667 objects as part of root set at end of initial load.
[0003.73] Log: 0 out of 0 bytes used by permanent object pool.
[0004.43] Log: Supported Consoles:
[0004.43] Log:   IPhone
[0004.43] Log:   Mac
[0004.43] Log:   PC
[0004.43] Log: Initializing Engine...
[0004.57] Log: Encountered missing default brush - spawning new one
[0004.58] Init: UEngine initialized
[0004.58] Log: Primary PhysX scene will be in software.
[0004.58] Log: Creating Primary PhysX Scene.
[0004.59] Init: Transaction tracking system initialized
[0004.68] Log: Can't find edit package 'OnlineSubsystemGameSpy'
[0004.68] Log: Can't find edit package 'OnlineSubsystemLive'
[0005.45] Init: XAudio2 using 'Lautsprecher (VIA High Definition Audio)' : 2 channels at 48 kHz using 32 bits per sample (channel mask 0x3)
[0005.49] Init: XAudio2Device initialized.
[0005.55] Init: Client initialized
[0005.55] Init: Editor engine initialized
[0005.69] Log: Initializing Engine Completed
[0005.69] Log: >>>>>>>>>>>>>> Initial startup: 5.69s <<<<<<<<<<<<<<<
[0005.80] Cmd: MODE MAPEXT=udk
[0005.92] SourceControl: Source Control disabled in UDKEditorUserSettings.ini.  [SourceControl] has Disabled=True
[0008.83] Log: The hooked GetPenEventMultiple() method was called; events are being ignored.
[0008.83] Log: Found D3D11 adapter 0: ATI Radeon HD 5700 Series
[0008.83] Log: Adapter has 1012MB of dedicated video memory, 0MB of dedicated system memory, and 3839MB of shared system memory
[0011.00] Cmd: MAP LOAD FILE="..\..\Engine\Content\Maps\Templates\Template_MidDay.umap" TEMPLATE=0
[0011.26] Log: Encountered missing default brush - spawning new one
[0011.66] Log: New File, Existing Package (Package Untitled_2, Package template_midday)
[0011.79] Log: -- Checking Building LODs
[0011.81] Log: Primary PhysX scene will be in software.
[0011.81] Log: Creating Primary PhysX Scene.
[0011.82] Log: Finished looking for orphan Actors (0.009 secs)
[0011.82] Cmd: MAP CHECKDEP DONTCLEARMESSAGES DONTDOSLOWREFCHECK
[0011.83] Log: TIMER ALL OF INIT : [11.111871]
[0018.71] Cmd: MAP LOAD FILE="C:\UDK\UDK-2014-02\UDKGame\Content\maher\MyMaehdrescher.udk" TEMPLATE=0
[0018.79] Log: Encountered missing default brush - spawning new one
[0019.39] Log: -- Checking Building LODs
[0019.41] Log: Primary PhysX scene will be in software.
[0019.41] Log: Creating Primary PhysX Scene.
[0019.42] Log: Finished looking for orphan Actors (0.008 secs)
[0019.44] Cmd: MAP CHECKDEP DONTCLEARMESSAGES DONTDOSLOWREFCHECK
[0023.95] Exit: Preparing to exit.
[0024.15] Exit: Editor shut down
[0024.15] Exit: Transaction tracking system shut down
[0024.24] Exit: Windows client shut down
[0024.25] Exit: XAudio2 Device shut down.
[0024.30] Exit: Object subsystem successfully closed.
[0024.30] Log: Shutting down FaceFX...
[0024.30] Log: FaceFX shutdown.
[0024.32] Exit: Exiting.
[0024.33] Log: Log file closed, 06/17/14 19:21:01
