Log: Log file open, 06/17/14 19:21:21
Init: WinSock: version 1.1 (2.2), MaxSocks=32767, MaxUdp=65467
DevConfig: GConfig::Find has loaded file:  ..\..\Engine\Config\ConsoleVariables.ini
Init: Version: 12097
Init: Epic Internal: 0
Init: Compiled (64-bit): Feb 17 2014 13:34:55
Init: Changelist: 1999891
Init: Command line: editor 
Init: Base directory: C:\UDK\UDK-2014-02\Binaries\Win64\
[0000.50] Init: Computer: NATALIE-PC
[0000.50] Init: User: Natalie
[0000.50] Init: CPU Page size=4096, Processors=6
[0000.50] Init: High frequency timer resolution =14.318180 MHz
[0000.50] Init: Memory total: Physical=8.0GB (8GB approx) Pagefile=16.0GB Virtual=8192.0GB
[0000.50] Log: Steam Client API Disabled!
[0000.53] Init: WinSock: I am Natalie-PC (192.168.0.180:0)
[0000.53] Init: Presizing for 0 objects not considered by GC, pre-allocating 0 bytes.
[0000.53] Init: Object subsystem initialized
[0000.53] Warning: Warning, Unknown language extension DEU. Defaulting to INT
[0000.55] Log: SystemSettings based on: SystemSettings
[0000.55] Log: Found D3D11 adapter 0: ATI Radeon HD 5700 Series
[0000.55] Log: Adapter has 1012MB of dedicated video memory, 0MB of dedicated system memory, and 3839MB of shared system memory
[0000.56] Log: Shader platform (RHI): PC-D3D-SM3
[0000.71] Log: PhysX GPU Support: DISABLED
[0000.71] Init: Initializing FaceFX...
[0000.71] Init: FaceFX 1.7.4 initialized.
[0003.74] Init: Finished loading startup packages in 2.88 seconds
[0003.75] Log: 85667 objects as part of root set at end of initial load.
[0003.75] Log: 0 out of 0 bytes used by permanent object pool.
[0004.46] Log: Supported Consoles:
[0004.46] Log:   IPhone
[0004.46] Log:   Mac
[0004.46] Log:   PC
[0004.46] Log: Initializing Engine...
[0004.60] Log: Encountered missing default brush - spawning new one
[0004.60] Init: UEngine initialized
[0004.60] Log: Primary PhysX scene will be in software.
[0004.60] Log: Creating Primary PhysX Scene.
[0004.61] Init: Transaction tracking system initialized
[0004.70] Log: Can't find edit package 'OnlineSubsystemGameSpy'
[0004.70] Log: Can't find edit package 'OnlineSubsystemLive'
[0005.44] Init: XAudio2 using 'Lautsprecher (VIA High Definition Audio)' : 2 channels at 48 kHz using 32 bits per sample (channel mask 0x3)
[0005.49] Init: XAudio2Device initialized.
[0005.54] Init: Client initialized
[0005.54] Init: Editor engine initialized
[0005.68] Log: Initializing Engine Completed
[0005.68] Log: >>>>>>>>>>>>>> Initial startup: 5.68s <<<<<<<<<<<<<<<
[0005.78] Cmd: MODE MAPEXT=udk
[0005.90] SourceControl: Source Control disabled in UDKEditorUserSettings.ini.  [SourceControl] has Disabled=True
[0008.85] Log: The hooked GetPenEventMultiple() method was called; events are being ignored.
[0008.85] Log: Found D3D11 adapter 0: ATI Radeon HD 5700 Series
[0008.85] Log: Adapter has 1012MB of dedicated video memory, 0MB of dedicated system memory, and 3839MB of shared system memory
[0011.04] Cmd: MAP LOAD FILE="..\..\Engine\Content\Maps\Templates\Template_MidDay.umap" TEMPLATE=0
[0011.29] Log: Encountered missing default brush - spawning new one
[0011.66] Log: New File, Existing Package (Package Untitled_2, Package template_midday)
[0011.79] Log: -- Checking Building LODs
[0011.81] Log: Primary PhysX scene will be in software.
[0011.81] Log: Creating Primary PhysX Scene.
[0011.83] Log: Finished looking for orphan Actors (0.009 secs)
[0011.83] Cmd: MAP CHECKDEP DONTCLEARMESSAGES DONTDOSLOWREFCHECK
[0011.84] Log: TIMER ALL OF INIT : [11.115245]
[0016.72] Cmd: MAP LOAD FILE="C:\UDK\UDK-2014-02\UDKGame\Content\maher\MyMaehdrescher.udk" TEMPLATE=0
[0016.79] Log: Encountered missing default brush - spawning new one
[0017.41] Log: -- Checking Building LODs
[0017.43] Log: Primary PhysX scene will be in software.
[0017.43] Log: Creating Primary PhysX Scene.
[0017.44] Log: Finished looking for orphan Actors (0.009 secs)
[0017.47] Cmd: MAP CHECKDEP DONTCLEARMESSAGES DONTDOSLOWREFCHECK
[0021.26] Log: Building adjacency information for static mesh 'Maehdrescher_alle_teile.Auspuff_neu'.
[0021.27] Log: Building adjacency information for static mesh 'Maehdrescher_alle_teile.baender_links'.
[0021.33] Log: Building adjacency information for static mesh 'Maehdrescher_alle_teile.baender_motor_rechts'.
[0021.39] Log: Building adjacency information for static mesh 'Maehdrescher_alle_teile.Behaelter-neben-Maehdrescher'.
[0021.40] Log: Building adjacency information for static mesh 'Maehdrescher_alle_teile.dreschkorb'.
[0021.55] Log: Building adjacency information for static mesh 'Maehdrescher_alle_teile.dreschtrommel'.
[0021.56] Log: Building adjacency information for static mesh 'Maehdrescher_alle_teile.foedertrommel_vor_dreschtrommel'.
[0021.56] Log: Building adjacency information for static mesh 'Maehdrescher_alle_teile.geblaese'.
[0021.57] Log: Building adjacency information for static mesh 'Maehdrescher_alle_teile.geblaese2'.
[0021.57] Log: Building adjacency information for static mesh 'Maehdrescher_alle_teile.geblaeseroehre_und_boden'.
[0021.58] Log: Building adjacency information for static mesh 'Maehdrescher_alle_teile.hordenschuettler'.
[0021.59] Log: Building adjacency information for static mesh 'Maehdrescher_alle_teile.hordenschuettler_Auffangblech'.
[0021.59] Log: Building adjacency information for static mesh 'Maehdrescher_alle_teile.kleines_Band_rechts'.
[0021.61] Log: Building adjacency information for static mesh 'Maehdrescher_alle_teile.kornschnecke'.
[0021.62] Log: Building adjacency information for static mesh 'Maehdrescher_alle_teile.korntank_inneres'.
[0021.63] Log: Building adjacency information for static mesh 'Maehdrescher_alle_teile.korntankfoerderer'.
[0021.64] Log: Building adjacency information for static mesh 'Maehdrescher_alle_teile.mittelroehre_inneres'.
[0021.65] Log: Building adjacency information for static mesh 'Maehdrescher_alle_teile.motor'.
[0021.94] Log: Building adjacency information for static mesh 'Maehdrescher_alle_teile.motorabdeckung'.
[0021.94] Log: Building adjacency information for static mesh 'Maehdrescher_alle_teile.motorkaesten'.
[0021.96] Log: Building adjacency information for static mesh 'Maehdrescher_alle_teile.motorpropeller'.
[0021.96] Log: Building adjacency information for static mesh 'Maehdrescher_alle_teile.neuer3roehrenmotor'.
[0021.97] Log: Building adjacency information for static mesh 'Maehdrescher_alle_teile.obersieb'.
[0021.98] Log: Building adjacency information for static mesh 'Maehdrescher_alle_teile.roehren'.
[0022.01] Log: Building adjacency information for static mesh 'Maehdrescher_alle_teile.roehrenmotor'.
[0022.02] Log: Building adjacency information for static mesh 'Maehdrescher_alle_teile.roehrensieb'.
[0022.14] Log: Building adjacency information for static mesh 'Maehdrescher_alle_teile.seitenroehren_inneres'.
[0022.16] Log: Building adjacency information for static mesh 'Maehdrescher_alle_teile.stangen_rechts'.
[0022.16] Log: Building adjacency information for static mesh 'Maehdrescher_alle_teile.ueberkehrschnecke_aussen'.
[0022.17] Log: Building adjacency information for static mesh 'Maehdrescher_alle_teile.ueberkehrschnecke_innen'.
[0022.18] Log: Building adjacency information for static mesh 'Maehdrescher_alle_teile.untersieb'.
[0022.19] Log: Building adjacency information for static mesh 'Maehdrescher_alle_teile.vorbereitungsboden'.
[0022.19] Log: Building adjacency information for static mesh 'Maehdrescher_alle_teile.wendetrommel_aussen'.
[0022.20] Log: Building adjacency information for static mesh 'Maehdrescher_alle_teile.wendetrommel_innen'.
[0026.55] Exit: Preparing to exit.
[0026.75] Exit: Editor shut down
[0026.75] Exit: Transaction tracking system shut down
[0026.81] Exit: Windows client shut down
[0026.81] Exit: XAudio2 Device shut down.
[0026.87] Exit: Object subsystem successfully closed.
[0026.87] Log: Shutting down FaceFX...
[0026.87] Log: FaceFX shutdown.
[0026.90] Exit: Exiting.
[0026.91] Log: Log file closed, 06/17/14 19:21:47
