Log: Log file open, 06/17/14 12:32:21
Init: WinSock: version 1.1 (2.2), MaxSocks=32767, MaxUdp=65467
DevConfig: GConfig::Find has loaded file:  ..\..\Engine\Config\ConsoleVariables.ini
Init: Version: 12097
Init: Epic Internal: 0
Init: Compiled (64-bit): Feb 17 2014 13:34:55
Init: Changelist: 1999891
Init: Command line: editor 
Init: Base directory: C:\UDK\UDK-2014-02\Binaries\Win64\
[0000.52] Init: Computer: NATALIE-PC
[0000.52] Init: User: Natalie
[0000.52] Init: CPU Page size=4096, Processors=6
[0000.52] Init: High frequency timer resolution =14.318180 MHz
[0000.52] Init: Memory total: Physical=8.0GB (8GB approx) Pagefile=16.0GB Virtual=8192.0GB
[0000.52] Log: Steam Client API Disabled!
[0000.54] Init: WinSock: I am Natalie-PC (192.168.0.180:0)
[0000.54] Init: Presizing for 0 objects not considered by GC, pre-allocating 0 bytes.
[0000.54] Init: Object subsystem initialized
[0000.54] Warning: Warning, Unknown language extension DEU. Defaulting to INT
[0000.56] Log: SystemSettings based on: SystemSettings
[0000.57] Log: Found D3D11 adapter 0: ATI Radeon HD 5700 Series
[0000.57] Log: Adapter has 1012MB of dedicated video memory, 0MB of dedicated system memory, and 3839MB of shared system memory
[0000.58] Log: Shader platform (RHI): PC-D3D-SM3
[0000.72] Log: PhysX GPU Support: DISABLED
[0000.73] Init: Initializing FaceFX...
[0000.73] Init: FaceFX 1.7.4 initialized.
[0003.64] Init: Finished loading startup packages in 2.77 seconds
[0003.66] Log: 85667 objects as part of root set at end of initial load.
[0003.66] Log: 0 out of 0 bytes used by permanent object pool.
[0004.38] Log: Supported Consoles:
[0004.38] Log:   IPhone
[0004.38] Log:   Mac
[0004.38] Log:   PC
[0004.38] Log: Initializing Engine...
[0004.52] Log: Encountered missing default brush - spawning new one
[0004.53] Init: UEngine initialized
[0004.53] Log: Primary PhysX scene will be in software.
[0004.53] Log: Creating Primary PhysX Scene.
[0004.54] Init: Transaction tracking system initialized
[0004.62] Log: Can't find edit package 'OnlineSubsystemGameSpy'
[0004.62] Log: Can't find edit package 'OnlineSubsystemLive'
[0005.36] Init: XAudio2 using 'Lautsprecher (VIA High Definition Audio)' : 2 channels at 48 kHz using 32 bits per sample (channel mask 0x3)
[0005.40] Init: XAudio2Device initialized.
[0005.46] Init: Client initialized
[0005.46] Init: Editor engine initialized
[0005.60] Log: Initializing Engine Completed
[0005.60] Log: >>>>>>>>>>>>>> Initial startup: 5.60s <<<<<<<<<<<<<<<
[0005.69] Cmd: MODE MAPEXT=udk
[0005.81] SourceControl: Source Control disabled in UDKEditorUserSettings.ini.  [SourceControl] has Disabled=True
[0008.64] Log: The hooked GetPenEventMultiple() method was called; events are being ignored.
[0008.64] Log: Found D3D11 adapter 0: ATI Radeon HD 5700 Series
[0008.64] Log: Adapter has 1012MB of dedicated video memory, 0MB of dedicated system memory, and 3839MB of shared system memory
[0010.41] Cmd: MAP LOAD FILE="..\..\Engine\Content\Maps\Templates\Template_MidDay.umap" TEMPLATE=0
[0010.66] Log: Encountered missing default brush - spawning new one
[0011.03] Log: New File, Existing Package (Package Untitled_2, Package template_midday)
[0011.15] Log: -- Checking Building LODs
[0011.17] Log: Primary PhysX scene will be in software.
[0011.17] Log: Creating Primary PhysX Scene.
[0011.18] Log: Finished looking for orphan Actors (0.009 secs)
[0011.18] Cmd: MAP CHECKDEP DONTCLEARMESSAGES DONTDOSLOWREFCHECK
[0011.19] Log: TIMER ALL OF INIT : [10.453960]
[0015.96] Cmd: MAP LOAD FILE="C:\UDK\UDK-2014-02\UDKGame\Content\maher\MyMaehdrescher.udk" TEMPLATE=0
[0016.04] Log: Encountered missing default brush - spawning new one
[0016.34] Log: Failed to load 'bauteile_1': Can't find file for package 'bauteile_1' while loading ..\..\UDKGame\Content\maher\Maehdrescher.upk
[0016.34] Log: Failed to load 'bauteile_1': Can't find file for package 'bauteile_1' while loading ..\..\UDKGame\Content\maher\Maehdrescher.upk
[0016.34] Log: Failed to load 'bauteile_1': Can't find file for package 'bauteile_1' while loading ..\..\UDKGame\Content\maher\Maehdrescher.upk
[0016.34] Log: Failed to load 'bauteile_1': Can't find file for package 'bauteile_1' while loading ..\..\UDKGame\Content\maher\Maehdrescher.upk
[0016.34] Log: Failed to load 'bauteile_1': Can't find file for package 'bauteile_1' while loading ..\..\UDKGame\Content\maher\Maehdrescher.upk
[0016.34] Log: Failed to load 'bauteile_1': Can't find file for package 'bauteile_1' while loading ..\..\UDKGame\Content\maher\Maehdrescher.upk
[0016.34] Log: Failed to load 'bauteile_1': Can't find file for package 'bauteile_1' while loading ..\..\UDKGame\Content\maher\Maehdrescher.upk
[0016.34] Log: Failed to load 'bauteile_1': Can't find file for package 'bauteile_1' while loading ..\..\UDKGame\Content\maher\Maehdrescher.upk
[0016.35] Log: Failed to load 'bauteile_1': Can't find file for package 'bauteile_1' while loading ..\..\UDKGame\Content\maher\Maehdrescher.upk
[0016.35] Log: Failed to load 'bauteile_1': Can't find file for package 'bauteile_1' while loading ..\..\UDKGame\Content\maher\Maehdrescher.upk
[0016.35] Log: Failed to load 'bauteile_1': Can't find file for package 'bauteile_1' while loading ..\..\UDKGame\Content\maher\Maehdrescher.upk
[0016.35] Log: Failed to load 'bauteile_1': Can't find file for package 'bauteile_1' while loading ..\..\UDKGame\Content\maher\Maehdrescher.upk
[0016.35] Log: Failed to load 'bauteile_1': Can't find file for package 'bauteile_1' while loading ..\..\UDKGame\Content\maher\Maehdrescher.upk
[0016.35] Log: Failed to load 'bauteile_1': Can't find file for package 'bauteile_1' while loading ..\..\UDKGame\Content\maher\Maehdrescher.upk
[0016.35] Log: Failed to load 'bauteile_1': Can't find file for package 'bauteile_1' while loading ..\..\UDKGame\Content\maher\Maehdrescher.upk
[0016.35] Log: Failed to load 'bauteile_1': Can't find file for package 'bauteile_1' while loading ..\..\UDKGame\Content\maher\Maehdrescher.upk
[0016.35] Log: Failed to load 'bauteile_1': Can't find file for package 'bauteile_1' while loading ..\..\UDKGame\Content\maher\Maehdrescher.upk
[0016.35] Log: Failed to load 'bauteile_1': Can't find file for package 'bauteile_1' while loading ..\..\UDKGame\Content\maher\Maehdrescher.upk
[0016.35] Log: Failed to load 'bauteile_1': Can't find file for package 'bauteile_1' while loading ..\..\UDKGame\Content\maher\Maehdrescher.upk
[0016.35] Log: Failed to load 'bauteile_1': Can't find file for package 'bauteile_1' while loading ..\..\UDKGame\Content\maher\Maehdrescher.upk
[0016.35] Log: Failed to load 'bauteile_1': Can't find file for package 'bauteile_1' while loading ..\..\UDKGame\Content\maher\Maehdrescher.upk
[0016.35] Log: Failed to load 'bauteile_1': Can't find file for package 'bauteile_1' while loading ..\..\UDKGame\Content\maher\Maehdrescher.upk
[0016.35] Log: Failed to load 'bauteile_1': Can't find file for package 'bauteile_1' while loading ..\..\UDKGame\Content\maher\Maehdrescher.upk
[0016.35] Log: Failed to load 'bauteile_1': Can't find file for package 'bauteile_1' while loading ..\..\UDKGame\Content\maher\Maehdrescher.upk
[0016.35] Log: Failed to load 'bauteile_1': Can't find file for package 'bauteile_1' while loading ..\..\UDKGame\Content\maher\Maehdrescher.upk
[0016.35] Log: Failed to load 'bauteile_1': Can't find file for package 'bauteile_1' while loading ..\..\UDKGame\Content\maher\Maehdrescher.upk
[0016.35] Log: Failed to load 'bauteile_1': Can't find file for package 'bauteile_1' while loading ..\..\UDKGame\Content\maher\Maehdrescher.upk
[0016.35] Log: Failed to load 'bauteile_1': Can't find file for package 'bauteile_1' while loading ..\..\UDKGame\Content\maher\Maehdrescher.upk
[0016.35] Log: Failed to load 'bauteile_1': Can't find file for package 'bauteile_1' while loading ..\..\UDKGame\Content\maher\Maehdrescher.upk
[0016.35] Log: Failed to load 'bauteile_1': Can't find file for package 'bauteile_1' while loading ..\..\UDKGame\Content\maher\Maehdrescher.upk
[0016.35] Log: Failed to load 'bauteile_1': Can't find file for package 'bauteile_1' while loading ..\..\UDKGame\Content\maher\Maehdrescher.upk
[0016.35] Log: Failed to load 'bauteile_2': Can't find file for package 'bauteile_2' while loading ..\..\UDKGame\Content\maher\Maehdrescher.upk
[0016.35] Log: Failed to load 'bauteile_2': Can't find file for package 'bauteile_2' while loading ..\..\UDKGame\Content\maher\Maehdrescher.upk
[0016.35] Log: Failed to load 'bauteile_2': Can't find file for package 'bauteile_2' while loading ..\..\UDKGame\Content\maher\Maehdrescher.upk
[0016.35] Log: Failed to load 'bauteile_2': Can't find file for package 'bauteile_2' while loading ..\..\UDKGame\Content\maher\Maehdrescher.upk
[0016.35] Log: Failed to load 'bauteile_2': Can't find file for package 'bauteile_2' while loading ..\..\UDKGame\Content\maher\Maehdrescher.upk
[0016.35] Log: Failed to load 'bauteile_2': Can't find file for package 'bauteile_2' while loading ..\..\UDKGame\Content\maher\Maehdrescher.upk
[0016.35] Log: Failed to load 'bauteile_2': Can't find file for package 'bauteile_2' while loading ..\..\UDKGame\Content\maher\Maehdrescher.upk
[0016.35] Log: Failed to load 'bauteile_2': Can't find file for package 'bauteile_2' while loading ..\..\UDKGame\Content\maher\Maehdrescher.upk
[0016.35] Log: Failed to load 'bauteile_2': Can't find file for package 'bauteile_2' while loading ..\..\UDKGame\Content\maher\Maehdrescher.upk
[0016.35] Log: Failed to load 'bauteile_2': Can't find file for package 'bauteile_2' while loading ..\..\UDKGame\Content\maher\Maehdrescher.upk
[0016.35] Log: Failed to load 'bauteile_2': Can't find file for package 'bauteile_2' while loading ..\..\UDKGame\Content\maher\Maehdrescher.upk
[0016.35] Log: Failed to load 'bauteile_2': Can't find file for package 'bauteile_2' while loading ..\..\UDKGame\Content\maher\Maehdrescher.upk
[0016.35] Log: Failed to load 'bauteile_2': Can't find file for package 'bauteile_2' while loading ..\..\UDKGame\Content\maher\Maehdrescher.upk
[0016.35] Log: Failed to load 'bauteile_2': Can't find file for package 'bauteile_2' while loading ..\..\UDKGame\Content\maher\Maehdrescher.upk
[0016.35] Log: Failed to load 'bauteile_2': Can't find file for package 'bauteile_2' while loading ..\..\UDKGame\Content\maher\Maehdrescher.upk
[0016.35] Log: Failed to load 'bauteile_2': Can't find file for package 'bauteile_2' while loading ..\..\UDKGame\Content\maher\Maehdrescher.upk
[0016.35] Log: Failed to load 'bauteile_2': Can't find file for package 'bauteile_2' while loading ..\..\UDKGame\Content\maher\Maehdrescher.upk
[0016.35] Log: Failed to load 'bauteile_2': Can't find file for package 'bauteile_2' while loading ..\..\UDKGame\Content\maher\Maehdrescher.upk
[0016.35] Log: Failed to load 'bauteile_2': Can't find file for package 'bauteile_2' while loading ..\..\UDKGame\Content\maher\Maehdrescher.upk
[0016.35] Log: Failed to load 'bauteile_2': Can't find file for package 'bauteile_2' while loading ..\..\UDKGame\Content\maher\Maehdrescher.upk
[0016.35] Log: Failed to load 'bauteile_2': Can't find file for package 'bauteile_2' while loading ..\..\UDKGame\Content\maher\Maehdrescher.upk
[0016.36] Log: Failed to load 'bauteile_2': Can't find file for package 'bauteile_2' while loading ..\..\UDKGame\Content\maher\Maehdrescher.upk
[0016.36] Log: Failed to load 'bauteile_2': Can't find file for package 'bauteile_2' while loading ..\..\UDKGame\Content\maher\Maehdrescher.upk
[0016.36] Log: Failed to load 'bauteile_2': Can't find file for package 'bauteile_2' while loading ..\..\UDKGame\Content\maher\Maehdrescher.upk
[0016.36] Log: Failed to load 'bauteile_2': Can't find file for package 'bauteile_2' while loading ..\..\UDKGame\Content\maher\Maehdrescher.upk
[0016.36] Log: Failed to load 'bauteile_2': Can't find file for package 'bauteile_2' while loading ..\..\UDKGame\Content\maher\Maehdrescher.upk
[0016.36] Log: Failed to load 'bauteile_2': Can't find file for package 'bauteile_2' while loading ..\..\UDKGame\Content\maher\Maehdrescher.upk
[0016.36] Log: Failed to load 'bauteile_2': Can't find file for package 'bauteile_2' while loading ..\..\UDKGame\Content\maher\Maehdrescher.upk
[0016.36] Log: Failed to load 'bauteile_2': Can't find file for package 'bauteile_2' while loading ..\..\UDKGame\Content\maher\Maehdrescher.upk
[0016.36] Log: Failed to load 'bauteile_2': Can't find file for package 'bauteile_2' while loading ..\..\UDKGame\Content\maher\Maehdrescher.upk
[0016.36] Log: Failed to load 'bauteile_2': Can't find file for package 'bauteile_2' while loading ..\..\UDKGame\Content\maher\Maehdrescher.upk
[0016.36] Log: Failed to load 'bauteile_2': Can't find file for package 'bauteile_2' while loading ..\..\UDKGame\Content\maher\Maehdrescher.upk
[0016.36] Log: Failed to load 'bauteile_2': Can't find file for package 'bauteile_2' while loading ..\..\UDKGame\Content\maher\Maehdrescher.upk
[0016.36] Log: Failed to load 'bauteile_2': Can't find file for package 'bauteile_2' while loading ..\..\UDKGame\Content\maher\Maehdrescher.upk
[0016.36] Log: Failed to load 'bauteile_2': Can't find file for package 'bauteile_2' while loading ..\..\UDKGame\Content\maher\Maehdrescher.upk
[0016.36] Log: Failed to load 'bauteile_2': Can't find file for package 'bauteile_2' while loading ..\..\UDKGame\Content\maher\Maehdrescher.upk
[0016.36] Log: Failed to load 'bauteile_2': Can't find file for package 'bauteile_2' while loading ..\..\UDKGame\Content\maher\Maehdrescher.upk
[0016.36] Log: Failed to load 'bauteile_2': Can't find file for package 'bauteile_2' while loading ..\..\UDKGame\Content\maher\Maehdrescher.upk
[0016.36] Log: Failed to load 'bauteile_2': Can't find file for package 'bauteile_2' while loading ..\..\UDKGame\Content\maher\Maehdrescher.upk
[0016.36] Log: Failed to load 'bauteile_2': Can't find file for package 'bauteile_2' while loading ..\..\UDKGame\Content\maher\Maehdrescher.upk
[0016.36] Log: Failed to load 'bauteile_2': Can't find file for package 'bauteile_2' while loading ..\..\UDKGame\Content\maher\Maehdrescher.upk
[0016.36] Log: Failed to load 'bauteile_2': Can't find file for package 'bauteile_2' while loading ..\..\UDKGame\Content\maher\Maehdrescher.upk
[0016.36] Log: Failed to load 'bauteile_2': Can't find file for package 'bauteile_2' while loading ..\..\UDKGame\Content\maher\Maehdrescher.upk
[0016.36] Log: Failed to load 'bauteile_2': Can't find file for package 'bauteile_2' while loading ..\..\UDKGame\Content\maher\Maehdrescher.upk
[0016.36] Log: Failed to load 'bauteile_2': Can't find file for package 'bauteile_2' while loading ..\..\UDKGame\Content\maher\Maehdrescher.upk
[0016.36] Log: Failed to load 'bauteile_2': Can't find file for package 'bauteile_2' while loading ..\..\UDKGame\Content\maher\Maehdrescher.upk
[0016.36] Log: Failed to load 'bauteile_2': Can't find file for package 'bauteile_2' while loading ..\..\UDKGame\Content\maher\Maehdrescher.upk
[0016.36] Log: Failed to load 'bauteile_2': Can't find file for package 'bauteile_2' while loading ..\..\UDKGame\Content\maher\Maehdrescher.upk
[0016.36] Log: Failed to load 'bauteile_2': Can't find file for package 'bauteile_2' while loading ..\..\UDKGame\Content\maher\Maehdrescher.upk
[0016.36] Log: Failed to load 'bauteile_2': Can't find file for package 'bauteile_2' while loading ..\..\UDKGame\Content\maher\Maehdrescher.upk
[0016.36] Log: Failed to load 'bauteile_2': Can't find file for package 'bauteile_2' while loading ..\..\UDKGame\Content\maher\Maehdrescher.upk
[0016.36] Log: Failed to load 'bauteile_2': Can't find file for package 'bauteile_2' while loading ..\..\UDKGame\Content\maher\Maehdrescher.upk
[0016.36] Log: Failed to load 'bauteile_2': Can't find file for package 'bauteile_2' while loading ..\..\UDKGame\Content\maher\Maehdrescher.upk
[0016.36] Log: Failed to load 'bauteile_2': Can't find file for package 'bauteile_2' while loading ..\..\UDKGame\Content\maher\Maehdrescher.upk
[0016.36] Log: Failed to load 'bauteile_2': Can't find file for package 'bauteile_2' while loading ..\..\UDKGame\Content\maher\Maehdrescher.upk
[0016.36] Log: Failed to load 'bauteile_2': Can't find file for package 'bauteile_2' while loading ..\..\UDKGame\Content\maher\Maehdrescher.upk
[0016.36] Log: Failed to load 'bauteile_2': Can't find file for package 'bauteile_2' while loading ..\..\UDKGame\Content\maher\Maehdrescher.upk
[0016.36] Log: Failed to load 'bauteile_2': Can't find file for package 'bauteile_2' while loading ..\..\UDKGame\Content\maher\Maehdrescher.upk
[0016.36] Log: Failed to load 'bauteile_2': Can't find file for package 'bauteile_2' while loading ..\..\UDKGame\Content\maher\Maehdrescher.upk
[0016.36] Log: Failed to load 'bauteile_2': Can't find file for package 'bauteile_2' while loading ..\..\UDKGame\Content\maher\Maehdrescher.upk
[0016.36] Log: Failed to load 'bauteile_2': Can't find file for package 'bauteile_2' while loading ..\..\UDKGame\Content\maher\Maehdrescher.upk
[0016.36] Log: Failed to load 'bauteile_2': Can't find file for package 'bauteile_2' while loading ..\..\UDKGame\Content\maher\Maehdrescher.upk
[0016.36] Log: Failed to load 'bauteile_2': Can't find file for package 'bauteile_2' while loading ..\..\UDKGame\Content\maher\Maehdrescher.upk
[0016.37] Log: Failed to load 'bauteile_2': Can't find file for package 'bauteile_2' while loading ..\..\UDKGame\Content\maher\Maehdrescher.upk
[0016.37] Log: Failed to load 'bauteile_2': Can't find file for package 'bauteile_2' while loading ..\..\UDKGame\Content\maher\Maehdrescher.upk
[0016.37] Log: Failed to load 'bauteile_2': Can't find file for package 'bauteile_2' while loading ..\..\UDKGame\Content\maher\Maehdrescher.upk
[0016.37] Log: Failed to load 'bauteile_2': Can't find file for package 'bauteile_2' while loading ..\..\UDKGame\Content\maher\Maehdrescher.upk
[0016.37] Log: Failed to load 'bauteile_2': Can't find file for package 'bauteile_2' while loading ..\..\UDKGame\Content\maher\Maehdrescher.upk
[0016.37] Log: Failed to load 'bauteile_2': Can't find file for package 'bauteile_2' while loading ..\..\UDKGame\Content\maher\Maehdrescher.upk
[0016.37] Log: Failed to load 'bauteile_2': Can't find file for package 'bauteile_2' while loading ..\..\UDKGame\Content\maher\Maehdrescher.upk
[0016.37] Log: Failed to load 'bauteile_2': Can't find file for package 'bauteile_2' while loading ..\..\UDKGame\Content\maher\Maehdrescher.upk
[0016.37] Log: Failed to load 'bauteile_2': Can't find file for package 'bauteile_2' while loading ..\..\UDKGame\Content\maher\Maehdrescher.upk
[0016.37] Log: Failed to load 'bauteile_2': Can't find file for package 'bauteile_2' while loading ..\..\UDKGame\Content\maher\Maehdrescher.upk
[0016.37] Log: Failed to load 'bauteile_2': Can't find file for package 'bauteile_2' while loading ..\..\UDKGame\Content\maher\Maehdrescher.upk
[0016.37] Log: Failed to load 'bauteile_2': Can't find file for package 'bauteile_2' while loading ..\..\UDKGame\Content\maher\Maehdrescher.upk
[0016.37] Log: Failed to load 'bauteile_2': Can't find file for package 'bauteile_2' while loading ..\..\UDKGame\Content\maher\Maehdrescher.upk
[0016.37] Log: Failed to load 'bauteile_2': Can't find file for package 'bauteile_2' while loading ..\..\UDKGame\Content\maher\Maehdrescher.upk
[0016.37] Log: Failed to load 'bauteile_2': Can't find file for package 'bauteile_2' while loading ..\..\UDKGame\Content\maher\Maehdrescher.upk
[0016.37] Log: Failed to load 'bauteile_2': Can't find file for package 'bauteile_2' while loading ..\..\UDKGame\Content\maher\Maehdrescher.upk
[0016.37] Log: Failed to load 'bauteile_2': Can't find file for package 'bauteile_2' while loading ..\..\UDKGame\Content\maher\Maehdrescher.upk
[0016.37] Log: Failed to load 'bauteile_2': Can't find file for package 'bauteile_2' while loading ..\..\UDKGame\Content\maher\Maehdrescher.upk
[0016.37] Log: Failed to load 'bauteile_2': Can't find file for package 'bauteile_2' while loading ..\..\UDKGame\Content\maher\Maehdrescher.upk
[0016.37] Log: Failed to load 'bauteile_2': Can't find file for package 'bauteile_2' while loading ..\..\UDKGame\Content\maher\Maehdrescher.upk
[0016.37] Log: Failed to load 'bauteile_3': Can't find file for package 'bauteile_3' while loading ..\..\UDKGame\Content\maher\Maehdrescher.upk
[0016.37] Log: Failed to load 'bauteile_3': Can't find file for package 'bauteile_3' while loading ..\..\UDKGame\Content\maher\Maehdrescher.upk
[0016.37] Log: Failed to load 'bauteile_4': Can't find file for package 'bauteile_4' while loading ..\..\UDKGame\Content\maher\Maehdrescher.upk
[0016.37] Log: Failed to load 'bauteile_4': Can't find file for package 'bauteile_4' while loading ..\..\UDKGame\Content\maher\Maehdrescher.upk
[0016.37] Log: Failed to load 'bauteile_4': Can't find file for package 'bauteile_4' while loading ..\..\UDKGame\Content\maher\Maehdrescher.upk
[0016.37] Log: Failed to load 'bauteile_4': Can't find file for package 'bauteile_4' while loading ..\..\UDKGame\Content\maher\Maehdrescher.upk
[0016.37] Log: Failed to load 'bauteile_4': Can't find file for package 'bauteile_4' while loading ..\..\UDKGame\Content\maher\Maehdrescher.upk
[0016.37] Log: Failed to load 'bauteile_4': Can't find file for package 'bauteile_4' while loading ..\..\UDKGame\Content\maher\Maehdrescher.upk
[0016.37] Log: Failed to load 'bauteile_4': Can't find file for package 'bauteile_4' while loading ..\..\UDKGame\Content\maher\Maehdrescher.upk
[0016.37] Log: Failed to load 'bauteile_4': Can't find file for package 'bauteile_4' while loading ..\..\UDKGame\Content\maher\Maehdrescher.upk
[0016.37] Log: Failed to load 'bauteile_4': Can't find file for package 'bauteile_4' while loading ..\..\UDKGame\Content\maher\Maehdrescher.upk
[0016.37] Log: Failed to load 'bauteile_4': Can't find file for package 'bauteile_4' while loading ..\..\UDKGame\Content\maher\Maehdrescher.upk
[0016.37] Log: Failed to load 'bauteile_4': Can't find file for package 'bauteile_4' while loading ..\..\UDKGame\Content\maher\Maehdrescher.upk
[0016.37] Log: Failed to load 'bauteile_4': Can't find file for package 'bauteile_4' while loading ..\..\UDKGame\Content\maher\Maehdrescher.upk
[0016.37] Log: Failed to load 'bauteile_4': Can't find file for package 'bauteile_4' while loading ..\..\UDKGame\Content\maher\Maehdrescher.upk
[0016.37] Log: Failed to load 'bauteile_4': Can't find file for package 'bauteile_4' while loading ..\..\UDKGame\Content\maher\Maehdrescher.upk
[0016.37] Log: Failed to load 'bauteile_4': Can't find file for package 'bauteile_4' while loading ..\..\UDKGame\Content\maher\Maehdrescher.upk
[0016.37] Log: Failed to load 'bauteile_4': Can't find file for package 'bauteile_4' while loading ..\..\UDKGame\Content\maher\Maehdrescher.upk
[0016.38] Log: Failed to load 'bauteile_4': Can't find file for package 'bauteile_4' while loading ..\..\UDKGame\Content\maher\Maehdrescher.upk
[0016.38] Log: Failed to load 'bauteile_4': Can't find file for package 'bauteile_4' while loading ..\..\UDKGame\Content\maher\Maehdrescher.upk
[0016.38] Log: Failed to load 'bauteile_4': Can't find file for package 'bauteile_4' while loading ..\..\UDKGame\Content\maher\Maehdrescher.upk
[0016.38] Log: Failed to load 'bauteile_4': Can't find file for package 'bauteile_4' while loading ..\..\UDKGame\Content\maher\Maehdrescher.upk
[0016.38] Log: Failed to load 'bauteile_4': Can't find file for package 'bauteile_4' while loading ..\..\UDKGame\Content\maher\Maehdrescher.upk
[0016.38] Log: Failed to load 'bauteile_4': Can't find file for package 'bauteile_4' while loading ..\..\UDKGame\Content\maher\Maehdrescher.upk
[0016.38] Log: Failed to load 'bauteile_4': Can't find file for package 'bauteile_4' while loading ..\..\UDKGame\Content\maher\Maehdrescher.upk
[0016.38] Log: Failed to load 'bauteile_4': Can't find file for package 'bauteile_4' while loading ..\..\UDKGame\Content\maher\Maehdrescher.upk
[0016.38] Log: Failed to load 'bauteile_4': Can't find file for package 'bauteile_4' while loading ..\..\UDKGame\Content\maher\Maehdrescher.upk
[0016.38] Log: Failed to load 'bauteile_4': Can't find file for package 'bauteile_4' while loading ..\..\UDKGame\Content\maher\Maehdrescher.upk
[0016.38] Log: Failed to load 'bauteile_4': Can't find file for package 'bauteile_4' while loading ..\..\UDKGame\Content\maher\Maehdrescher.upk
[0016.38] Log: Failed to load 'bauteile_4': Can't find file for package 'bauteile_4' while loading ..\..\UDKGame\Content\maher\Maehdrescher.upk
[0016.38] Log: Failed to load 'bauteile_4': Can't find file for package 'bauteile_4' while loading ..\..\UDKGame\Content\maher\Maehdrescher.upk
[0016.38] Log: Failed to load 'bauteile_4': Can't find file for package 'bauteile_4' while loading ..\..\UDKGame\Content\maher\Maehdrescher.upk
[0016.38] Log: Failed to load 'bauteile_4': Can't find file for package 'bauteile_4' while loading ..\..\UDKGame\Content\maher\Maehdrescher.upk
[0016.38] Log: Failed to load 'bauteile_4': Can't find file for package 'bauteile_4' while loading ..\..\UDKGame\Content\maher\Maehdrescher.upk
[0016.38] Log: Failed to load 'bauteile_4': Can't find file for package 'bauteile_4' while loading ..\..\UDKGame\Content\maher\Maehdrescher.upk
[0016.38] Log: Failed to load 'bauteile_5': Can't find file for package 'bauteile_5' while loading ..\..\UDKGame\Content\maher\Maehdrescher.upk
[0016.38] Log: Failed to load 'bauteile_5': Can't find file for package 'bauteile_5' while loading ..\..\UDKGame\Content\maher\Maehdrescher.upk
[0016.38] Log: Failed to load 'bauteile_5': Can't find file for package 'bauteile_5' while loading ..\..\UDKGame\Content\maher\Maehdrescher.upk
[0016.38] Log: Failed to load 'bauteile_5': Can't find file for package 'bauteile_5' while loading ..\..\UDKGame\Content\maher\Maehdrescher.upk
[0016.38] Log: Failed to load 'bauteile_5': Can't find file for package 'bauteile_5' while loading ..\..\UDKGame\Content\maher\Maehdrescher.upk
[0016.38] Log: Failed to load 'bauteile_5': Can't find file for package 'bauteile_5' while loading ..\..\UDKGame\Content\maher\Maehdrescher.upk
[0016.38] Log: Failed to load 'bauteile_5': Can't find file for package 'bauteile_5' while loading ..\..\UDKGame\Content\maher\Maehdrescher.upk
[0016.38] Log: Failed to load 'bauteile_5': Can't find file for package 'bauteile_5' while loading ..\..\UDKGame\Content\maher\Maehdrescher.upk
[0016.38] Log: Failed to load 'bauteile_5': Can't find file for package 'bauteile_5' while loading ..\..\UDKGame\Content\maher\Maehdrescher.upk
[0016.38] Log: Failed to load 'bauteile_6': Can't find file for package 'bauteile_6' while loading ..\..\UDKGame\Content\maher\Maehdrescher.upk
[0016.38] Log: Failed to load 'bauteile_6': Can't find file for package 'bauteile_6' while loading ..\..\UDKGame\Content\maher\Maehdrescher.upk
[0016.38] Log: Failed to load 'bauteile_6': Can't find file for package 'bauteile_6' while loading ..\..\UDKGame\Content\maher\Maehdrescher.upk
[0016.38] Log: Failed to load 'bauteile_6': Can't find file for package 'bauteile_6' while loading ..\..\UDKGame\Content\maher\Maehdrescher.upk
[0016.38] Log: Failed to load 'bauteile_6': Can't find file for package 'bauteile_6' while loading ..\..\UDKGame\Content\maher\Maehdrescher.upk
[0016.38] Log: Failed to load 'bauteile_6': Can't find file for package 'bauteile_6' while loading ..\..\UDKGame\Content\maher\Maehdrescher.upk
[0016.38] Log: Failed to load 'bauteile_6': Can't find file for package 'bauteile_6' while loading ..\..\UDKGame\Content\maher\Maehdrescher.upk
[0016.38] Log: Failed to load 'bauteile_6': Can't find file for package 'bauteile_6' while loading ..\..\UDKGame\Content\maher\Maehdrescher.upk
[0016.38] Log: Failed to load 'bauteile_6': Can't find file for package 'bauteile_6' while loading ..\..\UDKGame\Content\maher\Maehdrescher.upk
[0016.38] Log: Failed to load 'bauteile_6': Can't find file for package 'bauteile_6' while loading ..\..\UDKGame\Content\maher\Maehdrescher.upk
[0016.39] Log: Failed to load 'bauteile_6': Can't find file for package 'bauteile_6' while loading ..\..\UDKGame\Content\maher\Maehdrescher.upk
[0016.39] Log: Failed to load 'bauteile_6': Can't find file for package 'bauteile_6' while loading ..\..\UDKGame\Content\maher\Maehdrescher.upk
[0016.39] Log: Failed to load 'bauteile_6': Can't find file for package 'bauteile_6' while loading ..\..\UDKGame\Content\maher\Maehdrescher.upk
[0016.39] Log: Failed to load 'bauteile_6': Can't find file for package 'bauteile_6' while loading ..\..\UDKGame\Content\maher\Maehdrescher.upk
[0016.39] Log: Failed to load 'bauteile_6': Can't find file for package 'bauteile_6' while loading ..\..\UDKGame\Content\maher\Maehdrescher.upk
[0016.39] Log: Failed to load 'bauteile_6': Can't find file for package 'bauteile_6' while loading ..\..\UDKGame\Content\maher\Maehdrescher.upk
[0016.39] Log: Failed to load 'bauteile_6': Can't find file for package 'bauteile_6' while loading ..\..\UDKGame\Content\maher\Maehdrescher.upk
[0016.39] Log: Failed to load 'bauteile_6': Can't find file for package 'bauteile_6' while loading ..\..\UDKGame\Content\maher\Maehdrescher.upk
[0016.39] Log: Failed to load 'bauteile_6': Can't find file for package 'bauteile_6' while loading ..\..\UDKGame\Content\maher\Maehdrescher.upk
[0016.39] Log: Failed to load 'bauteile_6': Can't find file for package 'bauteile_6' while loading ..\..\UDKGame\Content\maher\Maehdrescher.upk
[0016.39] Log: Failed to load 'bauteile_6': Can't find file for package 'bauteile_6' while loading ..\..\UDKGame\Content\maher\Maehdrescher.upk
[0016.39] Log: Failed to load 'bauteile_6': Can't find file for package 'bauteile_6' while loading ..\..\UDKGame\Content\maher\Maehdrescher.upk
[0016.39] Log: Failed to load 'bauteile_6': Can't find file for package 'bauteile_6' while loading ..\..\UDKGame\Content\maher\Maehdrescher.upk
[0016.39] Log: Failed to load 'bauteile_6': Can't find file for package 'bauteile_6' while loading ..\..\UDKGame\Content\maher\Maehdrescher.upk
[0016.39] Log: Failed to load 'bauteile_6': Can't find file for package 'bauteile_6' while loading ..\..\UDKGame\Content\maher\Maehdrescher.upk
[0016.39] Log: Failed to load 'bauteile_6': Can't find file for package 'bauteile_6' while loading ..\..\UDKGame\Content\maher\Maehdrescher.upk
[0016.39] Log: Failed to load 'bauteile_6': Can't find file for package 'bauteile_6' while loading ..\..\UDKGame\Content\maher\Maehdrescher.upk
[0016.39] Log: Failed to load 'bauteile_6': Can't find file for package 'bauteile_6' while loading ..\..\UDKGame\Content\maher\Maehdrescher.upk
[0016.39] Log: Failed to load 'bauteile_6': Can't find file for package 'bauteile_6' while loading ..\..\UDKGame\Content\maher\Maehdrescher.upk
[0016.39] Log: Failed to load 'bauteile_6': Can't find file for package 'bauteile_6' while loading ..\..\UDKGame\Content\maher\Maehdrescher.upk
[0016.39] Log: Failed to load 'bauteile_6': Can't find file for package 'bauteile_6' while loading ..\..\UDKGame\Content\maher\Maehdrescher.upk
[0016.39] Log: Failed to load 'bauteile_6': Can't find file for package 'bauteile_6' while loading ..\..\UDKGame\Content\maher\Maehdrescher.upk
[0016.39] Log: Failed to load 'bauteile_6': Can't find file for package 'bauteile_6' while loading ..\..\UDKGame\Content\maher\Maehdrescher.upk
[0016.39] Log: Failed to load 'bauteile_6': Can't find file for package 'bauteile_6' while loading ..\..\UDKGame\Content\maher\Maehdrescher.upk
[0016.39] Log: Failed to load 'bauteile_6': Can't find file for package 'bauteile_6' while loading ..\..\UDKGame\Content\maher\Maehdrescher.upk
[0016.39] Log: Failed to load 'bauteile_6': Can't find file for package 'bauteile_6' while loading ..\..\UDKGame\Content\maher\Maehdrescher.upk
[0016.39] Log: Failed to load 'bauteile_6': Can't find file for package 'bauteile_6' while loading ..\..\UDKGame\Content\maher\Maehdrescher.upk
[0016.39] Log: Failed to load 'bauteile_6': Can't find file for package 'bauteile_6' while loading ..\..\UDKGame\Content\maher\Maehdrescher.upk
[0016.39] Log: Failed to load 'bauteile_6': Can't find file for package 'bauteile_6' while loading ..\..\UDKGame\Content\maher\Maehdrescher.upk
[0016.39] Log: Failed to load 'bauteile_6': Can't find file for package 'bauteile_6' while loading ..\..\UDKGame\Content\maher\Maehdrescher.upk
[0016.39] Log: Failed to load 'bauteile_6': Can't find file for package 'bauteile_6' while loading ..\..\UDKGame\Content\maher\Maehdrescher.upk
[0016.39] Log: Failed to load 'bauteile_6': Can't find file for package 'bauteile_6' while loading ..\..\UDKGame\Content\maher\Maehdrescher.upk
[0016.39] Log: Failed to load 'bauteile_6': Can't find file for package 'bauteile_6' while loading ..\..\UDKGame\Content\maher\Maehdrescher.upk
[0016.39] Log: Failed to load 'bauteile_6': Can't find file for package 'bauteile_6' while loading ..\..\UDKGame\Content\maher\Maehdrescher.upk
[0016.40] Log: Failed to load 'bauteile_6': Can't find file for package 'bauteile_6' while loading ..\..\UDKGame\Content\maher\Maehdrescher.upk
[0016.40] Log: Failed to load 'bauteile_6': Can't find file for package 'bauteile_6' while loading ..\..\UDKGame\Content\maher\Maehdrescher.upk
[0016.40] Log: Failed to load 'bauteile_6': Can't find file for package 'bauteile_6' while loading ..\..\UDKGame\Content\maher\Maehdrescher.upk
[0016.40] Log: Failed to load 'bauteile_6': Can't find file for package 'bauteile_6' while loading ..\..\UDKGame\Content\maher\Maehdrescher.upk
[0016.40] Log: Failed to load 'bauteile_6': Can't find file for package 'bauteile_6' while loading ..\..\UDKGame\Content\maher\Maehdrescher.upk
[0016.40] Log: Failed to load 'bauteile_6': Can't find file for package 'bauteile_6' while loading ..\..\UDKGame\Content\maher\Maehdrescher.upk
[0016.40] Log: Failed to load 'bauteile_6': Can't find file for package 'bauteile_6' while loading ..\..\UDKGame\Content\maher\Maehdrescher.upk
[0016.40] Log: Failed to load 'bauteile_6': Can't find file for package 'bauteile_6' while loading ..\..\UDKGame\Content\maher\Maehdrescher.upk
[0016.40] Log: Failed to load 'bauteile_6': Can't find file for package 'bauteile_6' while loading ..\..\UDKGame\Content\maher\Maehdrescher.upk
[0016.40] Log: Failed to load 'bauteile_6': Can't find file for package 'bauteile_6' while loading ..\..\UDKGame\Content\maher\Maehdrescher.upk
[0016.40] Log: Failed to load 'bauteile_6': Can't find file for package 'bauteile_6' while loading ..\..\UDKGame\Content\maher\Maehdrescher.upk
[0016.40] Log: Failed to load 'bauteile_6': Can't find file for package 'bauteile_6' while loading ..\..\UDKGame\Content\maher\Maehdrescher.upk
[0016.40] Log: Failed to load 'bauteile_6': Can't find file for package 'bauteile_6' while loading ..\..\UDKGame\Content\maher\Maehdrescher.upk
[0016.40] Log: Failed to load 'bauteile_6': Can't find file for package 'bauteile_6' while loading ..\..\UDKGame\Content\maher\Maehdrescher.upk
[0016.40] Log: Failed to load 'bauteile_6': Can't find file for package 'bauteile_6' while loading ..\..\UDKGame\Content\maher\Maehdrescher.upk
[0016.40] Log: Failed to load 'bauteile_7': Can't find file for package 'bauteile_7' while loading ..\..\UDKGame\Content\maher\Maehdrescher.upk
[0016.40] Log: Failed to load 'bauteile_7': Can't find file for package 'bauteile_7' while loading ..\..\UDKGame\Content\maher\Maehdrescher.upk
[0016.40] Log: Failed to load 'bauteile_7': Can't find file for package 'bauteile_7' while loading ..\..\UDKGame\Content\maher\Maehdrescher.upk
[0016.40] Log: Failed to load 'bauteile_7': Can't find file for package 'bauteile_7' while loading ..\..\UDKGame\Content\maher\Maehdrescher.upk
[0016.40] Log: Failed to load 'bauteile_7': Can't find file for package 'bauteile_7' while loading ..\..\UDKGame\Content\maher\Maehdrescher.upk
[0016.40] Log: Failed to load 'bauteile_7': Can't find file for package 'bauteile_7' while loading ..\..\UDKGame\Content\maher\Maehdrescher.upk
[0016.40] Log: Failed to load 'bauteile_7': Can't find file for package 'bauteile_7' while loading ..\..\UDKGame\Content\maher\Maehdrescher.upk
[0016.40] Log: Failed to load 'bauteile_7': Can't find file for package 'bauteile_7' while loading ..\..\UDKGame\Content\maher\Maehdrescher.upk
[0016.40] Log: Failed to load 'bauteile_7': Can't find file for package 'bauteile_7' while loading ..\..\UDKGame\Content\maher\Maehdrescher.upk
[0016.40] Log: Failed to load 'bauteile_1': Can't find file for package 'bauteile_1' while loading ..\..\UDKGame\Content\maher\Maehdrescher.upk
[0016.40] Log: Failed to load 'bauteile_1': Can't find file for package 'bauteile_1' while loading ..\..\UDKGame\Content\maher\Maehdrescher.upk
[0016.40] Log: Failed to load 'bauteile_2': Can't find file for package 'bauteile_2' while loading ..\..\UDKGame\Content\maher\Maehdrescher.upk
[0016.40] Log: Failed to load 'bauteile_2': Can't find file for package 'bauteile_2' while loading ..\..\UDKGame\Content\maher\Maehdrescher.upk
[0016.40] Log: Failed to load 'bauteile_3': Can't find file for package 'bauteile_3' while loading ..\..\UDKGame\Content\maher\Maehdrescher.upk
[0016.40] Log: Failed to load 'bauteile_3': Can't find file for package 'bauteile_3' while loading ..\..\UDKGame\Content\maher\Maehdrescher.upk
[0016.40] Log: Failed to load 'bauteile_4': Can't find file for package 'bauteile_4' while loading ..\..\UDKGame\Content\maher\Maehdrescher.upk
[0016.40] Log: Failed to load 'bauteile_4': Can't find file for package 'bauteile_4' while loading ..\..\UDKGame\Content\maher\Maehdrescher.upk
[0016.40] Log: Failed to load 'bauteile_5': Can't find file for package 'bauteile_5' while loading ..\..\UDKGame\Content\maher\Maehdrescher.upk
[0016.40] Log: Failed to load 'bauteile_6': Can't find file for package 'bauteile_6' while loading ..\..\UDKGame\Content\maher\Maehdrescher.upk
[0016.41] Log: Failed to load 'bauteile_7': Can't find file for package 'bauteile_7' while loading ..\..\UDKGame\Content\maher\Maehdrescher.upk
[0016.41] Log: Failed to load 'bauteile_1': Can't find file for package 'bauteile_1' while loading ..\..\UDKGame\Content\maher\Maehdrescher.upk
[0016.41] Log: Failed to load 'bauteile_1': Can't find file for package 'bauteile_1' while loading ..\..\UDKGame\Content\maher\Maehdrescher.upk
[0016.41] Log: Failed to load 'bauteile_1': Can't find file for package 'bauteile_1' while loading ..\..\UDKGame\Content\maher\Maehdrescher.upk
[0016.41] Log: Failed to load 'bauteile_1': Can't find file for package 'bauteile_1' while loading ..\..\UDKGame\Content\maher\Maehdrescher.upk
[0016.41] Log: Failed to load 'bauteile_1': Can't find file for package 'bauteile_1' while loading ..\..\UDKGame\Content\maher\Maehdrescher.upk
[0016.41] Log: Failed to load 'bauteile_1': Can't find file for package 'bauteile_1' while loading ..\..\UDKGame\Content\maher\Maehdrescher.upk
[0016.41] Log: Failed to load 'bauteile_1': Can't find file for package 'bauteile_1' while loading ..\..\UDKGame\Content\maher\Maehdrescher.upk
[0016.41] Log: Failed to load 'bauteile_1': Can't find file for package 'bauteile_1' while loading ..\..\UDKGame\Content\maher\Maehdrescher.upk
[0016.41] Log: Failed to load 'bauteile_1': Can't find file for package 'bauteile_1' while loading ..\..\UDKGame\Content\maher\Maehdrescher.upk
[0016.41] Log: Failed to load 'bauteile_1': Can't find file for package 'bauteile_1' while loading ..\..\UDKGame\Content\maher\Maehdrescher.upk
[0016.41] Log: Failed to load 'bauteile_1': Can't find file for package 'bauteile_1' while loading ..\..\UDKGame\Content\maher\Maehdrescher.upk
[0016.41] Log: Failed to load 'bauteile_1': Can't find file for package 'bauteile_1' while loading ..\..\UDKGame\Content\maher\Maehdrescher.upk
[0016.41] Log: Failed to load 'bauteile_2': Can't find file for package 'bauteile_2' while loading ..\..\UDKGame\Content\maher\Maehdrescher.upk
[0016.41] Log: Failed to load 'bauteile_2': Can't find file for package 'bauteile_2' while loading ..\..\UDKGame\Content\maher\Maehdrescher.upk
[0016.41] Log: Failed to load 'bauteile_2': Can't find file for package 'bauteile_2' while loading ..\..\UDKGame\Content\maher\Maehdrescher.upk
[0016.41] Log: Failed to load 'bauteile_2': Can't find file for package 'bauteile_2' while loading ..\..\UDKGame\Content\maher\Maehdrescher.upk
[0016.41] Log: Failed to load 'bauteile_2': Can't find file for package 'bauteile_2' while loading ..\..\UDKGame\Content\maher\Maehdrescher.upk
[0016.41] Log: Failed to load 'bauteile_2': Can't find file for package 'bauteile_2' while loading ..\..\UDKGame\Content\maher\Maehdrescher.upk
[0016.41] Log: Failed to load 'bauteile_2': Can't find file for package 'bauteile_2' while loading ..\..\UDKGame\Content\maher\Maehdrescher.upk
[0016.41] Log: Failed to load 'bauteile_2': Can't find file for package 'bauteile_2' while loading ..\..\UDKGame\Content\maher\Maehdrescher.upk
[0016.41] Log: Failed to load 'bauteile_2': Can't find file for package 'bauteile_2' while loading ..\..\UDKGame\Content\maher\Maehdrescher.upk
[0016.41] Log: Failed to load 'bauteile_2': Can't find file for package 'bauteile_2' while loading ..\..\UDKGame\Content\maher\Maehdrescher.upk
[0016.41] Log: Failed to load 'bauteile_2': Can't find file for package 'bauteile_2' while loading ..\..\UDKGame\Content\maher\Maehdrescher.upk
[0016.41] Log: Failed to load 'bauteile_2': Can't find file for package 'bauteile_2' while loading ..\..\UDKGame\Content\maher\Maehdrescher.upk
[0016.41] Log: Failed to load 'bauteile_3': Can't find file for package 'bauteile_3' while loading ..\..\UDKGame\Content\maher\Maehdrescher.upk
[0016.41] Log: Failed to load 'bauteile_3': Can't find file for package 'bauteile_3' while loading ..\..\UDKGame\Content\maher\Maehdrescher.upk
[0016.41] Log: Failed to load 'bauteile_3': Can't find file for package 'bauteile_3' while loading ..\..\UDKGame\Content\maher\Maehdrescher.upk
[0016.41] Log: Failed to load 'bauteile_3': Can't find file for package 'bauteile_3' while loading ..\..\UDKGame\Content\maher\Maehdrescher.upk
[0016.41] Log: Failed to load 'bauteile_3': Can't find file for package 'bauteile_3' while loading ..\..\UDKGame\Content\maher\Maehdrescher.upk
[0016.41] Log: Failed to load 'bauteile_3': Can't find file for package 'bauteile_3' while loading ..\..\UDKGame\Content\maher\Maehdrescher.upk
[0016.42] Log: Failed to load 'bauteile_3': Can't find file for package 'bauteile_3' while loading ..\..\UDKGame\Content\maher\Maehdrescher.upk
[0016.42] Log: Failed to load 'bauteile_3': Can't find file for package 'bauteile_3' while loading ..\..\UDKGame\Content\maher\Maehdrescher.upk
[0016.42] Log: Failed to load 'bauteile_3': Can't find file for package 'bauteile_3' while loading ..\..\UDKGame\Content\maher\Maehdrescher.upk
[0016.42] Log: Failed to load 'bauteile_3': Can't find file for package 'bauteile_3' while loading ..\..\UDKGame\Content\maher\Maehdrescher.upk
[0016.42] Log: Failed to load 'bauteile_3': Can't find file for package 'bauteile_3' while loading ..\..\UDKGame\Content\maher\Maehdrescher.upk
[0016.42] Log: Failed to load 'bauteile_3': Can't find file for package 'bauteile_3' while loading ..\..\UDKGame\Content\maher\Maehdrescher.upk
[0016.42] Log: Failed to load 'bauteile_4': Can't find file for package 'bauteile_4' while loading ..\..\UDKGame\Content\maher\Maehdrescher.upk
[0016.42] Log: Failed to load 'bauteile_4': Can't find file for package 'bauteile_4' while loading ..\..\UDKGame\Content\maher\Maehdrescher.upk
[0016.42] Log: Failed to load 'bauteile_4': Can't find file for package 'bauteile_4' while loading ..\..\UDKGame\Content\maher\Maehdrescher.upk
[0016.42] Log: Failed to load 'bauteile_4': Can't find file for package 'bauteile_4' while loading ..\..\UDKGame\Content\maher\Maehdrescher.upk
[0016.42] Log: Failed to load 'bauteile_4': Can't find file for package 'bauteile_4' while loading ..\..\UDKGame\Content\maher\Maehdrescher.upk
[0016.42] Log: Failed to load 'bauteile_4': Can't find file for package 'bauteile_4' while loading ..\..\UDKGame\Content\maher\Maehdrescher.upk
[0016.42] Log: Failed to load 'bauteile_4': Can't find file for package 'bauteile_4' while loading ..\..\UDKGame\Content\maher\Maehdrescher.upk
[0016.42] Log: Failed to load 'bauteile_4': Can't find file for package 'bauteile_4' while loading ..\..\UDKGame\Content\maher\Maehdrescher.upk
[0016.42] Log: Failed to load 'bauteile_4': Can't find file for package 'bauteile_4' while loading ..\..\UDKGame\Content\maher\Maehdrescher.upk
[0016.42] Log: Failed to load 'bauteile_4': Can't find file for package 'bauteile_4' while loading ..\..\UDKGame\Content\maher\Maehdrescher.upk
[0016.42] Log: Failed to load 'bauteile_4': Can't find file for package 'bauteile_4' while loading ..\..\UDKGame\Content\maher\Maehdrescher.upk
[0016.42] Log: Failed to load 'bauteile_4': Can't find file for package 'bauteile_4' while loading ..\..\UDKGame\Content\maher\Maehdrescher.upk
[0016.42] Log: Failed to load 'bauteile_4': Can't find file for package 'bauteile_4' while loading ..\..\UDKGame\Content\maher\Maehdrescher.upk
[0016.42] Log: Failed to load 'bauteile_4': Can't find file for package 'bauteile_4' while loading ..\..\UDKGame\Content\maher\Maehdrescher.upk
[0016.42] Log: Failed to load 'bauteile_4': Can't find file for package 'bauteile_4' while loading ..\..\UDKGame\Content\maher\Maehdrescher.upk
[0016.42] Log: Failed to load 'bauteile_5': Can't find file for package 'bauteile_5' while loading ..\..\UDKGame\Content\maher\Maehdrescher.upk
[0016.42] Log: Failed to load 'bauteile_5': Can't find file for package 'bauteile_5' while loading ..\..\UDKGame\Content\maher\Maehdrescher.upk
[0016.42] Log: Failed to load 'bauteile_5': Can't find file for package 'bauteile_5' while loading ..\..\UDKGame\Content\maher\Maehdrescher.upk
[0016.42] Log: Failed to load 'bauteile_5': Can't find file for package 'bauteile_5' while loading ..\..\UDKGame\Content\maher\Maehdrescher.upk
[0016.42] Log: Failed to load 'bauteile_5': Can't find file for package 'bauteile_5' while loading ..\..\UDKGame\Content\maher\Maehdrescher.upk
[0016.42] Log: Failed to load 'bauteile_5': Can't find file for package 'bauteile_5' while loading ..\..\UDKGame\Content\maher\Maehdrescher.upk
[0016.42] Log: Failed to load 'bauteile_5': Can't find file for package 'bauteile_5' while loading ..\..\UDKGame\Content\maher\Maehdrescher.upk
[0016.42] Log: Failed to load 'bauteile_5': Can't find file for package 'bauteile_5' while loading ..\..\UDKGame\Content\maher\Maehdrescher.upk
[0016.42] Log: Failed to load 'bauteile_5': Can't find file for package 'bauteile_5' while loading ..\..\UDKGame\Content\maher\Maehdrescher.upk
[0016.43] Log: Failed to load 'bauteile_5': Can't find file for package 'bauteile_5' while loading ..\..\UDKGame\Content\maher\Maehdrescher.upk
[0016.43] Log: Failed to load 'bauteile_5': Can't find file for package 'bauteile_5' while loading ..\..\UDKGame\Content\maher\Maehdrescher.upk
[0016.43] Log: Failed to load 'bauteile_5': Can't find file for package 'bauteile_5' while loading ..\..\UDKGame\Content\maher\Maehdrescher.upk
[0016.43] Log: Failed to load 'bauteile_6': Can't find file for package 'bauteile_6' while loading ..\..\UDKGame\Content\maher\Maehdrescher.upk
[0016.43] Log: Failed to load 'bauteile_6': Can't find file for package 'bauteile_6' while loading ..\..\UDKGame\Content\maher\Maehdrescher.upk
[0016.43] Log: Failed to load 'bauteile_6': Can't find file for package 'bauteile_6' while loading ..\..\UDKGame\Content\maher\Maehdrescher.upk
[0016.43] Log: Failed to load 'bauteile_6': Can't find file for package 'bauteile_6' while loading ..\..\UDKGame\Content\maher\Maehdrescher.upk
[0016.43] Log: Failed to load 'bauteile_6': Can't find file for package 'bauteile_6' while loading ..\..\UDKGame\Content\maher\Maehdrescher.upk
[0016.43] Log: Failed to load 'bauteile_6': Can't find file for package 'bauteile_6' while loading ..\..\UDKGame\Content\maher\Maehdrescher.upk
[0016.43] Log: Failed to load 'bauteile_6': Can't find file for package 'bauteile_6' while loading ..\..\UDKGame\Content\maher\Maehdrescher.upk
[0016.43] Log: Failed to load 'bauteile_6': Can't find file for package 'bauteile_6' while loading ..\..\UDKGame\Content\maher\Maehdrescher.upk
[0016.43] Log: Failed to load 'bauteile_6': Can't find file for package 'bauteile_6' while loading ..\..\UDKGame\Content\maher\Maehdrescher.upk
[0016.43] Log: Failed to load 'bauteile_6': Can't find file for package 'bauteile_6' while loading ..\..\UDKGame\Content\maher\Maehdrescher.upk
[0016.43] Log: Failed to load 'bauteile_6': Can't find file for package 'bauteile_6' while loading ..\..\UDKGame\Content\maher\Maehdrescher.upk
[0016.43] Log: Failed to load 'bauteile_6': Can't find file for package 'bauteile_6' while loading ..\..\UDKGame\Content\maher\Maehdrescher.upk
[0016.43] Log: Failed to load 'bauteile_7': Can't find file for package 'bauteile_7' while loading ..\..\UDKGame\Content\maher\Maehdrescher.upk
[0016.43] Log: Failed to load 'bauteile_7': Can't find file for package 'bauteile_7' while loading ..\..\UDKGame\Content\maher\Maehdrescher.upk
[0016.43] Log: Failed to load 'bauteile_7': Can't find file for package 'bauteile_7' while loading ..\..\UDKGame\Content\maher\Maehdrescher.upk
[0016.43] Log: Failed to load 'bauteile_7': Can't find file for package 'bauteile_7' while loading ..\..\UDKGame\Content\maher\Maehdrescher.upk
[0016.43] Log: Failed to load 'bauteile_7': Can't find file for package 'bauteile_7' while loading ..\..\UDKGame\Content\maher\Maehdrescher.upk
[0016.43] Log: Failed to load 'bauteile_7': Can't find file for package 'bauteile_7' while loading ..\..\UDKGame\Content\maher\Maehdrescher.upk
[0016.43] Log: Failed to load 'bauteile_7': Can't find file for package 'bauteile_7' while loading ..\..\UDKGame\Content\maher\Maehdrescher.upk
[0016.43] Log: Failed to load 'bauteile_7': Can't find file for package 'bauteile_7' while loading ..\..\UDKGame\Content\maher\Maehdrescher.upk
[0016.44] Warning: Failed to load 'bauteile_1.bauteile.3bolzen_vorn_Dup'! Referenced by 'Maehdrescher.bauteile.3bolzen_vorn' ('---').
[0016.44] Log: Failed to load 'bauteile_1': Can't find file for package 'bauteile_1' while loading C:\UDK\UDK-2014-02\UDKGame\Content\maher\MyMaehdrescher.udk
[0016.44] Warning: Failed to load 'bauteile_1.bauteile.aussenrohr_oben_Dup'! Referenced by 'Maehdrescher.bauteile.aussenrohr_oben' ('---').
[0016.44] Log: Failed to load 'bauteile_1': Can't find file for package 'bauteile_1' while loading C:\UDK\UDK-2014-02\UDKGame\Content\maher\MyMaehdrescher.udk
[0016.44] Warning: Failed to load 'bauteile_1.bauteile.baender_links_Dup'! Referenced by 'Maehdrescher.bauteile.baender_links' ('---').
[0016.44] Log: Failed to load 'bauteile_1': Can't find file for package 'bauteile_1' while loading C:\UDK\UDK-2014-02\UDKGame\Content\maher\MyMaehdrescher.udk
[0016.44] Warning: Failed to load 'bauteile_1.bauteile.baender_motor_rechts_Dup'! Referenced by 'Maehdrescher.bauteile.baender_motor_rechts' ('---').
[0016.44] Log: Failed to load 'bauteile_1': Can't find file for package 'bauteile_1' while loading C:\UDK\UDK-2014-02\UDKGame\Content\maher\MyMaehdrescher.udk
[0016.44] Warning: Failed to load 'bauteile_1.bauteile.Behaelter-neben-Maehdrescher_Dup'! Referenced by 'Maehdrescher.bauteile.Behaelter-neben-Maehdrescher' ('---').
[0016.44] Log: Failed to load 'bauteile_1': Can't find file for package 'bauteile_1' while loading C:\UDK\UDK-2014-02\UDKGame\Content\maher\MyMaehdrescher.udk
[0016.44] Warning: Failed to load 'bauteile_1.bauteile.dachmotor_Dup'! Referenced by 'Maehdrescher.bauteile.dachmotor' ('---').
[0016.44] Log: Failed to load 'bauteile_1': Can't find file for package 'bauteile_1' while loading C:\UDK\UDK-2014-02\UDKGame\Content\maher\MyMaehdrescher.udk
[0016.44] Warning: Failed to load 'bauteile_1.bauteile.dreschkorb_Dup'! Referenced by 'Maehdrescher.bauteile.dreschkorb' ('---').
[0016.44] Log: Failed to load 'bauteile_1': Can't find file for package 'bauteile_1' while loading C:\UDK\UDK-2014-02\UDKGame\Content\maher\MyMaehdrescher.udk
[0016.44] Warning: Failed to load 'bauteile_1.bauteile.dreschtrommel_Dup'! Referenced by 'Maehdrescher.bauteile.dreschtrommel' ('---').
[0016.44] Log: Failed to load 'bauteile_1': Can't find file for package 'bauteile_1' while loading C:\UDK\UDK-2014-02\UDKGame\Content\maher\MyMaehdrescher.udk
[0016.44] Warning: Failed to load 'bauteile_1.bauteile.einzugsschnecke_Dup'! Referenced by 'Maehdrescher.bauteile.einzugsschnecke' ('---').
[0016.44] Log: Failed to load 'bauteile_1': Can't find file for package 'bauteile_1' while loading C:\UDK\UDK-2014-02\UDKGame\Content\maher\MyMaehdrescher.udk
[0016.45] Warning: Failed to load 'bauteile_1.bauteile.foedertrommel_vor_dreschtrommel_Dup'! Referenced by 'Maehdrescher.bauteile.foedertrommel_vor_dreschtrommel' ('---').
[0016.45] Log: Failed to load 'bauteile_1': Can't find file for package 'bauteile_1' while loading C:\UDK\UDK-2014-02\UDKGame\Content\maher\MyMaehdrescher.udk
[0016.45] Warning: Failed to load 'bauteile_1.bauteile.geblaese_Dup'! Referenced by 'Maehdrescher.bauteile.geblaese' ('---').
[0016.45] Log: Failed to load 'bauteile_1': Can't find file for package 'bauteile_1' while loading C:\UDK\UDK-2014-02\UDKGame\Content\maher\MyMaehdrescher.udk
[0016.45] Warning: Failed to load 'bauteile_2.bauteile.gesamterLaderaumohnelinkeSeitenflaeche_Dup'! Referenced by 'Maehdrescher.bauteile.gesamterLaderaumohnelinkeSeitenflaeche' ('---').
[0016.45] Log: Failed to load 'bauteile_2': Can't find file for package 'bauteile_2' while loading C:\UDK\UDK-2014-02\UDKGame\Content\maher\MyMaehdrescher.udk
[0016.45] Warning: Failed to load 'bauteile_2.bauteile.haspel_Dup'! Referenced by 'Maehdrescher.bauteile.haspel' ('---').
[0016.45] Log: Failed to load 'bauteile_2': Can't find file for package 'bauteile_2' while loading C:\UDK\UDK-2014-02\UDKGame\Content\maher\MyMaehdrescher.udk
[0016.45] Warning: Failed to load 'bauteile_2.bauteile.hinterradachse_Dup'! Referenced by 'Maehdrescher.bauteile.hinterradachse' ('---').
[0016.45] Log: Failed to load 'bauteile_2': Can't find file for package 'bauteile_2' while loading C:\UDK\UDK-2014-02\UDKGame\Content\maher\MyMaehdrescher.udk
[0016.45] Warning: Failed to load 'bauteile_2.bauteile.hordenschuettler_Dup'! Referenced by 'Maehdrescher.bauteile.hordenschuettler' ('---').
[0016.45] Log: Failed to load 'bauteile_2': Can't find file for package 'bauteile_2' while loading C:\UDK\UDK-2014-02\UDKGame\Content\maher\MyMaehdrescher.udk
[0016.45] Warning: Failed to load 'bauteile_2.bauteile.hordenschuettler_Auffangblech_Dup'! Referenced by 'Maehdrescher.bauteile.hordenschuettler_Auffangblech' ('---').
[0016.45] Log: Failed to load 'bauteile_2': Can't find file for package 'bauteile_2' while loading C:\UDK\UDK-2014-02\UDKGame\Content\maher\MyMaehdrescher.udk
[0016.45] Warning: Failed to load 'bauteile_2.bauteile.kabine_Dup'! Referenced by 'Maehdrescher.bauteile.kabine' ('---').
[0016.45] Log: Failed to load 'bauteile_2': Can't find file for package 'bauteile_2' while loading C:\UDK\UDK-2014-02\UDKGame\Content\maher\MyMaehdrescher.udk
[0016.45] Warning: Failed to load 'bauteile_2.bauteile.kleines_Band_rechts_Dup'! Referenced by 'Maehdrescher.bauteile.kleines_Band_rechts' ('---').
[0016.45] Log: Failed to load 'bauteile_2': Can't find file for package 'bauteile_2' while loading C:\UDK\UDK-2014-02\UDKGame\Content\maher\MyMaehdrescher.udk
[0016.45] Warning: Failed to load 'bauteile_2.bauteile.kornschnecke_Dup'! Referenced by 'Maehdrescher.bauteile.kornschnecke' ('---').
[0016.45] Log: Failed to load 'bauteile_2': Can't find file for package 'bauteile_2' while loading C:\UDK\UDK-2014-02\UDKGame\Content\maher\MyMaehdrescher.udk
[0016.45] Warning: Failed to load 'bauteile_2.bauteile.korntank_Dup'! Referenced by 'Maehdrescher.bauteile.korntank' ('---').
[0016.45] Log: Failed to load 'bauteile_2': Can't find file for package 'bauteile_2' while loading C:\UDK\UDK-2014-02\UDKGame\Content\maher\MyMaehdrescher.udk
[0016.45] Warning: Failed to load 'bauteile_3.bauteile.korntank_inneres_Dup'! Referenced by 'Maehdrescher.bauteile.korntank_inneres' ('---').
[0016.45] Log: Failed to load 'bauteile_3': Can't find file for package 'bauteile_3' while loading C:\UDK\UDK-2014-02\UDKGame\Content\maher\MyMaehdrescher.udk
[0016.45] Warning: Failed to load 'bauteile_3.bauteile.korntankfoerderer_Dup'! Referenced by 'Maehdrescher.bauteile.korntankfoerderer' ('---').
[0016.45] Log: Failed to load 'bauteile_3': Can't find file for package 'bauteile_3' while loading C:\UDK\UDK-2014-02\UDKGame\Content\maher\MyMaehdrescher.udk
[0016.45] Warning: Failed to load 'bauteile_3.bauteile.linkeSeitenflaeche_Dup'! Referenced by 'Maehdrescher.bauteile.linkeSeitenflaeche' ('---').
[0016.46] Log: Failed to load 'bauteile_3': Can't find file for package 'bauteile_3' while loading C:\UDK\UDK-2014-02\UDKGame\Content\maher\MyMaehdrescher.udk
[0016.46] Warning: Failed to load 'bauteile_3.bauteile.mittelroehre_inneres_Dup'! Referenced by 'Maehdrescher.bauteile.mittelroehre_inneres' ('---').
[0016.46] Log: Failed to load 'bauteile_3': Can't find file for package 'bauteile_3' while loading C:\UDK\UDK-2014-02\UDKGame\Content\maher\MyMaehdrescher.udk
[0016.46] Warning: Failed to load 'bauteile_3.bauteile.motorabdeckung_Dup'! Referenced by 'Maehdrescher.bauteile.motorabdeckung' ('---').
[0016.46] Log: Failed to load 'bauteile_3': Can't find file for package 'bauteile_3' while loading C:\UDK\UDK-2014-02\UDKGame\Content\maher\MyMaehdrescher.udk
[0016.46] Warning: Failed to load 'bauteile_3.bauteile.motorpropeller_Dup'! Referenced by 'Maehdrescher.bauteile.motorpropeller' ('---').
[0016.46] Log: Failed to load 'bauteile_3': Can't find file for package 'bauteile_3' while loading C:\UDK\UDK-2014-02\UDKGame\Content\maher\MyMaehdrescher.udk
[0016.46] Warning: Failed to load 'bauteile_3.bauteile.obersieb_Dup'! Referenced by 'Maehdrescher.bauteile.obersieb' ('---').
[0016.46] Log: Failed to load 'bauteile_3': Can't find file for package 'bauteile_3' while loading C:\UDK\UDK-2014-02\UDKGame\Content\maher\MyMaehdrescher.udk
[0016.46] Warning: Failed to load 'bauteile_3.bauteile.roehren_Dup'! Referenced by 'Maehdrescher.bauteile.roehren' ('---').
[0016.46] Log: Failed to load 'bauteile_3': Can't find file for package 'bauteile_3' while loading C:\UDK\UDK-2014-02\UDKGame\Content\maher\MyMaehdrescher.udk
[0016.46] Warning: Failed to load 'bauteile_3.bauteile.roehrenmotor_Dup'! Referenced by 'Maehdrescher.bauteile.roehrenmotor' ('---').
[0016.46] Log: Failed to load 'bauteile_3': Can't find file for package 'bauteile_3' while loading C:\UDK\UDK-2014-02\UDKGame\Content\maher\MyMaehdrescher.udk
[0016.46] Warning: Failed to load 'bauteile_4.bauteile.roehrensieb_Dup'! Referenced by 'Maehdrescher.bauteile.roehrensieb' ('---').
[0016.46] Log: Failed to load 'bauteile_4': Can't find file for package 'bauteile_4' while loading C:\UDK\UDK-2014-02\UDKGame\Content\maher\MyMaehdrescher.udk
[0016.46] Warning: Failed to load 'bauteile_4.bauteile.schaufel_Dup'! Referenced by 'Maehdrescher.bauteile.schaufel' ('---').
[0016.46] Log: Failed to load 'bauteile_4': Can't find file for package 'bauteile_4' while loading C:\UDK\UDK-2014-02\UDKGame\Content\maher\MyMaehdrescher.udk
[0016.46] Warning: Failed to load 'bauteile_4.bauteile.schraegfoerderer_Dup'! Referenced by 'Maehdrescher.bauteile.schraegfoerderer' ('---').
[0016.46] Log: Failed to load 'bauteile_4': Can't find file for package 'bauteile_4' while loading C:\UDK\UDK-2014-02\UDKGame\Content\maher\MyMaehdrescher.udk
[0016.46] Warning: Failed to load 'bauteile_4.bauteile.seitenroehren_inneres_Dup'! Referenced by 'Maehdrescher.bauteile.seitenroehren_inneres' ('---').
[0016.46] Log: Failed to load 'bauteile_4': Can't find file for package 'bauteile_4' while loading C:\UDK\UDK-2014-02\UDKGame\Content\maher\MyMaehdrescher.udk
[0016.46] Warning: Failed to load 'bauteile_4.bauteile.stangen_rechts_Dup'! Referenced by 'Maehdrescher.bauteile.stangen_rechts' ('---').
[0016.46] Log: Failed to load 'bauteile_4': Can't find file for package 'bauteile_4' while loading C:\UDK\UDK-2014-02\UDKGame\Content\maher\MyMaehdrescher.udk
[0016.46] Warning: Failed to load 'bauteile_4.bauteile.strohhaecksler_Dup'! Referenced by 'Maehdrescher.bauteile.strohhaecksler' ('---').
[0016.46] Log: Failed to load 'bauteile_4': Can't find file for package 'bauteile_4' while loading C:\UDK\UDK-2014-02\UDKGame\Content\maher\MyMaehdrescher.udk
[0016.46] Warning: Failed to load 'bauteile_4.bauteile.treppe_links_Dup'! Referenced by 'Maehdrescher.bauteile.treppe_links' ('---').
[0016.46] Log: Failed to load 'bauteile_4': Can't find file for package 'bauteile_4' while loading C:\UDK\UDK-2014-02\UDKGame\Content\maher\MyMaehdrescher.udk
[0016.47] Warning: Failed to load 'bauteile_4.bauteile.ueberkehrschnecke_aussen_Dup'! Referenced by 'Maehdrescher.bauteile.ueberkehrschnecke_aussen' ('---').
[0016.47] Log: Failed to load 'bauteile_4': Can't find file for package 'bauteile_4' while loading C:\UDK\UDK-2014-02\UDKGame\Content\maher\MyMaehdrescher.udk
[0016.47] Warning: Failed to load 'bauteile_4.bauteile.ueberkehrschnecke_innen_Dup'! Referenced by 'Maehdrescher.bauteile.ueberkehrschnecke_innen' ('---').
[0016.47] Log: Failed to load 'bauteile_4': Can't find file for package 'bauteile_4' while loading C:\UDK\UDK-2014-02\UDKGame\Content\maher\MyMaehdrescher.udk
[0016.47] Warning: Failed to load 'bauteile_4.bauteile.untersieb_Dup'! Referenced by 'Maehdrescher.bauteile.untersieb' ('---').
[0016.47] Log: Failed to load 'bauteile_4': Can't find file for package 'bauteile_4' while loading C:\UDK\UDK-2014-02\UDKGame\Content\maher\MyMaehdrescher.udk
[0016.47] Warning: Failed to load 'bauteile_4.bauteile.vorderradachse_Dup'! Referenced by 'Maehdrescher.bauteile.vorderradachse' ('---').
[0016.47] Log: Failed to load 'bauteile_4': Can't find file for package 'bauteile_4' while loading C:\UDK\UDK-2014-02\UDKGame\Content\maher\MyMaehdrescher.udk
[0016.47] Warning: Failed to load 'bauteile_4.bauteile.wendetrommel_innen_Dup'! Referenced by 'Maehdrescher.bauteile.wendetrommel_innen' ('---').
[0016.47] Log: Failed to load 'bauteile_4': Can't find file for package 'bauteile_4' while loading C:\UDK\UDK-2014-02\UDKGame\Content\maher\MyMaehdrescher.udk
[0016.65] Log: -- Checking Building LODs
[0016.67] Log: Primary PhysX scene will be in software.
[0016.67] Log: Creating Primary PhysX Scene.
[0016.68] Log: Finished looking for orphan Actors (0.008 secs)
[0016.74] Cmd: MAP CHECKDEP DONTCLEARMESSAGES DONTDOSLOWREFCHECK
[0024.25] Exit: Preparing to exit.
[0024.44] Exit: Editor shut down
[0024.44] Exit: Transaction tracking system shut down
[0024.52] Exit: Windows client shut down
[0024.52] Exit: XAudio2 Device shut down.
[0024.57] Exit: Object subsystem successfully closed.
[0024.58] Log: Shutting down FaceFX...
[0024.58] Log: FaceFX shutdown.
[0024.61] Exit: Exiting.
[0024.61] Log: Log file closed, 06/17/14 12:32:45
