Log: Log file open, 06/17/14 12:32:50
Init: WinSock: version 1.1 (2.2), MaxSocks=32767, MaxUdp=65467
DevConfig: GConfig::Find has loaded file:  ..\..\Engine\Config\ConsoleVariables.ini
Init: Version: 12097
Init: Epic Internal: 0
Init: Compiled (64-bit): Feb 17 2014 13:34:55
Init: Changelist: 1999891
Init: Command line: editor 
Init: Base directory: C:\UDK\UDK-2014-02\Binaries\Win64\
[0000.49] Init: Computer: NATALIE-PC
[0000.50] Init: User: Natalie
[0000.50] Init: CPU Page size=4096, Processors=6
[0000.50] Init: High frequency timer resolution =14.318180 MHz
[0000.50] Init: Memory total: Physical=8.0GB (8GB approx) Pagefile=16.0GB Virtual=8192.0GB
[0000.50] Log: Steam Client API Disabled!
[0000.52] Init: WinSock: I am Natalie-PC (192.168.0.180:0)
[0000.52] Init: Presizing for 0 objects not considered by GC, pre-allocating 0 bytes.
[0000.52] Init: Object subsystem initialized
[0000.52] Warning: Warning, Unknown language extension DEU. Defaulting to INT
[0000.54] Log: SystemSettings based on: SystemSettings
[0000.55] Log: Found D3D11 adapter 0: ATI Radeon HD 5700 Series
[0000.55] Log: Adapter has 1012MB of dedicated video memory, 0MB of dedicated system memory, and 3839MB of shared system memory
[0000.56] Log: Shader platform (RHI): PC-D3D-SM3
[0000.70] Log: PhysX GPU Support: DISABLED
[0000.70] Init: Initializing FaceFX...
[0000.70] Init: FaceFX 1.7.4 initialized.
[0003.61] Init: Finished loading startup packages in 2.77 seconds
[0003.63] Log: 85667 objects as part of root set at end of initial load.
[0003.63] Log: 0 out of 0 bytes used by permanent object pool.
[0004.34] Log: Supported Consoles:
[0004.34] Log:   IPhone
[0004.34] Log:   Mac
[0004.34] Log:   PC
[0004.34] Log: Initializing Engine...
[0004.47] Log: Encountered missing default brush - spawning new one
[0004.48] Init: UEngine initialized
[0004.48] Log: Primary PhysX scene will be in software.
[0004.48] Log: Creating Primary PhysX Scene.
[0004.49] Init: Transaction tracking system initialized
[0004.57] Log: Can't find edit package 'OnlineSubsystemGameSpy'
[0004.57] Log: Can't find edit package 'OnlineSubsystemLive'
[0005.30] Init: XAudio2 using 'Lautsprecher (VIA High Definition Audio)' : 2 channels at 48 kHz using 32 bits per sample (channel mask 0x3)
[0005.34] Init: XAudio2Device initialized.
[0005.40] Init: Client initialized
[0005.40] Init: Editor engine initialized
[0005.54] Log: Initializing Engine Completed
[0005.54] Log: >>>>>>>>>>>>>> Initial startup: 5.54s <<<<<<<<<<<<<<<
[0005.63] Cmd: MODE MAPEXT=udk
[0005.75] SourceControl: Source Control disabled in UDKEditorUserSettings.ini.  [SourceControl] has Disabled=True
[0008.37] Log: The hooked GetPenEventMultiple() method was called; events are being ignored.
[0008.37] Log: Found D3D11 adapter 0: ATI Radeon HD 5700 Series
[0008.37] Log: Adapter has 1012MB of dedicated video memory, 0MB of dedicated system memory, and 3839MB of shared system memory
[0010.17] Cmd: MAP LOAD FILE="..\..\Engine\Content\Maps\Templates\Template_MidDay.umap" TEMPLATE=0
[0010.53] Log: Encountered missing default brush - spawning new one
[0011.05] Log: New File, Existing Package (Package Untitled_2, Package template_midday)
[0011.17] Log: -- Checking Building LODs
[0011.18] Log: Primary PhysX scene will be in software.
[0011.19] Log: Creating Primary PhysX Scene.
[0011.20] Log: Finished looking for orphan Actors (0.009 secs)
[0011.20] Cmd: MAP CHECKDEP DONTCLEARMESSAGES DONTDOSLOWREFCHECK
[0011.21] Log: TIMER ALL OF INIT : [10.494146]
[0041.80] Cmd: MAP LOAD FILE="C:\UDK\UDK-2014-02\UDKGame\Content\maher\MyMaehdrescher.udk" TEMPLATE=0
[0041.87] Log: Encountered missing default brush - spawning new one
[0042.46] Log: -- Checking Building LODs
[0042.48] Log: Primary PhysX scene will be in software.
[0042.48] Log: Creating Primary PhysX Scene.
[0042.49] Log: Finished looking for orphan Actors (0.009 secs)
[0042.51] Cmd: MAP CHECKDEP DONTCLEARMESSAGES DONTDOSLOWREFCHECK
[23568.58] Warning: Failed to load 'StaticMesh bauteile_3.bauteile.motor': Failed to find object 'StaticMesh bauteile_3.bauteile.motor'
[23568.62] Warning: Failed to load 'StaticMesh bauteile_3.bauteile.motorabdeckung': Failed to find object 'StaticMesh bauteile_3.bauteile.motorabdeckung'
[23568.62] Warning: Failed to load 'Material bauteile_3.bauteile.Motorabdeckung__Metallplatte_jpg_001_Dup': Failed to find object 'Material bauteile_3.bauteile.Motorabdeckung__Metallplatte_jpg_001_Dup'
[23568.62] Warning: Failed to load 'StaticMesh bauteile_3.bauteile.motorkaesten': Failed to find object 'StaticMesh bauteile_3.bauteile.motorkaesten'
[23568.62] Warning: Failed to load 'StaticMesh bauteile_3.bauteile.motorpropeller': Failed to find object 'StaticMesh bauteile_3.bauteile.motorpropeller'
[23568.62] Warning: Failed to load 'StaticMesh bauteile_3.bauteile.obersieb': Failed to find object 'StaticMesh bauteile_3.bauteile.obersieb'
[23568.62] Warning: Failed to load 'Material bauteile_3.bauteile.phong100_Dup': Failed to find object 'Material bauteile_3.bauteile.phong100_Dup'
[23568.62] Warning: Failed to load 'Material bauteile_3.bauteile.phong101_Dup': Failed to find object 'Material bauteile_3.bauteile.phong101_Dup'
[23568.63] Warning: Failed to load 'Material bauteile_3.bauteile.phong4_Dup': Failed to find object 'Material bauteile_3.bauteile.phong4_Dup'
[23568.63] Warning: Failed to load 'Material bauteile_3.bauteile.phong51_Dup': Failed to find object 'Material bauteile_3.bauteile.phong51_Dup'
[23568.63] Warning: Failed to load 'Material bauteile_3.bauteile.phong52_Dup': Failed to find object 'Material bauteile_3.bauteile.phong52_Dup'
[23568.63] Warning: Failed to load 'Material bauteile_3.bauteile.phong53_Dup': Failed to find object 'Material bauteile_3.bauteile.phong53_Dup'
[23568.63] Warning: Failed to load 'Material bauteile_3.bauteile.phong54_Dup': Failed to find object 'Material bauteile_3.bauteile.phong54_Dup'
[23568.63] Warning: Failed to load 'Material bauteile_3.bauteile.phong55_Dup': Failed to find object 'Material bauteile_3.bauteile.phong55_Dup'
[23568.63] Warning: Failed to load 'Material bauteile_3.bauteile.phong56_Dup': Failed to find object 'Material bauteile_3.bauteile.phong56_Dup'
[23568.63] Warning: Failed to load 'Material bauteile_3.bauteile.phong57_Dup': Failed to find object 'Material bauteile_3.bauteile.phong57_Dup'
[23568.63] Warning: Failed to load 'Material bauteile_3.bauteile.phong58_Dup': Failed to find object 'Material bauteile_3.bauteile.phong58_Dup'
[23568.63] Warning: Failed to load 'Material bauteile_3.bauteile.phong59_Dup': Failed to find object 'Material bauteile_3.bauteile.phong59_Dup'
[23568.63] Warning: Failed to load 'Material bauteile_3.bauteile.phong60_Dup': Failed to find object 'Material bauteile_3.bauteile.phong60_Dup'
[23568.63] Warning: Failed to load 'Material bauteile_3.bauteile.phong61_Dup': Failed to find object 'Material bauteile_3.bauteile.phong61_Dup'
[23568.63] Warning: Failed to load 'Material bauteile_3.bauteile.phong62_Dup': Failed to find object 'Material bauteile_3.bauteile.phong62_Dup'
[23568.63] Warning: Failed to load 'Material bauteile_3.bauteile.phong63_Dup': Failed to find object 'Material bauteile_3.bauteile.phong63_Dup'
[23568.64] Warning: Failed to load 'Material bauteile_3.bauteile.phong64_Dup': Failed to find object 'Material bauteile_3.bauteile.phong64_Dup'
[23568.64] Warning: Failed to load 'Material bauteile_3.bauteile.phong65_Dup': Failed to find object 'Material bauteile_3.bauteile.phong65_Dup'
[23568.64] Warning: Failed to load 'Material bauteile_3.bauteile.phong66_Dup': Failed to find object 'Material bauteile_3.bauteile.phong66_Dup'
[23568.64] Warning: Failed to load 'Material bauteile_3.bauteile.phong67_Dup': Failed to find object 'Material bauteile_3.bauteile.phong67_Dup'
[23568.64] Warning: Failed to load 'Material bauteile_3.bauteile.phong68_Dup': Failed to find object 'Material bauteile_3.bauteile.phong68_Dup'
[23568.64] Warning: Failed to load 'Material bauteile_3.bauteile.phong69_Dup': Failed to find object 'Material bauteile_3.bauteile.phong69_Dup'
[23568.64] Warning: Failed to load 'Material bauteile_3.bauteile.phong70_Dup': Failed to find object 'Material bauteile_3.bauteile.phong70_Dup'
[23568.64] Warning: Failed to load 'Material bauteile_3.bauteile.phong71_Dup': Failed to find object 'Material bauteile_3.bauteile.phong71_Dup'
[23568.64] Warning: Failed to load 'Material bauteile_3.bauteile.phong72_Dup': Failed to find object 'Material bauteile_3.bauteile.phong72_Dup'
[23568.64] Warning: Failed to load 'Material bauteile_3.bauteile.phong73_Dup': Failed to find object 'Material bauteile_3.bauteile.phong73_Dup'
[23568.64] Warning: Failed to load 'Material bauteile_3.bauteile.phong74_Dup': Failed to find object 'Material bauteile_3.bauteile.phong74_Dup'
[23568.64] Warning: Failed to load 'Material bauteile_3.bauteile.phong75_Dup': Failed to find object 'Material bauteile_3.bauteile.phong75_Dup'
[23568.64] Warning: Failed to load 'Material bauteile_3.bauteile.phong76_Dup': Failed to find object 'Material bauteile_3.bauteile.phong76_Dup'
[23568.64] Warning: Failed to load 'Material bauteile_3.bauteile.phong77_Dup': Failed to find object 'Material bauteile_3.bauteile.phong77_Dup'
[23568.64] Warning: Failed to load 'Material bauteile_3.bauteile.phong78_Dup': Failed to find object 'Material bauteile_3.bauteile.phong78_Dup'
[23568.64] Warning: Failed to load 'Material bauteile_3.bauteile.phong79_Dup': Failed to find object 'Material bauteile_3.bauteile.phong79_Dup'
[23568.65] Warning: Failed to load 'Material bauteile_3.bauteile.phong80_Dup': Failed to find object 'Material bauteile_3.bauteile.phong80_Dup'
[23568.65] Warning: Failed to load 'Material bauteile_3.bauteile.phong81_Dup': Failed to find object 'Material bauteile_3.bauteile.phong81_Dup'
[23568.65] Warning: Failed to load 'Material bauteile_3.bauteile.phong82_Dup': Failed to find object 'Material bauteile_3.bauteile.phong82_Dup'
[23568.65] Warning: Failed to load 'Material bauteile_3.bauteile.phong83_Dup': Failed to find object 'Material bauteile_3.bauteile.phong83_Dup'
[23568.65] Warning: Failed to load 'Material bauteile_3.bauteile.phong84_Dup': Failed to find object 'Material bauteile_3.bauteile.phong84_Dup'
[23568.65] Warning: Failed to load 'Material bauteile_3.bauteile.phong85_Dup': Failed to find object 'Material bauteile_3.bauteile.phong85_Dup'
[23568.65] Warning: Failed to load 'Material bauteile_3.bauteile.phong86_Dup': Failed to find object 'Material bauteile_3.bauteile.phong86_Dup'
[23568.65] Warning: Failed to load 'Material bauteile_3.bauteile.phong87_Dup': Failed to find object 'Material bauteile_3.bauteile.phong87_Dup'
[23568.65] Warning: Failed to load 'Material bauteile_3.bauteile.phong88_Dup': Failed to find object 'Material bauteile_3.bauteile.phong88_Dup'
[23568.65] Warning: Failed to load 'Material bauteile_3.bauteile.phong89_Dup': Failed to find object 'Material bauteile_3.bauteile.phong89_Dup'
[23568.65] Warning: Failed to load 'Material bauteile_3.bauteile.phong90_Dup': Failed to find object 'Material bauteile_3.bauteile.phong90_Dup'
[23568.65] Warning: Failed to load 'Material bauteile_3.bauteile.phong91_Dup': Failed to find object 'Material bauteile_3.bauteile.phong91_Dup'
[23568.65] Warning: Failed to load 'Material bauteile_3.bauteile.phong92_Dup': Failed to find object 'Material bauteile_3.bauteile.phong92_Dup'
[23568.65] Warning: Failed to load 'Material bauteile_3.bauteile.phong93_Dup': Failed to find object 'Material bauteile_3.bauteile.phong93_Dup'
[23568.65] Warning: Failed to load 'Material bauteile_3.bauteile.phong94_Dup': Failed to find object 'Material bauteile_3.bauteile.phong94_Dup'
[23568.65] Warning: Failed to load 'Material bauteile_3.bauteile.phong95_Dup': Failed to find object 'Material bauteile_3.bauteile.phong95_Dup'
[23568.65] Warning: Failed to load 'Material bauteile_3.bauteile.phong96_Dup': Failed to find object 'Material bauteile_3.bauteile.phong96_Dup'
[23568.65] Warning: Failed to load 'Material bauteile_3.bauteile.phong97_Dup': Failed to find object 'Material bauteile_3.bauteile.phong97_Dup'
[23568.66] Warning: Failed to load 'Material bauteile_3.bauteile.phong98_Dup': Failed to find object 'Material bauteile_3.bauteile.phong98_Dup'
[23568.66] Warning: Failed to load 'Material bauteile_3.bauteile.phong99_Dup': Failed to find object 'Material bauteile_3.bauteile.phong99_Dup'
[23568.66] Warning: Failed to load 'StaticMesh bauteile_3.bauteile.roehren': Failed to find object 'StaticMesh bauteile_3.bauteile.roehren'
[23568.66] Warning: Failed to load 'StaticMesh bauteile_3.bauteile.roehrenmotor': Failed to find object 'StaticMesh bauteile_3.bauteile.roehrenmotor'
[23568.66] Warning: Failed to load 'Material bauteile_3.bauteile.Stahl-innereien_Dup_Dup_Dup_Dup_Dup': Failed to find object 'Material bauteile_3.bauteile.Stahl-innereien_Dup_Dup_Dup_Dup_Dup'
[23568.66] Warning: Failed to load 'Material bauteile_3.bauteile.Stahl-innereien_Dup_Dup_Dup_Dup_Dup_Dup': Failed to find object 'Material bauteile_3.bauteile.Stahl-innereien_Dup_Dup_Dup_Dup_Dup_Dup'
[23568.66] Warning: Failed to load 'Material bauteile_3.bauteile.steel_polished_Dup_Dup': Failed to find object 'Material bauteile_3.bauteile.steel_polished_Dup_Dup'
[23568.66] Warning: Failed to load 'Material bauteile_3.bauteile.steel_polished_Dup_Dup_Dup': Failed to find object 'Material bauteile_3.bauteile.steel_polished_Dup_Dup_Dup'
[23568.67] Warning: Failed to load 'Material bauteile_3.bauteile.Steel-2_Dup_Dup_Dup_Dup_Dup': Failed to find object 'Material bauteile_3.bauteile.Steel-2_Dup_Dup_Dup_Dup_Dup'
[23568.67] Warning: Failed to load 'Material bauteile_3.bauteile.Steel-2_Dup_Dup_Dup_Dup_Dup_Dup': Failed to find object 'Material bauteile_3.bauteile.Steel-2_Dup_Dup_Dup_Dup_Dup_Dup'
[23568.67] Warning: Failed to load 'Material bauteile_3.bauteile.Steel-2_Dup_Dup_Dup_Dup_Dup_Dup_Dup': Failed to find object 'Material bauteile_3.bauteile.Steel-2_Dup_Dup_Dup_Dup_Dup_Dup_Dup'
[23576.43] Warning: Failed to load 'StaticMesh bauteile_3.bauteile.motor': Failed to find object 'StaticMesh bauteile_3.bauteile.motor'
[23576.58] Warning: Failed to load 'StaticMesh bauteile_3.bauteile.motorabdeckung': Failed to find object 'StaticMesh bauteile_3.bauteile.motorabdeckung'
[23576.81] Warning: Failed to load 'Material bauteile_3.bauteile.Motorabdeckung__Metallplatte_jpg_001_Dup': Failed to find object 'Material bauteile_3.bauteile.Motorabdeckung__Metallplatte_jpg_001_Dup'
[23577.04] Warning: Failed to load 'StaticMesh bauteile_3.bauteile.motorkaesten': Failed to find object 'StaticMesh bauteile_3.bauteile.motorkaesten'
[23577.29] Warning: Failed to load 'StaticMesh bauteile_3.bauteile.motorpropeller': Failed to find object 'StaticMesh bauteile_3.bauteile.motorpropeller'
[23577.46] Warning: Failed to load 'StaticMesh bauteile_3.bauteile.obersieb': Failed to find object 'StaticMesh bauteile_3.bauteile.obersieb'
[23577.70] Warning: Failed to load 'Material bauteile_3.bauteile.phong100_Dup': Failed to find object 'Material bauteile_3.bauteile.phong100_Dup'
[23577.94] Warning: Failed to load 'Material bauteile_3.bauteile.phong101_Dup': Failed to find object 'Material bauteile_3.bauteile.phong101_Dup'
[23578.17] Warning: Failed to load 'Material bauteile_3.bauteile.phong4_Dup': Failed to find object 'Material bauteile_3.bauteile.phong4_Dup'
[23578.44] Warning: Failed to load 'Material bauteile_3.bauteile.phong51_Dup': Failed to find object 'Material bauteile_3.bauteile.phong51_Dup'
[23578.68] Warning: Failed to load 'Material bauteile_3.bauteile.phong52_Dup': Failed to find object 'Material bauteile_3.bauteile.phong52_Dup'
[23578.92] Warning: Failed to load 'Material bauteile_3.bauteile.phong53_Dup': Failed to find object 'Material bauteile_3.bauteile.phong53_Dup'
[23579.14] Warning: Failed to load 'Material bauteile_3.bauteile.phong54_Dup': Failed to find object 'Material bauteile_3.bauteile.phong54_Dup'
[23579.39] Warning: Failed to load 'Material bauteile_3.bauteile.phong55_Dup': Failed to find object 'Material bauteile_3.bauteile.phong55_Dup'
[23579.64] Warning: Failed to load 'Material bauteile_3.bauteile.phong56_Dup': Failed to find object 'Material bauteile_3.bauteile.phong56_Dup'
[23579.88] Warning: Failed to load 'Material bauteile_3.bauteile.phong57_Dup': Failed to find object 'Material bauteile_3.bauteile.phong57_Dup'
[23580.12] Warning: Failed to load 'Material bauteile_3.bauteile.phong58_Dup': Failed to find object 'Material bauteile_3.bauteile.phong58_Dup'
[23580.36] Warning: Failed to load 'Material bauteile_3.bauteile.phong59_Dup': Failed to find object 'Material bauteile_3.bauteile.phong59_Dup'
[23580.60] Warning: Failed to load 'Material bauteile_3.bauteile.phong60_Dup': Failed to find object 'Material bauteile_3.bauteile.phong60_Dup'
[23580.83] Warning: Failed to load 'Material bauteile_3.bauteile.phong61_Dup': Failed to find object 'Material bauteile_3.bauteile.phong61_Dup'
[23581.06] Warning: Failed to load 'Material bauteile_3.bauteile.phong62_Dup': Failed to find object 'Material bauteile_3.bauteile.phong62_Dup'
[23581.29] Warning: Failed to load 'Material bauteile_3.bauteile.phong63_Dup': Failed to find object 'Material bauteile_3.bauteile.phong63_Dup'
[23581.54] Warning: Failed to load 'Material bauteile_3.bauteile.phong64_Dup': Failed to find object 'Material bauteile_3.bauteile.phong64_Dup'
[23581.79] Warning: Failed to load 'Material bauteile_3.bauteile.phong65_Dup': Failed to find object 'Material bauteile_3.bauteile.phong65_Dup'
[23582.04] Warning: Failed to load 'Material bauteile_3.bauteile.phong66_Dup': Failed to find object 'Material bauteile_3.bauteile.phong66_Dup'
[23582.28] Warning: Failed to load 'Material bauteile_3.bauteile.phong67_Dup': Failed to find object 'Material bauteile_3.bauteile.phong67_Dup'
[23582.53] Warning: Failed to load 'Material bauteile_3.bauteile.phong68_Dup': Failed to find object 'Material bauteile_3.bauteile.phong68_Dup'
[23582.78] Warning: Failed to load 'Material bauteile_3.bauteile.phong69_Dup': Failed to find object 'Material bauteile_3.bauteile.phong69_Dup'
[23582.80] Warning: Failed to load 'Material bauteile_3.bauteile.phong70_Dup': Failed to find object 'Material bauteile_3.bauteile.phong70_Dup'
[23582.80] Warning: Failed to load 'Material bauteile_3.bauteile.phong71_Dup': Failed to find object 'Material bauteile_3.bauteile.phong71_Dup'
[23582.80] Warning: Failed to load 'Material bauteile_3.bauteile.phong72_Dup': Failed to find object 'Material bauteile_3.bauteile.phong72_Dup'
[23582.80] Warning: Failed to load 'Material bauteile_3.bauteile.phong73_Dup': Failed to find object 'Material bauteile_3.bauteile.phong73_Dup'
[23582.80] Warning: Failed to load 'Material bauteile_3.bauteile.phong74_Dup': Failed to find object 'Material bauteile_3.bauteile.phong74_Dup'
[23582.80] Warning: Failed to load 'Material bauteile_3.bauteile.phong75_Dup': Failed to find object 'Material bauteile_3.bauteile.phong75_Dup'
[23582.80] Warning: Failed to load 'Material bauteile_3.bauteile.phong76_Dup': Failed to find object 'Material bauteile_3.bauteile.phong76_Dup'
[23582.80] Warning: Failed to load 'Material bauteile_3.bauteile.phong77_Dup': Failed to find object 'Material bauteile_3.bauteile.phong77_Dup'
[23582.80] Warning: Failed to load 'Material bauteile_3.bauteile.phong78_Dup': Failed to find object 'Material bauteile_3.bauteile.phong78_Dup'
[23582.81] Warning: Failed to load 'Material bauteile_3.bauteile.phong79_Dup': Failed to find object 'Material bauteile_3.bauteile.phong79_Dup'
[23582.81] Warning: Failed to load 'Material bauteile_3.bauteile.phong80_Dup': Failed to find object 'Material bauteile_3.bauteile.phong80_Dup'
[23582.81] Warning: Failed to load 'Material bauteile_3.bauteile.phong81_Dup': Failed to find object 'Material bauteile_3.bauteile.phong81_Dup'
[23582.81] Warning: Failed to load 'Material bauteile_3.bauteile.phong82_Dup': Failed to find object 'Material bauteile_3.bauteile.phong82_Dup'
[23582.81] Warning: Failed to load 'Material bauteile_3.bauteile.phong83_Dup': Failed to find object 'Material bauteile_3.bauteile.phong83_Dup'
[23582.81] Warning: Failed to load 'Material bauteile_3.bauteile.phong84_Dup': Failed to find object 'Material bauteile_3.bauteile.phong84_Dup'
[23582.81] Warning: Failed to load 'Material bauteile_3.bauteile.phong85_Dup': Failed to find object 'Material bauteile_3.bauteile.phong85_Dup'
[23582.81] Warning: Failed to load 'Material bauteile_3.bauteile.phong86_Dup': Failed to find object 'Material bauteile_3.bauteile.phong86_Dup'
[23582.81] Warning: Failed to load 'Material bauteile_3.bauteile.phong87_Dup': Failed to find object 'Material bauteile_3.bauteile.phong87_Dup'
[23582.81] Warning: Failed to load 'Material bauteile_3.bauteile.phong88_Dup': Failed to find object 'Material bauteile_3.bauteile.phong88_Dup'
[23582.81] Warning: Failed to load 'Material bauteile_3.bauteile.phong89_Dup': Failed to find object 'Material bauteile_3.bauteile.phong89_Dup'
[23582.81] Warning: Failed to load 'Material bauteile_3.bauteile.phong90_Dup': Failed to find object 'Material bauteile_3.bauteile.phong90_Dup'
[23582.81] Warning: Failed to load 'Material bauteile_3.bauteile.phong91_Dup': Failed to find object 'Material bauteile_3.bauteile.phong91_Dup'
[23582.81] Warning: Failed to load 'Material bauteile_3.bauteile.phong92_Dup': Failed to find object 'Material bauteile_3.bauteile.phong92_Dup'
[23582.82] Warning: Failed to load 'Material bauteile_3.bauteile.phong93_Dup': Failed to find object 'Material bauteile_3.bauteile.phong93_Dup'
[23582.82] Warning: Failed to load 'Material bauteile_3.bauteile.phong94_Dup': Failed to find object 'Material bauteile_3.bauteile.phong94_Dup'
[23582.82] Warning: Failed to load 'Material bauteile_3.bauteile.phong95_Dup': Failed to find object 'Material bauteile_3.bauteile.phong95_Dup'
[23582.82] Warning: Failed to load 'Material bauteile_3.bauteile.phong96_Dup': Failed to find object 'Material bauteile_3.bauteile.phong96_Dup'
[23582.82] Warning: Failed to load 'Material bauteile_3.bauteile.phong97_Dup': Failed to find object 'Material bauteile_3.bauteile.phong97_Dup'
[23582.82] Warning: Failed to load 'Material bauteile_3.bauteile.phong98_Dup': Failed to find object 'Material bauteile_3.bauteile.phong98_Dup'
[23582.82] Warning: Failed to load 'Material bauteile_3.bauteile.phong99_Dup': Failed to find object 'Material bauteile_3.bauteile.phong99_Dup'
[23582.82] Warning: Failed to load 'StaticMesh bauteile_3.bauteile.roehren': Failed to find object 'StaticMesh bauteile_3.bauteile.roehren'
[23582.82] Warning: Failed to load 'StaticMesh bauteile_3.bauteile.roehrenmotor': Failed to find object 'StaticMesh bauteile_3.bauteile.roehrenmotor'
[23582.82] Warning: Failed to load 'Material bauteile_3.bauteile.Stahl-innereien_Dup_Dup_Dup_Dup_Dup': Failed to find object 'Material bauteile_3.bauteile.Stahl-innereien_Dup_Dup_Dup_Dup_Dup'
[23582.82] Warning: Failed to load 'Material bauteile_3.bauteile.Stahl-innereien_Dup_Dup_Dup_Dup_Dup_Dup': Failed to find object 'Material bauteile_3.bauteile.Stahl-innereien_Dup_Dup_Dup_Dup_Dup_Dup'
[23582.82] Warning: Failed to load 'Material bauteile_3.bauteile.steel_polished_Dup_Dup': Failed to find object 'Material bauteile_3.bauteile.steel_polished_Dup_Dup'
[23582.82] Warning: Failed to load 'Material bauteile_3.bauteile.steel_polished_Dup_Dup_Dup': Failed to find object 'Material bauteile_3.bauteile.steel_polished_Dup_Dup_Dup'
[23583.05] Warning: Failed to load 'Material bauteile_3.bauteile.Steel-2_Dup_Dup_Dup_Dup_Dup': Failed to find object 'Material bauteile_3.bauteile.Steel-2_Dup_Dup_Dup_Dup_Dup'
[23583.28] Warning: Failed to load 'Material bauteile_3.bauteile.Steel-2_Dup_Dup_Dup_Dup_Dup_Dup': Failed to find object 'Material bauteile_3.bauteile.Steel-2_Dup_Dup_Dup_Dup_Dup_Dup'
[23583.51] Warning: Failed to load 'Material bauteile_3.bauteile.Steel-2_Dup_Dup_Dup_Dup_Dup_Dup_Dup': Failed to find object 'Material bauteile_3.bauteile.Steel-2_Dup_Dup_Dup_Dup_Dup_Dup_Dup'
[23603.83] Exit: Preparing to exit.
[23604.02] Exit: Editor shut down
[23604.02] Exit: Transaction tracking system shut down
[23604.13] Exit: Windows client shut down
[23604.13] Exit: XAudio2 Device shut down.
[23604.19] Exit: Object subsystem successfully closed.
[23604.20] Log: Shutting down FaceFX...
[23604.20] Log: FaceFX shutdown.
[23604.24] Exit: Exiting.
[23604.24] Log: Log file closed, 06/17/14 19:01:49
