Log: Log file open, 06/17/14 12:05:15
Init: WinSock: version 1.1 (2.2), MaxSocks=32767, MaxUdp=65467
DevConfig: GConfig::Find has loaded file:  ..\..\Engine\Config\ConsoleVariables.ini
Init: Version: 12097
Init: Epic Internal: 0
Init: Compiled (64-bit): Feb 17 2014 13:34:55
Init: Changelist: 1999891
Init: Command line: editor 
Init: Base directory: C:\UDK\UDK-2014-02\Binaries\Win64\
[0000.50] Init: Computer: NATALIE-PC
[0000.50] Init: User: Natalie
[0000.50] Init: CPU Page size=4096, Processors=6
[0000.50] Init: High frequency timer resolution =14.318180 MHz
[0000.50] Init: Memory total: Physical=8.0GB (8GB approx) Pagefile=16.0GB Virtual=8192.0GB
[0000.50] Log: Steam Client API Disabled!
[0000.52] Init: WinSock: I am Natalie-PC (192.168.0.180:0)
[0000.52] Init: Presizing for 0 objects not considered by GC, pre-allocating 0 bytes.
[0000.52] Init: Object subsystem initialized
[0000.53] Warning: Warning, Unknown language extension DEU. Defaulting to INT
[0000.54] Log: SystemSettings based on: SystemSettings
[0000.55] Log: Found D3D11 adapter 0: ATI Radeon HD 5700 Series
[0000.55] Log: Adapter has 1012MB of dedicated video memory, 0MB of dedicated system memory, and 3839MB of shared system memory
[0000.56] Log: Shader platform (RHI): PC-D3D-SM3
[0000.72] Log: PhysX GPU Support: DISABLED
[0000.72] Init: Initializing FaceFX...
[0000.72] Init: FaceFX 1.7.4 initialized.
[0003.69] Init: Finished loading startup packages in 2.82 seconds
[0003.70] Log: 85667 objects as part of root set at end of initial load.
[0003.70] Log: 0 out of 0 bytes used by permanent object pool.
[0004.43] Log: Supported Consoles:
[0004.43] Log:   IPhone
[0004.43] Log:   Mac
[0004.43] Log:   PC
[0004.43] Log: Initializing Engine...
[0004.56] Log: Encountered missing default brush - spawning new one
[0004.56] Init: UEngine initialized
[0004.56] Log: Primary PhysX scene will be in software.
[0004.56] Log: Creating Primary PhysX Scene.
[0004.57] Init: Transaction tracking system initialized
[0004.66] Log: Can't find edit package 'OnlineSubsystemGameSpy'
[0004.66] Log: Can't find edit package 'OnlineSubsystemLive'
[0005.40] Init: XAudio2 using 'Lautsprecher (VIA High Definition Audio)' : 2 channels at 48 kHz using 32 bits per sample (channel mask 0x3)
[0005.46] Init: XAudio2Device initialized.
[0005.52] Init: Client initialized
[0005.52] Init: Editor engine initialized
[0005.65] Log: Initializing Engine Completed
[0005.65] Log: >>>>>>>>>>>>>> Initial startup: 5.65s <<<<<<<<<<<<<<<
[0005.74] Cmd: MODE MAPEXT=udk
[0005.87] SourceControl: Source Control disabled in UDKEditorUserSettings.ini.  [SourceControl] has Disabled=True
[0008.51] Log: The hooked GetPenEventMultiple() method was called; events are being ignored.
[0008.51] Log: Found D3D11 adapter 0: ATI Radeon HD 5700 Series
[0008.51] Log: Adapter has 1012MB of dedicated video memory, 0MB of dedicated system memory, and 3839MB of shared system memory
[0010.64] Cmd: MAP LOAD FILE="..\..\Engine\Content\Maps\Templates\Template_MidDay.umap" TEMPLATE=0
[0010.89] Log: Encountered missing default brush - spawning new one
[0011.29] Log: New File, Existing Package (Package Untitled_2, Package template_midday)
[0011.43] Log: -- Checking Building LODs
[0011.45] Log: Primary PhysX scene will be in software.
[0011.45] Log: Creating Primary PhysX Scene.
[0011.46] Log: Finished looking for orphan Actors (0.009 secs)
[0011.47] Cmd: MAP CHECKDEP DONTCLEARMESSAGES DONTDOSLOWREFCHECK
[0011.48] Log: TIMER ALL OF INIT : [10.747234]
[0044.14] Log: Building adjacency information for static mesh 'Maehdrescher.Auspuff_neu'.
[0044.15] Log: Building adjacency information for static mesh 'Maehdrescher.baender_links'.
[0044.21] Log: Building adjacency information for static mesh 'Maehdrescher.baender_motor_rechts'.
[0044.28] Log: Building adjacency information for static mesh 'Maehdrescher.bauteile.Auspuff_neu'.
[0044.28] Log: Building adjacency information for static mesh 'Maehdrescher.bauteile.baender_links'.
[0044.34] Log: Building adjacency information for static mesh 'Maehdrescher.bauteile.baender_motor_rechts'.
[0044.40] Log: Building adjacency information for static mesh 'Maehdrescher.bauteile.Behaelter-neben-Maehdrescher'.
[0044.41] Log: Building adjacency information for static mesh 'Maehdrescher.bauteile.dreschkorb'.
[0044.56] Log: Building adjacency information for static mesh 'Maehdrescher.bauteile.dreschtrommel'.
[0044.57] Log: Building adjacency information for static mesh 'Maehdrescher.bauteile.foedertrommel_vor_dreschtrommel'.
[0044.57] Log: Building adjacency information for static mesh 'Maehdrescher.bauteile.geblaese'.
[0044.58] Log: Building adjacency information for static mesh 'Maehdrescher.bauteile.geblaeseroehre_und_boden'.
[0044.58] Log: Building adjacency information for static mesh 'Maehdrescher.bauteile.hordenschuettler'.
[0044.60] Log: Building adjacency information for static mesh 'Maehdrescher.bauteile.hordenschuettler_Auffangblech'.
[0044.60] Log: Building adjacency information for static mesh 'Maehdrescher.bauteile.kleines_Band_rechts'.
[0044.62] Log: Building adjacency information for static mesh 'Maehdrescher.bauteile.kornschnecke'.
[0044.63] Log: Building adjacency information for static mesh 'Maehdrescher.bauteile.korntank_inneres'.
[0044.63] Log: Building adjacency information for static mesh 'Maehdrescher.bauteile.korntankfoerderer'.
[0044.64] Log: Building adjacency information for static mesh 'Maehdrescher.bauteile.mittelroehre_inneres'.
[0044.65] Log: Building adjacency information for static mesh 'Maehdrescher.bauteile.motor'.
[0044.94] Log: Building adjacency information for static mesh 'Maehdrescher.bauteile.motorabdeckung'.
[0044.94] Log: Building adjacency information for static mesh 'Maehdrescher.bauteile.motorkaesten'.
[0044.96] Log: Building adjacency information for static mesh 'Maehdrescher.bauteile.motorpropeller'.
[0044.96] Log: Building adjacency information for static mesh 'Maehdrescher.bauteile.obersieb'.
[0044.96] Log: Building adjacency information for static mesh 'Maehdrescher.bauteile.roehren'.
[0045.00] Log: Building adjacency information for static mesh 'Maehdrescher.bauteile.roehrenmotor'.
[0045.00] Log: Building adjacency information for static mesh 'Maehdrescher.bauteile.roehrensieb'.
[0045.12] Log: Building adjacency information for static mesh 'Maehdrescher.bauteile.seitenroehren_inneres'.
[0045.13] Log: Building adjacency information for static mesh 'Maehdrescher.bauteile.stangen_rechts'.
[0045.14] Log: Building adjacency information for static mesh 'Maehdrescher.bauteile.ueberkehrschnecke_aussen'.
[0045.14] Log: Building adjacency information for static mesh 'Maehdrescher.bauteile.ueberkehrschnecke_innen'.
[0045.16] Log: Building adjacency information for static mesh 'Maehdrescher.bauteile.untersieb'.
[0045.16] Log: Building adjacency information for static mesh 'Maehdrescher.bauteile.vorbereitungsboden'.
[0045.16] Log: Building adjacency information for static mesh 'Maehdrescher.bauteile.wendetrommel_aussen'.
[0045.17] Log: Building adjacency information for static mesh 'Maehdrescher.bauteile.wendetrommel_innen'.
[0045.18] Log: Building adjacency information for static mesh 'Maehdrescher.Behaelter-neben-Maehdrescher'.
[0045.19] Log: Building adjacency information for static mesh 'Maehdrescher.dreschkorb'.
[0045.33] Log: Building adjacency information for static mesh 'Maehdrescher.dreschtrommel'.
[0045.34] Log: Building adjacency information for static mesh 'Maehdrescher.foedertrommel_vor_dreschtrommel'.
[0045.34] Log: Building adjacency information for static mesh 'Maehdrescher.geblaese'.
[0045.35] Log: Building adjacency information for static mesh 'Maehdrescher.geblaeseroehre_und_boden'.
[0045.35] Log: Building adjacency information for static mesh 'Maehdrescher.hordenschuettler'.
[0045.37] Log: Building adjacency information for static mesh 'Maehdrescher.hordenschuettler_Auffangblech'.
[0045.37] Log: Building adjacency information for static mesh 'Maehdrescher.kleines_Band_rechts'.
[0045.39] Log: Building adjacency information for static mesh 'Maehdrescher.kornschnecke'.
[0045.40] Log: Building adjacency information for static mesh 'Maehdrescher.korntank_inneres'.
[0045.40] Log: Building adjacency information for static mesh 'Maehdrescher.korntankfoerderer'.
[0045.41] Log: Building adjacency information for static mesh 'Maehdrescher.mittelroehre_inneres'.
[0045.42] Log: Building adjacency information for static mesh 'Maehdrescher.motor'.
[0045.69] Log: Building adjacency information for static mesh 'Maehdrescher.motorabdeckung'.
[0045.69] Log: Building adjacency information for static mesh 'Maehdrescher.motorkaesten'.
[0045.71] Log: Building adjacency information for static mesh 'Maehdrescher.motorpropeller'.
[0045.71] Log: Building adjacency information for static mesh 'Maehdrescher.obersieb'.
[0045.71] Log: Building adjacency information for static mesh 'Maehdrescher.roehren'.
[0045.75] Log: Building adjacency information for static mesh 'Maehdrescher.roehrenmotor'.
[0045.75] Log: Building adjacency information for static mesh 'Maehdrescher.roehrensieb'.
[0045.87] Log: Building adjacency information for static mesh 'Maehdrescher.seitenroehren_inneres'.
[0045.88] Log: Building adjacency information for static mesh 'Maehdrescher.stangen_rechts'.
[0045.89] Log: Building adjacency information for static mesh 'Maehdrescher.ueberkehrschnecke_aussen'.
[0045.89] Log: Building adjacency information for static mesh 'Maehdrescher.ueberkehrschnecke_innen'.
[0045.91] Log: Building adjacency information for static mesh 'Maehdrescher.untersieb'.
[0045.91] Log: Building adjacency information for static mesh 'Maehdrescher.vorbereitungsboden'.
[0045.91] Log: Building adjacency information for static mesh 'Maehdrescher.wendetrommel_aussen'.
[0045.92] Log: Building adjacency information for static mesh 'Maehdrescher.wendetrommel_innen'.
[0046.02] Log: saving as ..\..\UDKGame\Content\maher\Maehdrescher.upk
[0046.05] Log: OBJ SavePackage: Generating thumbnails for [209] asset(s) in package [Maehdrescher] ([309] browsable assets)...
[0046.08] Log: OBJ SavePackage:     Rendered thumbnail for [Material Maehdrescher.Materials.Maehdrescher2_Stahl_innereien_002]
[0046.09] Log: OBJ SavePackage:     Rendered thumbnail for [Material Maehdrescher.Materials.Maehdrescher2_Stahl_innereien_004]
[0046.09] Log: OBJ SavePackage:     Rendered thumbnail for [Material Maehdrescher.Materials.Maehdrescher2_Stahl_innereien_006]
[0046.10] Log: OBJ SavePackage:     Rendered thumbnail for [Material Maehdrescher.Materials.Maehdrescher2_Lack_Grau_015]
[0046.11] Log: OBJ SavePackage:     Rendered thumbnail for [Material Maehdrescher.Materials.Maehdrescher2_Lack_Grau_017]
[0046.11] Log: OBJ SavePackage:     Rendered thumbnail for [Material Maehdrescher.Materials.Maehdrescher2_Lack_Grau_019]
[0046.12] Log: OBJ SavePackage:     Rendered thumbnail for [Material Maehdrescher.Materials.Maehdrescher2_Rubber_bright_006]
[0046.12] Log: OBJ SavePackage:     Rendered thumbnail for [Material Maehdrescher.Materials.Maehdrescher2_Lack_weiss_2_0010]
[0046.13] Log: OBJ SavePackage:     Rendered thumbnail for [Material Maehdrescher.Materials.Maehdrescher2_null_1]
[0046.13] Log: OBJ SavePackage:     Rendered thumbnail for [Material Maehdrescher.Materials.Maehdrescher2_Steel_2_008]
[0046.14] Log: OBJ SavePackage:     Rendered thumbnail for [Material Maehdrescher.Materials.Maehdrescher2_Steel_2_0010]
[0046.15] Log: OBJ SavePackage:     Rendered thumbnail for [Material Maehdrescher.Materials.Maehdrescher2_Auspuff_004]
[0046.15] Log: OBJ SavePackage:     Rendered thumbnail for [Material Maehdrescher.Materials.Maehdrescher2_Steel_2_006]
[0046.16] Log: OBJ SavePackage:     Rendered thumbnail for [Material Maehdrescher.Materials.Maehdrescher2_steel_polished_006]
[0046.16] Log: OBJ SavePackage:     Rendered thumbnail for [Material Maehdrescher.Materials.Maehdrescher2_steel_polished_0014]
[0046.17] Log: OBJ SavePackage:     Rendered thumbnail for [Material Maehdrescher.Materials.Maehdrescher2_Stahl_innereien_015]
[0046.17] Log: OBJ SavePackage:     Rendered thumbnail for [Material Maehdrescher.Materials.Maehdrescher2_Stahl_innereien_017]
[0046.18] Log: OBJ SavePackage:     Rendered thumbnail for [Material Maehdrescher.Materials.Maehdrescher2_Stahl_innereien_019]
[0046.18] Log: OBJ SavePackage:     Rendered thumbnail for [Material Maehdrescher.Materials.Maehdrescher2_Stahl_innereien_021]
[0046.19] Log: OBJ SavePackage:     Rendered thumbnail for [Material Maehdrescher.Materials.Maehdrescher2_Lack_weiss_004]
[0046.20] Log: OBJ SavePackage:     Rendered thumbnail for [Material Maehdrescher.Materials.Maehdrescher2_Stahl_innereien_023]
[0046.20] Log: OBJ SavePackage:     Rendered thumbnail for [Material Maehdrescher.Materials.Maehdrescher2_Motorabdeckung_001_Metallplatte_jpg_002]
[0046.21] Log: OBJ SavePackage:     Rendered thumbnail for [Material Maehdrescher.Materials.Maehdrescher2_Lack_schwarz_0014]
[0046.21] Log: OBJ SavePackage:     Rendered thumbnail for [Material Maehdrescher.Materials.Maehdrescher2_Lack_schwarz_019]
[0046.22] Log: OBJ SavePackage:     Rendered thumbnail for [Material Maehdrescher.Materials.Maehdrescher2_Lack_Grau_ScheinW_001_Plastic_jpg1]
[0046.23] Log: OBJ SavePackage:     Rendered thumbnail for [Material Maehdrescher.Materials.Maehdrescher2_RückleuchteTex_001_RÒ_cklicht_jpg1]
[0046.23] Log: OBJ SavePackage:     Rendered thumbnail for [Material Maehdrescher.Materials.Maehdrescher2_Lack_weiss_2_TUD_001_TUD_Logo_TestGrid1]
[0046.24] Log: OBJ SavePackage:     Rendered thumbnail for [Material Maehdrescher.Materials.Maehdrescher2_Lack_schwarz_002]
[0046.24] Log: OBJ SavePackage:     Rendered thumbnail for [Material Maehdrescher.Materials.Maehdrescher2_Lack_Grau_013]
[0046.25] Log: OBJ SavePackage:     Rendered thumbnail for [Material Maehdrescher.Materials.Maehdrescher2_Lack_weiss_2_0012]
[0046.25] Log: OBJ SavePackage:     Rendered thumbnail for [Material Maehdrescher.Materials.Maehdrescher2_Lack_weiss_2_0014]
[0046.26] Log: OBJ SavePackage:     Rendered thumbnail for [Material Maehdrescher.Materials.Maehdrescher2_Lack_Grau_031]
[0046.27] Log: OBJ SavePackage:     Rendered thumbnail for [Material Maehdrescher.Materials.Maehdrescher2_Lack_weiss_2_0018]
[0046.27] Log: OBJ SavePackage:     Rendered thumbnail for [Material Maehdrescher.Materials.Maehdrescher2_Lack_Grau_037]
[0046.28] Log: OBJ SavePackage:     Rendered thumbnail for [Material Maehdrescher.Materials.Maehdrescher2_Leuchte_orange_004]
[0046.29] Log: OBJ SavePackage:     Rendered thumbnail for [Material Maehdrescher.Materials.Maehdrescher2_Lack_weiss_002]
[0046.29] Log: OBJ SavePackage:     Rendered thumbnail for [Material Maehdrescher.Materials.Maehdrescher2_Material_0010]
[0046.30] Log: OBJ SavePackage:     Rendered thumbnail for [Material Maehdrescher.Materials.Maehdrescher2_Lack_schwarz_0016]
[0046.30] Log: OBJ SavePackage:     Rendered thumbnail for [Material Maehdrescher.Materials.Maehdrescher2_Lack_weiss_2_011]
[0046.31] Log: OBJ SavePackage:     Rendered thumbnail for [Material Maehdrescher.Materials.Maehdrescher2_Rückleuchte_001_Rücklicht_jpg1]
[0046.31] Log: OBJ SavePackage:     Rendered thumbnail for [Material Maehdrescher.Materials.Maehdrescher2_Lack_Grau_051]
[0046.32] Log: OBJ SavePackage:     Rendered thumbnail for [Material Maehdrescher.Materials.Maehdrescher2_Lack_Grau_053]
[0046.33] Log: OBJ SavePackage:     Rendered thumbnail for [Material Maehdrescher.Materials.Maehdrescher2_Lack_schwarz_023]
[0046.33] Log: OBJ SavePackage:     Rendered thumbnail for [Material Maehdrescher.Materials.Maehdrescher2_Steel_2_0014]
[0046.34] Log: OBJ SavePackage:     Rendered thumbnail for [Material Maehdrescher.Materials.Maehdrescher2_Steel_2_0018]
[0046.34] Log: OBJ SavePackage:     Rendered thumbnail for [Material Maehdrescher.Materials.Maehdrescher2_Lack_Grau_025]
[0046.35] Log: OBJ SavePackage:     Rendered thumbnail for [Material Maehdrescher.Materials.Maehdrescher2_Lack_Grau_039]
[0046.36] Log: OBJ SavePackage:     Rendered thumbnail for [Material Maehdrescher.Materials.Maehdrescher2_Lack_Grau_041]
[0046.36] Log: OBJ SavePackage:     Rendered thumbnail for [Material Maehdrescher.Materials.Maehdrescher2_Lack_Grau_043]
[0046.37] Log: OBJ SavePackage:     Rendered thumbnail for [Material Maehdrescher.Materials.Maehdrescher2_Lack_Grau_047]
[0046.37] Log: OBJ SavePackage:     Rendered thumbnail for [Material Maehdrescher.Materials.Maehdrescher2_Lack_Grau_049]
[0046.38] Log: OBJ SavePackage:     Rendered thumbnail for [Material Maehdrescher.Materials.Maehdrescher2_Lack_schwarz_004]
[0046.38] Log: OBJ SavePackage:     Rendered thumbnail for [Material Maehdrescher.Materials.Maehdrescher2_Rubber_002]
[0046.39] Log: OBJ SavePackage:     Rendered thumbnail for [Material Maehdrescher.Materials.Maehdrescher2_Radmuttern_002]
[0046.40] Log: OBJ SavePackage:     Rendered thumbnail for [Material Maehdrescher.Materials.Maehdrescher2_Lack_schwarz_006]
[0046.40] Log: OBJ SavePackage:     Rendered thumbnail for [Material Maehdrescher.Materials.Maehdrescher2_Steel_002]
[0046.41] Log: OBJ SavePackage:     Rendered thumbnail for [Material Maehdrescher.Materials.Maehdrescher2_Lack_schwarz_008]
[0046.41] Log: OBJ SavePackage:     Rendered thumbnail for [Material Maehdrescher.Materials.Maehdrescher2_Rubber_004]
[0046.42] Log: OBJ SavePackage:     Rendered thumbnail for [Material Maehdrescher.Materials.Maehdrescher2_Radmuttern_004]
[0046.43] Log: OBJ SavePackage:     Rendered thumbnail for [Material Maehdrescher.Materials.Maehdrescher2_Steel_004]
[0046.43] Log: OBJ SavePackage:     Rendered thumbnail for [Material Maehdrescher.Materials.Maehdrescher2_Lack_schwarz_0012]
[0046.44] Log: OBJ SavePackage:     Rendered thumbnail for [Material Maehdrescher.Materials.Maehdrescher2_Lack_Grau_011]
[0046.44] Log: OBJ SavePackage:     Rendered thumbnail for [Material Maehdrescher.Materials.Maehdrescher2_Lack_Grau_002]
[0046.45] Log: OBJ SavePackage:     Rendered thumbnail for [Material Maehdrescher.Materials.Maehdrescher2_Lack_Grau_ScheinW_Plastic_jpg1]
[0046.45] Log: OBJ SavePackage:     Rendered thumbnail for [Material Maehdrescher.Materials.Maehdrescher2_ScheinW_O_001_Plastic_jpg1]
[0046.46] Log: OBJ SavePackage:     Rendered thumbnail for [Material Maehdrescher.Materials.Maehdrescher2_ScheinW_O_002_Plastic_jpg1]
[0046.47] Log: OBJ SavePackage:     Rendered thumbnail for [Material Maehdrescher.Materials.Maehdrescher2_ScheinW_O_003_Plastic_jpg1]
[0046.47] Log: OBJ SavePackage:     Rendered thumbnail for [Material Maehdrescher.Materials.Maehdrescher2_ScheinW_O_004_Plastic_jpg1]
[0046.48] Log: OBJ SavePackage:     Rendered thumbnail for [Material Maehdrescher.Materials.Maehdrescher2_ScheinW_001_Plastic_jpg1]
[0046.48] Log: OBJ SavePackage:     Rendered thumbnail for [Material Maehdrescher.Materials.Maehdrescher2_Spiegel_001_Spiegel_jpg1]
[0046.49] Log: OBJ SavePackage:     Rendered thumbnail for [Material Maehdrescher.Materials.Maehdrescher2_Steel_2_004]
[0046.50] Log: OBJ SavePackage:     Rendered thumbnail for [Material Maehdrescher.Materials.Maehdrescher2_Rubber_bright_002]
[0046.50] Log: OBJ SavePackage:     Rendered thumbnail for [Material Maehdrescher.Materials.Maehdrescher2_Rubber_bright_004]
[0046.51] Log: OBJ SavePackage:     Rendered thumbnail for [Material Maehdrescher.Materials.Maehdrescher2_Lack_Grau_006]
[0046.51] Log: OBJ SavePackage:     Rendered thumbnail for [Material Maehdrescher.Materials.Maehdrescher2_Lack_Grau_008]
[0046.52] Log: OBJ SavePackage:     Rendered thumbnail for [Material Maehdrescher.Materials.Maehdrescher2_Lack_weiss_2_002]
[0046.53] Log: OBJ SavePackage:     Rendered thumbnail for [Material Maehdrescher.Materials.Maehdrescher2_Lack_weiss_2_004]
[0046.53] Log: OBJ SavePackage:     Rendered thumbnail for [Material Maehdrescher.Materials.Maehdrescher2_Lack_weiss_2_006]
[0046.54] Log: OBJ SavePackage:     Rendered thumbnail for [Material Maehdrescher.Materials.Maehdrescher2_Lack_weiss_2_008]
[0046.54] Log: OBJ SavePackage:     Rendered thumbnail for [Material Maehdrescher.Materials.Maehdrescher2_Material_004]
[0046.55] Log: OBJ SavePackage:     Rendered thumbnail for [Material Maehdrescher.Materials.Maehdrescher2_Lack_weiss_2_0016]
[0046.56] Log: OBJ SavePackage:     Rendered thumbnail for [Material Maehdrescher.Materials.Maehdrescher2_Lack_Grau_027]
[0046.56] Log: OBJ SavePackage:     Rendered thumbnail for [Material Maehdrescher.Materials.Maehdrescher2_Lack_Grau_035]
[0046.57] Log: OBJ SavePackage:     Rendered thumbnail for [Material Maehdrescher.Materials.Maehdrescher2_Leuchte_orange_002]
[0046.57] Log: OBJ SavePackage:     Rendered thumbnail for [Material Maehdrescher.Materials.Maehdrescher2_Lack_weiss_2_013]
[0046.58] Log: OBJ SavePackage:     Rendered thumbnail for [Material Maehdrescher.Materials.phong4]
[0046.59] Log: OBJ SavePackage:     Rendered thumbnail for [Material Maehdrescher.Materials.phong52]
[0046.59] Log: OBJ SavePackage:     Rendered thumbnail for [Material Maehdrescher.Materials.phong53]
[0046.60] Log: OBJ SavePackage:     Rendered thumbnail for [Material Maehdrescher.Materials.phong54]
[0046.60] Log: OBJ SavePackage:     Rendered thumbnail for [Material Maehdrescher.Materials.phong56]
[0046.61] Log: OBJ SavePackage:     Rendered thumbnail for [Material Maehdrescher.Materials.phong57]
[0046.61] Log: OBJ SavePackage:     Rendered thumbnail for [Material Maehdrescher.Materials.phong58]
[0046.62] Log: OBJ SavePackage:     Rendered thumbnail for [Material Maehdrescher.Materials.phong60]
[0046.63] Log: OBJ SavePackage:     Rendered thumbnail for [Material Maehdrescher.Materials.phong61]
[0046.63] Log: OBJ SavePackage:     Rendered thumbnail for [Material Maehdrescher.Materials.phong62]
[0046.64] Log: OBJ SavePackage:     Rendered thumbnail for [Material Maehdrescher.Materials.phong65]
[0046.64] Log: OBJ SavePackage:     Rendered thumbnail for [Material Maehdrescher.Materials.phong66]
[0046.65] Log: OBJ SavePackage:     Rendered thumbnail for [Material Maehdrescher.Materials.phong69]
[0046.66] Log: OBJ SavePackage:     Rendered thumbnail for [Material Maehdrescher.Materials.phong70]
[0046.66] Log: OBJ SavePackage:     Rendered thumbnail for [Material Maehdrescher.Materials.phong73]
[0046.67] Log: OBJ SavePackage:     Rendered thumbnail for [Material Maehdrescher.Materials.phong74]
[0046.67] Log: OBJ SavePackage:     Rendered thumbnail for [Material Maehdrescher.Materials.phong77]
[0046.68] Log: OBJ SavePackage:     Rendered thumbnail for [Material Maehdrescher.Materials.phong78]
[0046.69] Log: OBJ SavePackage:     Rendered thumbnail for [Material Maehdrescher.Materials.phong81]
[0046.69] Log: OBJ SavePackage:     Rendered thumbnail for [Material Maehdrescher.Materials.phong82]
[0046.70] Log: OBJ SavePackage:     Rendered thumbnail for [Material Maehdrescher.Materials.phong84]
[0046.70] Log: OBJ SavePackage:     Rendered thumbnail for [Material Maehdrescher.Materials.phong85]
[0046.71] Log: OBJ SavePackage:     Rendered thumbnail for [Material Maehdrescher.Materials.phong86]
[0046.72] Log: OBJ SavePackage:     Rendered thumbnail for [Material Maehdrescher.Materials.phong88]
[0046.72] Log: OBJ SavePackage:     Rendered thumbnail for [Material Maehdrescher.Materials.phong89]
[0046.73] Log: OBJ SavePackage:     Rendered thumbnail for [Material Maehdrescher.Materials.phong90]
[0046.73] Log: OBJ SavePackage:     Rendered thumbnail for [Material Maehdrescher.Materials.phong93]
[0046.74] Log: OBJ SavePackage:     Rendered thumbnail for [Material Maehdrescher.Materials.phong94]
[0046.74] Log: OBJ SavePackage:     Rendered thumbnail for [Material Maehdrescher.Materials.Maehdrescher2_Stahl_innereien_008]
[0046.75] Log: OBJ SavePackage:     Rendered thumbnail for [Material Maehdrescher.Materials.Maehdrescher2_Stahl_innereien_0010]
[0046.76] Log: OBJ SavePackage:     Rendered thumbnail for [Material Maehdrescher.Materials.Maehdrescher2_Stahl_innereien_0012]
[0046.76] Log: OBJ SavePackage:     Rendered thumbnail for [Material Maehdrescher.Materials.Maehdrescher2_Material_002]
[0046.77] Log: OBJ SavePackage:     Rendered thumbnail for [Material Maehdrescher.Materials.Maehdrescher2_Steel_2_0016]
[0046.77] Log: OBJ SavePackage:     Rendered thumbnail for [Material Maehdrescher.Materials.Maehdrescher2_Lack_Grau_023]
[0046.78] Log: OBJ SavePackage:     Rendered thumbnail for [Material Maehdrescher.Materials.Maehdrescher2_Lack_Grau_029]
[0046.79] Log: OBJ SavePackage:     Rendered thumbnail for [Material Maehdrescher.Materials.Maehdrescher2_Lack_Grau_033]
[0046.79] Log: OBJ SavePackage:     Rendered thumbnail for [Material Maehdrescher.Materials.Maehdrescher2_Rubber_bright_008]
[0046.80] Log: OBJ SavePackage:     Rendered thumbnail for [Material Maehdrescher.Materials.Maehdrescher2_Rubber_006]
[0046.80] Log: OBJ SavePackage:     Rendered thumbnail for [Material Maehdrescher.Materials.Maehdrescher2_Radmuttern_006]
[0046.81] Log: OBJ SavePackage:     Rendered thumbnail for [Material Maehdrescher.Materials.Maehdrescher2_Rubber_008]
[0046.82] Log: OBJ SavePackage:     Rendered thumbnail for [Material Maehdrescher.Materials.Maehdrescher2_Radmuttern_008]
[0046.86] Log: OBJ SavePackage:     Rendered thumbnail for [StaticMesh Maehdrescher.Auspuff_neu]
[0046.87] Log: OBJ SavePackage:     Rendered thumbnail for [StaticMesh Maehdrescher.baender_links]
[0046.87] Log: OBJ SavePackage:     Rendered thumbnail for [StaticMesh Maehdrescher.baender_motor_rechts]
[0046.88] Log: OBJ SavePackage:     Rendered thumbnail for [StaticMesh Maehdrescher.bauteile.3bolzen_vorn]
[0046.89] Log: OBJ SavePackage:     Rendered thumbnail for [StaticMesh Maehdrescher.bauteile.Auspuff_neu]
[0046.90] Log: OBJ SavePackage:     Rendered thumbnail for [StaticMesh Maehdrescher.bauteile.aussenrohr_oben]
[0046.90] Log: OBJ SavePackage:     Rendered thumbnail for [StaticMesh Maehdrescher.bauteile.baender_links]
[0046.91] Log: OBJ SavePackage:     Rendered thumbnail for [StaticMesh Maehdrescher.bauteile.baender_motor_rechts]
[0046.92] Log: OBJ SavePackage:     Rendered thumbnail for [StaticMesh Maehdrescher.bauteile.Behaelter-neben-Maehdrescher]
[0046.94] Log: OBJ SavePackage:     Rendered thumbnail for [StaticMesh Maehdrescher.bauteile.dachmotor]
[0046.95] Log: OBJ SavePackage:     Rendered thumbnail for [StaticMesh Maehdrescher.bauteile.dreschkorb]
[0046.95] Log: OBJ SavePackage:     Rendered thumbnail for [StaticMesh Maehdrescher.bauteile.dreschtrommel]
[0046.96] Log: OBJ SavePackage:     Rendered thumbnail for [StaticMesh Maehdrescher.bauteile.einzugsschnecke]
[0046.97] Log: OBJ SavePackage:     Rendered thumbnail for [StaticMesh Maehdrescher.bauteile.foedertrommel_vor_dreschtrommel]
[0046.98] Log: OBJ SavePackage:     Rendered thumbnail for [StaticMesh Maehdrescher.bauteile.geblaese]
[0046.98] Log: OBJ SavePackage:     Rendered thumbnail for [StaticMesh Maehdrescher.bauteile.geblaeseroehre_und_boden]
[0046.99] Log: OBJ SavePackage:     Rendered thumbnail for [StaticMesh Maehdrescher.bauteile.gesamterLaderaum]
[0047.00] Log: OBJ SavePackage:     Rendered thumbnail for [StaticMesh Maehdrescher.bauteile.gesamterLaderaumohnelinkeSeitenflaeche]
[0047.01] Log: OBJ SavePackage:     Rendered thumbnail for [StaticMesh Maehdrescher.bauteile.halbkreis_hinten]
[0047.02] Log: OBJ SavePackage:     Rendered thumbnail for [StaticMesh Maehdrescher.bauteile.haspel]
[0047.03] Log: OBJ SavePackage:     Rendered thumbnail for [StaticMesh Maehdrescher.bauteile.hinterradachse]
[0047.04] Log: OBJ SavePackage:     Rendered thumbnail for [StaticMesh Maehdrescher.bauteile.hordenschuettler]
[0047.05] Log: OBJ SavePackage:     Rendered thumbnail for [StaticMesh Maehdrescher.bauteile.hordenschuettler_Auffangblech]
[0047.06] Log: OBJ SavePackage:     Rendered thumbnail for [StaticMesh Maehdrescher.bauteile.kabine]
[0047.07] Log: OBJ SavePackage:     Rendered thumbnail for [StaticMesh Maehdrescher.bauteile.kleines_Band_rechts]
[0047.07] Log: OBJ SavePackage:     Rendered thumbnail for [StaticMesh Maehdrescher.bauteile.kornschnecke]
[0047.08] Log: OBJ SavePackage:     Rendered thumbnail for [StaticMesh Maehdrescher.bauteile.korntank]
[0047.09] Log: OBJ SavePackage:     Rendered thumbnail for [StaticMesh Maehdrescher.bauteile.korntank_inneres]
[0047.09] Log: OBJ SavePackage:     Rendered thumbnail for [StaticMesh Maehdrescher.bauteile.korntankfoerderer]
[0047.10] Log: OBJ SavePackage:     Rendered thumbnail for [StaticMesh Maehdrescher.bauteile.linkeSeitenflaeche]
[0047.11] Log: OBJ SavePackage:     Rendered thumbnail for [StaticMesh Maehdrescher.bauteile.mittelplatte]
[0047.12] Log: OBJ SavePackage:     Rendered thumbnail for [StaticMesh Maehdrescher.bauteile.mittelroehre_inneres]
[0047.13] Log: OBJ SavePackage:     Rendered thumbnail for [StaticMesh Maehdrescher.bauteile.motor]
[0047.14] Log: OBJ SavePackage:     Rendered thumbnail for [StaticMesh Maehdrescher.bauteile.motorabdeckung]
[0047.15] Log: OBJ SavePackage:     Rendered thumbnail for [StaticMesh Maehdrescher.bauteile.motorkaesten]
[0047.15] Log: OBJ SavePackage:     Rendered thumbnail for [StaticMesh Maehdrescher.bauteile.motorpropeller]
[0047.16] Log: OBJ SavePackage:     Rendered thumbnail for [StaticMesh Maehdrescher.bauteile.obersieb]
[0047.17] Log: OBJ SavePackage:     Rendered thumbnail for [StaticMesh Maehdrescher.bauteile.roehren]
[0047.18] Log: OBJ SavePackage:     Rendered thumbnail for [StaticMesh Maehdrescher.bauteile.roehrenmotor]
[0047.19] Log: OBJ SavePackage:     Rendered thumbnail for [StaticMesh Maehdrescher.bauteile.roehrensieb]
[0047.20] Log: OBJ SavePackage:     Rendered thumbnail for [StaticMesh Maehdrescher.bauteile.schaufel]
[0047.21] Log: OBJ SavePackage:     Rendered thumbnail for [StaticMesh Maehdrescher.bauteile.schaufel_platte]
[0047.22] Log: OBJ SavePackage:     Rendered thumbnail for [StaticMesh Maehdrescher.bauteile.schraegfoerderer]
[0047.22] Log: OBJ SavePackage:     Rendered thumbnail for [StaticMesh Maehdrescher.bauteile.seitenroehren_inneres]
[0047.23] Log: OBJ SavePackage:     Rendered thumbnail for [StaticMesh Maehdrescher.bauteile.stangen_rechts]
[0047.24] Log: OBJ SavePackage:     Rendered thumbnail for [StaticMesh Maehdrescher.bauteile.strohhaecksler]
[0047.24] Log: OBJ SavePackage:     Rendered thumbnail for [StaticMesh Maehdrescher.bauteile.treppe_links]
[0047.25] Log: OBJ SavePackage:     Rendered thumbnail for [StaticMesh Maehdrescher.bauteile.ueberkehrschnecke_aussen]
[0047.26] Log: OBJ SavePackage:     Rendered thumbnail for [StaticMesh Maehdrescher.bauteile.ueberkehrschnecke_innen]
[0047.27] Log: OBJ SavePackage:     Rendered thumbnail for [StaticMesh Maehdrescher.bauteile.untersieb]
[0047.27] Log: OBJ SavePackage:     Rendered thumbnail for [StaticMesh Maehdrescher.bauteile.vorbereitungsboden]
[0047.28] Log: OBJ SavePackage:     Rendered thumbnail for [StaticMesh Maehdrescher.bauteile.vorderradachse]
[0047.29] Log: OBJ SavePackage:     Rendered thumbnail for [StaticMesh Maehdrescher.bauteile.wendetrommel_aussen]
[0047.30] Log: OBJ SavePackage:     Rendered thumbnail for [StaticMesh Maehdrescher.bauteile.wendetrommel_innen]
[0047.30] Log: OBJ SavePackage:     Rendered thumbnail for [StaticMesh Maehdrescher.Behaelter-neben-Maehdrescher]
[0047.32] Log: OBJ SavePackage:     Rendered thumbnail for [StaticMesh Maehdrescher.dreschkorb]
[0047.32] Log: OBJ SavePackage:     Rendered thumbnail for [StaticMesh Maehdrescher.dreschtrommel]
[0047.33] Log: OBJ SavePackage:     Rendered thumbnail for [StaticMesh Maehdrescher.foedertrommel_vor_dreschtrommel]
[0047.34] Log: OBJ SavePackage:     Rendered thumbnail for [StaticMesh Maehdrescher.geblaese]
[0047.35] Log: OBJ SavePackage:     Rendered thumbnail for [StaticMesh Maehdrescher.geblaeseroehre_und_boden]
[0047.35] Log: OBJ SavePackage:     Rendered thumbnail for [StaticMesh Maehdrescher.hordenschuettler]
[0047.36] Log: OBJ SavePackage:     Rendered thumbnail for [StaticMesh Maehdrescher.hordenschuettler_Auffangblech]
[0047.37] Log: OBJ SavePackage:     Rendered thumbnail for [StaticMesh Maehdrescher.kleines_Band_rechts]
[0047.38] Log: OBJ SavePackage:     Rendered thumbnail for [StaticMesh Maehdrescher.kornschnecke]
[0047.38] Log: OBJ SavePackage:     Rendered thumbnail for [StaticMesh Maehdrescher.korntank_inneres]
[0047.39] Log: OBJ SavePackage:     Rendered thumbnail for [StaticMesh Maehdrescher.korntankfoerderer]
[0047.40] Log: OBJ SavePackage:     Rendered thumbnail for [StaticMesh Maehdrescher.mittelroehre_inneres]
[0047.41] Log: OBJ SavePackage:     Rendered thumbnail for [StaticMesh Maehdrescher.motor]
[0047.42] Log: OBJ SavePackage:     Rendered thumbnail for [StaticMesh Maehdrescher.motorabdeckung]
[0047.43] Log: OBJ SavePackage:     Rendered thumbnail for [StaticMesh Maehdrescher.motorkaesten]
[0047.44] Log: OBJ SavePackage:     Rendered thumbnail for [StaticMesh Maehdrescher.motorpropeller]
[0047.44] Log: OBJ SavePackage:     Rendered thumbnail for [StaticMesh Maehdrescher.obersieb]
[0047.45] Log: OBJ SavePackage:     Rendered thumbnail for [StaticMesh Maehdrescher.roehren]
[0047.46] Log: OBJ SavePackage:     Rendered thumbnail for [StaticMesh Maehdrescher.roehrenmotor]
[0047.47] Log: OBJ SavePackage:     Rendered thumbnail for [StaticMesh Maehdrescher.roehrensieb]
[0047.48] Log: OBJ SavePackage:     Rendered thumbnail for [StaticMesh Maehdrescher.seitenroehren_inneres]
[0047.49] Log: OBJ SavePackage:     Rendered thumbnail for [StaticMesh Maehdrescher.stangen_rechts]
[0047.49] Log: OBJ SavePackage:     Rendered thumbnail for [StaticMesh Maehdrescher.ueberkehrschnecke_aussen]
[0047.50] Log: OBJ SavePackage:     Rendered thumbnail for [StaticMesh Maehdrescher.ueberkehrschnecke_innen]
[0047.51] Log: OBJ SavePackage:     Rendered thumbnail for [StaticMesh Maehdrescher.untersieb]
[0047.52] Log: OBJ SavePackage:     Rendered thumbnail for [StaticMesh Maehdrescher.vorbereitungsboden]
[0047.52] Log: OBJ SavePackage:     Rendered thumbnail for [StaticMesh Maehdrescher.wendetrommel_aussen]
[0047.53] Log: OBJ SavePackage:     Rendered thumbnail for [StaticMesh Maehdrescher.wendetrommel_innen]
[0047.53] Log: OBJ SavePackage: Finished generating thumbnails for package [Maehdrescher]
[0047.53] Cmd: OBJ SAVEPACKAGE PACKAGE="Maehdrescher" FILE="..\..\UDKGame\Content\maher\Maehdrescher.upk"
[0047.55] Warning: ConditionalFlattenMaterial: Invalid FlattenType: 2
[0047.55] Warning: ConditionalFlattenMaterial: Invalid FlattenType: 2
[0047.55] Warning: ConditionalFlattenMaterial: Invalid FlattenType: 2
[0047.55] Warning: ConditionalFlattenMaterial: Invalid FlattenType: 2
[0047.55] Warning: ConditionalFlattenMaterial: Invalid FlattenType: 2
[0047.55] Warning: ConditionalFlattenMaterial: Invalid FlattenType: 2
[0047.55] Warning: ConditionalFlattenMaterial: Invalid FlattenType: 2
[0047.55] Warning: ConditionalFlattenMaterial: Invalid FlattenType: 2
[0047.55] Warning: ConditionalFlattenMaterial: Invalid FlattenType: 2
[0047.56] Warning: ConditionalFlattenMaterial: Invalid FlattenType: 2
[0047.56] Warning: ConditionalFlattenMaterial: Invalid FlattenType: 2
[0047.56] Warning: ConditionalFlattenMaterial: Invalid FlattenType: 2
[0047.56] Warning: ConditionalFlattenMaterial: Invalid FlattenType: 2
[0047.56] Warning: ConditionalFlattenMaterial: Invalid FlattenType: 2
[0047.56] Warning: ConditionalFlattenMaterial: Invalid FlattenType: 2
[0047.56] Warning: ConditionalFlattenMaterial: Invalid FlattenType: 2
[0047.56] Warning: ConditionalFlattenMaterial: Invalid FlattenType: 2
[0047.56] Warning: ConditionalFlattenMaterial: Invalid FlattenType: 2
[0047.56] Warning: ConditionalFlattenMaterial: Invalid FlattenType: 2
[0047.56] Warning: ConditionalFlattenMaterial: Invalid FlattenType: 2
[0047.56] Warning: ConditionalFlattenMaterial: Invalid FlattenType: 2
[0047.56] Warning: ConditionalFlattenMaterial: Invalid FlattenType: 2
[0047.56] Warning: ConditionalFlattenMaterial: Invalid FlattenType: 2
[0047.56] Warning: ConditionalFlattenMaterial: Invalid FlattenType: 2
[0047.56] Warning: ConditionalFlattenMaterial: Invalid FlattenType: 2
[0047.56] Warning: ConditionalFlattenMaterial: Invalid FlattenType: 2
[0047.56] Warning: ConditionalFlattenMaterial: Invalid FlattenType: 2
[0047.56] Warning: ConditionalFlattenMaterial: Invalid FlattenType: 2
[0047.56] Warning: ConditionalFlattenMaterial: Invalid FlattenType: 2
[0047.56] Warning: ConditionalFlattenMaterial: Invalid FlattenType: 2
[0047.56] Warning: ConditionalFlattenMaterial: Invalid FlattenType: 2
[0047.56] Warning: ConditionalFlattenMaterial: Invalid FlattenType: 2
[0047.56] Warning: ConditionalFlattenMaterial: Invalid FlattenType: 2
[0047.56] Warning: ConditionalFlattenMaterial: Invalid FlattenType: 2
[0047.56] Warning: ConditionalFlattenMaterial: Invalid FlattenType: 2
[0047.56] Warning: ConditionalFlattenMaterial: Invalid FlattenType: 2
[0047.56] Warning: ConditionalFlattenMaterial: Invalid FlattenType: 2
[0047.56] Warning: ConditionalFlattenMaterial: Invalid FlattenType: 2
[0047.56] Warning: ConditionalFlattenMaterial: Invalid FlattenType: 2
[0047.56] Warning: ConditionalFlattenMaterial: Invalid FlattenType: 2
[0047.56] Warning: ConditionalFlattenMaterial: Invalid FlattenType: 2
[0047.56] Warning: ConditionalFlattenMaterial: Invalid FlattenType: 2
[0047.56] Warning: ConditionalFlattenMaterial: Invalid FlattenType: 2
[0047.56] Warning: ConditionalFlattenMaterial: Invalid FlattenType: 2
[0047.56] Warning: ConditionalFlattenMaterial: Invalid FlattenType: 2
[0047.56] Warning: ConditionalFlattenMaterial: Invalid FlattenType: 2
[0047.56] Warning: ConditionalFlattenMaterial: Invalid FlattenType: 2
[0047.56] Warning: ConditionalFlattenMaterial: Invalid FlattenType: 2
[0047.56] Warning: ConditionalFlattenMaterial: Invalid FlattenType: 2
[0047.56] Warning: ConditionalFlattenMaterial: Invalid FlattenType: 2
[0047.56] Warning: ConditionalFlattenMaterial: Invalid FlattenType: 2
[0047.56] Warning: ConditionalFlattenMaterial: Invalid FlattenType: 2
[0047.56] Warning: ConditionalFlattenMaterial: Invalid FlattenType: 2
[0047.56] Warning: ConditionalFlattenMaterial: Invalid FlattenType: 2
[0047.56] Warning: ConditionalFlattenMaterial: Invalid FlattenType: 2
[0047.56] Warning: ConditionalFlattenMaterial: Invalid FlattenType: 2
[0047.56] Warning: ConditionalFlattenMaterial: Invalid FlattenType: 2
[0047.56] Warning: ConditionalFlattenMaterial: Invalid FlattenType: 2
[0047.56] Warning: ConditionalFlattenMaterial: Invalid FlattenType: 2
[0047.56] Warning: ConditionalFlattenMaterial: Invalid FlattenType: 2
[0047.56] Warning: ConditionalFlattenMaterial: Invalid FlattenType: 2
[0047.56] Warning: ConditionalFlattenMaterial: Invalid FlattenType: 2
[0047.56] Warning: ConditionalFlattenMaterial: Invalid FlattenType: 2
[0047.56] Warning: ConditionalFlattenMaterial: Invalid FlattenType: 2
[0047.56] Warning: ConditionalFlattenMaterial: Invalid FlattenType: 2
[0047.56] Warning: ConditionalFlattenMaterial: Invalid FlattenType: 2
[0047.57] Warning: ConditionalFlattenMaterial: Invalid FlattenType: 2
[0047.57] Warning: ConditionalFlattenMaterial: Invalid FlattenType: 2
[0047.57] Warning: ConditionalFlattenMaterial: Invalid FlattenType: 2
[0047.57] Warning: ConditionalFlattenMaterial: Invalid FlattenType: 2
[0047.57] Warning: ConditionalFlattenMaterial: Invalid FlattenType: 2
[0047.57] Warning: ConditionalFlattenMaterial: Invalid FlattenType: 2
[0047.57] Warning: ConditionalFlattenMaterial: Invalid FlattenType: 2
[0047.57] Warning: ConditionalFlattenMaterial: Invalid FlattenType: 2
[0047.57] Warning: ConditionalFlattenMaterial: Invalid FlattenType: 2
[0047.57] Warning: ConditionalFlattenMaterial: Invalid FlattenType: 2
[0047.57] Warning: ConditionalFlattenMaterial: Invalid FlattenType: 2
[0047.57] Warning: ConditionalFlattenMaterial: Invalid FlattenType: 2
[0047.57] Warning: ConditionalFlattenMaterial: Invalid FlattenType: 2
[0047.57] Warning: ConditionalFlattenMaterial: Invalid FlattenType: 2
[0047.57] Warning: ConditionalFlattenMaterial: Invalid FlattenType: 2
[0047.57] Warning: ConditionalFlattenMaterial: Invalid FlattenType: 2
[0047.57] Warning: ConditionalFlattenMaterial: Invalid FlattenType: 2
[0047.57] Warning: ConditionalFlattenMaterial: Invalid FlattenType: 2
[0047.57] Warning: ConditionalFlattenMaterial: Invalid FlattenType: 2
[0047.57] Warning: ConditionalFlattenMaterial: Invalid FlattenType: 2
[0047.57] Warning: ConditionalFlattenMaterial: Invalid FlattenType: 2
[0047.57] Warning: ConditionalFlattenMaterial: Invalid FlattenType: 2
[0047.57] Warning: ConditionalFlattenMaterial: Invalid FlattenType: 2
[0047.57] Warning: ConditionalFlattenMaterial: Invalid FlattenType: 2
[0047.57] Warning: ConditionalFlattenMaterial: Invalid FlattenType: 2
[0047.57] Warning: ConditionalFlattenMaterial: Invalid FlattenType: 2
[0047.57] Warning: ConditionalFlattenMaterial: Invalid FlattenType: 2
[0047.57] Warning: ConditionalFlattenMaterial: Invalid FlattenType: 2
[0047.57] Warning: ConditionalFlattenMaterial: Invalid FlattenType: 2
[0047.57] Warning: ConditionalFlattenMaterial: Invalid FlattenType: 2
[0047.57] Warning: ConditionalFlattenMaterial: Invalid FlattenType: 2
[0047.57] Warning: ConditionalFlattenMaterial: Invalid FlattenType: 2
[0047.57] Warning: ConditionalFlattenMaterial: Invalid FlattenType: 2
[0047.57] Warning: ConditionalFlattenMaterial: Invalid FlattenType: 2
[0047.57] Warning: ConditionalFlattenMaterial: Invalid FlattenType: 2
[0047.57] Warning: ConditionalFlattenMaterial: Invalid FlattenType: 2
[0047.57] Warning: ConditionalFlattenMaterial: Invalid FlattenType: 2
[0047.57] Warning: ConditionalFlattenMaterial: Invalid FlattenType: 2
[0047.57] Warning: ConditionalFlattenMaterial: Invalid FlattenType: 2
[0047.57] Warning: ConditionalFlattenMaterial: Invalid FlattenType: 2
[0047.57] Warning: ConditionalFlattenMaterial: Invalid FlattenType: 2
[0047.57] Warning: ConditionalFlattenMaterial: Invalid FlattenType: 2
[0047.57] Warning: ConditionalFlattenMaterial: Invalid FlattenType: 2
[0047.57] Warning: ConditionalFlattenMaterial: Invalid FlattenType: 2
[0047.57] Warning: ConditionalFlattenMaterial: Invalid FlattenType: 2
[0047.57] Warning: ConditionalFlattenMaterial: Invalid FlattenType: 2
[0047.57] Warning: ConditionalFlattenMaterial: Invalid FlattenType: 2
[0047.57] Warning: ConditionalFlattenMaterial: Invalid FlattenType: 2
[0047.57] Warning: ConditionalFlattenMaterial: Invalid FlattenType: 2
[0047.57] Warning: ConditionalFlattenMaterial: Invalid FlattenType: 2
[0047.57] Warning: ConditionalFlattenMaterial: Invalid FlattenType: 2
[0047.58] Warning: ConditionalFlattenMaterial: Invalid FlattenType: 2
[0047.58] Warning: ConditionalFlattenMaterial: Invalid FlattenType: 2
[0047.58] Warning: ConditionalFlattenMaterial: Invalid FlattenType: 2
[0047.58] Warning: ConditionalFlattenMaterial: Invalid FlattenType: 2
[0047.58] Warning: ConditionalFlattenMaterial: Invalid FlattenType: 2
[0047.58] Warning: ConditionalFlattenMaterial: Invalid FlattenType: 2
[0047.58] Warning: ConditionalFlattenMaterial: Invalid FlattenType: 2
[0047.58] Warning: ConditionalFlattenMaterial: Invalid FlattenType: 2
[0047.58] Warning: ConditionalFlattenMaterial: Invalid FlattenType: 2
[0047.58] Warning: ConditionalFlattenMaterial: Invalid FlattenType: 2
[0047.58] Warning: ConditionalFlattenMaterial: Invalid FlattenType: 2
[0047.58] Warning: ConditionalFlattenMaterial: Invalid FlattenType: 2
[0047.58] Warning: ConditionalFlattenMaterial: Invalid FlattenType: 2
[0047.58] Warning: ConditionalFlattenMaterial: Invalid FlattenType: 2
[0047.58] Warning: ConditionalFlattenMaterial: Invalid FlattenType: 2
[0047.58] Warning: ConditionalFlattenMaterial: Invalid FlattenType: 2
[0047.58] Warning: ConditionalFlattenMaterial: Invalid FlattenType: 2
[0047.58] Warning: ConditionalFlattenMaterial: Invalid FlattenType: 2
[0047.58] Warning: ConditionalFlattenMaterial: Invalid FlattenType: 2
[0047.58] Warning: ConditionalFlattenMaterial: Invalid FlattenType: 2
[0047.58] Warning: ConditionalFlattenMaterial: Invalid FlattenType: 2
[0047.58] Warning: ConditionalFlattenMaterial: Invalid FlattenType: 2
[0047.58] Warning: ConditionalFlattenMaterial: Invalid FlattenType: 2
[0047.58] Warning: ConditionalFlattenMaterial: Invalid FlattenType: 2
[0047.58] Warning: ConditionalFlattenMaterial: Invalid FlattenType: 2
[0047.58] Warning: ConditionalFlattenMaterial: Invalid FlattenType: 2
[0047.58] Warning: ConditionalFlattenMaterial: Invalid FlattenType: 2
[0047.58] Warning: ConditionalFlattenMaterial: Invalid FlattenType: 2
[0047.58] Warning: ConditionalFlattenMaterial: Invalid FlattenType: 2
[0047.58] Warning: ConditionalFlattenMaterial: Invalid FlattenType: 2
[0047.58] Warning: ConditionalFlattenMaterial: Invalid FlattenType: 2
[0047.58] Warning: ConditionalFlattenMaterial: Invalid FlattenType: 2
[0047.58] Warning: ConditionalFlattenMaterial: Invalid FlattenType: 2
[0047.58] Warning: ConditionalFlattenMaterial: Invalid FlattenType: 2
[0047.58] Warning: ConditionalFlattenMaterial: Invalid FlattenType: 2
[0047.58] Warning: ConditionalFlattenMaterial: Invalid FlattenType: 2
[0047.58] Warning: ConditionalFlattenMaterial: Invalid FlattenType: 2
[0047.58] Warning: ConditionalFlattenMaterial: Invalid FlattenType: 2
[0047.58] Warning: ConditionalFlattenMaterial: Invalid FlattenType: 2
[0047.58] Warning: ConditionalFlattenMaterial: Invalid FlattenType: 2
[0047.58] Warning: ConditionalFlattenMaterial: Invalid FlattenType: 2
[0047.58] Warning: ConditionalFlattenMaterial: Invalid FlattenType: 2
[0047.58] Warning: ConditionalFlattenMaterial: Invalid FlattenType: 2
[0047.58] Warning: ConditionalFlattenMaterial: Invalid FlattenType: 2
[0047.58] Warning: ConditionalFlattenMaterial: Invalid FlattenType: 2
[0047.58] Warning: ConditionalFlattenMaterial: Invalid FlattenType: 2
[0047.58] Warning: ConditionalFlattenMaterial: Invalid FlattenType: 2
[0047.58] Warning: ConditionalFlattenMaterial: Invalid FlattenType: 2
[0047.58] Warning: ConditionalFlattenMaterial: Invalid FlattenType: 2
[0047.58] Warning: ConditionalFlattenMaterial: Invalid FlattenType: 2
[0047.59] Warning: ConditionalFlattenMaterial: Invalid FlattenType: 2
[0047.59] Warning: ConditionalFlattenMaterial: Invalid FlattenType: 2
[0047.59] Warning: ConditionalFlattenMaterial: Invalid FlattenType: 2
[0047.59] Warning: ConditionalFlattenMaterial: Invalid FlattenType: 2
[0047.59] Warning: ConditionalFlattenMaterial: Invalid FlattenType: 2
[0047.59] Warning: ConditionalFlattenMaterial: Invalid FlattenType: 2
[0047.59] Warning: ConditionalFlattenMaterial: Invalid FlattenType: 2
[0047.59] Warning: ConditionalFlattenMaterial: Invalid FlattenType: 2
[0047.59] Warning: ConditionalFlattenMaterial: Invalid FlattenType: 2
[0047.59] Warning: ConditionalFlattenMaterial: Invalid FlattenType: 2
[0047.59] Warning: ConditionalFlattenMaterial: Invalid FlattenType: 2
[0047.59] Warning: ConditionalFlattenMaterial: Invalid FlattenType: 2
[0047.59] Warning: ConditionalFlattenMaterial: Invalid FlattenType: 2
[0047.59] Warning: ConditionalFlattenMaterial: Invalid FlattenType: 2
[0047.59] Warning: ConditionalFlattenMaterial: Invalid FlattenType: 2
[0047.59] Warning: ConditionalFlattenMaterial: Invalid FlattenType: 2
[0047.59] Warning: ConditionalFlattenMaterial: Invalid FlattenType: 2
[0047.59] Warning: ConditionalFlattenMaterial: Invalid FlattenType: 2
[0047.59] Warning: ConditionalFlattenMaterial: Invalid FlattenType: 2
[0047.59] Warning: ConditionalFlattenMaterial: Invalid FlattenType: 2
[0047.59] Warning: ConditionalFlattenMaterial: Invalid FlattenType: 2
[0047.59] Warning: ConditionalFlattenMaterial: Invalid FlattenType: 2
[0047.59] Warning: ConditionalFlattenMaterial: Invalid FlattenType: 2
[0047.59] Warning: ConditionalFlattenMaterial: Invalid FlattenType: 2
[0047.59] Warning: ConditionalFlattenMaterial: Invalid FlattenType: 2
[0047.59] Warning: ConditionalFlattenMaterial: Invalid FlattenType: 2
[0047.59] Warning: ConditionalFlattenMaterial: Invalid FlattenType: 2
[0047.59] Warning: ConditionalFlattenMaterial: Invalid FlattenType: 2
[0047.59] Warning: ConditionalFlattenMaterial: Invalid FlattenType: 2
[0047.59] Warning: ConditionalFlattenMaterial: Invalid FlattenType: 2
[0047.59] Warning: ConditionalFlattenMaterial: Invalid FlattenType: 2
[0047.59] Warning: ConditionalFlattenMaterial: Invalid FlattenType: 2
[0047.59] Warning: ConditionalFlattenMaterial: Invalid FlattenType: 2
[0047.59] Warning: ConditionalFlattenMaterial: Invalid FlattenType: 2
[0047.59] Warning: ConditionalFlattenMaterial: Invalid FlattenType: 2
[0047.59] Warning: ConditionalFlattenMaterial: Invalid FlattenType: 2
[0047.59] Warning: ConditionalFlattenMaterial: Invalid FlattenType: 2
[0047.59] Warning: ConditionalFlattenMaterial: Invalid FlattenType: 2
[0047.59] Warning: ConditionalFlattenMaterial: Invalid FlattenType: 2
[0047.59] Warning: ConditionalFlattenMaterial: Invalid FlattenType: 2
[0047.59] Warning: ConditionalFlattenMaterial: Invalid FlattenType: 2
[0047.59] Warning: ConditionalFlattenMaterial: Invalid FlattenType: 2
[0047.59] Warning: ConditionalFlattenMaterial: Invalid FlattenType: 2
[0047.59] Warning: ConditionalFlattenMaterial: Invalid FlattenType: 2
[0047.59] Warning: ConditionalFlattenMaterial: Invalid FlattenType: 2
[0047.60] Warning: ConditionalFlattenMaterial: Invalid FlattenType: 2
[0047.60] Warning: ConditionalFlattenMaterial: Invalid FlattenType: 2
[0047.60] Warning: ConditionalFlattenMaterial: Invalid FlattenType: 2
[0047.60] Warning: ConditionalFlattenMaterial: Invalid FlattenType: 2
[0047.60] Warning: ConditionalFlattenMaterial: Invalid FlattenType: 2
[0047.60] Warning: ConditionalFlattenMaterial: Invalid FlattenType: 2
[0047.60] Warning: ConditionalFlattenMaterial: Invalid FlattenType: 2
[0047.60] Warning: ConditionalFlattenMaterial: Invalid FlattenType: 2
[0047.60] Warning: ConditionalFlattenMaterial: Invalid FlattenType: 2
[0047.60] Warning: ConditionalFlattenMaterial: Invalid FlattenType: 2
[0047.60] Warning: ConditionalFlattenMaterial: Invalid FlattenType: 2
[0047.60] Warning: ConditionalFlattenMaterial: Invalid FlattenType: 2
[0047.60] Warning: ConditionalFlattenMaterial: Invalid FlattenType: 2
[0047.60] Warning: ConditionalFlattenMaterial: Invalid FlattenType: 2
[0057.20] Log: Save=9597.086152
[0057.20] Log: Moving '..\..\UDKGame\Content\maher\Maehdrescher_save.tmp' to '..\..\UDKGame\Content\maher\Maehdrescher.upk'
[0070.25] Log: Building adjacency information for static mesh 'Maehdrescher_alle_teile.Auspuff_neu'.
[0070.25] Log: Building adjacency information for static mesh 'Maehdrescher_alle_teile.baender_links'.
[0070.31] Log: Building adjacency information for static mesh 'Maehdrescher_alle_teile.baender_motor_rechts'.
[0070.38] Log: Building adjacency information for static mesh 'Maehdrescher_alle_teile.Behaelter-neben-Maehdrescher'.
[0070.39] Log: Building adjacency information for static mesh 'Maehdrescher_alle_teile.dreschkorb'.
[0070.52] Log: Building adjacency information for static mesh 'Maehdrescher_alle_teile.dreschtrommel'.
[0070.53] Log: Building adjacency information for static mesh 'Maehdrescher_alle_teile.foedertrommel_vor_dreschtrommel'.
[0070.54] Log: Building adjacency information for static mesh 'Maehdrescher_alle_teile.geblaese'.
[0070.55] Log: Building adjacency information for static mesh 'Maehdrescher_alle_teile.geblaese2'.
[0070.55] Log: Building adjacency information for static mesh 'Maehdrescher_alle_teile.geblaeseroehre_und_boden'.
[0070.55] Log: Building adjacency information for static mesh 'Maehdrescher_alle_teile.hordenschuettler'.
[0070.57] Log: Building adjacency information for static mesh 'Maehdrescher_alle_teile.hordenschuettler_Auffangblech'.
[0070.57] Log: Building adjacency information for static mesh 'Maehdrescher_alle_teile.kleines_Band_rechts'.
[0070.59] Log: Building adjacency information for static mesh 'Maehdrescher_alle_teile.kornschnecke'.
[0070.59] Log: Building adjacency information for static mesh 'Maehdrescher_alle_teile.korntank_inneres'.
[0070.60] Log: Building adjacency information for static mesh 'Maehdrescher_alle_teile.korntankfoerderer'.
[0070.61] Log: Building adjacency information for static mesh 'Maehdrescher_alle_teile.mittelroehre_inneres'.
[0070.62] Log: Building adjacency information for static mesh 'Maehdrescher_alle_teile.motor'.
[0070.90] Log: Building adjacency information for static mesh 'Maehdrescher_alle_teile.motorabdeckung'.
[0070.90] Log: Building adjacency information for static mesh 'Maehdrescher_alle_teile.motorkaesten'.
[0070.92] Log: Building adjacency information for static mesh 'Maehdrescher_alle_teile.motorpropeller'.
[0070.92] Log: Building adjacency information for static mesh 'Maehdrescher_alle_teile.neuer3roehrenmotor'.
[0070.93] Log: Building adjacency information for static mesh 'Maehdrescher_alle_teile.obersieb'.
[0070.94] Log: Building adjacency information for static mesh 'Maehdrescher_alle_teile.roehren'.
[0070.97] Log: Building adjacency information for static mesh 'Maehdrescher_alle_teile.roehrenmotor'.
[0070.98] Log: Building adjacency information for static mesh 'Maehdrescher_alle_teile.roehrensieb'.
[0071.10] Log: Building adjacency information for static mesh 'Maehdrescher_alle_teile.seitenroehren_inneres'.
[0071.11] Log: Building adjacency information for static mesh 'Maehdrescher_alle_teile.stangen_rechts'.
[0071.11] Log: Building adjacency information for static mesh 'Maehdrescher_alle_teile.ueberkehrschnecke_aussen'.
[0071.12] Log: Building adjacency information for static mesh 'Maehdrescher_alle_teile.ueberkehrschnecke_innen'.
[0071.14] Log: Building adjacency information for static mesh 'Maehdrescher_alle_teile.untersieb'.
[0071.14] Log: Building adjacency information for static mesh 'Maehdrescher_alle_teile.vorbereitungsboden'.
[0071.14] Log: Building adjacency information for static mesh 'Maehdrescher_alle_teile.wendetrommel_aussen'.
[0071.15] Log: Building adjacency information for static mesh 'Maehdrescher_alle_teile.wendetrommel_innen'.
[0094.44] Log: NO_EXISTING: , bauteile_textures_1.upk, ..\..\UDKGame\Content
[0097.55] Log: saving as C:\UDK\UDK-2014-02\UDKGame\Content\maher\bauteile_textures_1.upk
[0097.57] Log: OBJ SavePackage: Generating thumbnails for [226] asset(s) in package [bauteile_textures_1] ([226] browsable assets)...
[0097.61] Log: OBJ SavePackage:     Rendered thumbnail for [Material bauteile_textures_1.Materials.Maehdrescher2_Stahl_innereien_002]
[0097.64] Log: OBJ SavePackage:     Rendered thumbnail for [Material bauteile_textures_1.Materials.Maehdrescher2_Stahl_innereien_004]
[0097.65] Log: OBJ SavePackage:     Rendered thumbnail for [Material bauteile_textures_1.Materials.Maehdrescher2_Stahl_innereien_006]
[0097.65] Log: OBJ SavePackage:     Rendered thumbnail for [Material bauteile_textures_1.Materials.Maehdrescher2_Lack_Grau_015]
[0097.66] Log: OBJ SavePackage:     Rendered thumbnail for [Material bauteile_textures_1.Materials.Maehdrescher2_Lack_Grau_017]
[0097.66] Log: OBJ SavePackage:     Rendered thumbnail for [Material bauteile_textures_1.Materials.Maehdrescher2_Lack_Grau_019]
[0097.67] Log: OBJ SavePackage:     Rendered thumbnail for [Material bauteile_textures_1.Materials.Lack-Grau]
[0097.68] Log: OBJ SavePackage:     Rendered thumbnail for [Material bauteile_textures_1.Materials.Maehdrescher2_Knospen1]
[0097.68] Log: OBJ SavePackage:     Rendered thumbnail for [Material bauteile_textures_1.Materials.Maehdrescher2_Rubber_bright_006]
[0097.69] Log: OBJ SavePackage:     Rendered thumbnail for [Material bauteile_textures_1.Materials.Maehdrescher2_Lack_weiss_2_0010]
[0097.69] Log: OBJ SavePackage:     Rendered thumbnail for [Material bauteile_textures_1.Materials.Maehdrescher2_null_1]
[0097.70] Log: OBJ SavePackage:     Rendered thumbnail for [Material bauteile_textures_1.Materials.Maehdrescher2_Steel_2_008]
[0097.71] Log: OBJ SavePackage:     Rendered thumbnail for [Material bauteile_textures_1.Materials.Maehdrescher2_Steel_2_0010]
[0097.71] Log: OBJ SavePackage:     Rendered thumbnail for [Material bauteile_textures_1.Materials.Maehdrescher2_Steel_2_0012]
[0097.72] Log: OBJ SavePackage:     Rendered thumbnail for [Material bauteile_textures_1.Materials.Stahl-innereien]
[0097.72] Log: OBJ SavePackage:     Rendered thumbnail for [Material bauteile_textures_1.Materials.Unnamed]
[0097.73] Log: OBJ SavePackage:     Rendered thumbnail for [Material bauteile_textures_1.Materials.phong20]
[0097.73] Log: OBJ SavePackage:     Rendered thumbnail for [Material bauteile_textures_1.Materials.Lack-blau-3]
[0097.74] Log: OBJ SavePackage:     Rendered thumbnail for [Material bauteile_textures_1.Materials.Brushed-Aluminium]
[0097.75] Log: OBJ SavePackage:     Rendered thumbnail for [Material bauteile_textures_1.Materials.Kornhaufen-H_nger]
[0097.75] Log: OBJ SavePackage:     Rendered thumbnail for [Material bauteile_textures_1.Materials.Lack-H_nger-Neu__Untitled]
[0097.76] Log: OBJ SavePackage:     Rendered thumbnail for [Material bauteile_textures_1.Materials.Lack-H_nger-Neu]
[0097.76] Log: OBJ SavePackage:     Rendered thumbnail for [Material bauteile_textures_1.Materials.Ground1]
[0097.77] Log: OBJ SavePackage:     Rendered thumbnail for [Material bauteile_textures_1.Materials.Maehdrescher2_Auspuff_002]
[0097.78] Log: OBJ SavePackage:     Rendered thumbnail for [Material bauteile_textures_1.Materials.Maehdrescher2_Auspuff_004]
[0097.78] Log: OBJ SavePackage:     Rendered thumbnail for [Material bauteile_textures_1.Materials.Maehdrescher2_Steel_2_006]
[0097.79] Log: OBJ SavePackage:     Rendered thumbnail for [Material bauteile_textures_1.Materials.Maehdrescher2_steel_polished_002]
[0097.79] Log: OBJ SavePackage:     Rendered thumbnail for [Material bauteile_textures_1.Materials.Maehdrescher2_steel_polished_004]
[0097.80] Log: OBJ SavePackage:     Rendered thumbnail for [Material bauteile_textures_1.Materials.Maehdrescher2_steel_polished_006]
[0097.81] Log: OBJ SavePackage:     Rendered thumbnail for [Material bauteile_textures_1.Materials.Maehdrescher2_steel_polished_008]
[0097.81] Log: OBJ SavePackage:     Rendered thumbnail for [Material bauteile_textures_1.Materials.Maehdrescher2_steel_polished_0010]
[0097.82] Log: OBJ SavePackage:     Rendered thumbnail for [Material bauteile_textures_1.Materials.Maehdrescher2_steel_polished_0012]
[0097.82] Log: OBJ SavePackage:     Rendered thumbnail for [Material bauteile_textures_1.Materials.Maehdrescher2_steel_polished_0014]
[0097.83] Log: OBJ SavePackage:     Rendered thumbnail for [Material bauteile_textures_1.Materials.Maehdrescher2_steel_polished_0016]
[0097.84] Log: OBJ SavePackage:     Rendered thumbnail for [Material bauteile_textures_1.Materials.Maehdrescher2_Stahl_innereien_015]
[0097.84] Log: OBJ SavePackage:     Rendered thumbnail for [Material bauteile_textures_1.Materials.Maehdrescher2_Stahl_innereien_017]
[0097.85] Log: OBJ SavePackage:     Rendered thumbnail for [Material bauteile_textures_1.Materials.Maehdrescher2_Stahl_innereien_019]
[0097.85] Log: OBJ SavePackage:     Rendered thumbnail for [Material bauteile_textures_1.Materials.Maehdrescher2_Stahl_innereien_021]
[0097.86] Log: OBJ SavePackage:     Rendered thumbnail for [Material bauteile_textures_1.Materials.Maehdrescher2_Lack_weiss_004]
[0097.87] Log: OBJ SavePackage:     Rendered thumbnail for [Material bauteile_textures_1.Materials.Maehdrescher2_Stahl_innereien_023]
[0097.87] Log: OBJ SavePackage:     Rendered thumbnail for [Material bauteile_textures_1.Materials.Maehdrescher2_Stahl_innereien_025]
[0097.88] Log: OBJ SavePackage:     Rendered thumbnail for [Material bauteile_textures_1.Materials.Maehdrescher2_Motorabdeckung_001_Metallplatte_jpg_002]
[0097.88] Log: OBJ SavePackage:     Rendered thumbnail for [Material bauteile_textures_1.Materials.Steel]
[0097.89] Log: OBJ SavePackage:     Rendered thumbnail for [Material bauteile_textures_1.Materials.Steel-2]
[0097.90] Log: OBJ SavePackage:     Rendered thumbnail for [Material bauteile_textures_1.Materials.phong12]
[0097.90] Log: OBJ SavePackage:     Rendered thumbnail for [Material bauteile_textures_1.Materials.Lack-Grau-dunkel]
[0097.91] Log: OBJ SavePackage:     Rendered thumbnail for [Material bauteile_textures_1.Materials.Maehdrescher2_Lack_blau_3_0012]
[0097.91] Log: OBJ SavePackage:     Rendered thumbnail for [Material bauteile_textures_1.Materials.Maehdrescher2_Lack_schwarz_0014]
[0097.92] Log: OBJ SavePackage:     Rendered thumbnail for [Material bauteile_textures_1.Materials.Maehdrescher2_Lack_schwarz_019]
[0097.93] Log: OBJ SavePackage:     Rendered thumbnail for [Material bauteile_textures_1.Materials.Maehdrescher2_Lack_Grau_ScheinW_001_Plastic_jpg1]
[0097.93] Log: OBJ SavePackage:     Rendered thumbnail for [Material bauteile_textures_1.Materials.Maehdrescher2_RückleuchteTex_001_RÒ_cklicht_jpg1]
[0097.94] Log: OBJ SavePackage:     Rendered thumbnail for [Material bauteile_textures_1.Materials.Maehdrescher2_Lack_weiss_2_TUD_001_TUD_Logo_TestGrid1]
[0097.94] Log: OBJ SavePackage:     Rendered thumbnail for [Material bauteile_textures_1.Materials.Maehdrescher2_Lack_schwarz_002]
[0097.95] Log: OBJ SavePackage:     Rendered thumbnail for [Material bauteile_textures_1.Materials.Maehdrescher2_Lack_Grau_0010]
[0097.96] Log: OBJ SavePackage:     Rendered thumbnail for [Material bauteile_textures_1.Materials.Maehdrescher2_Lack_Grau_0012]
[0097.96] Log: OBJ SavePackage:     Rendered thumbnail for [Material bauteile_textures_1.Materials.Maehdrescher2_GitterKasten_001_metallgitter_durc_003]
[0097.97] Log: OBJ SavePackage:     Rendered thumbnail for [Material bauteile_textures_1.Materials.Maehdrescher2_Lack_Grau_013]
[0097.97] Log: OBJ SavePackage:     Rendered thumbnail for [Material bauteile_textures_1.Materials.Maehdrescher2_Lack_blau_3_008]
[0097.98] Log: OBJ SavePackage:     Rendered thumbnail for [Material bauteile_textures_1.Materials.Maehdrescher2_Lack_weiss_2_0012]
[0097.99] Log: OBJ SavePackage:     Rendered thumbnail for [Material bauteile_textures_1.Materials.Maehdrescher2_Lack_weiss_2_0014]
[0097.99] Log: OBJ SavePackage:     Rendered thumbnail for [Material bauteile_textures_1.Materials.Maehdrescher2_Lack_Grau_031]
[0098.00] Log: OBJ SavePackage:     Rendered thumbnail for [Material bauteile_textures_1.Materials.Maehdrescher2_Lack_weiss_2_0018]
[0098.00] Log: OBJ SavePackage:     Rendered thumbnail for [Material bauteile_textures_1.Materials.Maehdrescher2_Lack_Grau_037]
[0098.01] Log: OBJ SavePackage:     Rendered thumbnail for [Material bauteile_textures_1.Materials.Maehdrescher2_Leuchte_orange_004]
[0098.02] Log: OBJ SavePackage:     Rendered thumbnail for [Material bauteile_textures_1.Materials.Maehdrescher2_Lack_weiss_002]
[0098.02] Log: OBJ SavePackage:     Rendered thumbnail for [Material bauteile_textures_1.Materials.Maehdrescher2_Material_0010]
[0098.03] Log: OBJ SavePackage:     Rendered thumbnail for [Material bauteile_textures_1.Materials.Maehdrescher2_Löscher_Rot_002_Feuerloescher_Bil1]
[0098.04] Log: OBJ SavePackage:     Rendered thumbnail for [Material bauteile_textures_1.Materials.Maehdrescher2_LöscherSchlauch_R1]
[0098.04] Log: OBJ SavePackage:     Rendered thumbnail for [Material bauteile_textures_1.Materials.Maehdrescher2_Lack_schwarz_0016]
[0098.05] Log: OBJ SavePackage:     Rendered thumbnail for [Material bauteile_textures_1.Materials.Maehdrescher2_Lack_weiss_2_011]
[0098.05] Log: OBJ SavePackage:     Rendered thumbnail for [Material bauteile_textures_1.Materials.Maehdrescher2_Rückleuchte_001_Rücklicht_jpg1]
[0098.06] Log: OBJ SavePackage:     Rendered thumbnail for [Material bauteile_textures_1.Materials.Maehdrescher2_Lack_Grau_051]
[0098.07] Log: OBJ SavePackage:     Rendered thumbnail for [Material bauteile_textures_1.Materials.Maehdrescher2_Lack_Grau_053]
[0098.08] Log: OBJ SavePackage:     Rendered thumbnail for [Material bauteile_textures_1.Materials.Maehdrescher2_Lack_schwarz_023]
[0098.08] Log: OBJ SavePackage:     Rendered thumbnail for [Material bauteile_textures_1.Materials.Maehdrescher2_Knospen_006]
[0098.09] Log: OBJ SavePackage:     Rendered thumbnail for [Material bauteile_textures_1.Materials.Maehdrescher2_Brushed_Aluminium_009]
[0098.10] Log: OBJ SavePackage:     Rendered thumbnail for [Material bauteile_textures_1.Materials.Maehdrescher2_Steel_2_0014]
[0098.10] Log: OBJ SavePackage:     Rendered thumbnail for [Material bauteile_textures_1.Materials.Maehdrescher2_Steel_2_0018]
[0098.11] Log: OBJ SavePackage:     Rendered thumbnail for [Material bauteile_textures_1.Materials.Maehdrescher2_Lack_Grau_025]
[0098.12] Log: OBJ SavePackage:     Rendered thumbnail for [Material bauteile_textures_1.Materials.Maehdrescher2_Brushed_Aluminium_0013]
[0098.12] Log: OBJ SavePackage:     Rendered thumbnail for [Material bauteile_textures_1.Materials.Maehdrescher2_Lack_Grau_039]
[0098.13] Log: OBJ SavePackage:     Rendered thumbnail for [Material bauteile_textures_1.Materials.Maehdrescher2_Lack_Grau_041]
[0098.13] Log: OBJ SavePackage:     Rendered thumbnail for [Material bauteile_textures_1.Materials.Maehdrescher2_Lack_Grau_043]
[0098.14] Log: OBJ SavePackage:     Rendered thumbnail for [Material bauteile_textures_1.Materials.Maehdrescher2_Lack_Grau_045]
[0098.15] Log: OBJ SavePackage:     Rendered thumbnail for [Material bauteile_textures_1.Materials.Maehdrescher2_Lack_Grau_047]
[0098.15] Log: OBJ SavePackage:     Rendered thumbnail for [Material bauteile_textures_1.Materials.Maehdrescher2_Lack_Grau_049]
[0098.16] Log: OBJ SavePackage:     Rendered thumbnail for [Material bauteile_textures_1.Materials.Maehdrescher2_Lack_schwarz_004]
[0098.17] Log: OBJ SavePackage:     Rendered thumbnail for [Material bauteile_textures_1.Materials.Maehdrescher2_Rubber_002]
[0098.17] Log: OBJ SavePackage:     Rendered thumbnail for [Material bauteile_textures_1.Materials.Maehdrescher2_Felgen_002]
[0098.18] Log: OBJ SavePackage:     Rendered thumbnail for [Material bauteile_textures_1.Materials.Maehdrescher2_Radmuttern_002]
[0098.19] Log: OBJ SavePackage:     Rendered thumbnail for [Material bauteile_textures_1.Materials.Maehdrescher2_Lack_schwarz_006]
[0098.19] Log: OBJ SavePackage:     Rendered thumbnail for [Material bauteile_textures_1.Materials.Maehdrescher2_Lack_Grau_0014]
[0098.20] Log: OBJ SavePackage:     Rendered thumbnail for [Material bauteile_textures_1.Materials.Maehdrescher2_Steel_002]
[0098.20] Log: OBJ SavePackage:     Rendered thumbnail for [Material bauteile_textures_1.Materials.Maehdrescher2_Lack_schwarz_008]
[0098.21] Log: OBJ SavePackage:     Rendered thumbnail for [Material bauteile_textures_1.Materials.Maehdrescher2_Lack_Grau_0016]
[0098.22] Log: OBJ SavePackage:     Rendered thumbnail for [Material bauteile_textures_1.Materials.Maehdrescher2_Rubber_004]
[0098.22] Log: OBJ SavePackage:     Rendered thumbnail for [Material bauteile_textures_1.Materials.Maehdrescher2_Felgen_004]
[0098.23] Log: OBJ SavePackage:     Rendered thumbnail for [Material bauteile_textures_1.Materials.Maehdrescher2_Radmuttern_004]
[0098.24] Log: OBJ SavePackage:     Rendered thumbnail for [Material bauteile_textures_1.Materials.Maehdrescher2_Steel_004]
[0098.24] Log: OBJ SavePackage:     Rendered thumbnail for [Material bauteile_textures_1.Materials.Maehdrescher2_Lack_Grau_0018]
[0098.25] Log: OBJ SavePackage:     Rendered thumbnail for [Material bauteile_textures_1.Materials.Maehdrescher2_Lack_schwarz_0012]
[0098.25] Log: OBJ SavePackage:     Rendered thumbnail for [Material bauteile_textures_1.Materials.Maehdrescher2_Lack_Grau_011]
[0098.26] Log: OBJ SavePackage:     Rendered thumbnail for [Material bauteile_textures_1.Materials.steel_polished]
[0098.27] Log: OBJ SavePackage:     Rendered thumbnail for [Material bauteile_textures_1.Materials.Maehdrescher2_Lack_Grau_002]
[0098.27] Log: OBJ SavePackage:     Rendered thumbnail for [Material bauteile_textures_1.Materials.Maehdrescher2_Lack_Grau_ScheinW_Plastic_jpg1]
[0098.28] Log: OBJ SavePackage:     Rendered thumbnail for [Material bauteile_textures_1.Materials.Maehdrescher2_ScheinW_O_001_Plastic_jpg1]
[0098.29] Log: OBJ SavePackage:     Rendered thumbnail for [Material bauteile_textures_1.Materials.Maehdrescher2_ScheinW_O_002_Plastic_jpg1]
[0098.29] Log: OBJ SavePackage:     Rendered thumbnail for [Material bauteile_textures_1.Materials.Maehdrescher2_ScheinW_O_003_Plastic_jpg1]
[0098.30] Log: OBJ SavePackage:     Rendered thumbnail for [Material bauteile_textures_1.Materials.Maehdrescher2_ScheinW_O_004_Plastic_jpg1]
[0098.30] Log: OBJ SavePackage:     Rendered thumbnail for [Material bauteile_textures_1.Materials.Maehdrescher2_ScheinW_001_Plastic_jpg1]
[0098.31] Log: OBJ SavePackage:     Rendered thumbnail for [Material bauteile_textures_1.Materials.Maehdrescher2_Spiegel_001_Spiegel_jpg1]
[0098.32] Log: OBJ SavePackage:     Rendered thumbnail for [Material bauteile_textures_1.Materials.Maehdrescher2_Steel_2_002]
[0098.32] Log: OBJ SavePackage:     Rendered thumbnail for [Material bauteile_textures_1.Materials.Maehdrescher2_Steel_2_004]
[0098.33] Log: OBJ SavePackage:     Rendered thumbnail for [Material bauteile_textures_1.Materials.Maehdrescher2_Rubber_bright_002]
[0098.34] Log: OBJ SavePackage:     Rendered thumbnail for [Material bauteile_textures_1.Materials.Maehdrescher2_Lack_Grau_004]
[0098.34] Log: OBJ SavePackage:     Rendered thumbnail for [Material bauteile_textures_1.Materials.Maehdrescher2_Rubber_bright_004]
[0098.35] Log: OBJ SavePackage:     Rendered thumbnail for [Material bauteile_textures_1.Materials.Maehdrescher2_Lack_Grau_006]
[0098.36] Log: OBJ SavePackage:     Rendered thumbnail for [Material bauteile_textures_1.Materials.Maehdrescher2_Lack_Grau_008]
[0098.36] Log: OBJ SavePackage:     Rendered thumbnail for [Material bauteile_textures_1.Materials.Maehdrescher2_Lack_blau_FRONT_001_Untitled_003]
[0098.37] Log: OBJ SavePackage:     Rendered thumbnail for [Material bauteile_textures_1.Materials.Maehdrescher2_Lack_blau_3_002]
[0098.37] Log: OBJ SavePackage:     Rendered thumbnail for [Material bauteile_textures_1.Materials.Maehdrescher2_Lack_weiss_2_002]
[0098.38] Log: OBJ SavePackage:     Rendered thumbnail for [Material bauteile_textures_1.Materials.Maehdrescher2_Lack_weiss_2_004]
[0098.39] Log: OBJ SavePackage:     Rendered thumbnail for [Material bauteile_textures_1.Materials.Maehdrescher2_Lack_weiss_2_006]
[0098.39] Log: OBJ SavePackage:     Rendered thumbnail for [Material bauteile_textures_1.Materials.Maehdrescher2_Lack_weiss_2_008]
[0098.40] Log: OBJ SavePackage:     Rendered thumbnail for [Material bauteile_textures_1.Materials.Maehdrescher2_Lack_blau_3_004]
[0098.41] Log: OBJ SavePackage:     Rendered thumbnail for [Material bauteile_textures_1.Materials.Maehdrescher2_Lack_blau_3_006]
[0098.41] Log: OBJ SavePackage:     Rendered thumbnail for [Material bauteile_textures_1.Materials.Maehdrescher2_Fahrersitz_1_001_canvas_2_jpg1]
[0098.42] Log: OBJ SavePackage:     Rendered thumbnail for [Material bauteile_textures_1.Materials.Maehdrescher2_Material_004]
[0098.43] Log: OBJ SavePackage:     Rendered thumbnail for [Material bauteile_textures_1.Materials.Maehdrescher2_Lack_weiss_2_0016]
[0098.43] Log: OBJ SavePackage:     Rendered thumbnail for [Material bauteile_textures_1.Materials.Maehdrescher2_Lack_Grau_027]
[0098.44] Log: OBJ SavePackage:     Rendered thumbnail for [Material bauteile_textures_1.Materials.Maehdrescher2_Glas_Test_002]
[0098.45] Log: OBJ SavePackage:     Rendered thumbnail for [Material bauteile_textures_1.Materials.Maehdrescher2_Lack_Grau_035]
[0098.45] Log: OBJ SavePackage:     Rendered thumbnail for [Material bauteile_textures_1.Materials.Maehdrescher2_Leuchte_orange_002]
[0098.46] Log: OBJ SavePackage:     Rendered thumbnail for [Material bauteile_textures_1.Materials.Maehdrescher2_Löscher_Rot_001_Feuerloescher_Bil1]
[0098.46] Log: OBJ SavePackage:     Rendered thumbnail for [Material bauteile_textures_1.Materials.Maehdrescher2_LöscherSchlauch_R_002]
[0098.47] Log: OBJ SavePackage:     Rendered thumbnail for [Material bauteile_textures_1.Materials.Maehdrescher2_Türgriff_002]
[0098.48] Log: OBJ SavePackage:     Rendered thumbnail for [Material bauteile_textures_1.Materials.phong21]
[0098.48] Log: OBJ SavePackage:     Rendered thumbnail for [Material bauteile_textures_1.Materials.Maehdrescher2_Lack_weiss_2_013]
[0098.49] Log: OBJ SavePackage:     Rendered thumbnail for [Material bauteile_textures_1.Materials.Kornhaufen-Tank]
[0098.50] Log: OBJ SavePackage:     Rendered thumbnail for [Material bauteile_textures_1.Materials.Lack-weiss-2]
[0098.50] Log: OBJ SavePackage:     Rendered thumbnail for [Material bauteile_textures_1.Materials.phong4]
[0098.51] Log: OBJ SavePackage:     Rendered thumbnail for [Material bauteile_textures_1.Materials.Maehdrescher2_Knospen_002]
[0098.51] Log: OBJ SavePackage:     Rendered thumbnail for [Material bauteile_textures_1.Materials.phong51]
[0098.52] Log: OBJ SavePackage:     Rendered thumbnail for [Material bauteile_textures_1.Materials.phong52]
[0098.53] Log: OBJ SavePackage:     Rendered thumbnail for [Material bauteile_textures_1.Materials.phong53]
[0098.53] Log: OBJ SavePackage:     Rendered thumbnail for [Material bauteile_textures_1.Materials.phong54]
[0098.54] Log: OBJ SavePackage:     Rendered thumbnail for [Material bauteile_textures_1.Materials.phong55]
[0098.55] Log: OBJ SavePackage:     Rendered thumbnail for [Material bauteile_textures_1.Materials.phong56]
[0098.55] Log: OBJ SavePackage:     Rendered thumbnail for [Material bauteile_textures_1.Materials.phong57]
[0098.56] Log: OBJ SavePackage:     Rendered thumbnail for [Material bauteile_textures_1.Materials.phong58]
[0098.57] Log: OBJ SavePackage:     Rendered thumbnail for [Material bauteile_textures_1.Materials.phong59]
[0098.57] Log: OBJ SavePackage:     Rendered thumbnail for [Material bauteile_textures_1.Materials.phong60]
[0098.58] Log: OBJ SavePackage:     Rendered thumbnail for [Material bauteile_textures_1.Materials.phong61]
[0098.59] Log: OBJ SavePackage:     Rendered thumbnail for [Material bauteile_textures_1.Materials.phong62]
[0098.59] Log: OBJ SavePackage:     Rendered thumbnail for [Material bauteile_textures_1.Materials.phong63]
[0098.60] Log: OBJ SavePackage:     Rendered thumbnail for [Material bauteile_textures_1.Materials.phong64]
[0098.61] Log: OBJ SavePackage:     Rendered thumbnail for [Material bauteile_textures_1.Materials.phong65]
[0098.61] Log: OBJ SavePackage:     Rendered thumbnail for [Material bauteile_textures_1.Materials.phong66]
[0098.62] Log: OBJ SavePackage:     Rendered thumbnail for [Material bauteile_textures_1.Materials.phong67]
[0098.63] Log: OBJ SavePackage:     Rendered thumbnail for [Material bauteile_textures_1.Materials.phong68]
[0098.63] Log: OBJ SavePackage:     Rendered thumbnail for [Material bauteile_textures_1.Materials.phong69]
[0098.64] Log: OBJ SavePackage:     Rendered thumbnail for [Material bauteile_textures_1.Materials.phong70]
[0098.65] Log: OBJ SavePackage:     Rendered thumbnail for [Material bauteile_textures_1.Materials.phong71]
[0098.66] Log: OBJ SavePackage:     Rendered thumbnail for [Material bauteile_textures_1.Materials.phong72]
[0098.67] Log: OBJ SavePackage:     Rendered thumbnail for [Material bauteile_textures_1.Materials.phong73]
[0098.67] Log: OBJ SavePackage:     Rendered thumbnail for [Material bauteile_textures_1.Materials.phong74]
[0098.68] Log: OBJ SavePackage:     Rendered thumbnail for [Material bauteile_textures_1.Materials.Lack-weiss]
[0098.69] Log: OBJ SavePackage:     Rendered thumbnail for [Material bauteile_textures_1.Materials.phong75]
[0098.70] Log: OBJ SavePackage:     Rendered thumbnail for [Material bauteile_textures_1.Materials.phong76]
[0098.70] Log: OBJ SavePackage:     Rendered thumbnail for [Material bauteile_textures_1.Materials.phong77]
[0098.71] Log: OBJ SavePackage:     Rendered thumbnail for [Material bauteile_textures_1.Materials.phong78]
[0098.72] Log: OBJ SavePackage:     Rendered thumbnail for [Material bauteile_textures_1.Materials.phong79]
[0098.73] Log: OBJ SavePackage:     Rendered thumbnail for [Material bauteile_textures_1.Materials.phong80]
[0098.73] Log: OBJ SavePackage:     Rendered thumbnail for [Material bauteile_textures_1.Materials.phong81]
[0098.74] Log: OBJ SavePackage:     Rendered thumbnail for [Material bauteile_textures_1.Materials.phong82]
[0098.75] Log: OBJ SavePackage:     Rendered thumbnail for [Material bauteile_textures_1.Materials.phong83]
[0098.76] Log: OBJ SavePackage:     Rendered thumbnail for [Material bauteile_textures_1.Materials.phong84]
[0098.77] Log: OBJ SavePackage:     Rendered thumbnail for [Material bauteile_textures_1.Materials.phong85]
[0098.77] Log: OBJ SavePackage:     Rendered thumbnail for [Material bauteile_textures_1.Materials.phong86]
[0098.78] Log: OBJ SavePackage:     Rendered thumbnail for [Material bauteile_textures_1.Materials.phong87]
[0098.79] Log: OBJ SavePackage:     Rendered thumbnail for [Material bauteile_textures_1.Materials.phong88]
[0098.80] Log: OBJ SavePackage:     Rendered thumbnail for [Material bauteile_textures_1.Materials.phong89]
[0098.81] Log: OBJ SavePackage:     Rendered thumbnail for [Material bauteile_textures_1.Materials.phong90]
[0098.81] Log: OBJ SavePackage:     Rendered thumbnail for [Material bauteile_textures_1.Materials.phong91]
[0098.82] Log: OBJ SavePackage:     Rendered thumbnail for [Material bauteile_textures_1.Materials.phong92]
[0098.83] Log: OBJ SavePackage:     Rendered thumbnail for [Material bauteile_textures_1.Materials.phong93]
[0098.83] Log: OBJ SavePackage:     Rendered thumbnail for [Material bauteile_textures_1.Materials.phong94]
[0098.84] Log: OBJ SavePackage:     Rendered thumbnail for [Material bauteile_textures_1.Materials.phong95]
[0098.85] Log: OBJ SavePackage:     Rendered thumbnail for [Material bauteile_textures_1.Materials.phong96]
[0098.86] Log: OBJ SavePackage:     Rendered thumbnail for [Material bauteile_textures_1.Materials.phong97]
[0098.86] Log: OBJ SavePackage:     Rendered thumbnail for [Material bauteile_textures_1.Materials.phong98]
[0098.87] Log: OBJ SavePackage:     Rendered thumbnail for [Material bauteile_textures_1.Materials.phong99]
[0098.88] Log: OBJ SavePackage:     Rendered thumbnail for [Material bauteile_textures_1.Materials.phong100]
[0098.89] Log: OBJ SavePackage:     Rendered thumbnail for [Material bauteile_textures_1.Materials.Motorabdeckung__Metallplatte_jpg_001]
[0098.89] Log: OBJ SavePackage:     Rendered thumbnail for [Material bauteile_textures_1.Materials.Auspuff1]
[0098.90] Log: OBJ SavePackage:     Rendered thumbnail for [Material bauteile_textures_1.Materials.phong101]
[0098.91] Log: OBJ SavePackage:     Rendered thumbnail for [Material bauteile_textures_1.Materials.phong103]
[0098.91] Log: OBJ SavePackage:     Rendered thumbnail for [Material bauteile_textures_1.Materials.Maehdrescher2_Stahl_innereien_008]
[0098.92] Log: OBJ SavePackage:     Rendered thumbnail for [Material bauteile_textures_1.Materials.Maehdrescher2_Brushed_Aluminium_003]
[0098.93] Log: OBJ SavePackage:     Rendered thumbnail for [Material bauteile_textures_1.Materials.Maehdrescher2_Stahl_innereien_0010]
[0098.93] Log: OBJ SavePackage:     Rendered thumbnail for [Material bauteile_textures_1.Materials.Maehdrescher2_Brushed_Aluminium_005]
[0098.94] Log: OBJ SavePackage:     Rendered thumbnail for [Material bauteile_textures_1.Materials.Maehdrescher2_Stahl_innereien_0012]
[0098.95] Log: OBJ SavePackage:     Rendered thumbnail for [Material bauteile_textures_1.Materials.Maehdrescher2_Brushed_Aluminium_007]
[0098.95] Log: OBJ SavePackage:     Rendered thumbnail for [Material bauteile_textures_1.Materials.Maehdrescher2_Lack_blau_3_0014]
[0098.96] Log: OBJ SavePackage:     Rendered thumbnail for [Material bauteile_textures_1.Materials.Maehdrescher2_Material_002]
[0098.97] Log: OBJ SavePackage:     Rendered thumbnail for [Material bauteile_textures_1.Materials.Maehdrescher2_Lack_Grau_021]
[0098.97] Log: OBJ SavePackage:     Rendered thumbnail for [Material bauteile_textures_1.Materials.Maehdrescher2_Steel_2_0016]
[0098.98] Log: OBJ SavePackage:     Rendered thumbnail for [Material bauteile_textures_1.Materials.Maehdrescher2_Lack_blau_3_0016]
[0098.99] Log: OBJ SavePackage:     Rendered thumbnail for [Material bauteile_textures_1.Materials.Maehdrescher2_Brushed_Aluminium_0011]
[0098.99] Log: OBJ SavePackage:     Rendered thumbnail for [Material bauteile_textures_1.Materials.Maehdrescher2_Lack_Grau_023]
[0099.00] Log: OBJ SavePackage:     Rendered thumbnail for [Material bauteile_textures_1.Materials.Maehdrescher2_Stroh_002]
[0099.01] Log: OBJ SavePackage:     Rendered thumbnail for [Material bauteile_textures_1.Materials.Maehdrescher2_Lack_blau_3_0010]
[0099.01] Log: OBJ SavePackage:     Rendered thumbnail for [Material bauteile_textures_1.Materials.phong10]
[0099.02] Log: OBJ SavePackage:     Rendered thumbnail for [Material bauteile_textures_1.Materials.Lack-schwarz]
[0099.03] Log: OBJ SavePackage:     Rendered thumbnail for [Material bauteile_textures_1.Materials.Maehdrescher2_Lack_Grau_029]
[0099.03] Log: OBJ SavePackage:     Rendered thumbnail for [Material bauteile_textures_1.Materials.Maehdrescher2_Lack_Grau_033]
[0099.04] Log: OBJ SavePackage:     Rendered thumbnail for [Material bauteile_textures_1.Materials.Maehdrescher2_Lack_blau_3_0018]
[0099.05] Log: OBJ SavePackage:     Rendered thumbnail for [Material bauteile_textures_1.Materials.Maehdrescher2_Rubber_bright_008]
[0099.05] Log: OBJ SavePackage:     Rendered thumbnail for [Material bauteile_textures_1.Materials.Maehdrescher2_Steel_2_011]
[0099.06] Log: OBJ SavePackage:     Rendered thumbnail for [Material bauteile_textures_1.Materials.Maehdrescher2_Rubber_006]
[0099.07] Log: OBJ SavePackage:     Rendered thumbnail for [Material bauteile_textures_1.Materials.Maehdrescher2_Felgen_006]
[0099.07] Log: OBJ SavePackage:     Rendered thumbnail for [Material bauteile_textures_1.Materials.Maehdrescher2_Radmuttern_006]
[0099.08] Log: OBJ SavePackage:     Rendered thumbnail for [Material bauteile_textures_1.Materials.Maehdrescher2_Rubber_008]
[0099.08] Log: OBJ SavePackage:     Rendered thumbnail for [Material bauteile_textures_1.Materials.Maehdrescher2_Felgen_008]
[0099.09] Log: OBJ SavePackage:     Rendered thumbnail for [Material bauteile_textures_1.Materials.Maehdrescher2_Radmuttern_008]
[0099.10] Log: OBJ SavePackage:     Rendered thumbnail for [Material bauteile_textures_1.Materials.Brushed-Aluminium_001]
[0099.10] Log: OBJ SavePackage: Finished generating thumbnails for package [bauteile_textures_1]
[0099.10] Cmd: OBJ SAVEPACKAGE PACKAGE="bauteile_textures_1" FILE="C:\UDK\UDK-2014-02\UDKGame\Content\maher\bauteile_textures_1.upk"
[0099.12] Warning: ConditionalFlattenMaterial: Invalid FlattenType: 2
[0099.12] Warning: ConditionalFlattenMaterial: Invalid FlattenType: 2
[0099.12] Warning: ConditionalFlattenMaterial: Invalid FlattenType: 2
[0099.12] Warning: ConditionalFlattenMaterial: Invalid FlattenType: 2
[0099.12] Warning: ConditionalFlattenMaterial: Invalid FlattenType: 2
[0099.12] Warning: ConditionalFlattenMaterial: Invalid FlattenType: 2
[0099.12] Warning: ConditionalFlattenMaterial: Invalid FlattenType: 2
[0099.12] Warning: ConditionalFlattenMaterial: Invalid FlattenType: 2
[0099.12] Warning: ConditionalFlattenMaterial: Invalid FlattenType: 2
[0099.12] Warning: ConditionalFlattenMaterial: Invalid FlattenType: 2
[0099.12] Warning: ConditionalFlattenMaterial: Invalid FlattenType: 2
[0099.12] Warning: ConditionalFlattenMaterial: Invalid FlattenType: 2
[0099.12] Warning: ConditionalFlattenMaterial: Invalid FlattenType: 2
[0099.12] Warning: ConditionalFlattenMaterial: Invalid FlattenType: 2
[0099.12] Warning: ConditionalFlattenMaterial: Invalid FlattenType: 2
[0099.12] Warning: ConditionalFlattenMaterial: Invalid FlattenType: 2
[0099.12] Warning: ConditionalFlattenMaterial: Invalid FlattenType: 2
[0099.12] Warning: ConditionalFlattenMaterial: Invalid FlattenType: 2
[0099.13] Warning: ConditionalFlattenMaterial: Invalid FlattenType: 2
[0099.13] Warning: ConditionalFlattenMaterial: Invalid FlattenType: 2
[0099.13] Warning: ConditionalFlattenMaterial: Invalid FlattenType: 2
[0099.13] Warning: ConditionalFlattenMaterial: Invalid FlattenType: 2
[0099.13] Warning: ConditionalFlattenMaterial: Invalid FlattenType: 2
[0099.13] Warning: ConditionalFlattenMaterial: Invalid FlattenType: 2
[0099.13] Warning: ConditionalFlattenMaterial: Invalid FlattenType: 2
[0099.13] Warning: ConditionalFlattenMaterial: Invalid FlattenType: 2
[0099.13] Warning: ConditionalFlattenMaterial: Invalid FlattenType: 2
[0099.13] Warning: ConditionalFlattenMaterial: Invalid FlattenType: 2
[0099.13] Warning: ConditionalFlattenMaterial: Invalid FlattenType: 2
[0099.13] Warning: ConditionalFlattenMaterial: Invalid FlattenType: 2
[0099.13] Warning: ConditionalFlattenMaterial: Invalid FlattenType: 2
[0099.13] Warning: ConditionalFlattenMaterial: Invalid FlattenType: 2
[0099.13] Warning: ConditionalFlattenMaterial: Invalid FlattenType: 2
[0099.13] Warning: ConditionalFlattenMaterial: Invalid FlattenType: 2
[0099.13] Warning: ConditionalFlattenMaterial: Invalid FlattenType: 2
[0099.13] Warning: ConditionalFlattenMaterial: Invalid FlattenType: 2
[0099.13] Warning: ConditionalFlattenMaterial: Invalid FlattenType: 2
[0099.13] Warning: ConditionalFlattenMaterial: Invalid FlattenType: 2
[0099.13] Warning: ConditionalFlattenMaterial: Invalid FlattenType: 2
[0099.13] Warning: ConditionalFlattenMaterial: Invalid FlattenType: 2
[0099.13] Warning: ConditionalFlattenMaterial: Invalid FlattenType: 2
[0099.13] Warning: ConditionalFlattenMaterial: Invalid FlattenType: 2
[0099.13] Warning: ConditionalFlattenMaterial: Invalid FlattenType: 2
[0099.13] Warning: ConditionalFlattenMaterial: Invalid FlattenType: 2
[0099.13] Warning: ConditionalFlattenMaterial: Invalid FlattenType: 2
[0099.13] Warning: ConditionalFlattenMaterial: Invalid FlattenType: 2
[0099.14] Warning: ConditionalFlattenMaterial: Invalid FlattenType: 2
[0099.14] Warning: ConditionalFlattenMaterial: Invalid FlattenType: 2
[0099.14] Warning: ConditionalFlattenMaterial: Invalid FlattenType: 2
[0099.14] Warning: ConditionalFlattenMaterial: Invalid FlattenType: 2
[0099.14] Warning: ConditionalFlattenMaterial: Invalid FlattenType: 2
[0099.14] Warning: ConditionalFlattenMaterial: Invalid FlattenType: 2
[0099.14] Warning: ConditionalFlattenMaterial: Invalid FlattenType: 2
[0099.14] Warning: ConditionalFlattenMaterial: Invalid FlattenType: 2
[0099.14] Warning: ConditionalFlattenMaterial: Invalid FlattenType: 2
[0099.14] Warning: ConditionalFlattenMaterial: Invalid FlattenType: 2
[0099.14] Warning: ConditionalFlattenMaterial: Invalid FlattenType: 2
[0099.14] Warning: ConditionalFlattenMaterial: Invalid FlattenType: 2
[0099.14] Warning: ConditionalFlattenMaterial: Invalid FlattenType: 2
[0099.14] Warning: ConditionalFlattenMaterial: Invalid FlattenType: 2
[0099.14] Warning: ConditionalFlattenMaterial: Invalid FlattenType: 2
[0099.14] Warning: ConditionalFlattenMaterial: Invalid FlattenType: 2
[0099.14] Warning: ConditionalFlattenMaterial: Invalid FlattenType: 2
[0099.14] Warning: ConditionalFlattenMaterial: Invalid FlattenType: 2
[0099.14] Warning: ConditionalFlattenMaterial: Invalid FlattenType: 2
[0099.14] Warning: ConditionalFlattenMaterial: Invalid FlattenType: 2
[0099.14] Warning: ConditionalFlattenMaterial: Invalid FlattenType: 2
[0099.14] Warning: ConditionalFlattenMaterial: Invalid FlattenType: 2
[0099.14] Warning: ConditionalFlattenMaterial: Invalid FlattenType: 2
[0099.14] Warning: ConditionalFlattenMaterial: Invalid FlattenType: 2
[0099.14] Warning: ConditionalFlattenMaterial: Invalid FlattenType: 2
[0099.14] Warning: ConditionalFlattenMaterial: Invalid FlattenType: 2
[0099.14] Warning: ConditionalFlattenMaterial: Invalid FlattenType: 2
[0099.14] Warning: ConditionalFlattenMaterial: Invalid FlattenType: 2
[0099.15] Warning: ConditionalFlattenMaterial: Invalid FlattenType: 2
[0099.15] Warning: ConditionalFlattenMaterial: Invalid FlattenType: 2
[0099.15] Warning: ConditionalFlattenMaterial: Invalid FlattenType: 2
[0099.15] Warning: ConditionalFlattenMaterial: Invalid FlattenType: 2
[0099.15] Warning: ConditionalFlattenMaterial: Invalid FlattenType: 2
[0099.15] Warning: ConditionalFlattenMaterial: Invalid FlattenType: 2
[0099.15] Warning: ConditionalFlattenMaterial: Invalid FlattenType: 2
[0099.15] Warning: ConditionalFlattenMaterial: Invalid FlattenType: 2
[0099.15] Warning: ConditionalFlattenMaterial: Invalid FlattenType: 2
[0099.15] Warning: ConditionalFlattenMaterial: Invalid FlattenType: 2
[0099.15] Warning: ConditionalFlattenMaterial: Invalid FlattenType: 2
[0099.15] Warning: ConditionalFlattenMaterial: Invalid FlattenType: 2
[0099.15] Warning: ConditionalFlattenMaterial: Invalid FlattenType: 2
[0099.15] Warning: ConditionalFlattenMaterial: Invalid FlattenType: 2
[0099.15] Warning: ConditionalFlattenMaterial: Invalid FlattenType: 2
[0099.15] Warning: ConditionalFlattenMaterial: Invalid FlattenType: 2
[0099.15] Warning: ConditionalFlattenMaterial: Invalid FlattenType: 2
[0099.15] Warning: ConditionalFlattenMaterial: Invalid FlattenType: 2
[0099.15] Warning: ConditionalFlattenMaterial: Invalid FlattenType: 2
[0099.15] Warning: ConditionalFlattenMaterial: Invalid FlattenType: 2
[0099.15] Warning: ConditionalFlattenMaterial: Invalid FlattenType: 2
[0099.15] Warning: ConditionalFlattenMaterial: Invalid FlattenType: 2
[0099.15] Warning: ConditionalFlattenMaterial: Invalid FlattenType: 2
[0099.15] Warning: ConditionalFlattenMaterial: Invalid FlattenType: 2
[0099.15] Warning: ConditionalFlattenMaterial: Invalid FlattenType: 2
[0099.15] Warning: ConditionalFlattenMaterial: Invalid FlattenType: 2
[0099.15] Warning: ConditionalFlattenMaterial: Invalid FlattenType: 2
[0099.16] Warning: ConditionalFlattenMaterial: Invalid FlattenType: 2
[0099.16] Warning: ConditionalFlattenMaterial: Invalid FlattenType: 2
[0099.16] Warning: ConditionalFlattenMaterial: Invalid FlattenType: 2
[0099.16] Warning: ConditionalFlattenMaterial: Invalid FlattenType: 2
[0099.16] Warning: ConditionalFlattenMaterial: Invalid FlattenType: 2
[0099.16] Warning: ConditionalFlattenMaterial: Invalid FlattenType: 2
[0099.16] Warning: ConditionalFlattenMaterial: Invalid FlattenType: 2
[0099.16] Warning: ConditionalFlattenMaterial: Invalid FlattenType: 2
[0099.16] Warning: ConditionalFlattenMaterial: Invalid FlattenType: 2
[0099.16] Warning: ConditionalFlattenMaterial: Invalid FlattenType: 2
[0099.16] Warning: ConditionalFlattenMaterial: Invalid FlattenType: 2
[0099.16] Warning: ConditionalFlattenMaterial: Invalid FlattenType: 2
[0099.16] Warning: ConditionalFlattenMaterial: Invalid FlattenType: 2
[0099.16] Warning: ConditionalFlattenMaterial: Invalid FlattenType: 2
[0099.16] Warning: ConditionalFlattenMaterial: Invalid FlattenType: 2
[0099.16] Warning: ConditionalFlattenMaterial: Invalid FlattenType: 2
[0099.16] Warning: ConditionalFlattenMaterial: Invalid FlattenType: 2
[0099.16] Warning: ConditionalFlattenMaterial: Invalid FlattenType: 2
[0099.16] Warning: ConditionalFlattenMaterial: Invalid FlattenType: 2
[0099.16] Warning: ConditionalFlattenMaterial: Invalid FlattenType: 2
[0099.16] Warning: ConditionalFlattenMaterial: Invalid FlattenType: 2
[0099.16] Warning: ConditionalFlattenMaterial: Invalid FlattenType: 2
[0099.16] Warning: ConditionalFlattenMaterial: Invalid FlattenType: 2
[0099.16] Warning: ConditionalFlattenMaterial: Invalid FlattenType: 2
[0099.16] Warning: ConditionalFlattenMaterial: Invalid FlattenType: 2
[0099.16] Warning: ConditionalFlattenMaterial: Invalid FlattenType: 2
[0099.17] Warning: ConditionalFlattenMaterial: Invalid FlattenType: 2
[0099.17] Warning: ConditionalFlattenMaterial: Invalid FlattenType: 2
[0099.17] Warning: ConditionalFlattenMaterial: Invalid FlattenType: 2
[0099.17] Warning: ConditionalFlattenMaterial: Invalid FlattenType: 2
[0099.17] Warning: ConditionalFlattenMaterial: Invalid FlattenType: 2
[0099.17] Warning: ConditionalFlattenMaterial: Invalid FlattenType: 2
[0099.17] Warning: ConditionalFlattenMaterial: Invalid FlattenType: 2
[0099.17] Warning: ConditionalFlattenMaterial: Invalid FlattenType: 2
[0099.17] Warning: ConditionalFlattenMaterial: Invalid FlattenType: 2
[0099.17] Warning: ConditionalFlattenMaterial: Invalid FlattenType: 2
[0099.17] Warning: ConditionalFlattenMaterial: Invalid FlattenType: 2
[0099.17] Warning: ConditionalFlattenMaterial: Invalid FlattenType: 2
[0099.17] Warning: ConditionalFlattenMaterial: Invalid FlattenType: 2
[0099.17] Warning: ConditionalFlattenMaterial: Invalid FlattenType: 2
[0099.17] Warning: ConditionalFlattenMaterial: Invalid FlattenType: 2
[0099.17] Warning: ConditionalFlattenMaterial: Invalid FlattenType: 2
[0099.17] Warning: ConditionalFlattenMaterial: Invalid FlattenType: 2
[0099.17] Warning: ConditionalFlattenMaterial: Invalid FlattenType: 2
[0099.17] Warning: ConditionalFlattenMaterial: Invalid FlattenType: 2
[0099.17] Warning: ConditionalFlattenMaterial: Invalid FlattenType: 2
[0099.17] Warning: ConditionalFlattenMaterial: Invalid FlattenType: 2
[0099.17] Warning: ConditionalFlattenMaterial: Invalid FlattenType: 2
[0099.17] Warning: ConditionalFlattenMaterial: Invalid FlattenType: 2
[0099.17] Warning: ConditionalFlattenMaterial: Invalid FlattenType: 2
[0099.17] Warning: ConditionalFlattenMaterial: Invalid FlattenType: 2
[0099.17] Warning: ConditionalFlattenMaterial: Invalid FlattenType: 2
[0099.18] Warning: ConditionalFlattenMaterial: Invalid FlattenType: 2
[0099.18] Warning: ConditionalFlattenMaterial: Invalid FlattenType: 2
[0099.18] Warning: ConditionalFlattenMaterial: Invalid FlattenType: 2
[0099.18] Warning: ConditionalFlattenMaterial: Invalid FlattenType: 2
[0099.18] Warning: ConditionalFlattenMaterial: Invalid FlattenType: 2
[0099.18] Warning: ConditionalFlattenMaterial: Invalid FlattenType: 2
[0099.18] Warning: ConditionalFlattenMaterial: Invalid FlattenType: 2
[0099.18] Warning: ConditionalFlattenMaterial: Invalid FlattenType: 2
[0099.18] Warning: ConditionalFlattenMaterial: Invalid FlattenType: 2
[0099.18] Warning: ConditionalFlattenMaterial: Invalid FlattenType: 2
[0099.18] Warning: ConditionalFlattenMaterial: Invalid FlattenType: 2
[0099.18] Warning: ConditionalFlattenMaterial: Invalid FlattenType: 2
[0099.18] Warning: ConditionalFlattenMaterial: Invalid FlattenType: 2
[0099.18] Warning: ConditionalFlattenMaterial: Invalid FlattenType: 2
[0099.18] Warning: ConditionalFlattenMaterial: Invalid FlattenType: 2
[0099.18] Warning: ConditionalFlattenMaterial: Invalid FlattenType: 2
[0099.18] Warning: ConditionalFlattenMaterial: Invalid FlattenType: 2
[0099.18] Warning: ConditionalFlattenMaterial: Invalid FlattenType: 2
[0099.18] Warning: ConditionalFlattenMaterial: Invalid FlattenType: 2
[0099.18] Warning: ConditionalFlattenMaterial: Invalid FlattenType: 2
[0099.18] Warning: ConditionalFlattenMaterial: Invalid FlattenType: 2
[0099.18] Warning: ConditionalFlattenMaterial: Invalid FlattenType: 2
[0099.18] Warning: ConditionalFlattenMaterial: Invalid FlattenType: 2
[0099.18] Warning: ConditionalFlattenMaterial: Invalid FlattenType: 2
[0099.19] Warning: ConditionalFlattenMaterial: Invalid FlattenType: 2
[0099.19] Warning: ConditionalFlattenMaterial: Invalid FlattenType: 2
[0099.19] Warning: ConditionalFlattenMaterial: Invalid FlattenType: 2
[0099.19] Warning: ConditionalFlattenMaterial: Invalid FlattenType: 2
[0099.19] Warning: ConditionalFlattenMaterial: Invalid FlattenType: 2
[0099.19] Warning: ConditionalFlattenMaterial: Invalid FlattenType: 2
[0099.19] Warning: ConditionalFlattenMaterial: Invalid FlattenType: 2
[0099.19] Warning: ConditionalFlattenMaterial: Invalid FlattenType: 2
[0099.19] Warning: ConditionalFlattenMaterial: Invalid FlattenType: 2
[0099.19] Warning: ConditionalFlattenMaterial: Invalid FlattenType: 2
[0099.19] Warning: ConditionalFlattenMaterial: Invalid FlattenType: 2
[0099.19] Warning: ConditionalFlattenMaterial: Invalid FlattenType: 2
[0099.19] Warning: ConditionalFlattenMaterial: Invalid FlattenType: 2
[0099.19] Warning: ConditionalFlattenMaterial: Invalid FlattenType: 2
[0099.19] Warning: ConditionalFlattenMaterial: Invalid FlattenType: 2
[0099.19] Warning: ConditionalFlattenMaterial: Invalid FlattenType: 2
[0099.19] Warning: ConditionalFlattenMaterial: Invalid FlattenType: 2
[0099.19] Warning: ConditionalFlattenMaterial: Invalid FlattenType: 2
[0099.19] Warning: ConditionalFlattenMaterial: Invalid FlattenType: 2
[0099.19] Warning: ConditionalFlattenMaterial: Invalid FlattenType: 2
[0099.19] Warning: ConditionalFlattenMaterial: Invalid FlattenType: 2
[0099.19] Warning: ConditionalFlattenMaterial: Invalid FlattenType: 2
[0099.19] Warning: ConditionalFlattenMaterial: Invalid FlattenType: 2
[0099.19] Warning: ConditionalFlattenMaterial: Invalid FlattenType: 2
[0099.19] Warning: ConditionalFlattenMaterial: Invalid FlattenType: 2
[0099.20] Warning: ConditionalFlattenMaterial: Invalid FlattenType: 2
[0099.20] Warning: ConditionalFlattenMaterial: Invalid FlattenType: 2
[0099.20] Warning: ConditionalFlattenMaterial: Invalid FlattenType: 2
[0099.20] Warning: ConditionalFlattenMaterial: Invalid FlattenType: 2
[0099.20] Warning: ConditionalFlattenMaterial: Invalid FlattenType: 2
[0099.20] Warning: ConditionalFlattenMaterial: Invalid FlattenType: 2
[0099.20] Warning: ConditionalFlattenMaterial: Invalid FlattenType: 2
[0099.20] Warning: ConditionalFlattenMaterial: Invalid FlattenType: 2
[0099.20] Warning: ConditionalFlattenMaterial: Invalid FlattenType: 2
[0099.20] Warning: ConditionalFlattenMaterial: Invalid FlattenType: 2
[0099.20] Warning: ConditionalFlattenMaterial: Invalid FlattenType: 2
[0099.20] Warning: ConditionalFlattenMaterial: Invalid FlattenType: 2
[0099.20] Warning: ConditionalFlattenMaterial: Invalid FlattenType: 2
[0099.20] Warning: ConditionalFlattenMaterial: Invalid FlattenType: 2
[0099.20] Warning: ConditionalFlattenMaterial: Invalid FlattenType: 2
[0099.20] Warning: ConditionalFlattenMaterial: Invalid FlattenType: 2
[0099.20] Warning: ConditionalFlattenMaterial: Invalid FlattenType: 2
[0099.20] Warning: ConditionalFlattenMaterial: Invalid FlattenType: 2
[0099.20] Warning: ConditionalFlattenMaterial: Invalid FlattenType: 2
[0099.20] Warning: ConditionalFlattenMaterial: Invalid FlattenType: 2
[0099.20] Warning: ConditionalFlattenMaterial: Invalid FlattenType: 2
[0099.20] Warning: ConditionalFlattenMaterial: Invalid FlattenType: 2
[0099.20] Warning: ConditionalFlattenMaterial: Invalid FlattenType: 2
[0099.21] Warning: ConditionalFlattenMaterial: Invalid FlattenType: 2
[0101.04] Log: Save=1830.895966
[0101.04] Log: Moving 'C:\UDK\UDK-2014-02\UDKGame\Content\maher\bauteile_textures_1_save.tmp' to 'C:\UDK\UDK-2014-02\UDKGame\Content\maher\bauteile_textures_1.upk'
[0126.74] Log: OBJ SavePackage: Generating thumbnails for [0] asset(s) in package [Maehdrescher] ([83] browsable assets)...
[0126.74] Log: OBJ SavePackage: Finished generating thumbnails for package [Maehdrescher]
[0126.74] Cmd: OBJ SAVEPACKAGE PACKAGE="Maehdrescher" FILE="..\..\UDKGame\Content\maher\Maehdrescher.upk" SILENT=TRUE
[0129.69] Log: Save=2906.678991
[0129.69] Log: Moving '..\..\UDKGame\Content\maher\Maehdrescher_save.tmp' to '..\..\UDKGame\Content\maher\Maehdrescher.upk'
[0131.22] Log: Saving Package: Maehdrescher
[0131.95] Exit: Preparing to exit.
[0132.15] Exit: Editor shut down
[0132.16] Exit: Transaction tracking system shut down
[0132.24] Exit: Windows client shut down
[0132.27] Exit: XAudio2 Device shut down.
[0132.32] Exit: Object subsystem successfully closed.
[0132.32] Log: Shutting down FaceFX...
[0132.32] Log: FaceFX shutdown.
[0132.35] Exit: Exiting.
[0132.36] Log: Log file closed, 06/17/14 12:07:26
