Log: Log file open, 06/17/14 11:55:37
Init: WinSock: version 1.1 (2.2), MaxSocks=32767, MaxUdp=65467
DevConfig: GConfig::Find has loaded file:  ..\..\Engine\Config\ConsoleVariables.ini
Init: Version: 12097
Init: Epic Internal: 0
Init: Compiled (64-bit): Feb 17 2014 13:34:55
Init: Changelist: 1999891
Init: Command line: editor 
Init: Base directory: C:\UDK\UDK-2014-02\Binaries\Win64\
[0000.53] Init: Computer: NATALIE-PC
[0000.53] Init: User: Natalie
[0000.53] Init: CPU Page size=4096, Processors=6
[0000.53] Init: High frequency timer resolution =14.318180 MHz
[0000.53] Init: Memory total: Physical=8.0GB (8GB approx) Pagefile=16.0GB Virtual=8192.0GB
[0000.53] Log: Steam Client API Disabled!
[0000.56] Init: WinSock: I am Natalie-PC (192.168.0.180:0)
[0000.56] Init: Presizing for 0 objects not considered by GC, pre-allocating 0 bytes.
[0000.56] Init: Object subsystem initialized
[0000.56] Warning: Warning, Unknown language extension DEU. Defaulting to INT
[0000.59] Log: SystemSettings based on: SystemSettings
[0000.59] Log: Found D3D11 adapter 0: ATI Radeon HD 5700 Series
[0000.59] Log: Adapter has 1012MB of dedicated video memory, 0MB of dedicated system memory, and 3839MB of shared system memory
[0000.61] Log: Shader platform (RHI): PC-D3D-SM3
[0035.76] Log: PhysX GPU Support: DISABLED
[0035.76] Init: Initializing FaceFX...
[0035.76] Init: FaceFX 1.7.4 initialized.
[0038.62] Init: Finished loading startup packages in 2.71 seconds
[0038.64] Log: 85667 objects as part of root set at end of initial load.
[0038.64] Log: 0 out of 0 bytes used by permanent object pool.
[0039.34] Log: Supported Consoles:
[0039.34] Log:   IPhone
[0039.34] Log:   Mac
[0039.34] Log:   PC
[0039.34] Log: Initializing Engine...
[0039.47] Log: Encountered missing default brush - spawning new one
[0039.48] Init: UEngine initialized
[0039.48] Log: Primary PhysX scene will be in software.
[0039.48] Log: Creating Primary PhysX Scene.
[0039.49] Init: Transaction tracking system initialized
[0039.57] Log: Can't find edit package 'OnlineSubsystemGameSpy'
[0039.57] Log: Can't find edit package 'OnlineSubsystemLive'
[0040.28] Init: XAudio2 using 'Lautsprecher (VIA High Definition Audio)' : 2 channels at 48 kHz using 32 bits per sample (channel mask 0x3)
[0040.34] Init: XAudio2Device initialized.
[0040.40] Init: Client initialized
[0040.40] Init: Editor engine initialized
[0040.54] Log: Initializing Engine Completed
[0040.54] Log: >>>>>>>>>>>>>> Initial startup: 40.54s <<<<<<<<<<<<<<<
[0040.63] Cmd: MODE MAPEXT=udk
[0040.75] SourceControl: Source Control disabled in UDKEditorUserSettings.ini.  [SourceControl] has Disabled=True
[0043.23] Log: The hooked GetPenEventMultiple() method was called; events are being ignored.
[0043.23] Log: Found D3D11 adapter 0: ATI Radeon HD 5700 Series
[0043.23] Log: Adapter has 1012MB of dedicated video memory, 0MB of dedicated system memory, and 3839MB of shared system memory
[0044.90] Cmd: MAP LOAD FILE="..\..\Engine\Content\Maps\Templates\Template_MidDay.umap" TEMPLATE=0
[0045.13] Log: Encountered missing default brush - spawning new one
[0045.46] Log: New File, Existing Package (Package Untitled_2, Package template_midday)
[0045.57] Log: -- Checking Building LODs
[0045.59] Log: Primary PhysX scene will be in software.
[0045.59] Log: Creating Primary PhysX Scene.
[0045.60] Log: Finished looking for orphan Actors (0.008 secs)
[0045.61] Cmd: MAP CHECKDEP DONTCLEARMESSAGES DONTDOSLOWREFCHECK
[0045.62] Log: TIMER ALL OF INIT : [9.841471]
[0068.85] Log: Building adjacency information for static mesh 'Maehdrescher_alle_teile.Auspuff_neu'.
[0068.85] Log: Building adjacency information for static mesh 'Maehdrescher_alle_teile.baender_links'.
[0068.91] Log: Building adjacency information for static mesh 'Maehdrescher_alle_teile.baender_motor_rechts'.
[0068.97] Log: Building adjacency information for static mesh 'Maehdrescher_alle_teile.Behaelter-neben-Maehdrescher'.
[0068.98] Log: Building adjacency information for static mesh 'Maehdrescher_alle_teile.dreschkorb'.
[0069.12] Log: Building adjacency information for static mesh 'Maehdrescher_alle_teile.dreschtrommel'.
[0069.13] Log: Building adjacency information for static mesh 'Maehdrescher_alle_teile.foedertrommel_vor_dreschtrommel'.
[0069.13] Log: Building adjacency information for static mesh 'Maehdrescher_alle_teile.geblaese'.
[0069.14] Log: Building adjacency information for static mesh 'Maehdrescher_alle_teile.geblaese2'.
[0069.14] Log: Building adjacency information for static mesh 'Maehdrescher_alle_teile.geblaeseroehre_und_boden'.
[0069.15] Log: Building adjacency information for static mesh 'Maehdrescher_alle_teile.hordenschuettler'.
[0069.16] Log: Building adjacency information for static mesh 'Maehdrescher_alle_teile.hordenschuettler_Auffangblech'.
[0069.16] Log: Building adjacency information for static mesh 'Maehdrescher_alle_teile.kleines_Band_rechts'.
[0069.18] Log: Building adjacency information for static mesh 'Maehdrescher_alle_teile.kornschnecke'.
[0069.19] Log: Building adjacency information for static mesh 'Maehdrescher_alle_teile.korntank_inneres'.
[0069.19] Log: Building adjacency information for static mesh 'Maehdrescher_alle_teile.korntankfoerderer'.
[0069.21] Log: Building adjacency information for static mesh 'Maehdrescher_alle_teile.mittelroehre_inneres'.
[0069.22] Log: Building adjacency information for static mesh 'Maehdrescher_alle_teile.motor'.
[0069.50] Log: Building adjacency information for static mesh 'Maehdrescher_alle_teile.motorabdeckung'.
[0069.50] Log: Building adjacency information for static mesh 'Maehdrescher_alle_teile.motorkaesten'.
[0069.51] Log: Building adjacency information for static mesh 'Maehdrescher_alle_teile.motorpropeller'.
[0069.51] Log: Building adjacency information for static mesh 'Maehdrescher_alle_teile.neuer3roehrenmotor'.
[0069.53] Log: Building adjacency information for static mesh 'Maehdrescher_alle_teile.obersieb'.
[0069.53] Log: Building adjacency information for static mesh 'Maehdrescher_alle_teile.roehren'.
[0069.57] Log: Building adjacency information for static mesh 'Maehdrescher_alle_teile.roehrenmotor'.
[0069.57] Log: Building adjacency information for static mesh 'Maehdrescher_alle_teile.roehrensieb'.
[0069.69] Log: Building adjacency information for static mesh 'Maehdrescher_alle_teile.seitenroehren_inneres'.
[0069.71] Log: Building adjacency information for static mesh 'Maehdrescher_alle_teile.stangen_rechts'.
[0069.71] Log: Building adjacency information for static mesh 'Maehdrescher_alle_teile.ueberkehrschnecke_aussen'.
[0069.71] Log: Building adjacency information for static mesh 'Maehdrescher_alle_teile.ueberkehrschnecke_innen'.
[0069.73] Log: Building adjacency information for static mesh 'Maehdrescher_alle_teile.untersieb'.
[0069.73] Log: Building adjacency information for static mesh 'Maehdrescher_alle_teile.vorbereitungsboden'.
[0069.73] Log: Building adjacency information for static mesh 'Maehdrescher_alle_teile.wendetrommel_aussen'.
[0069.74] Log: Building adjacency information for static mesh 'Maehdrescher_alle_teile.wendetrommel_innen'.
[0116.95] Cmd: MAP LOAD FILE="C:\UDK\UDK-2014-02\UDKGame\Content\maher\MyMaehdrescher.udk" TEMPLATE=0
[0117.02] Log: Encountered missing default brush - spawning new one
[0117.34] Log: Failed to load 'Maehdrescher': Can't find file for package 'Maehdrescher' while loading C:\UDK\UDK-2014-02\UDKGame\Content\maher\MyMaehdrescher.udk
[0117.34] Log: Failed to load 'Maehdrescher': Can't find file for package 'Maehdrescher' while loading C:\UDK\UDK-2014-02\UDKGame\Content\maher\MyMaehdrescher.udk
[0117.34] Log: Failed to load 'Maehdrescher': Can't find file for package 'Maehdrescher' while loading C:\UDK\UDK-2014-02\UDKGame\Content\maher\MyMaehdrescher.udk
[0117.34] Log: Failed to load 'Maehdrescher': Can't find file for package 'Maehdrescher' while loading C:\UDK\UDK-2014-02\UDKGame\Content\maher\MyMaehdrescher.udk
[0117.34] Log: Failed to load 'Maehdrescher': Can't find file for package 'Maehdrescher' while loading C:\UDK\UDK-2014-02\UDKGame\Content\maher\MyMaehdrescher.udk
[0117.34] Log: Failed to load 'Maehdrescher': Can't find file for package 'Maehdrescher' while loading C:\UDK\UDK-2014-02\UDKGame\Content\maher\MyMaehdrescher.udk
[0117.34] Log: Failed to load 'Maehdrescher': Can't find file for package 'Maehdrescher' while loading C:\UDK\UDK-2014-02\UDKGame\Content\maher\MyMaehdrescher.udk
[0117.34] Log: Failed to load 'Maehdrescher': Can't find file for package 'Maehdrescher' while loading C:\UDK\UDK-2014-02\UDKGame\Content\maher\MyMaehdrescher.udk
[0117.34] Log: Failed to load 'Maehdrescher': Can't find file for package 'Maehdrescher' while loading C:\UDK\UDK-2014-02\UDKGame\Content\maher\MyMaehdrescher.udk
[0117.34] Log: Failed to load 'Maehdrescher': Can't find file for package 'Maehdrescher' while loading C:\UDK\UDK-2014-02\UDKGame\Content\maher\MyMaehdrescher.udk
[0117.34] Log: Failed to load 'Maehdrescher': Can't find file for package 'Maehdrescher' while loading C:\UDK\UDK-2014-02\UDKGame\Content\maher\MyMaehdrescher.udk
[0117.34] Log: Failed to load 'Maehdrescher': Can't find file for package 'Maehdrescher' while loading C:\UDK\UDK-2014-02\UDKGame\Content\maher\MyMaehdrescher.udk
[0117.34] Log: Failed to load 'Maehdrescher': Can't find file for package 'Maehdrescher' while loading C:\UDK\UDK-2014-02\UDKGame\Content\maher\MyMaehdrescher.udk
[0117.34] Log: Failed to load 'Maehdrescher': Can't find file for package 'Maehdrescher' while loading C:\UDK\UDK-2014-02\UDKGame\Content\maher\MyMaehdrescher.udk
[0117.34] Log: Failed to load 'Maehdrescher': Can't find file for package 'Maehdrescher' while loading C:\UDK\UDK-2014-02\UDKGame\Content\maher\MyMaehdrescher.udk
[0117.34] Log: Failed to load 'Maehdrescher': Can't find file for package 'Maehdrescher' while loading C:\UDK\UDK-2014-02\UDKGame\Content\maher\MyMaehdrescher.udk
[0117.34] Log: Failed to load 'Maehdrescher': Can't find file for package 'Maehdrescher' while loading C:\UDK\UDK-2014-02\UDKGame\Content\maher\MyMaehdrescher.udk
[0117.34] Log: Failed to load 'Maehdrescher': Can't find file for package 'Maehdrescher' while loading C:\UDK\UDK-2014-02\UDKGame\Content\maher\MyMaehdrescher.udk
[0117.35] Log: Failed to load 'Maehdrescher': Can't find file for package 'Maehdrescher' while loading C:\UDK\UDK-2014-02\UDKGame\Content\maher\MyMaehdrescher.udk
[0117.35] Log: Failed to load 'Maehdrescher': Can't find file for package 'Maehdrescher' while loading C:\UDK\UDK-2014-02\UDKGame\Content\maher\MyMaehdrescher.udk
[0117.35] Log: Failed to load 'Maehdrescher': Can't find file for package 'Maehdrescher' while loading C:\UDK\UDK-2014-02\UDKGame\Content\maher\MyMaehdrescher.udk
[0117.35] Log: Failed to load 'Maehdrescher': Can't find file for package 'Maehdrescher' while loading C:\UDK\UDK-2014-02\UDKGame\Content\maher\MyMaehdrescher.udk
[0117.35] Log: Failed to load 'Maehdrescher': Can't find file for package 'Maehdrescher' while loading C:\UDK\UDK-2014-02\UDKGame\Content\maher\MyMaehdrescher.udk
[0117.35] Log: Failed to load 'Maehdrescher': Can't find file for package 'Maehdrescher' while loading C:\UDK\UDK-2014-02\UDKGame\Content\maher\MyMaehdrescher.udk
[0117.35] Log: Failed to load 'Maehdrescher': Can't find file for package 'Maehdrescher' while loading C:\UDK\UDK-2014-02\UDKGame\Content\maher\MyMaehdrescher.udk
[0117.35] Log: Failed to load 'Maehdrescher': Can't find file for package 'Maehdrescher' while loading C:\UDK\UDK-2014-02\UDKGame\Content\maher\MyMaehdrescher.udk
[0117.35] Log: Failed to load 'Maehdrescher': Can't find file for package 'Maehdrescher' while loading C:\UDK\UDK-2014-02\UDKGame\Content\maher\MyMaehdrescher.udk
[0117.35] Log: Failed to load 'Maehdrescher': Can't find file for package 'Maehdrescher' while loading C:\UDK\UDK-2014-02\UDKGame\Content\maher\MyMaehdrescher.udk
[0117.35] Log: Failed to load 'Maehdrescher': Can't find file for package 'Maehdrescher' while loading C:\UDK\UDK-2014-02\UDKGame\Content\maher\MyMaehdrescher.udk
[0117.35] Log: Failed to load 'Maehdrescher': Can't find file for package 'Maehdrescher' while loading C:\UDK\UDK-2014-02\UDKGame\Content\maher\MyMaehdrescher.udk
[0117.35] Log: Failed to load 'Maehdrescher': Can't find file for package 'Maehdrescher' while loading C:\UDK\UDK-2014-02\UDKGame\Content\maher\MyMaehdrescher.udk
[0117.35] Log: Failed to load 'Maehdrescher': Can't find file for package 'Maehdrescher' while loading C:\UDK\UDK-2014-02\UDKGame\Content\maher\MyMaehdrescher.udk
[0117.35] Log: Failed to load 'Maehdrescher': Can't find file for package 'Maehdrescher' while loading C:\UDK\UDK-2014-02\UDKGame\Content\maher\MyMaehdrescher.udk
[0117.35] Log: Failed to load 'Maehdrescher': Can't find file for package 'Maehdrescher' while loading C:\UDK\UDK-2014-02\UDKGame\Content\maher\MyMaehdrescher.udk
[0117.35] Log: Failed to load 'Maehdrescher': Can't find file for package 'Maehdrescher' while loading C:\UDK\UDK-2014-02\UDKGame\Content\maher\MyMaehdrescher.udk
[0117.35] Log: Failed to load 'Maehdrescher': Can't find file for package 'Maehdrescher' while loading C:\UDK\UDK-2014-02\UDKGame\Content\maher\MyMaehdrescher.udk
[0117.35] Log: Failed to load 'Maehdrescher': Can't find file for package 'Maehdrescher' while loading C:\UDK\UDK-2014-02\UDKGame\Content\maher\MyMaehdrescher.udk
[0117.35] Log: Failed to load 'Maehdrescher': Can't find file for package 'Maehdrescher' while loading C:\UDK\UDK-2014-02\UDKGame\Content\maher\MyMaehdrescher.udk
[0117.35] Log: Failed to load 'Maehdrescher': Can't find file for package 'Maehdrescher' while loading C:\UDK\UDK-2014-02\UDKGame\Content\maher\MyMaehdrescher.udk
[0117.35] Log: Failed to load 'Maehdrescher': Can't find file for package 'Maehdrescher' while loading C:\UDK\UDK-2014-02\UDKGame\Content\maher\MyMaehdrescher.udk
[0117.35] Log: Failed to load 'Maehdrescher': Can't find file for package 'Maehdrescher' while loading C:\UDK\UDK-2014-02\UDKGame\Content\maher\MyMaehdrescher.udk
[0117.35] Log: Failed to load 'Maehdrescher': Can't find file for package 'Maehdrescher' while loading C:\UDK\UDK-2014-02\UDKGame\Content\maher\MyMaehdrescher.udk
[0117.35] Log: Failed to load 'Maehdrescher': Can't find file for package 'Maehdrescher' while loading C:\UDK\UDK-2014-02\UDKGame\Content\maher\MyMaehdrescher.udk
[0117.35] Warning: Failed to load 'Maehdrescher.bauteile.3bolzen_vorn'! Referenced by 'MyMaehdrescher.TheWorld:PersistentLevel.StaticMeshActor_0.StaticMeshComponent_3' ('Engine.StaticMeshComponent:StaticMesh').
[0117.35] Log: Failed to load 'Maehdrescher': Can't find file for package 'Maehdrescher' while loading NULL
[0117.35] Warning: Failed to load 'Maehdrescher.bauteile.aussenrohr_oben'! Referenced by 'MyMaehdrescher.TheWorld:PersistentLevel.StaticMeshActor_1.StaticMeshComponent_4' ('Engine.StaticMeshComponent:StaticMesh').
[0117.36] Log: Failed to load 'Maehdrescher': Can't find file for package 'Maehdrescher' while loading NULL
[0117.36] Warning: Failed to load 'Maehdrescher.bauteile.hinterradachse'! Referenced by 'MyMaehdrescher.TheWorld:PersistentLevel.StaticMeshActor_10.StaticMeshComponent_11' ('Engine.StaticMeshComponent:StaticMesh').
[0117.36] Log: Failed to load 'Maehdrescher': Can't find file for package 'Maehdrescher' while loading NULL
[0117.36] Warning: Failed to load 'Maehdrescher.bauteile.kabine'! Referenced by 'MyMaehdrescher.TheWorld:PersistentLevel.StaticMeshActor_11.StaticMeshComponent_12' ('Engine.StaticMeshComponent:StaticMesh').
[0117.36] Log: Failed to load 'Maehdrescher': Can't find file for package 'Maehdrescher' while loading NULL
[0117.36] Warning: Failed to load 'Maehdrescher.bauteile.korntank'! Referenced by 'MyMaehdrescher.TheWorld:PersistentLevel.StaticMeshActor_12.StaticMeshComponent_13' ('Engine.StaticMeshComponent:StaticMesh').
[0117.36] Log: Failed to load 'Maehdrescher': Can't find file for package 'Maehdrescher' while loading NULL
[0117.36] Warning: Failed to load 'Maehdrescher.bauteile.linkeSeitenflaeche'! Referenced by 'MyMaehdrescher.TheWorld:PersistentLevel.StaticMeshActor_13.StaticMeshComponent_14' ('Engine.StaticMeshComponent:StaticMesh').
[0117.36] Log: Failed to load 'Maehdrescher': Can't find file for package 'Maehdrescher' while loading NULL
[0117.36] Warning: Failed to load 'Maehdrescher.bauteile.schaufel'! Referenced by 'MyMaehdrescher.TheWorld:PersistentLevel.StaticMeshActor_15.StaticMeshComponent_16' ('Engine.StaticMeshComponent:StaticMesh').
[0117.36] Log: Failed to load 'Maehdrescher': Can't find file for package 'Maehdrescher' while loading NULL
[0117.36] Warning: Failed to load 'Maehdrescher.bauteile.schraegfoerderer'! Referenced by 'MyMaehdrescher.TheWorld:PersistentLevel.StaticMeshActor_17.StaticMeshComponent_18' ('Engine.StaticMeshComponent:StaticMesh').
[0117.36] Log: Failed to load 'Maehdrescher': Can't find file for package 'Maehdrescher' while loading NULL
[0117.36] Warning: Failed to load 'Maehdrescher.bauteile.strohhaecksler'! Referenced by 'MyMaehdrescher.TheWorld:PersistentLevel.StaticMeshActor_18.StaticMeshComponent_19' ('Engine.StaticMeshComponent:StaticMesh').
[0117.36] Log: Failed to load 'Maehdrescher': Can't find file for package 'Maehdrescher' while loading NULL
[0117.36] Warning: Failed to load 'Maehdrescher.bauteile.treppe_links'! Referenced by 'MyMaehdrescher.TheWorld:PersistentLevel.StaticMeshActor_19.StaticMeshComponent_20' ('Engine.StaticMeshComponent:StaticMesh').
[0117.36] Log: Failed to load 'Maehdrescher': Can't find file for package 'Maehdrescher' while loading NULL
[0117.36] Warning: Failed to load 'Maehdrescher.bauteile.dachmotor'! Referenced by 'MyMaehdrescher.TheWorld:PersistentLevel.StaticMeshActor_2.StaticMeshComponent_5' ('Engine.StaticMeshComponent:StaticMesh').
[0117.36] Log: Failed to load 'Maehdrescher': Can't find file for package 'Maehdrescher' while loading NULL
[0117.36] Warning: Failed to load 'Maehdrescher.bauteile.vorderradachse'! Referenced by 'MyMaehdrescher.TheWorld:PersistentLevel.StaticMeshActor_20.StaticMeshComponent_21' ('Engine.StaticMeshComponent:StaticMesh').
[0117.36] Log: Failed to load 'Maehdrescher': Can't find file for package 'Maehdrescher' while loading NULL
[0117.36] Warning: Failed to load 'Maehdrescher.bauteile.dreschtrommel'! Referenced by 'MyMaehdrescher.TheWorld:PersistentLevel.StaticMeshActor_24.StaticMeshComponent_5' ('Engine.StaticMeshComponent:StaticMesh').
[0117.36] Log: Failed to load 'Maehdrescher': Can't find file for package 'Maehdrescher' while loading NULL
[0117.36] Warning: Failed to load 'Maehdrescher.bauteile.wendetrommel_innen'! Referenced by 'MyMaehdrescher.TheWorld:PersistentLevel.StaticMeshActor_25.StaticMeshComponent_45' ('Engine.StaticMeshComponent:StaticMesh').
[0117.36] Log: Failed to load 'Maehdrescher': Can't find file for package 'Maehdrescher' while loading NULL
[0117.36] Warning: Failed to load 'Maehdrescher.bauteile.hordenschuettler_Auffangblech'! Referenced by 'MyMaehdrescher.TheWorld:PersistentLevel.StaticMeshActor_27.StaticMeshComponent_14' ('Engine.StaticMeshComponent:StaticMesh').
[0117.36] Log: Failed to load 'Maehdrescher': Can't find file for package 'Maehdrescher' while loading NULL
[0117.36] Warning: Failed to load 'Maehdrescher.bauteile.dreschkorb'! Referenced by 'MyMaehdrescher.TheWorld:PersistentLevel.StaticMeshActor_39.StaticMeshComponent_4' ('Engine.StaticMeshComponent:StaticMesh').
[0117.36] Log: Failed to load 'Maehdrescher': Can't find file for package 'Maehdrescher' while loading NULL
[0117.36] Warning: Failed to load 'Maehdrescher.bauteile.einzugsschnecke'! Referenced by 'MyMaehdrescher.TheWorld:PersistentLevel.StaticMeshActor_4.StaticMeshComponent_6' ('Engine.StaticMeshComponent:StaticMesh').
[0117.36] Log: Failed to load 'Maehdrescher': Can't find file for package 'Maehdrescher' while loading NULL
[0117.36] Warning: Failed to load 'Maehdrescher.bauteile.baender_motor_rechts'! Referenced by 'MyMaehdrescher.TheWorld:PersistentLevel.StaticMeshActor_41.StaticMeshComponent_6' ('Engine.StaticMeshComponent:StaticMesh').
[0117.36] Log: Failed to load 'Maehdrescher': Can't find file for package 'Maehdrescher' while loading NULL
[0117.36] Warning: Failed to load 'Maehdrescher.bauteile.Behaelter-neben-Maehdrescher'! Referenced by 'MyMaehdrescher.TheWorld:PersistentLevel.StaticMeshActor_45.StaticMeshComponent_10' ('Engine.StaticMeshComponent:StaticMesh').
[0117.36] Log: Failed to load 'Maehdrescher': Can't find file for package 'Maehdrescher' while loading NULL
[0117.36] Warning: Failed to load 'Maehdrescher.bauteile.baender_links'! Referenced by 'MyMaehdrescher.TheWorld:PersistentLevel.StaticMeshActor_46.StaticMeshComponent_11' ('Engine.StaticMeshComponent:StaticMesh').
[0117.36] Log: Failed to load 'Maehdrescher': Can't find file for package 'Maehdrescher' while loading NULL
[0117.36] Warning: Failed to load 'Maehdrescher.bauteile.roehren'! Referenced by 'MyMaehdrescher.TheWorld:PersistentLevel.StaticMeshActor_5.StaticMeshComponent_33' ('Engine.StaticMeshComponent:StaticMesh').
[0117.36] Log: Failed to load 'Maehdrescher': Can't find file for package 'Maehdrescher' while loading NULL
[0117.36] Warning: Failed to load 'Maehdrescher.bauteile.foedertrommel_vor_dreschtrommel'! Referenced by 'MyMaehdrescher.TheWorld:PersistentLevel.StaticMeshActor_51.StaticMeshComponent_16' ('Engine.StaticMeshComponent:StaticMesh').
[0117.36] Log: Failed to load 'Maehdrescher': Can't find file for package 'Maehdrescher' while loading NULL
[0117.36] Warning: Failed to load 'Maehdrescher.bauteile.hordenschuettler'! Referenced by 'MyMaehdrescher.TheWorld:PersistentLevel.StaticMeshActor_54.StaticMeshComponent_19' ('Engine.StaticMeshComponent:StaticMesh').
[0117.36] Log: Failed to load 'Maehdrescher': Can't find file for package 'Maehdrescher' while loading NULL
[0117.36] Warning: Failed to load 'Maehdrescher.bauteile.hordenschuettler_Auffangblech'! Referenced by 'MyMaehdrescher.TheWorld:PersistentLevel.StaticMeshActor_55.StaticMeshComponent_20' ('Engine.StaticMeshComponent:StaticMesh').
[0117.36] Log: Failed to load 'Maehdrescher': Can't find file for package 'Maehdrescher' while loading NULL
[0117.36] Warning: Failed to load 'Maehdrescher.bauteile.kleines_Band_rechts'! Referenced by 'MyMaehdrescher.TheWorld:PersistentLevel.StaticMeshActor_56.StaticMeshComponent_21' ('Engine.StaticMeshComponent:StaticMesh').
[0117.36] Log: Failed to load 'Maehdrescher': Can't find file for package 'Maehdrescher' while loading NULL
[0117.37] Warning: Failed to load 'Maehdrescher.bauteile.kornschnecke'! Referenced by 'MyMaehdrescher.TheWorld:PersistentLevel.StaticMeshActor_57.StaticMeshComponent_22' ('Engine.StaticMeshComponent:StaticMesh').
[0117.37] Log: Failed to load 'Maehdrescher': Can't find file for package 'Maehdrescher' while loading NULL
[0117.37] Warning: Failed to load 'Maehdrescher.bauteile.korntank_inneres'! Referenced by 'MyMaehdrescher.TheWorld:PersistentLevel.StaticMeshActor_59.StaticMeshComponent_24' ('Engine.StaticMeshComponent:StaticMesh').
[0117.37] Log: Failed to load 'Maehdrescher': Can't find file for package 'Maehdrescher' while loading NULL
[0117.37] Warning: Failed to load 'Maehdrescher.bauteile.geblaese'! Referenced by 'MyMaehdrescher.TheWorld:PersistentLevel.StaticMeshActor_6.StaticMeshComponent_7' ('Engine.StaticMeshComponent:StaticMesh').
[0117.37] Log: Failed to load 'Maehdrescher': Can't find file for package 'Maehdrescher' while loading NULL
[0117.37] Warning: Failed to load 'Maehdrescher.bauteile.korntankfoerderer'! Referenced by 'MyMaehdrescher.TheWorld:PersistentLevel.StaticMeshActor_60.StaticMeshComponent_25' ('Engine.StaticMeshComponent:StaticMesh').
[0117.37] Log: Failed to load 'Maehdrescher': Can't find file for package 'Maehdrescher' while loading NULL
[0117.37] Warning: Failed to load 'Maehdrescher.bauteile.mittelroehre_inneres'! Referenced by 'MyMaehdrescher.TheWorld:PersistentLevel.StaticMeshActor_62.StaticMeshComponent_27' ('Engine.StaticMeshComponent:StaticMesh').
[0117.37] Log: Failed to load 'Maehdrescher': Can't find file for package 'Maehdrescher' while loading NULL
[0117.37] Warning: Failed to load 'Maehdrescher.bauteile.motorabdeckung'! Referenced by 'MyMaehdrescher.TheWorld:PersistentLevel.StaticMeshActor_64.StaticMeshComponent_29' ('Engine.StaticMeshComponent:StaticMesh').
[0117.37] Log: Failed to load 'Maehdrescher': Can't find file for package 'Maehdrescher' while loading NULL
[0117.37] Warning: Failed to load 'Maehdrescher.bauteile.motorpropeller'! Referenced by 'MyMaehdrescher.TheWorld:PersistentLevel.StaticMeshActor_66.StaticMeshComponent_31' ('Engine.StaticMeshComponent:StaticMesh').
[0117.37] Log: Failed to load 'Maehdrescher': Can't find file for package 'Maehdrescher' while loading NULL
[0117.37] Warning: Failed to load 'Maehdrescher.bauteile.obersieb'! Referenced by 'MyMaehdrescher.TheWorld:PersistentLevel.StaticMeshActor_67.StaticMeshComponent_32' ('Engine.StaticMeshComponent:StaticMesh').
[0117.37] Log: Failed to load 'Maehdrescher': Can't find file for package 'Maehdrescher' while loading NULL
[0117.37] Warning: Failed to load 'Maehdrescher.bauteile.roehrenmotor'! Referenced by 'MyMaehdrescher.TheWorld:PersistentLevel.StaticMeshActor_69.StaticMeshComponent_34' ('Engine.StaticMeshComponent:StaticMesh').
[0117.37] Log: Failed to load 'Maehdrescher': Can't find file for package 'Maehdrescher' while loading NULL
[0117.37] Warning: Failed to load 'Maehdrescher.bauteile.gesamterLaderaumohnelinkeSeitenflaeche'! Referenced by 'MyMaehdrescher.TheWorld:PersistentLevel.StaticMeshActor_7.StaticMeshComponent_8' ('Engine.StaticMeshComponent:StaticMesh').
[0117.37] Log: Failed to load 'Maehdrescher': Can't find file for package 'Maehdrescher' while loading NULL
[0117.37] Warning: Failed to load 'Maehdrescher.bauteile.roehrensieb'! Referenced by 'MyMaehdrescher.TheWorld:PersistentLevel.StaticMeshActor_70.StaticMeshComponent_35' ('Engine.StaticMeshComponent:StaticMesh').
[0117.37] Log: Failed to load 'Maehdrescher': Can't find file for package 'Maehdrescher' while loading NULL
[0117.37] Warning: Failed to load 'Maehdrescher.bauteile.seitenroehren_inneres'! Referenced by 'MyMaehdrescher.TheWorld:PersistentLevel.StaticMeshActor_72.StaticMeshComponent_37' ('Engine.StaticMeshComponent:StaticMesh').
[0117.37] Log: Failed to load 'Maehdrescher': Can't find file for package 'Maehdrescher' while loading NULL
[0117.37] Warning: Failed to load 'Maehdrescher.bauteile.stangen_rechts'! Referenced by 'MyMaehdrescher.TheWorld:PersistentLevel.StaticMeshActor_73.StaticMeshComponent_38' ('Engine.StaticMeshComponent:StaticMesh').
[0117.37] Log: Failed to load 'Maehdrescher': Can't find file for package 'Maehdrescher' while loading NULL
[0117.37] Warning: Failed to load 'Maehdrescher.bauteile.ueberkehrschnecke_aussen'! Referenced by 'MyMaehdrescher.TheWorld:PersistentLevel.StaticMeshActor_75.StaticMeshComponent_40' ('Engine.StaticMeshComponent:StaticMesh').
[0117.37] Log: Failed to load 'Maehdrescher': Can't find file for package 'Maehdrescher' while loading NULL
[0117.37] Warning: Failed to load 'Maehdrescher.bauteile.ueberkehrschnecke_innen'! Referenced by 'MyMaehdrescher.TheWorld:PersistentLevel.StaticMeshActor_76.StaticMeshComponent_41' ('Engine.StaticMeshComponent:StaticMesh').
[0117.37] Log: Failed to load 'Maehdrescher': Can't find file for package 'Maehdrescher' while loading NULL
[0117.37] Warning: Failed to load 'Maehdrescher.bauteile.untersieb'! Referenced by 'MyMaehdrescher.TheWorld:PersistentLevel.StaticMeshActor_77.StaticMeshComponent_42' ('Engine.StaticMeshComponent:StaticMesh').
[0117.37] Log: Failed to load 'Maehdrescher': Can't find file for package 'Maehdrescher' while loading NULL
[0117.37] Warning: Failed to load 'Maehdrescher.bauteile.wendetrommel_innen'! Referenced by 'MyMaehdrescher.TheWorld:PersistentLevel.StaticMeshActor_80.StaticMeshComponent_45' ('Engine.StaticMeshComponent:StaticMesh').
[0117.37] Log: Failed to load 'Maehdrescher': Can't find file for package 'Maehdrescher' while loading NULL
[0117.37] Warning: Failed to load 'Maehdrescher.bauteile.haspel'! Referenced by 'MyMaehdrescher.TheWorld:PersistentLevel.StaticMeshActor_9.StaticMeshComponent_10' ('Engine.StaticMeshComponent:StaticMesh').
[0117.37] Log: Failed to load 'Maehdrescher': Can't find file for package 'Maehdrescher' while loading NULL
[0117.54] Log: -- Checking Building LODs
[0117.56] Log: Primary PhysX scene will be in software.
[0117.56] Log: Creating Primary PhysX Scene.
[0117.57] Log: Finished looking for orphan Actors (0.009 secs)
[0117.60] Cmd: MAP CHECKDEP DONTCLEARMESSAGES DONTDOSLOWREFCHECK
[0209.14] Cmd: MAP LOAD FILE="C:\UDK\UDK-2014-02\UDKGame\Content\maher\MyMaehdrescher.udk" TEMPLATE=0
[0209.25] Log: Encountered missing default brush - spawning new one
[0209.40] Log: Failed to load 'Maehdrescher': Can't find file for package 'Maehdrescher' while loading C:\UDK\UDK-2014-02\UDKGame\Content\maher\MyMaehdrescher.udk
[0209.40] Log: Failed to load 'Maehdrescher': Can't find file for package 'Maehdrescher' while loading C:\UDK\UDK-2014-02\UDKGame\Content\maher\MyMaehdrescher.udk
[0209.40] Log: Failed to load 'Maehdrescher': Can't find file for package 'Maehdrescher' while loading C:\UDK\UDK-2014-02\UDKGame\Content\maher\MyMaehdrescher.udk
[0209.40] Log: Failed to load 'Maehdrescher': Can't find file for package 'Maehdrescher' while loading C:\UDK\UDK-2014-02\UDKGame\Content\maher\MyMaehdrescher.udk
[0209.40] Log: Failed to load 'Maehdrescher': Can't find file for package 'Maehdrescher' while loading C:\UDK\UDK-2014-02\UDKGame\Content\maher\MyMaehdrescher.udk
[0209.41] Log: Failed to load 'Maehdrescher': Can't find file for package 'Maehdrescher' while loading C:\UDK\UDK-2014-02\UDKGame\Content\maher\MyMaehdrescher.udk
[0209.41] Log: Failed to load 'Maehdrescher': Can't find file for package 'Maehdrescher' while loading C:\UDK\UDK-2014-02\UDKGame\Content\maher\MyMaehdrescher.udk
[0209.41] Log: Failed to load 'Maehdrescher': Can't find file for package 'Maehdrescher' while loading C:\UDK\UDK-2014-02\UDKGame\Content\maher\MyMaehdrescher.udk
[0209.41] Log: Failed to load 'Maehdrescher': Can't find file for package 'Maehdrescher' while loading C:\UDK\UDK-2014-02\UDKGame\Content\maher\MyMaehdrescher.udk
[0209.41] Log: Failed to load 'Maehdrescher': Can't find file for package 'Maehdrescher' while loading C:\UDK\UDK-2014-02\UDKGame\Content\maher\MyMaehdrescher.udk
[0209.41] Log: Failed to load 'Maehdrescher': Can't find file for package 'Maehdrescher' while loading C:\UDK\UDK-2014-02\UDKGame\Content\maher\MyMaehdrescher.udk
[0209.41] Log: Failed to load 'Maehdrescher': Can't find file for package 'Maehdrescher' while loading C:\UDK\UDK-2014-02\UDKGame\Content\maher\MyMaehdrescher.udk
[0209.41] Log: Failed to load 'Maehdrescher': Can't find file for package 'Maehdrescher' while loading C:\UDK\UDK-2014-02\UDKGame\Content\maher\MyMaehdrescher.udk
[0209.41] Log: Failed to load 'Maehdrescher': Can't find file for package 'Maehdrescher' while loading C:\UDK\UDK-2014-02\UDKGame\Content\maher\MyMaehdrescher.udk
[0209.41] Log: Failed to load 'Maehdrescher': Can't find file for package 'Maehdrescher' while loading C:\UDK\UDK-2014-02\UDKGame\Content\maher\MyMaehdrescher.udk
[0209.41] Log: Failed to load 'Maehdrescher': Can't find file for package 'Maehdrescher' while loading C:\UDK\UDK-2014-02\UDKGame\Content\maher\MyMaehdrescher.udk
[0209.41] Log: Failed to load 'Maehdrescher': Can't find file for package 'Maehdrescher' while loading C:\UDK\UDK-2014-02\UDKGame\Content\maher\MyMaehdrescher.udk
[0209.41] Log: Failed to load 'Maehdrescher': Can't find file for package 'Maehdrescher' while loading C:\UDK\UDK-2014-02\UDKGame\Content\maher\MyMaehdrescher.udk
[0209.41] Log: Failed to load 'Maehdrescher': Can't find file for package 'Maehdrescher' while loading C:\UDK\UDK-2014-02\UDKGame\Content\maher\MyMaehdrescher.udk
[0209.41] Log: Failed to load 'Maehdrescher': Can't find file for package 'Maehdrescher' while loading C:\UDK\UDK-2014-02\UDKGame\Content\maher\MyMaehdrescher.udk
[0209.41] Log: Failed to load 'Maehdrescher': Can't find file for package 'Maehdrescher' while loading C:\UDK\UDK-2014-02\UDKGame\Content\maher\MyMaehdrescher.udk
[0209.41] Log: Failed to load 'Maehdrescher': Can't find file for package 'Maehdrescher' while loading C:\UDK\UDK-2014-02\UDKGame\Content\maher\MyMaehdrescher.udk
[0209.41] Log: Failed to load 'Maehdrescher': Can't find file for package 'Maehdrescher' while loading C:\UDK\UDK-2014-02\UDKGame\Content\maher\MyMaehdrescher.udk
[0209.41] Log: Failed to load 'Maehdrescher': Can't find file for package 'Maehdrescher' while loading C:\UDK\UDK-2014-02\UDKGame\Content\maher\MyMaehdrescher.udk
[0209.41] Log: Failed to load 'Maehdrescher': Can't find file for package 'Maehdrescher' while loading C:\UDK\UDK-2014-02\UDKGame\Content\maher\MyMaehdrescher.udk
[0209.41] Log: Failed to load 'Maehdrescher': Can't find file for package 'Maehdrescher' while loading C:\UDK\UDK-2014-02\UDKGame\Content\maher\MyMaehdrescher.udk
[0209.41] Log: Failed to load 'Maehdrescher': Can't find file for package 'Maehdrescher' while loading C:\UDK\UDK-2014-02\UDKGame\Content\maher\MyMaehdrescher.udk
[0209.41] Log: Failed to load 'Maehdrescher': Can't find file for package 'Maehdrescher' while loading C:\UDK\UDK-2014-02\UDKGame\Content\maher\MyMaehdrescher.udk
[0209.41] Log: Failed to load 'Maehdrescher': Can't find file for package 'Maehdrescher' while loading C:\UDK\UDK-2014-02\UDKGame\Content\maher\MyMaehdrescher.udk
[0209.41] Log: Failed to load 'Maehdrescher': Can't find file for package 'Maehdrescher' while loading C:\UDK\UDK-2014-02\UDKGame\Content\maher\MyMaehdrescher.udk
[0209.41] Log: Failed to load 'Maehdrescher': Can't find file for package 'Maehdrescher' while loading C:\UDK\UDK-2014-02\UDKGame\Content\maher\MyMaehdrescher.udk
[0209.41] Log: Failed to load 'Maehdrescher': Can't find file for package 'Maehdrescher' while loading C:\UDK\UDK-2014-02\UDKGame\Content\maher\MyMaehdrescher.udk
[0209.41] Log: Failed to load 'Maehdrescher': Can't find file for package 'Maehdrescher' while loading C:\UDK\UDK-2014-02\UDKGame\Content\maher\MyMaehdrescher.udk
[0209.41] Log: Failed to load 'Maehdrescher': Can't find file for package 'Maehdrescher' while loading C:\UDK\UDK-2014-02\UDKGame\Content\maher\MyMaehdrescher.udk
[0209.41] Log: Failed to load 'Maehdrescher': Can't find file for package 'Maehdrescher' while loading C:\UDK\UDK-2014-02\UDKGame\Content\maher\MyMaehdrescher.udk
[0209.41] Log: Failed to load 'Maehdrescher': Can't find file for package 'Maehdrescher' while loading C:\UDK\UDK-2014-02\UDKGame\Content\maher\MyMaehdrescher.udk
[0209.41] Log: Failed to load 'Maehdrescher': Can't find file for package 'Maehdrescher' while loading C:\UDK\UDK-2014-02\UDKGame\Content\maher\MyMaehdrescher.udk
[0209.41] Log: Failed to load 'Maehdrescher': Can't find file for package 'Maehdrescher' while loading C:\UDK\UDK-2014-02\UDKGame\Content\maher\MyMaehdrescher.udk
[0209.41] Log: Failed to load 'Maehdrescher': Can't find file for package 'Maehdrescher' while loading C:\UDK\UDK-2014-02\UDKGame\Content\maher\MyMaehdrescher.udk
[0209.41] Log: Failed to load 'Maehdrescher': Can't find file for package 'Maehdrescher' while loading C:\UDK\UDK-2014-02\UDKGame\Content\maher\MyMaehdrescher.udk
[0209.41] Log: Failed to load 'Maehdrescher': Can't find file for package 'Maehdrescher' while loading C:\UDK\UDK-2014-02\UDKGame\Content\maher\MyMaehdrescher.udk
[0209.42] Log: Failed to load 'Maehdrescher': Can't find file for package 'Maehdrescher' while loading C:\UDK\UDK-2014-02\UDKGame\Content\maher\MyMaehdrescher.udk
[0209.42] Log: Failed to load 'Maehdrescher': Can't find file for package 'Maehdrescher' while loading C:\UDK\UDK-2014-02\UDKGame\Content\maher\MyMaehdrescher.udk
[0209.42] Warning: Failed to load 'Maehdrescher.bauteile.3bolzen_vorn'! Referenced by 'MyMaehdrescher.TheWorld:PersistentLevel.StaticMeshActor_0.StaticMeshComponent_3' ('Engine.StaticMeshComponent:StaticMesh').
[0209.42] Log: Failed to load 'Maehdrescher': Can't find file for package 'Maehdrescher' while loading NULL
[0209.42] Warning: Failed to load 'Maehdrescher.bauteile.aussenrohr_oben'! Referenced by 'MyMaehdrescher.TheWorld:PersistentLevel.StaticMeshActor_1.StaticMeshComponent_4' ('Engine.StaticMeshComponent:StaticMesh').
[0209.42] Log: Failed to load 'Maehdrescher': Can't find file for package 'Maehdrescher' while loading NULL
[0209.42] Warning: Failed to load 'Maehdrescher.bauteile.hinterradachse'! Referenced by 'MyMaehdrescher.TheWorld:PersistentLevel.StaticMeshActor_10.StaticMeshComponent_11' ('Engine.StaticMeshComponent:StaticMesh').
[0209.42] Log: Failed to load 'Maehdrescher': Can't find file for package 'Maehdrescher' while loading NULL
[0209.42] Warning: Failed to load 'Maehdrescher.bauteile.kabine'! Referenced by 'MyMaehdrescher.TheWorld:PersistentLevel.StaticMeshActor_11.StaticMeshComponent_12' ('Engine.StaticMeshComponent:StaticMesh').
[0209.42] Log: Failed to load 'Maehdrescher': Can't find file for package 'Maehdrescher' while loading NULL
[0209.42] Warning: Failed to load 'Maehdrescher.bauteile.korntank'! Referenced by 'MyMaehdrescher.TheWorld:PersistentLevel.StaticMeshActor_12.StaticMeshComponent_13' ('Engine.StaticMeshComponent:StaticMesh').
[0209.42] Log: Failed to load 'Maehdrescher': Can't find file for package 'Maehdrescher' while loading NULL
[0209.42] Warning: Failed to load 'Maehdrescher.bauteile.linkeSeitenflaeche'! Referenced by 'MyMaehdrescher.TheWorld:PersistentLevel.StaticMeshActor_13.StaticMeshComponent_14' ('Engine.StaticMeshComponent:StaticMesh').
[0209.42] Log: Failed to load 'Maehdrescher': Can't find file for package 'Maehdrescher' while loading NULL
[0209.42] Warning: Failed to load 'Maehdrescher.bauteile.schaufel'! Referenced by 'MyMaehdrescher.TheWorld:PersistentLevel.StaticMeshActor_15.StaticMeshComponent_16' ('Engine.StaticMeshComponent:StaticMesh').
[0209.42] Log: Failed to load 'Maehdrescher': Can't find file for package 'Maehdrescher' while loading NULL
[0209.42] Warning: Failed to load 'Maehdrescher.bauteile.schraegfoerderer'! Referenced by 'MyMaehdrescher.TheWorld:PersistentLevel.StaticMeshActor_17.StaticMeshComponent_18' ('Engine.StaticMeshComponent:StaticMesh').
[0209.42] Log: Failed to load 'Maehdrescher': Can't find file for package 'Maehdrescher' while loading NULL
[0209.42] Warning: Failed to load 'Maehdrescher.bauteile.strohhaecksler'! Referenced by 'MyMaehdrescher.TheWorld:PersistentLevel.StaticMeshActor_18.StaticMeshComponent_19' ('Engine.StaticMeshComponent:StaticMesh').
[0209.42] Log: Failed to load 'Maehdrescher': Can't find file for package 'Maehdrescher' while loading NULL
[0209.42] Warning: Failed to load 'Maehdrescher.bauteile.treppe_links'! Referenced by 'MyMaehdrescher.TheWorld:PersistentLevel.StaticMeshActor_19.StaticMeshComponent_20' ('Engine.StaticMeshComponent:StaticMesh').
[0209.42] Log: Failed to load 'Maehdrescher': Can't find file for package 'Maehdrescher' while loading NULL
[0209.42] Warning: Failed to load 'Maehdrescher.bauteile.dachmotor'! Referenced by 'MyMaehdrescher.TheWorld:PersistentLevel.StaticMeshActor_2.StaticMeshComponent_5' ('Engine.StaticMeshComponent:StaticMesh').
[0209.42] Log: Failed to load 'Maehdrescher': Can't find file for package 'Maehdrescher' while loading NULL
[0209.42] Warning: Failed to load 'Maehdrescher.bauteile.vorderradachse'! Referenced by 'MyMaehdrescher.TheWorld:PersistentLevel.StaticMeshActor_20.StaticMeshComponent_21' ('Engine.StaticMeshComponent:StaticMesh').
[0209.42] Log: Failed to load 'Maehdrescher': Can't find file for package 'Maehdrescher' while loading NULL
[0209.42] Warning: Failed to load 'Maehdrescher.bauteile.dreschtrommel'! Referenced by 'MyMaehdrescher.TheWorld:PersistentLevel.StaticMeshActor_24.StaticMeshComponent_5' ('Engine.StaticMeshComponent:StaticMesh').
[0209.42] Log: Failed to load 'Maehdrescher': Can't find file for package 'Maehdrescher' while loading NULL
[0209.42] Warning: Failed to load 'Maehdrescher.bauteile.wendetrommel_innen'! Referenced by 'MyMaehdrescher.TheWorld:PersistentLevel.StaticMeshActor_25.StaticMeshComponent_45' ('Engine.StaticMeshComponent:StaticMesh').
[0209.42] Log: Failed to load 'Maehdrescher': Can't find file for package 'Maehdrescher' while loading NULL
[0209.43] Warning: Failed to load 'Maehdrescher.bauteile.hordenschuettler_Auffangblech'! Referenced by 'MyMaehdrescher.TheWorld:PersistentLevel.StaticMeshActor_27.StaticMeshComponent_14' ('Engine.StaticMeshComponent:StaticMesh').
[0209.43] Log: Failed to load 'Maehdrescher': Can't find file for package 'Maehdrescher' while loading NULL
[0209.43] Warning: Failed to load 'Maehdrescher.bauteile.dreschkorb'! Referenced by 'MyMaehdrescher.TheWorld:PersistentLevel.StaticMeshActor_39.StaticMeshComponent_4' ('Engine.StaticMeshComponent:StaticMesh').
[0209.43] Log: Failed to load 'Maehdrescher': Can't find file for package 'Maehdrescher' while loading NULL
[0209.43] Warning: Failed to load 'Maehdrescher.bauteile.einzugsschnecke'! Referenced by 'MyMaehdrescher.TheWorld:PersistentLevel.StaticMeshActor_4.StaticMeshComponent_6' ('Engine.StaticMeshComponent:StaticMesh').
[0209.43] Log: Failed to load 'Maehdrescher': Can't find file for package 'Maehdrescher' while loading NULL
[0209.43] Warning: Failed to load 'Maehdrescher.bauteile.baender_motor_rechts'! Referenced by 'MyMaehdrescher.TheWorld:PersistentLevel.StaticMeshActor_41.StaticMeshComponent_6' ('Engine.StaticMeshComponent:StaticMesh').
[0209.43] Log: Failed to load 'Maehdrescher': Can't find file for package 'Maehdrescher' while loading NULL
[0209.43] Warning: Failed to load 'Maehdrescher.bauteile.Behaelter-neben-Maehdrescher'! Referenced by 'MyMaehdrescher.TheWorld:PersistentLevel.StaticMeshActor_45.StaticMeshComponent_10' ('Engine.StaticMeshComponent:StaticMesh').
[0209.43] Log: Failed to load 'Maehdrescher': Can't find file for package 'Maehdrescher' while loading NULL
[0209.43] Warning: Failed to load 'Maehdrescher.bauteile.baender_links'! Referenced by 'MyMaehdrescher.TheWorld:PersistentLevel.StaticMeshActor_46.StaticMeshComponent_11' ('Engine.StaticMeshComponent:StaticMesh').
[0209.43] Log: Failed to load 'Maehdrescher': Can't find file for package 'Maehdrescher' while loading NULL
[0209.43] Warning: Failed to load 'Maehdrescher.bauteile.roehren'! Referenced by 'MyMaehdrescher.TheWorld:PersistentLevel.StaticMeshActor_5.StaticMeshComponent_33' ('Engine.StaticMeshComponent:StaticMesh').
[0209.43] Log: Failed to load 'Maehdrescher': Can't find file for package 'Maehdrescher' while loading NULL
[0209.43] Warning: Failed to load 'Maehdrescher.bauteile.foedertrommel_vor_dreschtrommel'! Referenced by 'MyMaehdrescher.TheWorld:PersistentLevel.StaticMeshActor_51.StaticMeshComponent_16' ('Engine.StaticMeshComponent:StaticMesh').
[0209.43] Log: Failed to load 'Maehdrescher': Can't find file for package 'Maehdrescher' while loading NULL
[0209.43] Warning: Failed to load 'Maehdrescher.bauteile.hordenschuettler'! Referenced by 'MyMaehdrescher.TheWorld:PersistentLevel.StaticMeshActor_54.StaticMeshComponent_19' ('Engine.StaticMeshComponent:StaticMesh').
[0209.43] Log: Failed to load 'Maehdrescher': Can't find file for package 'Maehdrescher' while loading NULL
[0209.43] Warning: Failed to load 'Maehdrescher.bauteile.hordenschuettler_Auffangblech'! Referenced by 'MyMaehdrescher.TheWorld:PersistentLevel.StaticMeshActor_55.StaticMeshComponent_20' ('Engine.StaticMeshComponent:StaticMesh').
[0209.43] Log: Failed to load 'Maehdrescher': Can't find file for package 'Maehdrescher' while loading NULL
[0209.43] Warning: Failed to load 'Maehdrescher.bauteile.kleines_Band_rechts'! Referenced by 'MyMaehdrescher.TheWorld:PersistentLevel.StaticMeshActor_56.StaticMeshComponent_21' ('Engine.StaticMeshComponent:StaticMesh').
[0209.43] Log: Failed to load 'Maehdrescher': Can't find file for package 'Maehdrescher' while loading NULL
[0209.43] Warning: Failed to load 'Maehdrescher.bauteile.kornschnecke'! Referenced by 'MyMaehdrescher.TheWorld:PersistentLevel.StaticMeshActor_57.StaticMeshComponent_22' ('Engine.StaticMeshComponent:StaticMesh').
[0209.43] Log: Failed to load 'Maehdrescher': Can't find file for package 'Maehdrescher' while loading NULL
[0209.43] Warning: Failed to load 'Maehdrescher.bauteile.korntank_inneres'! Referenced by 'MyMaehdrescher.TheWorld:PersistentLevel.StaticMeshActor_59.StaticMeshComponent_24' ('Engine.StaticMeshComponent:StaticMesh').
[0209.43] Log: Failed to load 'Maehdrescher': Can't find file for package 'Maehdrescher' while loading NULL
[0209.43] Warning: Failed to load 'Maehdrescher.bauteile.geblaese'! Referenced by 'MyMaehdrescher.TheWorld:PersistentLevel.StaticMeshActor_6.StaticMeshComponent_7' ('Engine.StaticMeshComponent:StaticMesh').
[0209.43] Log: Failed to load 'Maehdrescher': Can't find file for package 'Maehdrescher' while loading NULL
[0209.43] Warning: Failed to load 'Maehdrescher.bauteile.korntankfoerderer'! Referenced by 'MyMaehdrescher.TheWorld:PersistentLevel.StaticMeshActor_60.StaticMeshComponent_25' ('Engine.StaticMeshComponent:StaticMesh').
[0209.43] Log: Failed to load 'Maehdrescher': Can't find file for package 'Maehdrescher' while loading NULL
[0209.43] Warning: Failed to load 'Maehdrescher.bauteile.mittelroehre_inneres'! Referenced by 'MyMaehdrescher.TheWorld:PersistentLevel.StaticMeshActor_62.StaticMeshComponent_27' ('Engine.StaticMeshComponent:StaticMesh').
[0209.43] Log: Failed to load 'Maehdrescher': Can't find file for package 'Maehdrescher' while loading NULL
[0209.43] Warning: Failed to load 'Maehdrescher.bauteile.motorabdeckung'! Referenced by 'MyMaehdrescher.TheWorld:PersistentLevel.StaticMeshActor_64.StaticMeshComponent_29' ('Engine.StaticMeshComponent:StaticMesh').
[0209.43] Log: Failed to load 'Maehdrescher': Can't find file for package 'Maehdrescher' while loading NULL
[0209.43] Warning: Failed to load 'Maehdrescher.bauteile.motorpropeller'! Referenced by 'MyMaehdrescher.TheWorld:PersistentLevel.StaticMeshActor_66.StaticMeshComponent_31' ('Engine.StaticMeshComponent:StaticMesh').
[0209.43] Log: Failed to load 'Maehdrescher': Can't find file for package 'Maehdrescher' while loading NULL
[0209.43] Warning: Failed to load 'Maehdrescher.bauteile.obersieb'! Referenced by 'MyMaehdrescher.TheWorld:PersistentLevel.StaticMeshActor_67.StaticMeshComponent_32' ('Engine.StaticMeshComponent:StaticMesh').
[0209.43] Log: Failed to load 'Maehdrescher': Can't find file for package 'Maehdrescher' while loading NULL
[0209.44] Warning: Failed to load 'Maehdrescher.bauteile.roehrenmotor'! Referenced by 'MyMaehdrescher.TheWorld:PersistentLevel.StaticMeshActor_69.StaticMeshComponent_34' ('Engine.StaticMeshComponent:StaticMesh').
[0209.44] Log: Failed to load 'Maehdrescher': Can't find file for package 'Maehdrescher' while loading NULL
[0209.44] Warning: Failed to load 'Maehdrescher.bauteile.gesamterLaderaumohnelinkeSeitenflaeche'! Referenced by 'MyMaehdrescher.TheWorld:PersistentLevel.StaticMeshActor_7.StaticMeshComponent_8' ('Engine.StaticMeshComponent:StaticMesh').
[0209.44] Log: Failed to load 'Maehdrescher': Can't find file for package 'Maehdrescher' while loading NULL
[0209.44] Warning: Failed to load 'Maehdrescher.bauteile.roehrensieb'! Referenced by 'MyMaehdrescher.TheWorld:PersistentLevel.StaticMeshActor_70.StaticMeshComponent_35' ('Engine.StaticMeshComponent:StaticMesh').
[0209.44] Log: Failed to load 'Maehdrescher': Can't find file for package 'Maehdrescher' while loading NULL
[0209.44] Warning: Failed to load 'Maehdrescher.bauteile.seitenroehren_inneres'! Referenced by 'MyMaehdrescher.TheWorld:PersistentLevel.StaticMeshActor_72.StaticMeshComponent_37' ('Engine.StaticMeshComponent:StaticMesh').
[0209.44] Log: Failed to load 'Maehdrescher': Can't find file for package 'Maehdrescher' while loading NULL
[0209.44] Warning: Failed to load 'Maehdrescher.bauteile.stangen_rechts'! Referenced by 'MyMaehdrescher.TheWorld:PersistentLevel.StaticMeshActor_73.StaticMeshComponent_38' ('Engine.StaticMeshComponent:StaticMesh').
[0209.44] Log: Failed to load 'Maehdrescher': Can't find file for package 'Maehdrescher' while loading NULL
[0209.44] Warning: Failed to load 'Maehdrescher.bauteile.ueberkehrschnecke_aussen'! Referenced by 'MyMaehdrescher.TheWorld:PersistentLevel.StaticMeshActor_75.StaticMeshComponent_40' ('Engine.StaticMeshComponent:StaticMesh').
[0209.44] Log: Failed to load 'Maehdrescher': Can't find file for package 'Maehdrescher' while loading NULL
[0209.44] Warning: Failed to load 'Maehdrescher.bauteile.ueberkehrschnecke_innen'! Referenced by 'MyMaehdrescher.TheWorld:PersistentLevel.StaticMeshActor_76.StaticMeshComponent_41' ('Engine.StaticMeshComponent:StaticMesh').
[0209.44] Log: Failed to load 'Maehdrescher': Can't find file for package 'Maehdrescher' while loading NULL
[0209.44] Warning: Failed to load 'Maehdrescher.bauteile.untersieb'! Referenced by 'MyMaehdrescher.TheWorld:PersistentLevel.StaticMeshActor_77.StaticMeshComponent_42' ('Engine.StaticMeshComponent:StaticMesh').
[0209.44] Log: Failed to load 'Maehdrescher': Can't find file for package 'Maehdrescher' while loading NULL
[0209.44] Warning: Failed to load 'Maehdrescher.bauteile.wendetrommel_innen'! Referenced by 'MyMaehdrescher.TheWorld:PersistentLevel.StaticMeshActor_80.StaticMeshComponent_45' ('Engine.StaticMeshComponent:StaticMesh').
[0209.44] Log: Failed to load 'Maehdrescher': Can't find file for package 'Maehdrescher' while loading NULL
[0209.44] Warning: Failed to load 'Maehdrescher.bauteile.haspel'! Referenced by 'MyMaehdrescher.TheWorld:PersistentLevel.StaticMeshActor_9.StaticMeshComponent_10' ('Engine.StaticMeshComponent:StaticMesh').
[0209.44] Log: Failed to load 'Maehdrescher': Can't find file for package 'Maehdrescher' while loading NULL
[0209.56] Log: -- Checking Building LODs
[0209.58] Log: Primary PhysX scene will be in software.
[0209.58] Log: Creating Primary PhysX Scene.
[0209.59] Log: Finished looking for orphan Actors (0.008 secs)
[0209.62] Cmd: MAP CHECKDEP DONTCLEARMESSAGES DONTDOSLOWREFCHECK
[0215.04] Exit: Preparing to exit.
[0215.25] Exit: Editor shut down
[0215.25] Exit: Transaction tracking system shut down
[0215.34] Exit: Windows client shut down
[0215.36] Exit: XAudio2 Device shut down.
[0215.41] Exit: Object subsystem successfully closed.
[0215.42] Log: Shutting down FaceFX...
[0215.42] Log: FaceFX shutdown.
[0215.44] Exit: Exiting.
[0215.44] Log: Log file closed, 06/17/14 11:59:12
