Log: Log file open, 06/17/14 11:59:13
Init: WinSock: version 1.1 (2.2), MaxSocks=32767, MaxUdp=65467
DevConfig: GConfig::Find has loaded file:  ..\..\Engine\Config\ConsoleVariables.ini
Init: Version: 12097
Init: Epic Internal: 0
Init: Compiled (64-bit): Feb 17 2014 13:34:55
Init: Changelist: 1999891
Init: Command line: editor 
Init: Base directory: C:\UDK\UDK-2014-02\Binaries\Win64\
[0000.47] Init: Computer: NATALIE-PC
[0000.47] Init: User: Natalie
[0000.47] Init: CPU Page size=4096, Processors=6
[0000.47] Init: High frequency timer resolution =14.318180 MHz
[0000.47] Init: Memory total: Physical=8.0GB (8GB approx) Pagefile=16.0GB Virtual=8192.0GB
[0000.47] Log: Steam Client API Disabled!
[0000.50] Init: WinSock: I am Natalie-PC (192.168.0.180:0)
[0000.50] Init: Presizing for 0 objects not considered by GC, pre-allocating 0 bytes.
[0000.50] Init: Object subsystem initialized
[0000.50] Warning: Warning, Unknown language extension DEU. Defaulting to INT
[0000.52] Log: SystemSettings based on: SystemSettings
[0000.52] Log: Found D3D11 adapter 0: ATI Radeon HD 5700 Series
[0000.52] Log: Adapter has 1012MB of dedicated video memory, 0MB of dedicated system memory, and 3839MB of shared system memory
[0000.54] Log: Shader platform (RHI): PC-D3D-SM3
[0000.68] Log: PhysX GPU Support: DISABLED
[0000.68] Init: Initializing FaceFX...
[0000.68] Init: FaceFX 1.7.4 initialized.
[0003.70] Init: Finished loading startup packages in 2.88 seconds
[0003.72] Log: 85667 objects as part of root set at end of initial load.
[0003.72] Log: 0 out of 0 bytes used by permanent object pool.
[0004.44] Log: Supported Consoles:
[0004.44] Log:   IPhone
[0004.44] Log:   Mac
[0004.44] Log:   PC
[0004.44] Log: Initializing Engine...
[0004.57] Log: Encountered missing default brush - spawning new one
[0004.58] Init: UEngine initialized
[0004.58] Log: Primary PhysX scene will be in software.
[0004.58] Log: Creating Primary PhysX Scene.
[0004.59] Init: Transaction tracking system initialized
[0004.67] Log: Can't find edit package 'OnlineSubsystemGameSpy'
[0004.67] Log: Can't find edit package 'OnlineSubsystemLive'
[0005.39] Init: XAudio2 using 'Lautsprecher (VIA High Definition Audio)' : 2 channels at 48 kHz using 32 bits per sample (channel mask 0x3)
[0005.46] Init: XAudio2Device initialized.
[0005.51] Init: Client initialized
[0005.52] Init: Editor engine initialized
[0005.65] Log: Initializing Engine Completed
[0005.65] Log: >>>>>>>>>>>>>> Initial startup: 5.65s <<<<<<<<<<<<<<<
[0005.74] Cmd: MODE MAPEXT=udk
[0005.86] SourceControl: Source Control disabled in UDKEditorUserSettings.ini.  [SourceControl] has Disabled=True
[0008.33] Log: The hooked GetPenEventMultiple() method was called; events are being ignored.
[0008.33] Log: Found D3D11 adapter 0: ATI Radeon HD 5700 Series
[0008.33] Log: Adapter has 1012MB of dedicated video memory, 0MB of dedicated system memory, and 3839MB of shared system memory
[0009.99] Cmd: MAP LOAD FILE="..\..\Engine\Content\Maps\Templates\Template_MidDay.umap" TEMPLATE=0
[0010.22] Log: Encountered missing default brush - spawning new one
[0010.56] Log: New File, Existing Package (Package Untitled_2, Package template_midday)
[0010.67] Log: -- Checking Building LODs
[0010.68] Log: Primary PhysX scene will be in software.
[0010.68] Log: Creating Primary PhysX Scene.
[0010.69] Log: Finished looking for orphan Actors (0.008 secs)
[0010.70] Cmd: MAP CHECKDEP DONTCLEARMESSAGES DONTDOSLOWREFCHECK
[0010.71] Log: TIMER ALL OF INIT : [10.018050]
[0020.57] Log: MapCheckForError: Show Errors None Package '..\..\UDKGame\Content\maher\Maehdrescher.upk' has been saved with engine version newer than current and therefore won't be possible to save.  CurrEngineVersion: 12097  VersionSavedWith: 12264
[0024.45] Log: Building adjacency information for static mesh 'Maehdrescher.bauteile.Auspuff_neu'.
[0024.45] Log: Building adjacency information for static mesh 'Maehdrescher.bauteile.baender_links'.
[0024.51] Log: Building adjacency information for static mesh 'Maehdrescher.bauteile.baender_motor_rechts'.
[0024.58] Log: Building adjacency information for static mesh 'Maehdrescher.bauteile.Behaelter-neben-Maehdrescher'.
[0024.58] Log: Building adjacency information for static mesh 'Maehdrescher.bauteile.dreschkorb'.
[0024.72] Log: Building adjacency information for static mesh 'Maehdrescher.bauteile.dreschtrommel'.
[0024.73] Log: Building adjacency information for static mesh 'Maehdrescher.bauteile.foedertrommel_vor_dreschtrommel'.
[0024.73] Log: Building adjacency information for static mesh 'Maehdrescher.bauteile.geblaese'.
[0024.74] Log: Building adjacency information for static mesh 'Maehdrescher.bauteile.geblaeseroehre_und_boden'.
[0024.74] Log: Building adjacency information for static mesh 'Maehdrescher.bauteile.hordenschuettler'.
[0024.76] Log: Building adjacency information for static mesh 'Maehdrescher.bauteile.hordenschuettler_Auffangblech'.
[0024.76] Log: Building adjacency information for static mesh 'Maehdrescher.bauteile.kleines_Band_rechts'.
[0024.78] Log: Building adjacency information for static mesh 'Maehdrescher.bauteile.kornschnecke'.
[0024.79] Log: Building adjacency information for static mesh 'Maehdrescher.bauteile.korntank_inneres'.
[0024.79] Log: Building adjacency information for static mesh 'Maehdrescher.bauteile.korntankfoerderer'.
[0024.80] Log: Building adjacency information for static mesh 'Maehdrescher.bauteile.mittelroehre_inneres'.
[0024.81] Log: Building adjacency information for static mesh 'Maehdrescher.bauteile.motor'.
[0025.08] Log: Building adjacency information for static mesh 'Maehdrescher.bauteile.motorabdeckung'.
[0025.08] Log: Building adjacency information for static mesh 'Maehdrescher.bauteile.motorkaesten'.
[0025.10] Log: Building adjacency information for static mesh 'Maehdrescher.bauteile.motorpropeller'.
[0025.10] Log: Building adjacency information for static mesh 'Maehdrescher.bauteile.obersieb'.
[0025.11] Log: Building adjacency information for static mesh 'Maehdrescher.bauteile.roehren'.
[0025.14] Log: Building adjacency information for static mesh 'Maehdrescher.bauteile.roehrenmotor'.
[0025.15] Log: Building adjacency information for static mesh 'Maehdrescher.bauteile.roehrensieb'.
[0025.27] Log: Building adjacency information for static mesh 'Maehdrescher.bauteile.seitenroehren_inneres'.
[0025.28] Log: Building adjacency information for static mesh 'Maehdrescher.bauteile.stangen_rechts'.
[0025.28] Log: Building adjacency information for static mesh 'Maehdrescher.bauteile.ueberkehrschnecke_aussen'.
[0025.29] Log: Building adjacency information for static mesh 'Maehdrescher.bauteile.ueberkehrschnecke_innen'.
[0025.30] Log: Building adjacency information for static mesh 'Maehdrescher.bauteile.untersieb'.
[0025.31] Log: Building adjacency information for static mesh 'Maehdrescher.bauteile.vorbereitungsboden'.
[0025.31] Log: Building adjacency information for static mesh 'Maehdrescher.bauteile.wendetrommel_aussen'.
[0025.32] Log: Building adjacency information for static mesh 'Maehdrescher.bauteile.wendetrommel_innen'.
[0028.63] Log: Building adjacency information for static mesh 'Maehdrescher_alle_teile.Auspuff_neu'.
[0028.64] Log: Building adjacency information for static mesh 'Maehdrescher_alle_teile.baender_links'.
[0028.69] Log: Building adjacency information for static mesh 'Maehdrescher_alle_teile.baender_motor_rechts'.
[0028.76] Log: Building adjacency information for static mesh 'Maehdrescher_alle_teile.Behaelter-neben-Maehdrescher'.
[0028.77] Log: Building adjacency information for static mesh 'Maehdrescher_alle_teile.dreschkorb'.
[0028.91] Log: Building adjacency information for static mesh 'Maehdrescher_alle_teile.dreschtrommel'.
[0028.92] Log: Building adjacency information for static mesh 'Maehdrescher_alle_teile.foedertrommel_vor_dreschtrommel'.
[0028.93] Log: Building adjacency information for static mesh 'Maehdrescher_alle_teile.geblaese'.
[0028.93] Log: Building adjacency information for static mesh 'Maehdrescher_alle_teile.geblaese2'.
[0028.93] Log: Building adjacency information for static mesh 'Maehdrescher_alle_teile.geblaeseroehre_und_boden'.
[0028.94] Log: Building adjacency information for static mesh 'Maehdrescher_alle_teile.hordenschuettler'.
[0028.96] Log: Building adjacency information for static mesh 'Maehdrescher_alle_teile.hordenschuettler_Auffangblech'.
[0028.96] Log: Building adjacency information for static mesh 'Maehdrescher_alle_teile.kleines_Band_rechts'.
[0028.97] Log: Building adjacency information for static mesh 'Maehdrescher_alle_teile.kornschnecke'.
[0028.98] Log: Building adjacency information for static mesh 'Maehdrescher_alle_teile.korntank_inneres'.
[0028.99] Log: Building adjacency information for static mesh 'Maehdrescher_alle_teile.korntankfoerderer'.
[0029.00] Log: Building adjacency information for static mesh 'Maehdrescher_alle_teile.mittelroehre_inneres'.
[0029.01] Log: Building adjacency information for static mesh 'Maehdrescher_alle_teile.motor'.
[0029.28] Log: Building adjacency information for static mesh 'Maehdrescher_alle_teile.motorabdeckung'.
[0029.28] Log: Building adjacency information for static mesh 'Maehdrescher_alle_teile.motorkaesten'.
[0029.30] Log: Building adjacency information for static mesh 'Maehdrescher_alle_teile.motorpropeller'.
[0029.30] Log: Building adjacency information for static mesh 'Maehdrescher_alle_teile.neuer3roehrenmotor'.
[0029.32] Log: Building adjacency information for static mesh 'Maehdrescher_alle_teile.obersieb'.
[0029.32] Log: Building adjacency information for static mesh 'Maehdrescher_alle_teile.roehren'.
[0029.35] Log: Building adjacency information for static mesh 'Maehdrescher_alle_teile.roehrenmotor'.
[0029.36] Log: Building adjacency information for static mesh 'Maehdrescher_alle_teile.roehrensieb'.
[0029.47] Log: Building adjacency information for static mesh 'Maehdrescher_alle_teile.seitenroehren_inneres'.
[0029.49] Log: Building adjacency information for static mesh 'Maehdrescher_alle_teile.stangen_rechts'.
[0029.49] Log: Building adjacency information for static mesh 'Maehdrescher_alle_teile.ueberkehrschnecke_aussen'.
[0029.49] Log: Building adjacency information for static mesh 'Maehdrescher_alle_teile.ueberkehrschnecke_innen'.
[0029.51] Log: Building adjacency information for static mesh 'Maehdrescher_alle_teile.untersieb'.
[0029.51] Log: Building adjacency information for static mesh 'Maehdrescher_alle_teile.vorbereitungsboden'.
[0029.52] Log: Building adjacency information for static mesh 'Maehdrescher_alle_teile.wendetrommel_aussen'.
[0029.53] Log: Building adjacency information for static mesh 'Maehdrescher_alle_teile.wendetrommel_innen'.
[0031.90] Log: Building adjacency information for static mesh 'MyPackage.A_Button'.
[0031.90] Log: Building adjacency information for static mesh 'MyPackage.B_button'.
[0031.90] Log: Building adjacency information for static mesh 'MyPackage.BackButtons'.
[0031.92] Log: Building adjacency information for static mesh 'MyPackage.BodyController'.
[0032.41] Log: Building adjacency information for static mesh 'MyPackage.Cross'.
[0032.52] Log: Building adjacency information for static mesh 'MyPackage.L_button'.
[0032.52] Log: Building adjacency information for static mesh 'MyPackage.L_Joystick'.
[0032.57] Log: Building adjacency information for static mesh 'MyPackage.MyXBoxController'.
[0035.65] Log: Building adjacency information for static mesh 'MyPackage.R_button'.
[0035.65] Log: Building adjacency information for static mesh 'MyPackage.R_Joystick'.
[0035.69] Log: Building adjacency information for static mesh 'MyPackage.X_Button'.
[0035.70] Log: Building adjacency information for static mesh 'MyPackage.XBoxHome'.
[0035.71] Log: Building adjacency information for static mesh 'MyPackage.XboxTypeS_Back'.
[0035.71] Log: Building adjacency information for static mesh 'MyPackage.XboxTypeS_Start'.
[0035.71] Log: Building adjacency information for static mesh 'MyPackage.Y_button'.
[0039.00] Cmd: MAP LOAD FILE="C:\UDK\UDK-2014-02\UDKGame\Content\maher\MyMaehdrescher.udk" TEMPLATE=0
[0039.07] Log: Encountered missing default brush - spawning new one
[0039.70] Log: -- Checking Building LODs
[0039.71] Log: Primary PhysX scene will be in software.
[0039.71] Log: Creating Primary PhysX Scene.
[0039.73] Log: Finished looking for orphan Actors (0.008 secs)
[0039.74] Cmd: MAP CHECKDEP DONTCLEARMESSAGES DONTDOSLOWREFCHECK
[0116.35] Log: NO_EXISTING: , bauteile_1.upk, ..\..\UDKGame\Content
[0121.19] Log: saving as C:\UDK\UDK-2014-02\UDKGame\Content\maher\bauteile_1.upk
[0121.20] Log: OBJ SavePackage: Generating thumbnails for [12] asset(s) in package [bauteile_1] ([12] browsable assets)...
[0121.24] Log: OBJ SavePackage:     Rendered thumbnail for [StaticMesh bauteile_1.bauteile.3bolzen_vorn]
[0121.27] Log: OBJ SavePackage:     Rendered thumbnail for [StaticMesh bauteile_1.bauteile.Auspuff_neu]
[0121.28] Log: OBJ SavePackage:     Rendered thumbnail for [StaticMesh bauteile_1.bauteile.aussenrohr_oben]
[0121.28] Log: OBJ SavePackage:     Rendered thumbnail for [StaticMesh bauteile_1.bauteile.baender_links]
[0121.29] Log: OBJ SavePackage:     Rendered thumbnail for [StaticMesh bauteile_1.bauteile.baender_motor_rechts]
[0121.30] Log: OBJ SavePackage:     Rendered thumbnail for [StaticMesh bauteile_1.bauteile.Behaelter-neben-Maehdrescher]
[0121.30] Log: OBJ SavePackage:     Rendered thumbnail for [StaticMesh bauteile_1.bauteile.dachmotor]
[0121.31] Log: OBJ SavePackage:     Rendered thumbnail for [StaticMesh bauteile_1.bauteile.dreschkorb]
[0121.32] Log: OBJ SavePackage:     Rendered thumbnail for [StaticMesh bauteile_1.bauteile.dreschtrommel]
[0121.32] Log: OBJ SavePackage:     Rendered thumbnail for [StaticMesh bauteile_1.bauteile.einzugsschnecke]
[0121.33] Log: OBJ SavePackage:     Rendered thumbnail for [StaticMesh bauteile_1.bauteile.foedertrommel_vor_dreschtrommel]
[0121.33] Log: OBJ SavePackage:     Rendered thumbnail for [StaticMesh bauteile_1.bauteile.geblaese]
[0121.33] Log: OBJ SavePackage: Finished generating thumbnails for package [bauteile_1]
[0121.34] Cmd: OBJ SAVEPACKAGE PACKAGE="bauteile_1" FILE="C:\UDK\UDK-2014-02\UDKGame\Content\maher\bauteile_1.upk"
[0122.41] Log: Save=1027.639686
[0122.41] Log: Moving 'C:\UDK\UDK-2014-02\UDKGame\Content\maher\bauteile_1_save.tmp' to 'C:\UDK\UDK-2014-02\UDKGame\Content\maher\bauteile_1.upk'
[0178.86] Log: saving as ..\..\UDKGame\Content\maher\Maehdrescher.upk
[0178.88] Log: OBJ SavePackage: Generating thumbnails for [261] asset(s) in package [Maehdrescher] ([273] browsable assets)...
[0178.89] Log: OBJ SavePackage:     Rendered thumbnail for [Material Maehdrescher.Materials.Ground1]
[0178.89] Log: OBJ SavePackage:     Rendered thumbnail for [Material Maehdrescher.Materials.Kornhaufen-H_nger]
[0178.90] Log: OBJ SavePackage:     Rendered thumbnail for [Material Maehdrescher.Materials.Kornhaufen-Tank]
[0178.91] Log: OBJ SavePackage:     Rendered thumbnail for [Material Maehdrescher.Materials.Lack-blau-3]
[0178.91] Log: OBJ SavePackage:     Rendered thumbnail for [Material Maehdrescher.Materials.Lack-Grau]
[0178.92] Log: OBJ SavePackage:     Rendered thumbnail for [Material Maehdrescher.Materials.Lack-Grau-dunkel]
[0178.92] Log: OBJ SavePackage:     Rendered thumbnail for [Material Maehdrescher.Materials.Lack-H_nger-Neu]
[0178.93] Log: OBJ SavePackage:     Rendered thumbnail for [Material Maehdrescher.Materials.Lack-H_nger-Neu__Untitled]
[0178.93] Log: OBJ SavePackage:     Rendered thumbnail for [Material Maehdrescher.Materials.Lack-schwarz]
[0178.94] Log: OBJ SavePackage:     Rendered thumbnail for [Material Maehdrescher.Materials.Lack-weiss]
[0178.95] Log: OBJ SavePackage:     Rendered thumbnail for [Material Maehdrescher.Materials.Lack-weiss-2]
[0178.95] Log: OBJ SavePackage:     Rendered thumbnail for [Material Maehdrescher.Materials.Maehdrescher2_Auspuff_002]
[0178.96] Log: OBJ SavePackage:     Rendered thumbnail for [Material Maehdrescher.Materials.Maehdrescher2_Auspuff_004]
[0178.96] Log: OBJ SavePackage:     Rendered thumbnail for [Material Maehdrescher.Materials.Maehdrescher2_Brushed_Aluminium_0011]
[0178.97] Log: OBJ SavePackage:     Rendered thumbnail for [Material Maehdrescher.Materials.Maehdrescher2_Brushed_Aluminium_0013]
[0178.98] Log: OBJ SavePackage:     Rendered thumbnail for [Material Maehdrescher.Materials.Maehdrescher2_Brushed_Aluminium_003]
[0178.98] Log: OBJ SavePackage:     Rendered thumbnail for [Material Maehdrescher.Materials.Maehdrescher2_Brushed_Aluminium_005]
[0178.99] Log: OBJ SavePackage:     Rendered thumbnail for [Material Maehdrescher.Materials.Maehdrescher2_Brushed_Aluminium_007]
[0178.99] Log: OBJ SavePackage:     Rendered thumbnail for [Material Maehdrescher.Materials.Maehdrescher2_Brushed_Aluminium_009]
[0179.00] Log: OBJ SavePackage:     Rendered thumbnail for [Material Maehdrescher.Materials.Maehdrescher2_Fahrersitz_1_001_canvas_2_jpg1]
[0179.00] Log: OBJ SavePackage:     Rendered thumbnail for [Material Maehdrescher.Materials.Maehdrescher2_Felgen_002]
[0179.01] Log: OBJ SavePackage:     Rendered thumbnail for [Material Maehdrescher.Materials.Maehdrescher2_Felgen_004]
[0179.02] Log: OBJ SavePackage:     Rendered thumbnail for [Material Maehdrescher.Materials.Maehdrescher2_Felgen_006]
[0179.02] Log: OBJ SavePackage:     Rendered thumbnail for [Material Maehdrescher.Materials.Maehdrescher2_Felgen_008]
[0179.03] Log: OBJ SavePackage:     Rendered thumbnail for [Material Maehdrescher.Materials.Maehdrescher2_GitterKasten_001_metallgitter_durc_003]
[0179.03] Log: OBJ SavePackage:     Rendered thumbnail for [Material Maehdrescher.Materials.Maehdrescher2_Glas_Test_002]
[0179.04] Log: OBJ SavePackage:     Rendered thumbnail for [Material Maehdrescher.Materials.Maehdrescher2_Knospen1]
[0179.05] Log: OBJ SavePackage:     Rendered thumbnail for [Material Maehdrescher.Materials.Maehdrescher2_Knospen_002]
[0179.05] Log: OBJ SavePackage:     Rendered thumbnail for [Material Maehdrescher.Materials.Maehdrescher2_Knospen_006]
[0179.06] Log: OBJ SavePackage:     Rendered thumbnail for [Material Maehdrescher.Materials.Maehdrescher2_Lack_blau_3_0010]
[0179.06] Log: OBJ SavePackage:     Rendered thumbnail for [Material Maehdrescher.Materials.Maehdrescher2_Lack_blau_3_0012]
[0179.07] Log: OBJ SavePackage:     Rendered thumbnail for [Material Maehdrescher.Materials.Maehdrescher2_Lack_blau_3_0014]
[0179.07] Log: OBJ SavePackage:     Rendered thumbnail for [Material Maehdrescher.Materials.Maehdrescher2_Lack_blau_3_0016]
[0179.08] Log: OBJ SavePackage:     Rendered thumbnail for [Material Maehdrescher.Materials.Maehdrescher2_Lack_blau_3_0018]
[0179.09] Log: OBJ SavePackage:     Rendered thumbnail for [Material Maehdrescher.Materials.Maehdrescher2_Lack_blau_3_002]
[0179.09] Log: OBJ SavePackage:     Rendered thumbnail for [Material Maehdrescher.Materials.Maehdrescher2_Lack_blau_3_004]
[0179.10] Log: OBJ SavePackage:     Rendered thumbnail for [Material Maehdrescher.Materials.Maehdrescher2_Lack_blau_3_006]
[0179.10] Log: OBJ SavePackage:     Rendered thumbnail for [Material Maehdrescher.Materials.Maehdrescher2_Lack_blau_3_008]
[0179.11] Log: OBJ SavePackage:     Rendered thumbnail for [Material Maehdrescher.Materials.Maehdrescher2_Lack_blau_FRONT_001_Untitled_003]
[0179.12] Log: OBJ SavePackage:     Rendered thumbnail for [Material Maehdrescher.Materials.Maehdrescher2_Lack_Grau_0010]
[0179.12] Log: OBJ SavePackage:     Rendered thumbnail for [Material Maehdrescher.Materials.Maehdrescher2_Lack_Grau_0012]
[0179.13] Log: OBJ SavePackage:     Rendered thumbnail for [Material Maehdrescher.Materials.Maehdrescher2_Lack_Grau_0014]
[0179.13] Log: OBJ SavePackage:     Rendered thumbnail for [Material Maehdrescher.Materials.Maehdrescher2_Lack_Grau_0016]
[0179.14] Log: OBJ SavePackage:     Rendered thumbnail for [Material Maehdrescher.Materials.Maehdrescher2_Lack_Grau_0018]
[0179.14] Log: OBJ SavePackage:     Rendered thumbnail for [Material Maehdrescher.Materials.Maehdrescher2_Lack_Grau_002]
[0179.15] Log: OBJ SavePackage:     Rendered thumbnail for [Material Maehdrescher.Materials.Maehdrescher2_Lack_Grau_004]
[0179.16] Log: OBJ SavePackage:     Rendered thumbnail for [Material Maehdrescher.Materials.Maehdrescher2_Lack_Grau_006]
[0179.16] Log: OBJ SavePackage:     Rendered thumbnail for [Material Maehdrescher.Materials.Maehdrescher2_Lack_Grau_008]
[0179.17] Log: OBJ SavePackage:     Rendered thumbnail for [Material Maehdrescher.Materials.Maehdrescher2_Lack_Grau_011]
[0179.17] Log: OBJ SavePackage:     Rendered thumbnail for [Material Maehdrescher.Materials.Maehdrescher2_Lack_Grau_013]
[0179.18] Log: OBJ SavePackage:     Rendered thumbnail for [Material Maehdrescher.Materials.Maehdrescher2_Lack_Grau_015]
[0179.19] Log: OBJ SavePackage:     Rendered thumbnail for [Material Maehdrescher.Materials.Maehdrescher2_Lack_Grau_017]
[0179.19] Log: OBJ SavePackage:     Rendered thumbnail for [Material Maehdrescher.Materials.Maehdrescher2_Lack_Grau_019]
[0179.20] Log: OBJ SavePackage:     Rendered thumbnail for [Material Maehdrescher.Materials.Maehdrescher2_Lack_Grau_021]
[0179.20] Log: OBJ SavePackage:     Rendered thumbnail for [Material Maehdrescher.Materials.Maehdrescher2_Lack_Grau_023]
[0179.21] Log: OBJ SavePackage:     Rendered thumbnail for [Material Maehdrescher.Materials.Maehdrescher2_Lack_Grau_025]
[0179.22] Log: OBJ SavePackage:     Rendered thumbnail for [Material Maehdrescher.Materials.Maehdrescher2_Lack_Grau_027]
[0179.22] Log: OBJ SavePackage:     Rendered thumbnail for [Material Maehdrescher.Materials.Maehdrescher2_Lack_Grau_029]
[0179.23] Log: OBJ SavePackage:     Rendered thumbnail for [Material Maehdrescher.Materials.Maehdrescher2_Lack_Grau_031]
[0179.23] Log: OBJ SavePackage:     Rendered thumbnail for [Material Maehdrescher.Materials.Maehdrescher2_Lack_Grau_033]
[0179.24] Log: OBJ SavePackage:     Rendered thumbnail for [Material Maehdrescher.Materials.Maehdrescher2_Lack_Grau_035]
[0179.25] Log: OBJ SavePackage:     Rendered thumbnail for [Material Maehdrescher.Materials.Maehdrescher2_Lack_Grau_037]
[0179.25] Log: OBJ SavePackage:     Rendered thumbnail for [Material Maehdrescher.Materials.Maehdrescher2_Lack_Grau_039]
[0179.26] Log: OBJ SavePackage:     Rendered thumbnail for [Material Maehdrescher.Materials.Maehdrescher2_Lack_Grau_041]
[0179.26] Log: OBJ SavePackage:     Rendered thumbnail for [Material Maehdrescher.Materials.Maehdrescher2_Lack_Grau_043]
[0179.27] Log: OBJ SavePackage:     Rendered thumbnail for [Material Maehdrescher.Materials.Maehdrescher2_Lack_Grau_045]
[0179.28] Log: OBJ SavePackage:     Rendered thumbnail for [Material Maehdrescher.Materials.Maehdrescher2_Lack_Grau_047]
[0179.28] Log: OBJ SavePackage:     Rendered thumbnail for [Material Maehdrescher.Materials.Maehdrescher2_Lack_Grau_049]
[0179.29] Log: OBJ SavePackage:     Rendered thumbnail for [Material Maehdrescher.Materials.Maehdrescher2_Lack_Grau_051]
[0179.29] Log: OBJ SavePackage:     Rendered thumbnail for [Material Maehdrescher.Materials.Maehdrescher2_Lack_Grau_053]
[0179.30] Log: OBJ SavePackage:     Rendered thumbnail for [Material Maehdrescher.Materials.Maehdrescher2_Lack_Grau_ScheinW_001_Plastic_jpg1]
[0179.30] Log: OBJ SavePackage:     Rendered thumbnail for [Material Maehdrescher.Materials.Maehdrescher2_Lack_Grau_ScheinW_Plastic_jpg1]
[0179.31] Log: OBJ SavePackage:     Rendered thumbnail for [Material Maehdrescher.Materials.Maehdrescher2_Lack_schwarz_0012]
[0179.32] Log: OBJ SavePackage:     Rendered thumbnail for [Material Maehdrescher.Materials.Maehdrescher2_Lack_schwarz_0014]
[0179.32] Log: OBJ SavePackage:     Rendered thumbnail for [Material Maehdrescher.Materials.Maehdrescher2_Lack_schwarz_0016]
[0179.33] Log: OBJ SavePackage:     Rendered thumbnail for [Material Maehdrescher.Materials.Maehdrescher2_Lack_schwarz_002]
[0179.33] Log: OBJ SavePackage:     Rendered thumbnail for [Material Maehdrescher.Materials.Maehdrescher2_Lack_schwarz_004]
[0179.34] Log: OBJ SavePackage:     Rendered thumbnail for [Material Maehdrescher.Materials.Maehdrescher2_Lack_schwarz_006]
[0179.35] Log: OBJ SavePackage:     Rendered thumbnail for [Material Maehdrescher.Materials.Maehdrescher2_Lack_schwarz_008]
[0179.35] Log: OBJ SavePackage:     Rendered thumbnail for [Material Maehdrescher.Materials.Maehdrescher2_Lack_schwarz_019]
[0179.36] Log: OBJ SavePackage:     Rendered thumbnail for [Material Maehdrescher.Materials.Maehdrescher2_Lack_schwarz_023]
[0179.36] Log: OBJ SavePackage:     Rendered thumbnail for [Material Maehdrescher.Materials.Maehdrescher2_Lack_weiss_002]
[0179.37] Log: OBJ SavePackage:     Rendered thumbnail for [Material Maehdrescher.Materials.Maehdrescher2_Lack_weiss_004]
[0179.38] Log: OBJ SavePackage:     Rendered thumbnail for [Material Maehdrescher.Materials.Maehdrescher2_Lack_weiss_2_0010]
[0179.38] Log: OBJ SavePackage:     Rendered thumbnail for [Material Maehdrescher.Materials.Maehdrescher2_Lack_weiss_2_0012]
[0179.39] Log: OBJ SavePackage:     Rendered thumbnail for [Material Maehdrescher.Materials.Maehdrescher2_Lack_weiss_2_0014]
[0179.39] Log: OBJ SavePackage:     Rendered thumbnail for [Material Maehdrescher.Materials.Maehdrescher2_Lack_weiss_2_0016]
[0179.40] Log: OBJ SavePackage:     Rendered thumbnail for [Material Maehdrescher.Materials.Maehdrescher2_Lack_weiss_2_0018]
[0179.41] Log: OBJ SavePackage:     Rendered thumbnail for [Material Maehdrescher.Materials.Maehdrescher2_Lack_weiss_2_002]
[0179.41] Log: OBJ SavePackage:     Rendered thumbnail for [Material Maehdrescher.Materials.Maehdrescher2_Lack_weiss_2_004]
[0179.42] Log: OBJ SavePackage:     Rendered thumbnail for [Material Maehdrescher.Materials.Maehdrescher2_Lack_weiss_2_006]
[0179.42] Log: OBJ SavePackage:     Rendered thumbnail for [Material Maehdrescher.Materials.Maehdrescher2_Lack_weiss_2_008]
[0179.43] Log: OBJ SavePackage:     Rendered thumbnail for [Material Maehdrescher.Materials.Maehdrescher2_Lack_weiss_2_011]
[0179.43] Log: OBJ SavePackage:     Rendered thumbnail for [Material Maehdrescher.Materials.Maehdrescher2_Lack_weiss_2_013]
[0179.44] Log: OBJ SavePackage:     Rendered thumbnail for [Material Maehdrescher.Materials.Maehdrescher2_Lack_weiss_2_TUD_001_TUD_Logo_TestGrid1]
[0179.45] Log: OBJ SavePackage:     Rendered thumbnail for [Material Maehdrescher.Materials.Maehdrescher2_Leuchte_orange_002]
[0179.45] Log: OBJ SavePackage:     Rendered thumbnail for [Material Maehdrescher.Materials.Maehdrescher2_Leuchte_orange_004]
[0179.46] Log: OBJ SavePackage:     Rendered thumbnail for [Material Maehdrescher.Materials.Maehdrescher2_Löscher_Rot_001_Feuerloescher_Bil1]
[0179.46] Log: OBJ SavePackage:     Rendered thumbnail for [Material Maehdrescher.Materials.Maehdrescher2_Löscher_Rot_002_Feuerloescher_Bil1]
[0179.47] Log: OBJ SavePackage:     Rendered thumbnail for [Material Maehdrescher.Materials.Maehdrescher2_LöscherSchlauch_R1]
[0179.48] Log: OBJ SavePackage:     Rendered thumbnail for [Material Maehdrescher.Materials.Maehdrescher2_LöscherSchlauch_R_002]
[0179.48] Log: OBJ SavePackage:     Rendered thumbnail for [Material Maehdrescher.Materials.Maehdrescher2_Material_0010]
[0179.49] Log: OBJ SavePackage:     Rendered thumbnail for [Material Maehdrescher.Materials.Maehdrescher2_Material_002]
[0179.49] Log: OBJ SavePackage:     Rendered thumbnail for [Material Maehdrescher.Materials.Maehdrescher2_Material_004]
[0179.50] Log: OBJ SavePackage:     Rendered thumbnail for [Material Maehdrescher.Materials.Maehdrescher2_Motorabdeckung_001_Metallplatte_jpg_002]
[0179.51] Log: OBJ SavePackage:     Rendered thumbnail for [Material Maehdrescher.Materials.Maehdrescher2_null_1]
[0179.51] Log: OBJ SavePackage:     Rendered thumbnail for [Material Maehdrescher.Materials.Maehdrescher2_Radmuttern_002]
[0179.52] Log: OBJ SavePackage:     Rendered thumbnail for [Material Maehdrescher.Materials.Maehdrescher2_Radmuttern_004]
[0179.52] Log: OBJ SavePackage:     Rendered thumbnail for [Material Maehdrescher.Materials.Maehdrescher2_Radmuttern_006]
[0179.53] Log: OBJ SavePackage:     Rendered thumbnail for [Material Maehdrescher.Materials.Maehdrescher2_Radmuttern_008]
[0179.54] Log: OBJ SavePackage:     Rendered thumbnail for [Material Maehdrescher.Materials.Maehdrescher2_Rubber_002]
[0179.54] Log: OBJ SavePackage:     Rendered thumbnail for [Material Maehdrescher.Materials.Maehdrescher2_Rubber_004]
[0179.55] Log: OBJ SavePackage:     Rendered thumbnail for [Material Maehdrescher.Materials.Maehdrescher2_Rubber_006]
[0179.55] Log: OBJ SavePackage:     Rendered thumbnail for [Material Maehdrescher.Materials.Maehdrescher2_Rubber_008]
[0179.56] Log: OBJ SavePackage:     Rendered thumbnail for [Material Maehdrescher.Materials.Maehdrescher2_Rubber_bright_002]
[0179.57] Log: OBJ SavePackage:     Rendered thumbnail for [Material Maehdrescher.Materials.Maehdrescher2_Rubber_bright_004]
[0179.57] Log: OBJ SavePackage:     Rendered thumbnail for [Material Maehdrescher.Materials.Maehdrescher2_Rubber_bright_006]
[0179.58] Log: OBJ SavePackage:     Rendered thumbnail for [Material Maehdrescher.Materials.Maehdrescher2_Rubber_bright_008]
[0179.58] Log: OBJ SavePackage:     Rendered thumbnail for [Material Maehdrescher.Materials.Maehdrescher2_Rückleuchte_001_Rücklicht_jpg1]
[0179.59] Log: OBJ SavePackage:     Rendered thumbnail for [Material Maehdrescher.Materials.Maehdrescher2_RückleuchteTex_001_RÒ_cklicht_jpg1]
[0179.60] Log: OBJ SavePackage:     Rendered thumbnail for [Material Maehdrescher.Materials.Maehdrescher2_ScheinW_001_Plastic_jpg1]
[0179.60] Log: OBJ SavePackage:     Rendered thumbnail for [Material Maehdrescher.Materials.Maehdrescher2_ScheinW_O_001_Plastic_jpg1]
[0179.61] Log: OBJ SavePackage:     Rendered thumbnail for [Material Maehdrescher.Materials.Maehdrescher2_ScheinW_O_002_Plastic_jpg1]
[0179.61] Log: OBJ SavePackage:     Rendered thumbnail for [Material Maehdrescher.Materials.Maehdrescher2_ScheinW_O_003_Plastic_jpg1]
[0179.62] Log: OBJ SavePackage:     Rendered thumbnail for [Material Maehdrescher.Materials.Maehdrescher2_ScheinW_O_004_Plastic_jpg1]
[0179.63] Log: OBJ SavePackage:     Rendered thumbnail for [Material Maehdrescher.Materials.Maehdrescher2_Spiegel_001_Spiegel_jpg1]
[0179.63] Log: OBJ SavePackage:     Rendered thumbnail for [Material Maehdrescher.Materials.Maehdrescher2_Stahl_innereien_0010]
[0179.64] Log: OBJ SavePackage:     Rendered thumbnail for [Material Maehdrescher.Materials.Maehdrescher2_Stahl_innereien_0012]
[0179.64] Log: OBJ SavePackage:     Rendered thumbnail for [Material Maehdrescher.Materials.Maehdrescher2_Stahl_innereien_002]
[0179.65] Log: OBJ SavePackage:     Rendered thumbnail for [Material Maehdrescher.Materials.Maehdrescher2_Stahl_innereien_004]
[0179.66] Log: OBJ SavePackage:     Rendered thumbnail for [Material Maehdrescher.Materials.Maehdrescher2_Stahl_innereien_006]
[0179.66] Log: OBJ SavePackage:     Rendered thumbnail for [Material Maehdrescher.Materials.Maehdrescher2_Stahl_innereien_008]
[0179.67] Log: OBJ SavePackage:     Rendered thumbnail for [Material Maehdrescher.Materials.Maehdrescher2_Stahl_innereien_015]
[0179.67] Log: OBJ SavePackage:     Rendered thumbnail for [Material Maehdrescher.Materials.Maehdrescher2_Stahl_innereien_017]
[0179.68] Log: OBJ SavePackage:     Rendered thumbnail for [Material Maehdrescher.Materials.Maehdrescher2_Stahl_innereien_019]
[0179.69] Log: OBJ SavePackage:     Rendered thumbnail for [Material Maehdrescher.Materials.Maehdrescher2_Stahl_innereien_021]
[0179.69] Log: OBJ SavePackage:     Rendered thumbnail for [Material Maehdrescher.Materials.Maehdrescher2_Stahl_innereien_023]
[0179.70] Log: OBJ SavePackage:     Rendered thumbnail for [Material Maehdrescher.Materials.Maehdrescher2_Stahl_innereien_025]
[0179.70] Log: OBJ SavePackage:     Rendered thumbnail for [Material Maehdrescher.Materials.Maehdrescher2_Steel_002]
[0179.71] Log: OBJ SavePackage:     Rendered thumbnail for [Material Maehdrescher.Materials.Maehdrescher2_Steel_004]
[0179.72] Log: OBJ SavePackage:     Rendered thumbnail for [Material Maehdrescher.Materials.Maehdrescher2_Steel_2_0010]
[0179.72] Log: OBJ SavePackage:     Rendered thumbnail for [Material Maehdrescher.Materials.Maehdrescher2_Steel_2_0012]
[0179.73] Log: OBJ SavePackage:     Rendered thumbnail for [Material Maehdrescher.Materials.Maehdrescher2_Steel_2_0014]
[0179.73] Log: OBJ SavePackage:     Rendered thumbnail for [Material Maehdrescher.Materials.Maehdrescher2_Steel_2_0016]
[0179.74] Log: OBJ SavePackage:     Rendered thumbnail for [Material Maehdrescher.Materials.Maehdrescher2_Steel_2_0018]
[0179.75] Log: OBJ SavePackage:     Rendered thumbnail for [Material Maehdrescher.Materials.Maehdrescher2_Steel_2_002]
[0179.75] Log: OBJ SavePackage:     Rendered thumbnail for [Material Maehdrescher.Materials.Maehdrescher2_Steel_2_004]
[0179.76] Log: OBJ SavePackage:     Rendered thumbnail for [Material Maehdrescher.Materials.Maehdrescher2_Steel_2_006]
[0179.76] Log: OBJ SavePackage:     Rendered thumbnail for [Material Maehdrescher.Materials.Maehdrescher2_Steel_2_008]
[0179.77] Log: OBJ SavePackage:     Rendered thumbnail for [Material Maehdrescher.Materials.Maehdrescher2_Steel_2_011]
[0179.78] Log: OBJ SavePackage:     Rendered thumbnail for [Material Maehdrescher.Materials.Maehdrescher2_steel_polished_0010]
[0179.78] Log: OBJ SavePackage:     Rendered thumbnail for [Material Maehdrescher.Materials.Maehdrescher2_steel_polished_0012]
[0179.79] Log: OBJ SavePackage:     Rendered thumbnail for [Material Maehdrescher.Materials.Maehdrescher2_steel_polished_0014]
[0179.79] Log: OBJ SavePackage:     Rendered thumbnail for [Material Maehdrescher.Materials.Maehdrescher2_steel_polished_0016]
[0179.80] Log: OBJ SavePackage:     Rendered thumbnail for [Material Maehdrescher.Materials.Maehdrescher2_steel_polished_002]
[0179.81] Log: OBJ SavePackage:     Rendered thumbnail for [Material Maehdrescher.Materials.Maehdrescher2_steel_polished_004]
[0179.81] Log: OBJ SavePackage:     Rendered thumbnail for [Material Maehdrescher.Materials.Maehdrescher2_steel_polished_006]
[0179.82] Log: OBJ SavePackage:     Rendered thumbnail for [Material Maehdrescher.Materials.Maehdrescher2_steel_polished_008]
[0179.82] Log: OBJ SavePackage:     Rendered thumbnail for [Material Maehdrescher.Materials.Maehdrescher2_Stroh_002]
[0179.83] Log: OBJ SavePackage:     Rendered thumbnail for [Material Maehdrescher.Materials.Maehdrescher2_Türgriff_002]
[0179.84] Log: OBJ SavePackage:     Rendered thumbnail for [Material Maehdrescher.Materials.Motorabdeckung__Metallplatte_jpg_001]
[0179.84] Log: OBJ SavePackage:     Rendered thumbnail for [Material Maehdrescher.Materials.phong10]
[0179.85] Log: OBJ SavePackage:     Rendered thumbnail for [Material Maehdrescher.Materials.phong100]
[0179.85] Log: OBJ SavePackage:     Rendered thumbnail for [Material Maehdrescher.Materials.phong101]
[0179.86] Log: OBJ SavePackage:     Rendered thumbnail for [Material Maehdrescher.Materials.phong103]
[0179.87] Log: OBJ SavePackage:     Rendered thumbnail for [Material Maehdrescher.Materials.phong12]
[0179.87] Log: OBJ SavePackage:     Rendered thumbnail for [Material Maehdrescher.Materials.phong20]
[0179.88] Log: OBJ SavePackage:     Rendered thumbnail for [Material Maehdrescher.Materials.phong21]
[0179.88] Log: OBJ SavePackage:     Rendered thumbnail for [Material Maehdrescher.Materials.phong4]
[0179.89] Log: OBJ SavePackage:     Rendered thumbnail for [Material Maehdrescher.Materials.phong51]
[0179.89] Log: OBJ SavePackage:     Rendered thumbnail for [Material Maehdrescher.Materials.phong52]
[0179.90] Log: OBJ SavePackage:     Rendered thumbnail for [Material Maehdrescher.Materials.phong53]
[0179.91] Log: OBJ SavePackage:     Rendered thumbnail for [Material Maehdrescher.Materials.phong54]
[0179.91] Log: OBJ SavePackage:     Rendered thumbnail for [Material Maehdrescher.Materials.phong55]
[0179.92] Log: OBJ SavePackage:     Rendered thumbnail for [Material Maehdrescher.Materials.phong56]
[0179.93] Log: OBJ SavePackage:     Rendered thumbnail for [Material Maehdrescher.Materials.phong57]
[0179.93] Log: OBJ SavePackage:     Rendered thumbnail for [Material Maehdrescher.Materials.phong58]
[0179.94] Log: OBJ SavePackage:     Rendered thumbnail for [Material Maehdrescher.Materials.phong59]
[0179.94] Log: OBJ SavePackage:     Rendered thumbnail for [Material Maehdrescher.Materials.phong60]
[0179.95] Log: OBJ SavePackage:     Rendered thumbnail for [Material Maehdrescher.Materials.phong61]
[0179.96] Log: OBJ SavePackage:     Rendered thumbnail for [Material Maehdrescher.Materials.phong62]
[0179.96] Log: OBJ SavePackage:     Rendered thumbnail for [Material Maehdrescher.Materials.phong63]
[0179.97] Log: OBJ SavePackage:     Rendered thumbnail for [Material Maehdrescher.Materials.phong64]
[0179.97] Log: OBJ SavePackage:     Rendered thumbnail for [Material Maehdrescher.Materials.phong65]
[0179.98] Log: OBJ SavePackage:     Rendered thumbnail for [Material Maehdrescher.Materials.phong66]
[0179.99] Log: OBJ SavePackage:     Rendered thumbnail for [Material Maehdrescher.Materials.phong67]
[0179.99] Log: OBJ SavePackage:     Rendered thumbnail for [Material Maehdrescher.Materials.phong68]
[0180.00] Log: OBJ SavePackage:     Rendered thumbnail for [Material Maehdrescher.Materials.phong69]
[0180.00] Log: OBJ SavePackage:     Rendered thumbnail for [Material Maehdrescher.Materials.phong70]
[0180.01] Log: OBJ SavePackage:     Rendered thumbnail for [Material Maehdrescher.Materials.phong71]
[0180.02] Log: OBJ SavePackage:     Rendered thumbnail for [Material Maehdrescher.Materials.phong72]
[0180.02] Log: OBJ SavePackage:     Rendered thumbnail for [Material Maehdrescher.Materials.phong73]
[0180.03] Log: OBJ SavePackage:     Rendered thumbnail for [Material Maehdrescher.Materials.phong74]
[0180.03] Log: OBJ SavePackage:     Rendered thumbnail for [Material Maehdrescher.Materials.phong75]
[0180.04] Log: OBJ SavePackage:     Rendered thumbnail for [Material Maehdrescher.Materials.phong76]
[0180.05] Log: OBJ SavePackage:     Rendered thumbnail for [Material Maehdrescher.Materials.phong77]
[0180.05] Log: OBJ SavePackage:     Rendered thumbnail for [Material Maehdrescher.Materials.phong78]
[0180.06] Log: OBJ SavePackage:     Rendered thumbnail for [Material Maehdrescher.Materials.phong79]
[0180.07] Log: OBJ SavePackage:     Rendered thumbnail for [Material Maehdrescher.Materials.phong80]
[0180.07] Log: OBJ SavePackage:     Rendered thumbnail for [Material Maehdrescher.Materials.phong81]
[0180.08] Log: OBJ SavePackage:     Rendered thumbnail for [Material Maehdrescher.Materials.phong82]
[0180.08] Log: OBJ SavePackage:     Rendered thumbnail for [Material Maehdrescher.Materials.phong83]
[0180.09] Log: OBJ SavePackage:     Rendered thumbnail for [Material Maehdrescher.Materials.phong84]
[0180.09] Log: OBJ SavePackage:     Rendered thumbnail for [Material Maehdrescher.Materials.phong85]
[0180.10] Log: OBJ SavePackage:     Rendered thumbnail for [Material Maehdrescher.Materials.phong86]
[0180.11] Log: OBJ SavePackage:     Rendered thumbnail for [Material Maehdrescher.Materials.phong87]
[0180.11] Log: OBJ SavePackage:     Rendered thumbnail for [Material Maehdrescher.Materials.phong88]
[0180.12] Log: OBJ SavePackage:     Rendered thumbnail for [Material Maehdrescher.Materials.phong89]
[0180.13] Log: OBJ SavePackage:     Rendered thumbnail for [Material Maehdrescher.Materials.phong90]
[0180.13] Log: OBJ SavePackage:     Rendered thumbnail for [Material Maehdrescher.Materials.phong91]
[0180.14] Log: OBJ SavePackage:     Rendered thumbnail for [Material Maehdrescher.Materials.phong92]
[0180.14] Log: OBJ SavePackage:     Rendered thumbnail for [Material Maehdrescher.Materials.phong93]
[0180.15] Log: OBJ SavePackage:     Rendered thumbnail for [Material Maehdrescher.Materials.phong94]
[0180.16] Log: OBJ SavePackage:     Rendered thumbnail for [Material Maehdrescher.Materials.phong95]
[0180.16] Log: OBJ SavePackage:     Rendered thumbnail for [Material Maehdrescher.Materials.phong96]
[0180.17] Log: OBJ SavePackage:     Rendered thumbnail for [Material Maehdrescher.Materials.phong97]
[0180.17] Log: OBJ SavePackage:     Rendered thumbnail for [Material Maehdrescher.Materials.phong98]
[0180.18] Log: OBJ SavePackage:     Rendered thumbnail for [Material Maehdrescher.Materials.phong99]
[0180.19] Log: OBJ SavePackage:     Rendered thumbnail for [Material Maehdrescher.Materials.Stahl-innereien]
[0180.19] Log: OBJ SavePackage:     Rendered thumbnail for [Material Maehdrescher.Materials.Steel]
[0180.20] Log: OBJ SavePackage:     Rendered thumbnail for [Material Maehdrescher.Materials.Steel-2]
[0180.20] Log: OBJ SavePackage:     Rendered thumbnail for [Material Maehdrescher.Materials.steel_polished]
[0180.21] Log: OBJ SavePackage:     Rendered thumbnail for [Material Maehdrescher.Materials.Unnamed]
[0180.22] Log: OBJ SavePackage:     Rendered thumbnail for [StaticMesh Maehdrescher.bauteile.roehrensieb]
[0180.22] Log: OBJ SavePackage:     Rendered thumbnail for [StaticMesh Maehdrescher.bauteile.schaufel]
[0180.23] Log: OBJ SavePackage:     Rendered thumbnail for [StaticMesh Maehdrescher.bauteile.schaufel_platte]
[0180.24] Log: OBJ SavePackage:     Rendered thumbnail for [StaticMesh Maehdrescher.bauteile.schraegfoerderer]
[0180.24] Log: OBJ SavePackage:     Rendered thumbnail for [StaticMesh Maehdrescher.bauteile.seitenroehren_inneres]
[0180.25] Log: OBJ SavePackage:     Rendered thumbnail for [StaticMesh Maehdrescher.bauteile.stangen_rechts]
[0180.26] Log: OBJ SavePackage:     Rendered thumbnail for [StaticMesh Maehdrescher.bauteile.strohhaecksler]
[0180.26] Log: OBJ SavePackage:     Rendered thumbnail for [StaticMesh Maehdrescher.bauteile.treppe_links]
[0180.27] Log: OBJ SavePackage:     Rendered thumbnail for [StaticMesh Maehdrescher.bauteile.ueberkehrschnecke_aussen]
[0180.28] Log: OBJ SavePackage:     Rendered thumbnail for [StaticMesh Maehdrescher.bauteile.ueberkehrschnecke_innen]
[0180.28] Log: OBJ SavePackage:     Rendered thumbnail for [StaticMesh Maehdrescher.bauteile.untersieb]
[0180.29] Log: OBJ SavePackage:     Rendered thumbnail for [StaticMesh Maehdrescher.bauteile.vorbereitungsboden]
[0180.30] Log: OBJ SavePackage:     Rendered thumbnail for [StaticMesh Maehdrescher.bauteile.vorderradachse]
[0180.30] Log: OBJ SavePackage:     Rendered thumbnail for [StaticMesh Maehdrescher.bauteile.wendetrommel_aussen]
[0180.31] Log: OBJ SavePackage:     Rendered thumbnail for [StaticMesh Maehdrescher.bauteile.wendetrommel_innen]
[0180.32] Log: OBJ SavePackage:     Rendered thumbnail for [StaticMesh Maehdrescher.hordenschuettler]
[0180.32] Log: OBJ SavePackage:     Rendered thumbnail for [StaticMesh Maehdrescher.hordenschuettler_Auffangblech]
[0180.33] Log: OBJ SavePackage:     Rendered thumbnail for [StaticMesh Maehdrescher.kleines_Band_rechts]
[0180.34] Log: OBJ SavePackage:     Rendered thumbnail for [StaticMesh Maehdrescher.kornschnecke]
[0180.35] Log: OBJ SavePackage:     Rendered thumbnail for [StaticMesh Maehdrescher.korntank_inneres]
[0180.35] Log: OBJ SavePackage:     Rendered thumbnail for [StaticMesh Maehdrescher.korntankfoerderer]
[0180.36] Log: OBJ SavePackage:     Rendered thumbnail for [StaticMesh Maehdrescher.mittelroehre_inneres]
[0180.38] Log: OBJ SavePackage:     Rendered thumbnail for [StaticMesh Maehdrescher.motor]
[0180.38] Log: OBJ SavePackage:     Rendered thumbnail for [StaticMesh Maehdrescher.motorabdeckung]
[0180.39] Log: OBJ SavePackage:     Rendered thumbnail for [StaticMesh Maehdrescher.motorkaesten]
[0180.40] Log: OBJ SavePackage:     Rendered thumbnail for [StaticMesh Maehdrescher.motorpropeller]
[0180.41] Log: OBJ SavePackage:     Rendered thumbnail for [StaticMesh Maehdrescher.obersieb]
[0180.41] Log: OBJ SavePackage:     Rendered thumbnail for [StaticMesh Maehdrescher.roehren]
[0180.42] Log: OBJ SavePackage:     Rendered thumbnail for [StaticMesh Maehdrescher.roehrenmotor]
[0180.43] Log: OBJ SavePackage:     Rendered thumbnail for [StaticMesh Maehdrescher.roehrensieb]
[0180.44] Log: OBJ SavePackage:     Rendered thumbnail for [StaticMesh Maehdrescher.seitenroehren_inneres]
[0180.45] Log: OBJ SavePackage:     Rendered thumbnail for [StaticMesh Maehdrescher.stangen_rechts]
[0180.45] Log: OBJ SavePackage:     Rendered thumbnail for [StaticMesh Maehdrescher.ueberkehrschnecke_aussen]
[0180.46] Log: OBJ SavePackage:     Rendered thumbnail for [StaticMesh Maehdrescher.ueberkehrschnecke_innen]
[0180.47] Log: OBJ SavePackage:     Rendered thumbnail for [StaticMesh Maehdrescher.untersieb]
[0180.47] Log: OBJ SavePackage:     Rendered thumbnail for [StaticMesh Maehdrescher.vorbereitungsboden]
[0180.48] Log: OBJ SavePackage:     Rendered thumbnail for [StaticMesh Maehdrescher.wendetrommel_aussen]
[0180.49] Log: OBJ SavePackage:     Rendered thumbnail for [StaticMesh Maehdrescher.wendetrommel_innen]
[0180.49] Log: OBJ SavePackage: Finished generating thumbnails for package [Maehdrescher]
[0180.49] Cmd: OBJ SAVEPACKAGE PACKAGE="Maehdrescher" FILE="..\..\UDKGame\Content\maher\Maehdrescher.upk"
[0180.51] Warning: ConditionalFlattenMaterial: Invalid FlattenType: 2
[0180.51] Warning: ConditionalFlattenMaterial: Invalid FlattenType: 2
[0180.51] Warning: ConditionalFlattenMaterial: Invalid FlattenType: 2
[0180.51] Warning: ConditionalFlattenMaterial: Invalid FlattenType: 2
[0180.51] Warning: ConditionalFlattenMaterial: Invalid FlattenType: 2
[0180.51] Warning: ConditionalFlattenMaterial: Invalid FlattenType: 2
[0180.51] Warning: ConditionalFlattenMaterial: Invalid FlattenType: 2
[0180.51] Warning: ConditionalFlattenMaterial: Invalid FlattenType: 2
[0180.51] Warning: ConditionalFlattenMaterial: Invalid FlattenType: 2
[0180.51] Warning: ConditionalFlattenMaterial: Invalid FlattenType: 2
[0180.51] Warning: ConditionalFlattenMaterial: Invalid FlattenType: 2
[0180.51] Warning: ConditionalFlattenMaterial: Invalid FlattenType: 2
[0180.51] Warning: ConditionalFlattenMaterial: Invalid FlattenType: 2
[0180.51] Warning: ConditionalFlattenMaterial: Invalid FlattenType: 2
[0180.51] Warning: ConditionalFlattenMaterial: Invalid FlattenType: 2
[0180.51] Warning: ConditionalFlattenMaterial: Invalid FlattenType: 2
[0180.51] Warning: ConditionalFlattenMaterial: Invalid FlattenType: 2
[0180.51] Warning: ConditionalFlattenMaterial: Invalid FlattenType: 2
[0180.51] Warning: ConditionalFlattenMaterial: Invalid FlattenType: 2
[0180.51] Warning: ConditionalFlattenMaterial: Invalid FlattenType: 2
[0180.51] Warning: ConditionalFlattenMaterial: Invalid FlattenType: 2
[0180.51] Warning: ConditionalFlattenMaterial: Invalid FlattenType: 2
[0180.51] Warning: ConditionalFlattenMaterial: Invalid FlattenType: 2
[0180.51] Warning: ConditionalFlattenMaterial: Invalid FlattenType: 2
[0180.51] Warning: ConditionalFlattenMaterial: Invalid FlattenType: 2
[0180.51] Warning: ConditionalFlattenMaterial: Invalid FlattenType: 2
[0180.51] Warning: ConditionalFlattenMaterial: Invalid FlattenType: 2
[0180.51] Warning: ConditionalFlattenMaterial: Invalid FlattenType: 2
[0180.51] Warning: ConditionalFlattenMaterial: Invalid FlattenType: 2
[0180.51] Warning: ConditionalFlattenMaterial: Invalid FlattenType: 2
[0180.51] Warning: ConditionalFlattenMaterial: Invalid FlattenType: 2
[0180.51] Warning: ConditionalFlattenMaterial: Invalid FlattenType: 2
[0180.51] Warning: ConditionalFlattenMaterial: Invalid FlattenType: 2
[0180.52] Warning: ConditionalFlattenMaterial: Invalid FlattenType: 2
[0180.52] Warning: ConditionalFlattenMaterial: Invalid FlattenType: 2
[0180.52] Warning: ConditionalFlattenMaterial: Invalid FlattenType: 2
[0180.52] Warning: ConditionalFlattenMaterial: Invalid FlattenType: 2
[0180.52] Warning: ConditionalFlattenMaterial: Invalid FlattenType: 2
[0180.52] Warning: ConditionalFlattenMaterial: Invalid FlattenType: 2
[0180.52] Warning: ConditionalFlattenMaterial: Invalid FlattenType: 2
[0180.52] Warning: ConditionalFlattenMaterial: Invalid FlattenType: 2
[0180.52] Warning: ConditionalFlattenMaterial: Invalid FlattenType: 2
[0180.52] Warning: ConditionalFlattenMaterial: Invalid FlattenType: 2
[0180.52] Warning: ConditionalFlattenMaterial: Invalid FlattenType: 2
[0180.52] Warning: ConditionalFlattenMaterial: Invalid FlattenType: 2
[0180.52] Warning: ConditionalFlattenMaterial: Invalid FlattenType: 2
[0180.52] Warning: ConditionalFlattenMaterial: Invalid FlattenType: 2
[0180.52] Warning: ConditionalFlattenMaterial: Invalid FlattenType: 2
[0180.52] Warning: ConditionalFlattenMaterial: Invalid FlattenType: 2
[0180.52] Warning: ConditionalFlattenMaterial: Invalid FlattenType: 2
[0180.52] Warning: ConditionalFlattenMaterial: Invalid FlattenType: 2
[0180.52] Warning: ConditionalFlattenMaterial: Invalid FlattenType: 2
[0180.52] Warning: ConditionalFlattenMaterial: Invalid FlattenType: 2
[0180.52] Warning: ConditionalFlattenMaterial: Invalid FlattenType: 2
[0180.52] Warning: ConditionalFlattenMaterial: Invalid FlattenType: 2
[0180.52] Warning: ConditionalFlattenMaterial: Invalid FlattenType: 2
[0180.52] Warning: ConditionalFlattenMaterial: Invalid FlattenType: 2
[0180.52] Warning: ConditionalFlattenMaterial: Invalid FlattenType: 2
[0180.52] Warning: ConditionalFlattenMaterial: Invalid FlattenType: 2
[0180.52] Warning: ConditionalFlattenMaterial: Invalid FlattenType: 2
[0180.52] Warning: ConditionalFlattenMaterial: Invalid FlattenType: 2
[0180.52] Warning: ConditionalFlattenMaterial: Invalid FlattenType: 2
[0180.52] Warning: ConditionalFlattenMaterial: Invalid FlattenType: 2
[0180.52] Warning: ConditionalFlattenMaterial: Invalid FlattenType: 2
[0180.52] Warning: ConditionalFlattenMaterial: Invalid FlattenType: 2
[0180.52] Warning: ConditionalFlattenMaterial: Invalid FlattenType: 2
[0180.52] Warning: ConditionalFlattenMaterial: Invalid FlattenType: 2
[0180.52] Warning: ConditionalFlattenMaterial: Invalid FlattenType: 2
[0180.52] Warning: ConditionalFlattenMaterial: Invalid FlattenType: 2
[0180.52] Warning: ConditionalFlattenMaterial: Invalid FlattenType: 2
[0180.52] Warning: ConditionalFlattenMaterial: Invalid FlattenType: 2
[0180.52] Warning: ConditionalFlattenMaterial: Invalid FlattenType: 2
[0180.52] Warning: ConditionalFlattenMaterial: Invalid FlattenType: 2
[0180.52] Warning: ConditionalFlattenMaterial: Invalid FlattenType: 2
[0180.52] Warning: ConditionalFlattenMaterial: Invalid FlattenType: 2
[0180.52] Warning: ConditionalFlattenMaterial: Invalid FlattenType: 2
[0180.52] Warning: ConditionalFlattenMaterial: Invalid FlattenType: 2
[0180.52] Warning: ConditionalFlattenMaterial: Invalid FlattenType: 2
[0180.52] Warning: ConditionalFlattenMaterial: Invalid FlattenType: 2
[0180.52] Warning: ConditionalFlattenMaterial: Invalid FlattenType: 2
[0180.52] Warning: ConditionalFlattenMaterial: Invalid FlattenType: 2
[0180.52] Warning: ConditionalFlattenMaterial: Invalid FlattenType: 2
[0180.52] Warning: ConditionalFlattenMaterial: Invalid FlattenType: 2
[0180.53] Warning: ConditionalFlattenMaterial: Invalid FlattenType: 2
[0180.53] Warning: ConditionalFlattenMaterial: Invalid FlattenType: 2
[0180.53] Warning: ConditionalFlattenMaterial: Invalid FlattenType: 2
[0180.53] Warning: ConditionalFlattenMaterial: Invalid FlattenType: 2
[0180.53] Warning: ConditionalFlattenMaterial: Invalid FlattenType: 2
[0180.53] Warning: ConditionalFlattenMaterial: Invalid FlattenType: 2
[0180.53] Warning: ConditionalFlattenMaterial: Invalid FlattenType: 2
[0180.53] Warning: ConditionalFlattenMaterial: Invalid FlattenType: 2
[0180.53] Warning: ConditionalFlattenMaterial: Invalid FlattenType: 2
[0180.53] Warning: ConditionalFlattenMaterial: Invalid FlattenType: 2
[0180.53] Warning: ConditionalFlattenMaterial: Invalid FlattenType: 2
[0180.53] Warning: ConditionalFlattenMaterial: Invalid FlattenType: 2
[0180.53] Warning: ConditionalFlattenMaterial: Invalid FlattenType: 2
[0180.53] Warning: ConditionalFlattenMaterial: Invalid FlattenType: 2
[0180.53] Warning: ConditionalFlattenMaterial: Invalid FlattenType: 2
[0180.53] Warning: ConditionalFlattenMaterial: Invalid FlattenType: 2
[0180.53] Warning: ConditionalFlattenMaterial: Invalid FlattenType: 2
[0180.53] Warning: ConditionalFlattenMaterial: Invalid FlattenType: 2
[0180.53] Warning: ConditionalFlattenMaterial: Invalid FlattenType: 2
[0180.53] Warning: ConditionalFlattenMaterial: Invalid FlattenType: 2
[0180.53] Warning: ConditionalFlattenMaterial: Invalid FlattenType: 2
[0180.53] Warning: ConditionalFlattenMaterial: Invalid FlattenType: 2
[0180.53] Warning: ConditionalFlattenMaterial: Invalid FlattenType: 2
[0180.53] Warning: ConditionalFlattenMaterial: Invalid FlattenType: 2
[0180.53] Warning: ConditionalFlattenMaterial: Invalid FlattenType: 2
[0180.53] Warning: ConditionalFlattenMaterial: Invalid FlattenType: 2
[0180.53] Warning: ConditionalFlattenMaterial: Invalid FlattenType: 2
[0180.53] Warning: ConditionalFlattenMaterial: Invalid FlattenType: 2
[0180.53] Warning: ConditionalFlattenMaterial: Invalid FlattenType: 2
[0180.53] Warning: ConditionalFlattenMaterial: Invalid FlattenType: 2
[0180.53] Warning: ConditionalFlattenMaterial: Invalid FlattenType: 2
[0180.53] Warning: ConditionalFlattenMaterial: Invalid FlattenType: 2
[0180.53] Warning: ConditionalFlattenMaterial: Invalid FlattenType: 2
[0180.53] Warning: ConditionalFlattenMaterial: Invalid FlattenType: 2
[0180.53] Warning: ConditionalFlattenMaterial: Invalid FlattenType: 2
[0180.53] Warning: ConditionalFlattenMaterial: Invalid FlattenType: 2
[0180.53] Warning: ConditionalFlattenMaterial: Invalid FlattenType: 2
[0180.53] Warning: ConditionalFlattenMaterial: Invalid FlattenType: 2
[0180.53] Warning: ConditionalFlattenMaterial: Invalid FlattenType: 2
[0180.53] Warning: ConditionalFlattenMaterial: Invalid FlattenType: 2
[0180.53] Warning: ConditionalFlattenMaterial: Invalid FlattenType: 2
[0180.53] Warning: ConditionalFlattenMaterial: Invalid FlattenType: 2
[0180.53] Warning: ConditionalFlattenMaterial: Invalid FlattenType: 2
[0180.53] Warning: ConditionalFlattenMaterial: Invalid FlattenType: 2
[0180.53] Warning: ConditionalFlattenMaterial: Invalid FlattenType: 2
[0180.53] Warning: ConditionalFlattenMaterial: Invalid FlattenType: 2
[0180.54] Warning: ConditionalFlattenMaterial: Invalid FlattenType: 2
[0180.54] Warning: ConditionalFlattenMaterial: Invalid FlattenType: 2
[0180.54] Warning: ConditionalFlattenMaterial: Invalid FlattenType: 2
[0180.54] Warning: ConditionalFlattenMaterial: Invalid FlattenType: 2
[0180.54] Warning: ConditionalFlattenMaterial: Invalid FlattenType: 2
[0180.54] Warning: ConditionalFlattenMaterial: Invalid FlattenType: 2
[0180.54] Warning: ConditionalFlattenMaterial: Invalid FlattenType: 2
[0180.54] Warning: ConditionalFlattenMaterial: Invalid FlattenType: 2
[0180.54] Warning: ConditionalFlattenMaterial: Invalid FlattenType: 2
[0180.54] Warning: ConditionalFlattenMaterial: Invalid FlattenType: 2
[0180.54] Warning: ConditionalFlattenMaterial: Invalid FlattenType: 2
[0180.54] Warning: ConditionalFlattenMaterial: Invalid FlattenType: 2
[0180.54] Warning: ConditionalFlattenMaterial: Invalid FlattenType: 2
[0180.54] Warning: ConditionalFlattenMaterial: Invalid FlattenType: 2
[0180.54] Warning: ConditionalFlattenMaterial: Invalid FlattenType: 2
[0180.54] Warning: ConditionalFlattenMaterial: Invalid FlattenType: 2
[0180.54] Warning: ConditionalFlattenMaterial: Invalid FlattenType: 2
[0180.54] Warning: ConditionalFlattenMaterial: Invalid FlattenType: 2
[0180.54] Warning: ConditionalFlattenMaterial: Invalid FlattenType: 2
[0180.54] Warning: ConditionalFlattenMaterial: Invalid FlattenType: 2
[0180.54] Warning: ConditionalFlattenMaterial: Invalid FlattenType: 2
[0180.54] Warning: ConditionalFlattenMaterial: Invalid FlattenType: 2
[0180.54] Warning: ConditionalFlattenMaterial: Invalid FlattenType: 2
[0180.54] Warning: ConditionalFlattenMaterial: Invalid FlattenType: 2
[0180.54] Warning: ConditionalFlattenMaterial: Invalid FlattenType: 2
[0180.54] Warning: ConditionalFlattenMaterial: Invalid FlattenType: 2
[0180.54] Warning: ConditionalFlattenMaterial: Invalid FlattenType: 2
[0180.54] Warning: ConditionalFlattenMaterial: Invalid FlattenType: 2
[0180.54] Warning: ConditionalFlattenMaterial: Invalid FlattenType: 2
[0180.54] Warning: ConditionalFlattenMaterial: Invalid FlattenType: 2
[0180.54] Warning: ConditionalFlattenMaterial: Invalid FlattenType: 2
[0180.54] Warning: ConditionalFlattenMaterial: Invalid FlattenType: 2
[0180.54] Warning: ConditionalFlattenMaterial: Invalid FlattenType: 2
[0180.54] Warning: ConditionalFlattenMaterial: Invalid FlattenType: 2
[0180.54] Warning: ConditionalFlattenMaterial: Invalid FlattenType: 2
[0180.54] Warning: ConditionalFlattenMaterial: Invalid FlattenType: 2
[0180.54] Warning: ConditionalFlattenMaterial: Invalid FlattenType: 2
[0180.54] Warning: ConditionalFlattenMaterial: Invalid FlattenType: 2
[0180.54] Warning: ConditionalFlattenMaterial: Invalid FlattenType: 2
[0180.54] Warning: ConditionalFlattenMaterial: Invalid FlattenType: 2
[0180.54] Warning: ConditionalFlattenMaterial: Invalid FlattenType: 2
[0180.54] Warning: ConditionalFlattenMaterial: Invalid FlattenType: 2
[0180.55] Warning: ConditionalFlattenMaterial: Invalid FlattenType: 2
[0180.55] Warning: ConditionalFlattenMaterial: Invalid FlattenType: 2
[0180.55] Warning: ConditionalFlattenMaterial: Invalid FlattenType: 2
[0180.55] Warning: ConditionalFlattenMaterial: Invalid FlattenType: 2
[0180.55] Warning: ConditionalFlattenMaterial: Invalid FlattenType: 2
[0180.55] Warning: ConditionalFlattenMaterial: Invalid FlattenType: 2
[0180.55] Warning: ConditionalFlattenMaterial: Invalid FlattenType: 2
[0180.55] Warning: ConditionalFlattenMaterial: Invalid FlattenType: 2
[0180.55] Warning: ConditionalFlattenMaterial: Invalid FlattenType: 2
[0180.55] Warning: ConditionalFlattenMaterial: Invalid FlattenType: 2
[0180.55] Warning: ConditionalFlattenMaterial: Invalid FlattenType: 2
[0180.55] Warning: ConditionalFlattenMaterial: Invalid FlattenType: 2
[0180.55] Warning: ConditionalFlattenMaterial: Invalid FlattenType: 2
[0180.55] Warning: ConditionalFlattenMaterial: Invalid FlattenType: 2
[0180.55] Warning: ConditionalFlattenMaterial: Invalid FlattenType: 2
[0180.55] Warning: ConditionalFlattenMaterial: Invalid FlattenType: 2
[0180.55] Warning: ConditionalFlattenMaterial: Invalid FlattenType: 2
[0180.55] Warning: ConditionalFlattenMaterial: Invalid FlattenType: 2
[0180.55] Warning: ConditionalFlattenMaterial: Invalid FlattenType: 2
[0180.55] Warning: ConditionalFlattenMaterial: Invalid FlattenType: 2
[0180.55] Warning: ConditionalFlattenMaterial: Invalid FlattenType: 2
[0180.55] Warning: ConditionalFlattenMaterial: Invalid FlattenType: 2
[0180.55] Warning: ConditionalFlattenMaterial: Invalid FlattenType: 2
[0180.55] Warning: ConditionalFlattenMaterial: Invalid FlattenType: 2
[0180.55] Warning: ConditionalFlattenMaterial: Invalid FlattenType: 2
[0180.55] Warning: ConditionalFlattenMaterial: Invalid FlattenType: 2
[0180.55] Warning: ConditionalFlattenMaterial: Invalid FlattenType: 2
[0180.55] Warning: ConditionalFlattenMaterial: Invalid FlattenType: 2
[0180.55] Warning: ConditionalFlattenMaterial: Invalid FlattenType: 2
[0180.55] Warning: ConditionalFlattenMaterial: Invalid FlattenType: 2
[0180.55] Warning: ConditionalFlattenMaterial: Invalid FlattenType: 2
[0180.55] Warning: ConditionalFlattenMaterial: Invalid FlattenType: 2
[0180.55] Warning: ConditionalFlattenMaterial: Invalid FlattenType: 2
[0180.55] Warning: ConditionalFlattenMaterial: Invalid FlattenType: 2
[0180.55] Warning: ConditionalFlattenMaterial: Invalid FlattenType: 2
[0180.55] Warning: ConditionalFlattenMaterial: Invalid FlattenType: 2
[0180.55] Warning: ConditionalFlattenMaterial: Invalid FlattenType: 2
[0180.55] Warning: ConditionalFlattenMaterial: Invalid FlattenType: 2
[0180.55] Warning: ConditionalFlattenMaterial: Invalid FlattenType: 2
[0180.55] Warning: ConditionalFlattenMaterial: Invalid FlattenType: 2
[0180.56] Warning: ConditionalFlattenMaterial: Invalid FlattenType: 2
[0180.56] Warning: ConditionalFlattenMaterial: Invalid FlattenType: 2
[0180.56] Warning: ConditionalFlattenMaterial: Invalid FlattenType: 2
[0180.56] Warning: ConditionalFlattenMaterial: Invalid FlattenType: 2
[0180.56] Warning: ConditionalFlattenMaterial: Invalid FlattenType: 2
[0180.56] Warning: ConditionalFlattenMaterial: Invalid FlattenType: 2
[0180.56] Warning: ConditionalFlattenMaterial: Invalid FlattenType: 2
[0180.56] Warning: ConditionalFlattenMaterial: Invalid FlattenType: 2
[0180.56] Warning: ConditionalFlattenMaterial: Invalid FlattenType: 2
[0180.56] Warning: ConditionalFlattenMaterial: Invalid FlattenType: 2
[0180.56] Warning: ConditionalFlattenMaterial: Invalid FlattenType: 2
[0180.56] Warning: ConditionalFlattenMaterial: Invalid FlattenType: 2
[0180.56] Warning: ConditionalFlattenMaterial: Invalid FlattenType: 2
[0180.56] Warning: ConditionalFlattenMaterial: Invalid FlattenType: 2
[0180.56] Warning: ConditionalFlattenMaterial: Invalid FlattenType: 2
[0180.56] Warning: Cannot save package '..\..\UDKGame\Content\maher\Maehdrescher.upk' as current engine version is older than version the package was originally saved with.
[0188.38] Log: NO_EXISTING: , bauteile_2.upk, C:\UDK\UDK-2014-02\UDKGame\Content\maher
[0189.77] Log: saving as C:\UDK\UDK-2014-02\UDKGame\Content\maher\bauteile_2.upk
[0189.78] Log: OBJ SavePackage: Generating thumbnails for [12] asset(s) in package [bauteile_2] ([12] browsable assets)...
[0189.81] Log: OBJ SavePackage:     Rendered thumbnail for [StaticMesh bauteile_2.bauteile.geblaeseroehre_und_boden]
[0189.84] Log: OBJ SavePackage:     Rendered thumbnail for [StaticMesh bauteile_2.bauteile.gesamterLaderaum]
[0189.85] Log: OBJ SavePackage:     Rendered thumbnail for [StaticMesh bauteile_2.bauteile.gesamterLaderaumohnelinkeSeitenflaeche]
[0189.85] Log: OBJ SavePackage:     Rendered thumbnail for [StaticMesh bauteile_2.bauteile.halbkreis_hinten]
[0189.86] Log: OBJ SavePackage:     Rendered thumbnail for [StaticMesh bauteile_2.bauteile.haspel]
[0189.87] Log: OBJ SavePackage:     Rendered thumbnail for [StaticMesh bauteile_2.bauteile.hinterradachse]
[0189.87] Log: OBJ SavePackage:     Rendered thumbnail for [StaticMesh bauteile_2.bauteile.hordenschuettler]
[0189.88] Log: OBJ SavePackage:     Rendered thumbnail for [StaticMesh bauteile_2.bauteile.hordenschuettler_Auffangblech]
[0189.89] Log: OBJ SavePackage:     Rendered thumbnail for [StaticMesh bauteile_2.bauteile.kabine]
[0189.89] Log: OBJ SavePackage:     Rendered thumbnail for [StaticMesh bauteile_2.bauteile.kleines_Band_rechts]
[0189.90] Log: OBJ SavePackage:     Rendered thumbnail for [StaticMesh bauteile_2.bauteile.kornschnecke]
[0189.90] Log: OBJ SavePackage:     Rendered thumbnail for [StaticMesh bauteile_2.bauteile.korntank]
[0189.91] Log: OBJ SavePackage: Finished generating thumbnails for package [bauteile_2]
[0189.91] Cmd: OBJ SAVEPACKAGE PACKAGE="bauteile_2" FILE="C:\UDK\UDK-2014-02\UDKGame\Content\maher\bauteile_2.upk"
[0190.68] Log: Save=750.039740
[0190.68] Log: Moving 'C:\UDK\UDK-2014-02\UDKGame\Content\maher\bauteile_2_save.tmp' to 'C:\UDK\UDK-2014-02\UDKGame\Content\maher\bauteile_2.upk'
[0192.33] Log: NO_EXISTING: , bauteile_3.upk, C:\UDK\UDK-2014-02\UDKGame\Content\maher
[0193.59] Log: saving as C:\UDK\UDK-2014-02\UDKGame\Content\maher\bauteile_3.upk
[0193.60] Log: OBJ SavePackage: Generating thumbnails for [12] asset(s) in package [bauteile_3] ([12] browsable assets)...
[0193.63] Log: OBJ SavePackage:     Rendered thumbnail for [StaticMesh bauteile_3.bauteile.korntank_inneres]
[0193.65] Log: OBJ SavePackage:     Rendered thumbnail for [StaticMesh bauteile_3.bauteile.korntankfoerderer]
[0193.67] Log: OBJ SavePackage:     Rendered thumbnail for [StaticMesh bauteile_3.bauteile.linkeSeitenflaeche]
[0193.68] Log: OBJ SavePackage:     Rendered thumbnail for [StaticMesh bauteile_3.bauteile.mittelplatte]
[0193.69] Log: OBJ SavePackage:     Rendered thumbnail for [StaticMesh bauteile_3.bauteile.mittelroehre_inneres]
[0193.69] Log: OBJ SavePackage:     Rendered thumbnail for [StaticMesh bauteile_3.bauteile.motor]
[0193.70] Log: OBJ SavePackage:     Rendered thumbnail for [StaticMesh bauteile_3.bauteile.motorabdeckung]
[0193.71] Log: OBJ SavePackage:     Rendered thumbnail for [StaticMesh bauteile_3.bauteile.motorkaesten]
[0193.71] Log: OBJ SavePackage:     Rendered thumbnail for [StaticMesh bauteile_3.bauteile.motorpropeller]
[0193.72] Log: OBJ SavePackage:     Rendered thumbnail for [StaticMesh bauteile_3.bauteile.obersieb]
[0193.72] Log: OBJ SavePackage:     Rendered thumbnail for [StaticMesh bauteile_3.bauteile.roehren]
[0193.73] Log: OBJ SavePackage:     Rendered thumbnail for [StaticMesh bauteile_3.bauteile.roehrenmotor]
[0193.73] Log: OBJ SavePackage: Finished generating thumbnails for package [bauteile_3]
[0193.73] Cmd: OBJ SAVEPACKAGE PACKAGE="bauteile_3" FILE="C:\UDK\UDK-2014-02\UDKGame\Content\maher\bauteile_3.upk"
[0194.72] Log: Save=964.370122
[0194.72] Log: Moving 'C:\UDK\UDK-2014-02\UDKGame\Content\maher\bauteile_3_save.tmp' to 'C:\UDK\UDK-2014-02\UDKGame\Content\maher\bauteile_3.upk'
[0235.93] Log: NO_EXISTING: , bauteile_4.upk, C:\UDK\UDK-2014-02\UDKGame\Content\maher
[0237.25] Log: saving as C:\UDK\UDK-2014-02\UDKGame\Content\maher\bauteile_4.upk
[0237.26] Log: OBJ SavePackage: Generating thumbnails for [15] asset(s) in package [bauteile_4] ([15] browsable assets)...
[0237.28] Log: OBJ SavePackage:     Rendered thumbnail for [StaticMesh bauteile_4.bauteile.roehrensieb]
[0237.32] Log: OBJ SavePackage:     Rendered thumbnail for [StaticMesh bauteile_4.bauteile.schaufel]
[0237.32] Log: OBJ SavePackage:     Rendered thumbnail for [StaticMesh bauteile_4.bauteile.schaufel_platte]
[0237.33] Log: OBJ SavePackage:     Rendered thumbnail for [StaticMesh bauteile_4.bauteile.schraegfoerderer]
[0237.34] Log: OBJ SavePackage:     Rendered thumbnail for [StaticMesh bauteile_4.bauteile.seitenroehren_inneres]
[0237.34] Log: OBJ SavePackage:     Rendered thumbnail for [StaticMesh bauteile_4.bauteile.stangen_rechts]
[0237.35] Log: OBJ SavePackage:     Rendered thumbnail for [StaticMesh bauteile_4.bauteile.strohhaecksler]
[0237.35] Log: OBJ SavePackage:     Rendered thumbnail for [StaticMesh bauteile_4.bauteile.treppe_links]
[0237.36] Log: OBJ SavePackage:     Rendered thumbnail for [StaticMesh bauteile_4.bauteile.ueberkehrschnecke_aussen]
[0237.37] Log: OBJ SavePackage:     Rendered thumbnail for [StaticMesh bauteile_4.bauteile.ueberkehrschnecke_innen]
[0237.37] Log: OBJ SavePackage:     Rendered thumbnail for [StaticMesh bauteile_4.bauteile.untersieb]
[0237.38] Log: OBJ SavePackage:     Rendered thumbnail for [StaticMesh bauteile_4.bauteile.vorbereitungsboden]
[0237.39] Log: OBJ SavePackage:     Rendered thumbnail for [StaticMesh bauteile_4.bauteile.vorderradachse]
[0237.39] Log: OBJ SavePackage:     Rendered thumbnail for [StaticMesh bauteile_4.bauteile.wendetrommel_aussen]
[0237.40] Log: OBJ SavePackage:     Rendered thumbnail for [StaticMesh bauteile_4.bauteile.wendetrommel_innen]
[0237.40] Log: OBJ SavePackage: Finished generating thumbnails for package [bauteile_4]
[0237.40] Cmd: OBJ SAVEPACKAGE PACKAGE="bauteile_4" FILE="C:\UDK\UDK-2014-02\UDKGame\Content\maher\bauteile_4.upk"
[0238.10] Log: Save=671.309063
[0238.10] Log: Moving 'C:\UDK\UDK-2014-02\UDKGame\Content\maher\bauteile_4_save.tmp' to 'C:\UDK\UDK-2014-02\UDKGame\Content\maher\bauteile_4.upk'
[0257.22] Log: OBJ SavePackage: Generating thumbnails for [0] asset(s) in package [Maehdrescher] ([258] browsable assets)...
[0257.22] Log: OBJ SavePackage: Finished generating thumbnails for package [Maehdrescher]
[0257.22] Cmd: OBJ SAVEPACKAGE PACKAGE="Maehdrescher" FILE="..\..\UDKGame\Content\maher\Maehdrescher.upk" SILENT=TRUE
[0257.24] Warning: ConditionalFlattenMaterial: Invalid FlattenType: 2
[0257.24] Warning: ConditionalFlattenMaterial: Invalid FlattenType: 2
[0257.24] Warning: ConditionalFlattenMaterial: Invalid FlattenType: 2
[0257.24] Warning: ConditionalFlattenMaterial: Invalid FlattenType: 2
[0257.24] Warning: ConditionalFlattenMaterial: Invalid FlattenType: 2
[0257.24] Warning: ConditionalFlattenMaterial: Invalid FlattenType: 2
[0257.24] Warning: ConditionalFlattenMaterial: Invalid FlattenType: 2
[0257.24] Warning: ConditionalFlattenMaterial: Invalid FlattenType: 2
[0257.24] Warning: ConditionalFlattenMaterial: Invalid FlattenType: 2
[0257.24] Warning: ConditionalFlattenMaterial: Invalid FlattenType: 2
[0257.24] Warning: ConditionalFlattenMaterial: Invalid FlattenType: 2
[0257.24] Warning: ConditionalFlattenMaterial: Invalid FlattenType: 2
[0257.24] Warning: ConditionalFlattenMaterial: Invalid FlattenType: 2
[0257.24] Warning: ConditionalFlattenMaterial: Invalid FlattenType: 2
[0257.24] Warning: ConditionalFlattenMaterial: Invalid FlattenType: 2
[0257.25] Warning: ConditionalFlattenMaterial: Invalid FlattenType: 2
[0257.25] Warning: ConditionalFlattenMaterial: Invalid FlattenType: 2
[0257.25] Warning: ConditionalFlattenMaterial: Invalid FlattenType: 2
[0257.25] Warning: ConditionalFlattenMaterial: Invalid FlattenType: 2
[0257.25] Warning: ConditionalFlattenMaterial: Invalid FlattenType: 2
[0257.25] Warning: ConditionalFlattenMaterial: Invalid FlattenType: 2
[0257.25] Warning: ConditionalFlattenMaterial: Invalid FlattenType: 2
[0257.25] Warning: ConditionalFlattenMaterial: Invalid FlattenType: 2
[0257.25] Warning: ConditionalFlattenMaterial: Invalid FlattenType: 2
[0257.25] Warning: ConditionalFlattenMaterial: Invalid FlattenType: 2
[0257.25] Warning: ConditionalFlattenMaterial: Invalid FlattenType: 2
[0257.25] Warning: ConditionalFlattenMaterial: Invalid FlattenType: 2
[0257.25] Warning: ConditionalFlattenMaterial: Invalid FlattenType: 2
[0257.25] Warning: ConditionalFlattenMaterial: Invalid FlattenType: 2
[0257.25] Warning: ConditionalFlattenMaterial: Invalid FlattenType: 2
[0257.25] Warning: ConditionalFlattenMaterial: Invalid FlattenType: 2
[0257.25] Warning: ConditionalFlattenMaterial: Invalid FlattenType: 2
[0257.25] Warning: ConditionalFlattenMaterial: Invalid FlattenType: 2
[0257.25] Warning: ConditionalFlattenMaterial: Invalid FlattenType: 2
[0257.25] Warning: ConditionalFlattenMaterial: Invalid FlattenType: 2
[0257.25] Warning: ConditionalFlattenMaterial: Invalid FlattenType: 2
[0257.25] Warning: ConditionalFlattenMaterial: Invalid FlattenType: 2
[0257.25] Warning: ConditionalFlattenMaterial: Invalid FlattenType: 2
[0257.25] Warning: ConditionalFlattenMaterial: Invalid FlattenType: 2
[0257.25] Warning: ConditionalFlattenMaterial: Invalid FlattenType: 2
[0257.25] Warning: ConditionalFlattenMaterial: Invalid FlattenType: 2
[0257.25] Warning: ConditionalFlattenMaterial: Invalid FlattenType: 2
[0257.25] Warning: ConditionalFlattenMaterial: Invalid FlattenType: 2
[0257.25] Warning: ConditionalFlattenMaterial: Invalid FlattenType: 2
[0257.25] Warning: ConditionalFlattenMaterial: Invalid FlattenType: 2
[0257.25] Warning: ConditionalFlattenMaterial: Invalid FlattenType: 2
[0257.25] Warning: ConditionalFlattenMaterial: Invalid FlattenType: 2
[0257.25] Warning: ConditionalFlattenMaterial: Invalid FlattenType: 2
[0257.26] Warning: ConditionalFlattenMaterial: Invalid FlattenType: 2
[0257.26] Warning: ConditionalFlattenMaterial: Invalid FlattenType: 2
[0257.26] Warning: ConditionalFlattenMaterial: Invalid FlattenType: 2
[0257.26] Warning: ConditionalFlattenMaterial: Invalid FlattenType: 2
[0257.26] Warning: ConditionalFlattenMaterial: Invalid FlattenType: 2
[0257.26] Warning: ConditionalFlattenMaterial: Invalid FlattenType: 2
[0257.26] Warning: ConditionalFlattenMaterial: Invalid FlattenType: 2
[0257.26] Warning: ConditionalFlattenMaterial: Invalid FlattenType: 2
[0257.26] Warning: ConditionalFlattenMaterial: Invalid FlattenType: 2
[0257.26] Warning: ConditionalFlattenMaterial: Invalid FlattenType: 2
[0257.26] Warning: ConditionalFlattenMaterial: Invalid FlattenType: 2
[0257.26] Warning: ConditionalFlattenMaterial: Invalid FlattenType: 2
[0257.26] Warning: ConditionalFlattenMaterial: Invalid FlattenType: 2
[0257.26] Warning: ConditionalFlattenMaterial: Invalid FlattenType: 2
[0257.26] Warning: ConditionalFlattenMaterial: Invalid FlattenType: 2
[0257.26] Warning: ConditionalFlattenMaterial: Invalid FlattenType: 2
[0257.26] Warning: ConditionalFlattenMaterial: Invalid FlattenType: 2
[0257.26] Warning: ConditionalFlattenMaterial: Invalid FlattenType: 2
[0257.26] Warning: ConditionalFlattenMaterial: Invalid FlattenType: 2
[0257.26] Warning: ConditionalFlattenMaterial: Invalid FlattenType: 2
[0257.26] Warning: ConditionalFlattenMaterial: Invalid FlattenType: 2
[0257.26] Warning: ConditionalFlattenMaterial: Invalid FlattenType: 2
[0257.26] Warning: ConditionalFlattenMaterial: Invalid FlattenType: 2
[0257.26] Warning: ConditionalFlattenMaterial: Invalid FlattenType: 2
[0257.26] Warning: ConditionalFlattenMaterial: Invalid FlattenType: 2
[0257.26] Warning: ConditionalFlattenMaterial: Invalid FlattenType: 2
[0257.26] Warning: ConditionalFlattenMaterial: Invalid FlattenType: 2
[0257.26] Warning: ConditionalFlattenMaterial: Invalid FlattenType: 2
[0257.26] Warning: ConditionalFlattenMaterial: Invalid FlattenType: 2
[0257.26] Warning: ConditionalFlattenMaterial: Invalid FlattenType: 2
[0257.26] Warning: ConditionalFlattenMaterial: Invalid FlattenType: 2
[0257.26] Warning: ConditionalFlattenMaterial: Invalid FlattenType: 2
[0257.27] Warning: ConditionalFlattenMaterial: Invalid FlattenType: 2
[0257.27] Warning: ConditionalFlattenMaterial: Invalid FlattenType: 2
[0257.27] Warning: ConditionalFlattenMaterial: Invalid FlattenType: 2
[0257.27] Warning: ConditionalFlattenMaterial: Invalid FlattenType: 2
[0257.27] Warning: ConditionalFlattenMaterial: Invalid FlattenType: 2
[0257.27] Warning: ConditionalFlattenMaterial: Invalid FlattenType: 2
[0257.27] Warning: ConditionalFlattenMaterial: Invalid FlattenType: 2
[0257.27] Warning: ConditionalFlattenMaterial: Invalid FlattenType: 2
[0257.27] Warning: ConditionalFlattenMaterial: Invalid FlattenType: 2
[0257.27] Warning: ConditionalFlattenMaterial: Invalid FlattenType: 2
[0257.27] Warning: ConditionalFlattenMaterial: Invalid FlattenType: 2
[0257.27] Warning: ConditionalFlattenMaterial: Invalid FlattenType: 2
[0257.27] Warning: ConditionalFlattenMaterial: Invalid FlattenType: 2
[0257.27] Warning: ConditionalFlattenMaterial: Invalid FlattenType: 2
[0257.27] Warning: ConditionalFlattenMaterial: Invalid FlattenType: 2
[0257.27] Warning: ConditionalFlattenMaterial: Invalid FlattenType: 2
[0257.27] Warning: ConditionalFlattenMaterial: Invalid FlattenType: 2
[0257.27] Warning: ConditionalFlattenMaterial: Invalid FlattenType: 2
[0257.27] Warning: ConditionalFlattenMaterial: Invalid FlattenType: 2
[0257.27] Warning: ConditionalFlattenMaterial: Invalid FlattenType: 2
[0257.27] Warning: ConditionalFlattenMaterial: Invalid FlattenType: 2
[0257.27] Warning: ConditionalFlattenMaterial: Invalid FlattenType: 2
[0257.27] Warning: ConditionalFlattenMaterial: Invalid FlattenType: 2
[0257.27] Warning: ConditionalFlattenMaterial: Invalid FlattenType: 2
[0257.27] Warning: ConditionalFlattenMaterial: Invalid FlattenType: 2
[0257.27] Warning: ConditionalFlattenMaterial: Invalid FlattenType: 2
[0257.27] Warning: ConditionalFlattenMaterial: Invalid FlattenType: 2
[0257.27] Warning: ConditionalFlattenMaterial: Invalid FlattenType: 2
[0257.27] Warning: ConditionalFlattenMaterial: Invalid FlattenType: 2
[0257.27] Warning: ConditionalFlattenMaterial: Invalid FlattenType: 2
[0257.28] Warning: ConditionalFlattenMaterial: Invalid FlattenType: 2
[0257.28] Warning: ConditionalFlattenMaterial: Invalid FlattenType: 2
[0257.28] Warning: ConditionalFlattenMaterial: Invalid FlattenType: 2
[0257.28] Warning: ConditionalFlattenMaterial: Invalid FlattenType: 2
[0257.28] Warning: ConditionalFlattenMaterial: Invalid FlattenType: 2
[0257.28] Warning: ConditionalFlattenMaterial: Invalid FlattenType: 2
[0257.28] Warning: ConditionalFlattenMaterial: Invalid FlattenType: 2
[0257.28] Warning: ConditionalFlattenMaterial: Invalid FlattenType: 2
[0257.28] Warning: ConditionalFlattenMaterial: Invalid FlattenType: 2
[0257.28] Warning: ConditionalFlattenMaterial: Invalid FlattenType: 2
[0257.28] Warning: ConditionalFlattenMaterial: Invalid FlattenType: 2
[0257.28] Warning: ConditionalFlattenMaterial: Invalid FlattenType: 2
[0257.28] Warning: ConditionalFlattenMaterial: Invalid FlattenType: 2
[0257.28] Warning: ConditionalFlattenMaterial: Invalid FlattenType: 2
[0257.28] Warning: ConditionalFlattenMaterial: Invalid FlattenType: 2
[0257.28] Warning: ConditionalFlattenMaterial: Invalid FlattenType: 2
[0257.28] Warning: ConditionalFlattenMaterial: Invalid FlattenType: 2
[0257.28] Warning: ConditionalFlattenMaterial: Invalid FlattenType: 2
[0257.28] Warning: ConditionalFlattenMaterial: Invalid FlattenType: 2
[0257.28] Warning: ConditionalFlattenMaterial: Invalid FlattenType: 2
[0257.28] Warning: ConditionalFlattenMaterial: Invalid FlattenType: 2
[0257.28] Warning: ConditionalFlattenMaterial: Invalid FlattenType: 2
[0257.28] Warning: ConditionalFlattenMaterial: Invalid FlattenType: 2
[0257.28] Warning: ConditionalFlattenMaterial: Invalid FlattenType: 2
[0257.28] Warning: ConditionalFlattenMaterial: Invalid FlattenType: 2
[0257.28] Warning: ConditionalFlattenMaterial: Invalid FlattenType: 2
[0257.28] Warning: ConditionalFlattenMaterial: Invalid FlattenType: 2
[0257.28] Warning: ConditionalFlattenMaterial: Invalid FlattenType: 2
[0257.28] Warning: ConditionalFlattenMaterial: Invalid FlattenType: 2
[0257.29] Warning: ConditionalFlattenMaterial: Invalid FlattenType: 2
[0257.29] Warning: ConditionalFlattenMaterial: Invalid FlattenType: 2
[0257.29] Warning: ConditionalFlattenMaterial: Invalid FlattenType: 2
[0257.29] Warning: ConditionalFlattenMaterial: Invalid FlattenType: 2
[0257.29] Warning: ConditionalFlattenMaterial: Invalid FlattenType: 2
[0257.29] Warning: ConditionalFlattenMaterial: Invalid FlattenType: 2
[0257.29] Warning: ConditionalFlattenMaterial: Invalid FlattenType: 2
[0257.29] Warning: ConditionalFlattenMaterial: Invalid FlattenType: 2
[0257.29] Warning: ConditionalFlattenMaterial: Invalid FlattenType: 2
[0257.29] Warning: ConditionalFlattenMaterial: Invalid FlattenType: 2
[0257.29] Warning: ConditionalFlattenMaterial: Invalid FlattenType: 2
[0257.29] Warning: ConditionalFlattenMaterial: Invalid FlattenType: 2
[0257.29] Warning: ConditionalFlattenMaterial: Invalid FlattenType: 2
[0257.29] Warning: ConditionalFlattenMaterial: Invalid FlattenType: 2
[0257.29] Warning: ConditionalFlattenMaterial: Invalid FlattenType: 2
[0257.29] Warning: ConditionalFlattenMaterial: Invalid FlattenType: 2
[0257.29] Warning: ConditionalFlattenMaterial: Invalid FlattenType: 2
[0257.29] Warning: ConditionalFlattenMaterial: Invalid FlattenType: 2
[0257.29] Warning: ConditionalFlattenMaterial: Invalid FlattenType: 2
[0257.29] Warning: ConditionalFlattenMaterial: Invalid FlattenType: 2
[0257.29] Warning: ConditionalFlattenMaterial: Invalid FlattenType: 2
[0257.29] Warning: ConditionalFlattenMaterial: Invalid FlattenType: 2
[0257.29] Warning: ConditionalFlattenMaterial: Invalid FlattenType: 2
[0257.29] Warning: ConditionalFlattenMaterial: Invalid FlattenType: 2
[0257.29] Warning: ConditionalFlattenMaterial: Invalid FlattenType: 2
[0257.29] Warning: ConditionalFlattenMaterial: Invalid FlattenType: 2
[0257.29] Warning: ConditionalFlattenMaterial: Invalid FlattenType: 2
[0257.29] Warning: ConditionalFlattenMaterial: Invalid FlattenType: 2
[0257.30] Warning: ConditionalFlattenMaterial: Invalid FlattenType: 2
[0257.30] Warning: ConditionalFlattenMaterial: Invalid FlattenType: 2
[0257.30] Warning: ConditionalFlattenMaterial: Invalid FlattenType: 2
[0257.30] Warning: ConditionalFlattenMaterial: Invalid FlattenType: 2
[0257.30] Warning: ConditionalFlattenMaterial: Invalid FlattenType: 2
[0257.30] Warning: ConditionalFlattenMaterial: Invalid FlattenType: 2
[0257.30] Warning: ConditionalFlattenMaterial: Invalid FlattenType: 2
[0257.30] Warning: ConditionalFlattenMaterial: Invalid FlattenType: 2
[0257.30] Warning: ConditionalFlattenMaterial: Invalid FlattenType: 2
[0257.30] Warning: ConditionalFlattenMaterial: Invalid FlattenType: 2
[0257.30] Warning: ConditionalFlattenMaterial: Invalid FlattenType: 2
[0257.30] Warning: ConditionalFlattenMaterial: Invalid FlattenType: 2
[0257.30] Warning: ConditionalFlattenMaterial: Invalid FlattenType: 2
[0257.30] Warning: ConditionalFlattenMaterial: Invalid FlattenType: 2
[0257.30] Warning: ConditionalFlattenMaterial: Invalid FlattenType: 2
[0257.30] Warning: ConditionalFlattenMaterial: Invalid FlattenType: 2
[0257.30] Warning: ConditionalFlattenMaterial: Invalid FlattenType: 2
[0257.30] Warning: ConditionalFlattenMaterial: Invalid FlattenType: 2
[0257.30] Warning: ConditionalFlattenMaterial: Invalid FlattenType: 2
[0257.30] Warning: ConditionalFlattenMaterial: Invalid FlattenType: 2
[0257.30] Warning: ConditionalFlattenMaterial: Invalid FlattenType: 2
[0257.30] Warning: ConditionalFlattenMaterial: Invalid FlattenType: 2
[0257.30] Warning: ConditionalFlattenMaterial: Invalid FlattenType: 2
[0257.30] Warning: ConditionalFlattenMaterial: Invalid FlattenType: 2
[0257.30] Warning: ConditionalFlattenMaterial: Invalid FlattenType: 2
[0257.30] Warning: ConditionalFlattenMaterial: Invalid FlattenType: 2
[0257.30] Warning: ConditionalFlattenMaterial: Invalid FlattenType: 2
[0257.31] Warning: ConditionalFlattenMaterial: Invalid FlattenType: 2
[0257.31] Warning: ConditionalFlattenMaterial: Invalid FlattenType: 2
[0257.31] Warning: ConditionalFlattenMaterial: Invalid FlattenType: 2
[0257.31] Warning: ConditionalFlattenMaterial: Invalid FlattenType: 2
[0257.31] Warning: ConditionalFlattenMaterial: Invalid FlattenType: 2
[0257.31] Warning: ConditionalFlattenMaterial: Invalid FlattenType: 2
[0257.31] Warning: ConditionalFlattenMaterial: Invalid FlattenType: 2
[0257.31] Warning: ConditionalFlattenMaterial: Invalid FlattenType: 2
[0257.31] Warning: ConditionalFlattenMaterial: Invalid FlattenType: 2
[0257.31] Warning: ConditionalFlattenMaterial: Invalid FlattenType: 2
[0257.31] Warning: ConditionalFlattenMaterial: Invalid FlattenType: 2
[0257.31] Warning: ConditionalFlattenMaterial: Invalid FlattenType: 2
[0257.31] Warning: ConditionalFlattenMaterial: Invalid FlattenType: 2
[0257.31] Warning: ConditionalFlattenMaterial: Invalid FlattenType: 2
[0257.31] Warning: ConditionalFlattenMaterial: Invalid FlattenType: 2
[0257.31] Warning: ConditionalFlattenMaterial: Invalid FlattenType: 2
[0257.31] Warning: ConditionalFlattenMaterial: Invalid FlattenType: 2
[0257.31] Warning: ConditionalFlattenMaterial: Invalid FlattenType: 2
[0257.31] Warning: ConditionalFlattenMaterial: Invalid FlattenType: 2
[0257.31] Warning: ConditionalFlattenMaterial: Invalid FlattenType: 2
[0257.31] Warning: ConditionalFlattenMaterial: Invalid FlattenType: 2
[0257.31] Warning: ConditionalFlattenMaterial: Invalid FlattenType: 2
[0257.31] Warning: ConditionalFlattenMaterial: Invalid FlattenType: 2
[0257.31] Warning: ConditionalFlattenMaterial: Invalid FlattenType: 2
[0257.31] Warning: ConditionalFlattenMaterial: Invalid FlattenType: 2
[0257.31] Warning: ConditionalFlattenMaterial: Invalid FlattenType: 2
[0257.32] Warning: ConditionalFlattenMaterial: Invalid FlattenType: 2
[0257.32] Warning: ConditionalFlattenMaterial: Invalid FlattenType: 2
[0257.32] Warning: ConditionalFlattenMaterial: Invalid FlattenType: 2
[0257.32] Warning: ConditionalFlattenMaterial: Invalid FlattenType: 2
[0257.32] Warning: ConditionalFlattenMaterial: Invalid FlattenType: 2
[0257.32] Warning: ConditionalFlattenMaterial: Invalid FlattenType: 2
[0257.35] Warning: Cannot save package '..\..\UDKGame\Content\maher\Maehdrescher.upk' as current engine version is older than version the package was originally saved with.
[0257.35] Log: Saving Package: Maehdrescher
[0273.09] Exit: Preparing to exit.
[0273.29] Exit: Editor shut down
[0273.29] Exit: Transaction tracking system shut down
[0273.38] Exit: Windows client shut down
[0273.39] Exit: XAudio2 Device shut down.
[0273.44] Exit: Object subsystem successfully closed.
[0273.45] Log: Shutting down FaceFX...
[0273.45] Log: FaceFX shutdown.
[0273.48] Exit: Exiting.
[0273.49] Log: Log file closed, 06/17/14 12:03:46
